Starting stocking update at 2025-09-09 02:00:04
Fetching data for Summit county...
Inserted 0 new stocking records for SUMMIT county.
Fetching data for Duchesne county...
Inserted 0 new stocking records for DUCHESNE county.
Fetching data for Uintah county...
Inserted 0 new stocking records for UINTAH county.
Fetching data for Daggett county...
Inserted 0 new stocking records for DAGGETT county.
No new records added, skipping git operations

=== FINAL SUMMARY ===
Total new records added: 0
Unmatched lakes: 181
Log saved to: /Volumes/OLAF EXT/jedwoodx/repos/uintas/logs/stocking_update.log
CSV updated: /Volumes/OLAF EXT/jedwoodx/repos/uintas/data/utah_dwr_stocking_data.csv
Starting stocking update at 2025-09-12 02:00:04
Fetching data for Summit county...
Inserted 0 new stocking records for SUMMIT county.
Fetching data for Duchesne county...
Inserted 0 new stocking records for DUCHESNE county.
Fetching data for Uintah county...
Inserted 0 new stocking records for UINTAH county.
Fetching data for Daggett county...
Inserted 0 new stocking records for DAGGETT county.
No new records added, skipping git operations

=== FINAL SUMMARY ===
Total new records added: 0
Unmatched lakes: 181
Log saved to: /Volumes/OLAF EXT/jedwoodx/repos/uintas/logs/stocking_update.log
CSV updated: /Volumes/OLAF EXT/jedwoodx/repos/uintas/data/utah_dwr_stocking_data.csv
Starting stocking update at 2025-09-13 02:00:05
Fetching data for Summit county...
Inserted 0 new stocking records for SUMMIT county.
Fetching data for Duchesne county...
Inserted 0 new stocking records for DUCHESNE county.
Fetching data for Uintah county...
Inserted 0 new stocking records for UINTAH county.
Fetching data for Daggett county...
Inserted 0 new stocking records for DAGGETT county.
No new records added, skipping git operations

=== FINAL SUMMARY ===
Total new records added: 0
Unmatched lakes: 181
Log saved to: /Volumes/OLAF EXT/jedwoodx/repos/uintas/logs/stocking_update.log
CSV updated: /Volumes/OLAF EXT/jedwoodx/repos/uintas/data/utah_dwr_stocking_data.csv
Starting stocking update at 2025-09-14 02:00:04
Fetching data for Summit county...
Inserted 0 new stocking records for SUMMIT county.
Fetching data for Duchesne county...
Inserted 0 new stocking records for DUCHESNE county.
Fetching data for Uintah county...
Inserted 0 new stocking records for UINTAH county.
Fetching data for Daggett county...
Inserted 0 new stocking records for DAGGETT county.
No new records added, skipping git operations

=== FINAL SUMMARY ===
Total new records added: 0
Unmatched lakes: 181
Log saved to: /Volumes/OLAF EXT/jedwoodx/repos/uintas/logs/stocking_update.log
CSV updated: /Volumes/OLAF EXT/jedwoodx/repos/uintas/data/utah_dwr_stocking_data.csv
Starting stocking update at 2025-09-16 02:00:00
Fetching data for Summit county...
Inserted 0 new stocking records for SUMMIT county.
Fetching data for Duchesne county...
Inserted 0 new stocking records for DUCHESNE county.
Fetching data for Uintah county...
Inserted 0 new stocking records for UINTAH county.
Fetching data for Daggett county...
Inserted 0 new stocking records for DAGGETT county.
No new records added, skipping git operations

=== FINAL SUMMARY ===
Total new records added: 0
Unmatched lakes: 188
Log saved to: /Volumes/OLAF EXT/jedwoodx/repos/uintas/logs/stocking_update.log
CSV updated: /Volumes/OLAF EXT/jedwoodx/repos/uintas/data/utah_dwr_stocking_data.csv
Starting stocking update at 2025-09-17 02:00:04
Fetching data for Summit county...
Inserted 0 new stocking records for SUMMIT county.
Fetching data for Duchesne county...
Inserted 0 new stocking records for DUCHESNE county.
Fetching data for Uintah county...
Inserted 0 new stocking records for UINTAH county.
Fetching data for Daggett county...
Inserted 0 new stocking records for DAGGETT county.
No new records added, skipping git operations

=== FINAL SUMMARY ===
Total new records added: 0
Unmatched lakes: 188
Log saved to: /Volumes/OLAF EXT/jedwoodx/repos/uintas/logs/stocking_update.log
CSV updated: /Volumes/OLAF EXT/jedwoodx/repos/uintas/data/utah_dwr_stocking_data.csv
Starting stocking update at 2025-09-26 02:07:39
Fetching data for Summit county...
Inserted 0 new stocking records for SUMMIT county.
Fetching data for Duchesne county...
Inserted 0 new stocking records for DUCHESNE county.
Fetching data for Uintah county...
Inserted 0 new stocking records for UINTAH county.
Fetching data for Daggett county...
Inserted 0 new stocking records for DAGGETT county.
No new records added, skipping git operations

=== FINAL SUMMARY ===
Total new records added: 0
Unmatched lakes: 193
Log saved to: /Volumes/OLAF EXT/jedwoodx/repos/uintas/logs/stocking_update.log
CSV updated: /Volumes/OLAF EXT/jedwoodx/repos/uintas/data/utah_dwr_stocking_data.csv
Starting stocking update at 2025-09-27 02:00:01
Fetching data for Summit county...
Inserted 0 new stocking records for SUMMIT county.
Fetching data for Duchesne county...
Inserted 0 new stocking records for DUCHESNE county.
Fetching data for Uintah county...
Inserted 0 new stocking records for UINTAH county.
Fetching data for Daggett county...
Inserted 0 new stocking records for DAGGETT county.
No new records added, skipping git operations

=== FINAL SUMMARY ===
Total new records added: 0
Unmatched lakes: 193
Log saved to: /Volumes/OLAF EXT/jedwoodx/repos/uintas/logs/stocking_update.log
CSV updated: /Volumes/OLAF EXT/jedwoodx/repos/uintas/data/utah_dwr_stocking_data.csv
Starting stocking update at 2025-09-28 02:03:30
Fetching data for Summit county...
Inserted 0 new stocking records for SUMMIT county.
Fetching data for Duchesne county...
Inserted 0 new stocking records for DUCHESNE county.
Fetching data for Uintah county...
Inserted 0 new stocking records for UINTAH county.
Fetching data for Daggett county...
Inserted 0 new stocking records for DAGGETT county.
No new records added, skipping git operations

=== FINAL SUMMARY ===
Total new records added: 0
Unmatched lakes: 193
Log saved to: /Volumes/OLAF EXT/jedwoodx/repos/uintas/logs/stocking_update.log
CSV updated: /Volumes/OLAF EXT/jedwoodx/repos/uintas/data/utah_dwr_stocking_data.csv
