

[2025-08-23 22:31:06] Starting Notes → Database sync

[2025-08-23 22:31:06] Using Notes search to find all notes containing '*update'

[2025-08-23 22:31:12] Found 1 total notes containing '*update' across all folders

[2025-08-23 22:31:12] Found *update in Uintas note: Cutthroat (BR-37) (BR-37)

[2025-08-23 22:31:12] Found 1 notes with *update tag

[2025-08-23 22:31:12] Processing note: Cutthroat (BR-37) (BR-37)

[2025-08-23 22:31:12]   No parseable content found for BR-37

[2025-08-23 22:31:12] Completed sync: 0 successful, 1 errors

[2025-08-23 22:32:22] Starting Notes → Database sync

[2025-08-23 22:32:22] Using Notes search to find all notes containing '*update'

[2025-08-23 22:32:28] Found 1 total notes containing '*update' across all folders

[2025-08-23 22:32:29] Found *update in Uintas note: Cutthroat (BR-37) (BR-37)

[2025-08-23 22:32:29] Found 1 notes with *update tag

[2025-08-23 22:32:29] Processing note: Cutthroat (BR-37) (BR-37)

[2025-08-23 22:32:29]   Parsing note body for BR-37...

[2025-08-23 22:32:29]   No parseable content found for BR-37

[2025-08-23 22:32:29] Completed sync: 0 successful, 1 errors

[2025-08-23 22:32:51] Starting Notes → Database sync

[2025-08-23 22:32:51] Using Notes search to find all notes containing '*update'

[2025-08-23 22:32:57] Found 0 total notes containing '*update' across all folders

[2025-08-23 22:32:57] No notes found with *update tag

[2025-08-23 22:33:34] Starting Notes → Database sync

[2025-08-23 22:33:34] Using Notes search to find all notes containing '*update'

[2025-08-23 22:33:40] Found 1 total notes containing '*update' across all folders

[2025-08-23 22:33:40] Found *update in Uintas note: Cutthroat (BR-37) (BR-37)

[2025-08-23 22:33:41] Found 1 notes with *update tag

[2025-08-23 22:33:41] Processing note: Cutthroat (BR-37) (BR-37)

[2025-08-23 22:33:41]   Parsing note body for BR-37...

[2025-08-23 22:33:41]   No parseable content found for BR-37

[2025-08-23 22:33:41] Completed sync: 0 successful, 1 errors

[2025-08-23 22:34:37] Starting Notes → Database sync

[2025-08-23 22:34:37] Using Notes search to find all notes containing '*update'

[2025-08-23 22:34:44] Found 1 total notes containing '*update' across all folders

[2025-08-23 22:34:44] Found *update in Uintas note: Cutthroat (BR-37) (BR-37)

[2025-08-23 22:34:44] Found 1 notes with *update tag

[2025-08-23 22:34:44] Processing note: Cutthroat (BR-37) (BR-37)

[2025-08-23 22:34:44]   Parsing note body for BR-37...

[2025-08-23 22:34:44]   Jed's Notes: Just a test...

[2025-08-23 22:34:44]   Successfully updated database for BR-37

[2025-08-23 22:34:44] Completed sync: 1 successful, 0 errors

[2025-08-23 22:37:06] Starting Notes → Database sync

[2025-08-23 22:37:06] Using Notes search to find all notes containing '*update'

[2025-08-23 22:37:13] Found 1 total notes containing '*update' across all folders

[2025-08-23 22:37:14] Found *update in Uintas note: Cutthroat (BR-37) (BR-37)

[2025-08-23 22:37:15] Found 1 notes with *update tag

[2025-08-23 22:37:15] Processing note: Cutthroat (BR-37) (BR-37)

[2025-08-23 22:37:15]   Parsing note body for BR-37...

[2025-08-23 22:37:15]   Jed's Notes: Just a test...

[2025-08-23 22:37:16]   Successfully updated database for BR-37

[2025-08-23 22:37:16] Completed sync: 1 successful, 0 errors

[2025-08-23 22:38:43] Starting Notes → Database sync

[2025-08-23 22:38:43] Using Notes search to find all notes containing '*update'

[2025-08-23 22:38:52] Found 1 total notes containing '*update' across all folders

[2025-08-23 22:38:52] Found *update in Uintas note: Cutthroat (BR-37) (BR-37)

[2025-08-23 22:38:52] Found 1 notes with *update tag

[2025-08-23 22:38:52] Processing note: Cutthroat (BR-37) (BR-37)

[2025-08-23 22:38:52]   Parsing note body for BR-37...

[2025-08-23 22:38:52]   Jed's Notes: Just a test...

[2025-08-23 22:38:52]   Trip Reports: 2024 October this is a pretend trip....

[2025-08-23 22:38:52]   Successfully updated database for BR-37

[2025-08-23 22:38:52] Completed sync: 1 successful, 0 errors

