=== IMPORTING 2011 STOCKING DATA ===
Started at: 2025-08-25 18:38:46


=== PROCESSING SUMMIT COUNTY ===
  NEW: ABES L W-30 (473) - Tigers x2392 on 2011-08-01
  UNMATCHED: BEAR R, E FK - Rainbows x499
  UNMATCHED: BEAR R, E FK - Rainbows x499
  NEW: BEAVER CR (32) - Rainbows x198 on 2011-07-18
  NEW: BEAVER CR (32) - Rainbows x200 on 2011-07-28
  NEW: BEAVER CR (32) - Rainbows x200 on 2011-08-10
  NEW: BEAVER CR (32) - Rainbows x200 on 2011-08-23
  NEW: BEAVER CR (32) - Rainbows x201 on 2011-09-07
  NEW: BEAVER L BR-10 (32) - Rainbows x2000 on 2011-07-06
  NEW: BIG ELK RES A-18 (254) - Tigers x4430 on 2011-08-01
  NEW: BRIDGER L G-20 (173) - Rainbows x1500 on 2011-06-14
  NEW: BRIDGER L G-20 (173) - Rainbows x499 on 2011-06-14
  NEW: BRIDGER L G-20 (173) - Rainbows x1500 on 2011-06-28
  NEW: BRIDGER L G-20 (173) - Rainbows x1500 on 2011-07-11
  NEW: BRIDGER L G-20 (173) - Rainbows x1499 on 2011-07-27
  NEW: BRIDGER L G-20 (173) - Rainbows x1499 on 2011-08-09
  NEW: CASTLE L W-67 (479) - Tigers x1352 on 2011-08-01
  NEW: CLIFF L A-34 (261) - Tigers x603 on 2011-08-01
  NEW: CLIFF L G-5 (175) - Tigers x4306 on 2011-08-03
  NEW: CUBERANT NO 4 W-45 (483) - Tigers x4025 on 2011-08-01
  UNMATCHED: DEER VALLEY LAKES - Rainbows x400
  UNMATCHED: DEER VALLEY LAKES - Rainbows x300
  UNMATCHED: DEER VALLEY LAKES - Tigers x1003
  UNMATCHED: ECHO RES - Rainbows x13440
  UNMATCHED: ECHO RES - Rainbows x13440
  UNMATCHED: ECHO RES - Rainbows x7266
  UNMATCHED: ECHO RES - Rainbows x820
  UNMATCHED: ECHO RES - Rainbows x1180
  NEW: FIRE L A-14 (267) - Tigers x1196 on 2011-08-01
  NEW: FISH L GR-125 (86) - Rainbows x12780 on 2011-08-15
  NEW: FISH L GR-125 (86) - Rainbows x14500 on 2011-08-17
  NEW: FISH L GR-125 (86) - Rainbows x1360 on 2011-08-23
  NEW: FISH L GR-125 (86) - Rainbows x1400 on 2011-08-23
  NEW: HAYDEN L BR-36 (47) - Tigers x800 on 2011-08-03
  NEW: HOOP L (93) - Rainbows x1800 on 2011-06-15
  NEW: HOOP L (93) - Rainbows x4001 on 2011-06-15
  NEW: HOOP L (93) - Rainbows x1701 on 2011-07-07
  NEW: HOUR GLASS L A-48 (272) - Tigers x905 on 2011-08-01
  NEW: ISLAND L A-57 (273) - Tigers x4212 on 2011-08-01
  NEW: ISLAND L G-9 (200) - Tigers x3864 on 2011-08-03
  NEW: JUNIOR L A-56 (277) - Tigers x364 on 2011-08-01
  NEW: KAMAS RES W-40 (495) - Tigers x2517 on 2011-08-01
  UNMATCHED: KIMBALL CR - Tigers x3068
  NEW: LILLY L A-58 (281) - Rainbows x399 on 2011-07-12
  NEW: LILLY L A-58 (281) - Rainbows x400 on 2011-07-18
  NEW: LILLY L A-58 (281) - Rainbows x400 on 2011-07-28
  NEW: LILLY L A-58 (281) - Rainbows x400 on 2011-08-03
  NEW: LILLY L A-58 (281) - Rainbows x400 on 2011-08-10
  NEW: LILLY L A-58 (281) - Rainbows x400 on 2011-08-17
  NEW: LILLY L A-58 (281) - Rainbows x400 on 2011-08-23
  NEW: LILLY L A-58 (281) - Rainbows x400 on 2011-08-29
  NEW: LILLY L A-58 (281) - Rainbows x400 on 2011-09-07
  NEW: LILY L BR-11 (51) - Rainbows x1200 on 2011-06-29
  NEW: LILY L BR-11 (51) - Rainbows x1200 on 2011-07-13
  NEW: LILY L BR-11 (51) - Rainbows x1101 on 2011-08-02
  NEW: LITTLE ELK L A-19 (284) - Tigers x1196 on 2011-08-01
  NEW: LOFTY L W-41 (497) - Tigers x478 on 2011-08-01
  NEW: LOST L A-59 (287) - Rainbows x2499 on 2011-07-13
  NEW: LOST L A-59 (287) - Rainbows x1998 on 2011-07-28
  NEW: LYMAN L, LOWER G-25 (618) - Rainbows x1000 on 2011-06-28
  NEW: LYMAN L, LOWER G-25 (618) - Rainbows x1000 on 2011-07-11
  NEW: LYMAN L, LOWER G-25 (618) - Rainbows x1000 on 2011-07-27
  NEW: LYMAN L, UPPER G-27 (619) - Rainbows x1000 on 2011-06-28
  NEW: LYMAN L, UPPER G-27 (619) - Rainbows x1000 on 2011-07-11
  NEW: MARSH L G-19 (202) - Rainbows x4998 on 2011-06-14
  UNMATCHED: PROVO R - Rainbows x251
  UNMATCHED: PROVO R - Rainbows x251
  UNMATCHED: PROVO R - Rainbows x248
  UNMATCHED: PROVO R - Rainbows x248
  NEW: QUARTER CORNER LG103 (655) - Rainbows x1199 on 2011-06-14
  NEW: RED CASTLE L G-15 (205) - Tigers x2600 on 2011-08-01
  NEW: RED CASTLE,EAST G-17 (177) - Tigers x4002 on 2011-08-03
  NEW: RED CASTLE,UPPER G16 (183) - Tigers x2553 on 2011-08-03
  UNMATCHED: ROCKPORT RES - Rainbows x7200
  UNMATCHED: ROCKPORT RES - Rainbows x7200
  UNMATCHED: ROCKPORT RES - Rainbows x7400
  UNMATCHED: ROCKPORT RES - Rainbows x7400
  UNMATCHED: ROCKPORT RES - Rainbows x5808
  UNMATCHED: ROCKPORT RES - Rainbows x7496
  UNMATCHED: ROCKPORT RES - Rainbows x4914
  UNMATCHED: ROCKPORT RES - Rainbows x13440
  UNMATCHED: ROCKPORT RES - Rainbows x13440
  UNMATCHED: ROCKPORT RES - Rainbows x10800
  UNMATCHED: ROCKPORT RES - Rainbows x7480
  UNMATCHED: ROCKPORT RES - Rainbows x16425
  UNMATCHED: ROCKPORT RES - Rainbows x1000
  UNMATCHED: ROCKPORT RES - Rainbows x1000
  UNMATCHED: ROCKPORT RES - Rainbows x760
  UNMATCHED: SMITH-MOREHOUSE RES - Rainbows x250
  UNMATCHED: SMITH-MOREHOUSE RES - Rainbows x1250
  UNMATCHED: SMITH-MOREHOUSE RES - Rainbows x1500
  UNMATCHED: SMITH-MOREHOUSE RES - Rainbows x1502
  UNMATCHED: SMITH-MOREHOUSE RES - Rainbows x4498
  UNMATCHED: SMITH-MOREHOUSE RES - Rainbows x1501
  UNMATCHED: SMITH-MOREHOUSE RES - Rainbows x1502
  UNMATCHED: SMITH-MOREHOUSE RES - Rainbows x1500
  UNMATCHED: SMITH-MOREHOUSE RES - Rainbows x1507
  NEW: SMITHS FK PASS L G14 (182) - Tigers x2600 on 2011-08-01
  UNMATCHED: STATELINE RES - Rainbows x1890
  UNMATCHED: STATELINE RES - Rainbows x1890
  UNMATCHED: STATELINE RES - Rainbows x1890
  UNMATCHED: STATELINE RES - Rainbows x1932
  UNMATCHED: STATELINE RES - Rainbows x2500
  NEW: TEAPOT L A-60 (309) - Rainbows x601 on 2011-07-12
  NEW: TEAPOT L A-60 (309) - Rainbows x605 on 2011-07-18
  NEW: TEAPOT L A-60 (309) - Rainbows x601 on 2011-07-28
  NEW: TEAPOT L A-60 (309) - Rainbows x601 on 2011-08-03
  NEW: TEAPOT L A-60 (309) - Rainbows x599 on 2011-08-10
  NEW: TEAPOT L A-60 (309) - Rainbows x599 on 2011-08-17
  NEW: TEAPOT L A-60 (309) - Rainbows x600 on 2011-08-23
  NEW: TEAPOT L A-60 (309) - Rainbows x600 on 2011-08-29
  NEW: TEAPOT L A-60 (309) - Rainbows x601 on 2011-09-07
  NEW: TEAPOT L A-60 (309) - Rainbows x601 on 2011-09-14
  NEW: TRIAL L A-61 (310) - Rainbows x1999 on 2011-07-12
  NEW: TRIAL L A-61 (310) - Rainbows x2002 on 2011-07-18
  NEW: TRIAL L A-61 (310) - Rainbows x1999 on 2011-07-25
  NEW: TRIAL L A-61 (310) - Tigers x2029 on 2011-08-02
  NEW: TRIAL L A-61 (310) - Rainbows x2000 on 2011-08-02
  NEW: TRIAL L A-61 (310) - Rainbows x2002 on 2011-08-10
  NEW: TRIAL L A-61 (310) - Rainbows x999 on 2011-08-16
  NEW: TRIAL L A-61 (310) - Rainbows x500 on 2011-08-17
  NEW: TRIAL L A-61 (310) - Tigers x641 on 2011-08-22
  NEW: TRIAL L A-61 (310) - Rainbows x1000 on 2011-08-23
  NEW: TRIAL L A-61 (310) - Rainbows x501 on 2011-08-31
  NEW: TRIAL L A-61 (310) - Rainbows x250 on 2011-09-07
  NEW: TRIAL L A-61 (310) - Rainbows x501 on 2011-09-07
  NEW: WASHINGTON L A-23 (315) - Rainbows x2000 on 2011-07-20
  NEW: WASHINGTON L A-23 (315) - Rainbows x1999 on 2011-07-25
  NEW: WASHINGTON L A-23 (315) - Tigers x4008 on 2011-08-01
  NEW: WASHINGTON L A-23 (315) - Rainbows x1001 on 2011-08-02
  NEW: WASHINGTON L A-23 (315) - Rainbows x999 on 2011-08-10
  NEW: WASHINGTON L A-23 (315) - Rainbows x999 on 2011-08-16
  NEW: WASHINGTON L A-23 (315) - Tigers x641 on 2011-08-22
  NEW: WASHINGTON L A-23 (315) - Rainbows x1000 on 2011-08-23
  NEW: WASHINGTON L A-23 (315) - Rainbows x999 on 2011-08-31
  UNMATCHED: WEBER R - Rainbows x126
  UNMATCHED: WEBER R - Rainbows x126
  UNMATCHED: WEBER R - Rainbows x252
  UNMATCHED: WEBER R - Rainbows x251
  UNMATCHED: WEBER R - Rainbows x124
  UNMATCHED: WEBER R - Rainbows x124
  UNMATCHED: WHITNEY RES - Rainbows x2700
  UNMATCHED: WHITNEY RES - Tigers x40260
  UNMATCHED: WHITNEY RES - Rainbows x4301
  UNMATCHED: WHITNEY RES - Rainbows x1998
  UNMATCHED: WHITNEY RES - Cutthroats x66563

Summit Summary: 91 new records, 10 unmatched

=== PROCESSING DUCHESNE COUNTY ===
  UNMATCHED: BIG SANDWASH RES - Rainbows x25657
  UNMATCHED: BIG SANDWASH RES - Rainbows x252
  UNMATCHED: BIG SANDWASH RES - Rainbows x1378
  UNMATCHED: BIG SANDWASH RES - Rainbows x1378
  UNMATCHED: BIG SANDWASH RES - Rainbows x30096
  UNMATCHED: BIG SANDWASH RES - Rainbows x1454
  UNMATCHED: BIG SANDWASH RES - Rainbows x3500
  UNMATCHED: BIG SANDWASH RES - Rainbows x1760
  UNMATCHED: BIG SANDWASH RES - Rainbows x2223
  NEW: BRINKLEY L RC-4 (329) - Brookies x605 on 2011-08-04
  NEW: BROOK L U-54 (432) - Brookies x997 on 2011-08-04
  UNMATCHED: BROWNS DRAW RES - Rainbows x30096
  NEW: BUTTERFLY L Z-1 (123) - Rainbows x605 on 2011-07-18
  NEW: BUTTERFLY L Z-1 (123) - Rainbows x601 on 2011-07-27
  NEW: BUTTERFLY L Z-1 (123) - Rainbows x601 on 2011-08-03
  NEW: BUTTERFLY L Z-1 (123) - Rainbows x599 on 2011-08-09
  NEW: BUTTERFLY L Z-1 (123) - Rainbows x599 on 2011-08-17
  NEW: BUTTERFLY L Z-1 (123) - Rainbows x600 on 2011-08-23
  NEW: BUTTERFLY L Z-1 (123) - Rainbows x600 on 2011-08-29
  NEW: BUTTERFLY L Z-1 (123) - Rainbows x601 on 2011-09-07
  NEW: BUTTERFLY L Z-1 (123) - Rainbows x601 on 2011-09-14
  NEW: CASTLE L D-14 (622) - Tigers x1352 on 2011-08-01
  UNMATCHED: CEDARVIEW RES - Rainbows x2000
  UNMATCHED: CLAY BASIN - Rainbows x18216
  UNMATCHED: CLAY BASIN - Rainbows x23184
  NEW: DAVIS L, NORTH U-46 (440) - Brookies x392 on 2011-08-04
  NEW: DAVIS L, SOUTH U-34 (441) - Brookies x623 on 2011-08-04
  NEW: DIAMOND L X-43 (335) - Brookies x1299 on 2011-08-04
  UNMATCHED: DUCHESNE R, N FK - Rainbows x1250
  UNMATCHED: DUCHESNE R, N FK - Rainbows x1250
  NEW: GREEN MEADOW POND (499) - Cutthroats x2112 on 2011-10-19
  UNMATCHED: GULF POND - Rainbows x2277
  UNMATCHED: GULF POND - Rainbows x2898
  NEW: HOOK L X-81 (216) - Brookies x1050 on 2011-08-04
  NEW: HORSESHOE L RC-38 (348) - Brookies x142 on 2011-08-04
  NEW: JEAN L Z-41 (351) - Brookies x1994 on 2011-08-04
  NEW: KIDNEY L X-35 (218) - Cutthroats x5400 on 2011-09-19
  NEW: KIDNEY L X-35 (218) - Cutthroats x6960 on 2011-09-19
  UNMATCHED: LAKE CANYON L - Tigers x618
  UNMATCHED: LAKE CANYON L - Cutthroats x5504
  UNMATCHED: LAKE FK R - Rainbows x499
  UNMATCHED: LAKE FK R - Rainbows x248
  UNMATCHED: LAKE FORK POND - Rainbows x2277
  UNMATCHED: LAKE FORK POND - Rainbows x2898
  NEW: LEDGE L X-113 (353) - Brookies x303 on 2011-08-04
  NEW: LF- 8 (220) - Cutthroats x720 on 2011-09-19
  NEW: LF-16 (221) - Brookies x303 on 2011-08-04
  NEW: LF-37 (223) - Brookies x303 on 2011-08-04
  NEW: LILY PAD L X-2 (355) - Brookies x997 on 2011-08-04
  NEW: MIRROR L Z-3 (151) - Rainbows x1999 on 2011-07-12
  NEW: MIRROR L Z-3 (151) - Rainbows x2002 on 2011-07-18
  NEW: MIRROR L Z-3 (151) - Rainbows x1999 on 2011-07-25
  NEW: MIRROR L Z-3 (151) - Rainbows x2000 on 2011-08-02
  NEW: MIRROR L Z-3 (151) - Rainbows x2002 on 2011-08-10
  NEW: MIRROR L Z-3 (151) - Rainbows x1003 on 2011-08-16
  NEW: MIRROR L Z-3 (151) - Tigers x641 on 2011-08-22
  NEW: MIRROR L Z-3 (151) - Rainbows x1000 on 2011-08-23
  NEW: MIRROR L Z-3 (151) - Rainbows x999 on 2011-08-31
  NEW: MIRROR L Z-3 (151) - Rainbows x1001 on 2011-09-07
  UNMATCHED: MOON L - Rainbows x1375
  UNMATCHED: MOON L - Rainbows x1375
  UNMATCHED: MOON L - Tigers x9991
  UNMATCHED: MOON L - Splake x10778
  NEW: MOOSEHORN L Z-4 (152) - Rainbows x601 on 2011-07-20
  NEW: MOOSEHORN L Z-4 (152) - Rainbows x601 on 2011-07-27
  NEW: MOOSEHORN L Z-4 (152) - Rainbows x499 on 2011-08-03
  NEW: MOOSEHORN L Z-4 (152) - Rainbows x500 on 2011-08-09
  NEW: MOOSEHORN L Z-4 (152) - Rainbows x500 on 2011-08-17
  NEW: MOOSEHORN L Z-4 (152) - Rainbows x499 on 2011-08-23
  NEW: MOOSEHORN L Z-4 (152) - Rainbows x501 on 2011-08-31
  NEW: MOOSEHORN L Z-4 (152) - Rainbows x501 on 2011-09-07
  NEW: MOOSEHORN L Z-4 (152) - Rainbows x501 on 2011-09-14
  NEW: PASS L Z-5 (158) - Rainbows x601 on 2011-07-12
  NEW: PASS L Z-5 (158) - Rainbows x605 on 2011-07-18
  NEW: PASS L Z-5 (158) - Rainbows x699 on 2011-07-27
  NEW: PASS L Z-5 (158) - Rainbows x701 on 2011-08-02
  NEW: PASS L Z-5 (158) - Rainbows x699 on 2011-08-10
  NEW: PASS L Z-5 (158) - Rainbows x699 on 2011-08-16
  NEW: PASS L Z-5 (158) - Rainbows x699 on 2011-08-23
  NEW: PASS L Z-5 (158) - Rainbows x600 on 2011-08-31
  NEW: PASS L Z-5 (158) - Rainbows x601 on 2011-09-07
  NEW: PASS L Z-5 (158) - Rainbows x501 on 2011-09-14
  NEW: PINTO L X-22 (366) - Brookies x5091 on 2011-08-04
  NEW: POLE CR L (540) - Rainbows x1157 on 2011-07-08
  UNMATCHED: RED CR RES - Rainbows x10086
  UNMATCHED: RED CR RES - Tigers x5047
  UNMATCHED: RED CR RES - Rainbows x5168
  UNMATCHED: ROCK CR - Rainbows x644
  UNMATCHED: ROCK CR - Tigers x1030
  UNMATCHED: ROCK CR - Rainbows x639
  UNMATCHED: ROCK CR - Rainbows x640
  UNMATCHED: ROCK CR - Rainbows x650
  NEW: RUDOLPH L NO 1 X-39 (373) - Brookies x2207 on 2011-08-04
  NEW: SCOUT L Z-12 (160) - Rainbows x400 on 2011-07-20
  NEW: SCOUT L Z-12 (160) - Rainbows x539 on 2011-08-02
  NEW: SCOUT L Z-12 (160) - Rainbows x500 on 2011-08-10
  UNMATCHED: STARVATION RES - Rainbows x4520
  UNMATCHED: STARVATION RES - Rainbows x4680
  UNMATCHED: STARVATION RES - Rainbows x4960
  UNMATCHED: STARVATION RES - Rainbows x5017
  UNMATCHED: STARVATION RES - Rainbows x5280
  UNMATCHED: STARVATION RES - Rainbows x5340
  UNMATCHED: STARVATION RES - Rainbows x4760
  UNMATCHED: STARVATION RES - Rainbows x4600
  UNMATCHED: STARVATION RES - Rainbows x4800
  UNMATCHED: STARVATION RES - Rainbows x4658
  NEW: THOMPSON L RC-8 (382) - Brookies x1406 on 2011-08-04
  NEW: TIMOTHY L, EAST X-16 (418) - Brookies x997 on 2011-08-04
  NEW: TIMOTHY L, WEST X-19 (419) - Brookies x2243 on 2011-08-04
  UNMATCHED: TOTEM LAKE - Rainbows x251
  UNMATCHED: TOTEM LAKE - Rainbows x285
  NEW: U- 37 (461) - Brookies x659 on 2011-08-04
  UNMATCHED: UINTA R - Rainbows x700
  UNMATCHED: UINTA R - Rainbows x702
  UNMATCHED: UINTA R - Rainbows x639
  UNMATCHED: UINTA R - Rainbows x580
  NEW: X- 61 (239) - Cutthroats x390 on 2011-09-19
  NEW: X- 62 (240) - Cutthroats x450 on 2011-09-19
  NEW: X- 86 (248) - Brookies x694 on 2011-08-04
  UNMATCHED: YELLOWSTONE R - Rainbows x605
  UNMATCHED: YELLOWSTONE R - Rainbows x304

Duchesne Summary: 68 new records, 16 unmatched

=== 2011 IMPORT SUMMARY ===
Total new records: 159
Total unmatched lakes: 26
Ambiguous matches: 0
CSV file updated: /Volumes/OLAF EXT/jedwoodx/repos/uintas/data/utah_dwr_stocking_data.csv
Run completed at: 2025-08-25 18:38:47
