=== IMPORTING 2013 STOCKING DATA ===
Started at: 2025-08-25 17:20:49


=== PROCESSING SUMMIT COUNTY ===
  NEW: ALEXANDER L A-1 (250) - Brookies x2322 on 2013-07-02
  UNMATCHED: BEAR R, E FK - Rainbows x579
  NEW: BEAVER CR (32) - Rainbows x201 on 2013-05-29
  NEW: BEAVER CR (32) - Rainbows x200 on 2013-06-10
  NEW: BEAVER CR (32) - Rainbows x200 on 2013-06-26
  NEW: BEAVER CR (32) - Rainbows x200 on 2013-07-09
  NEW: BEAVER L A-17 (252) - Brookies x275 on 2013-07-02
  NEW: BEAVER L BR-10 (32) - Rainbows x2000 on 2013-06-04
  NEW: BENNION L GR-134 (84) - Brookies x774 on 2013-07-03
  NEW: BETH L A-6 (253) - Brookies x500 on 2013-07-02
  NEW: BOOKER L A-35 (256) - Brookies x403 on 2013-07-02
  NEW: BR- 2 (34) - Brookies x97 on 2013-07-02
  NEW: BR-34 (658) - Tigers x243 on 2013-07-08
  NEW: BR-55 (660) - Brookies x226 on 2013-07-02
  NEW: BRIDGER L G-20 (173) - Rainbows x2000 on 2013-06-12
  NEW: BRIDGER L G-20 (173) - Rainbows x2001 on 2013-07-05
  NEW: BRIDGER L G-20 (173) - Brookies x5011 on 2013-07-22
  NEW: BRIDGER L G-20 (173) - Rainbows x2001 on 2013-07-22
  NEW: BRIDGER L G-20 (173) - Rainbows x1760 on 2013-08-12
  NEW: CHARITY L P-16 (652) - Brookies x210 on 2013-07-02
  NEW: CHINA L G-21 (174) - Brookies x7867 on 2013-07-02
  NEW: CLIFF L A-34 (261) - Cutthroats x1094 on 2013-10-05
  NEW: CLYDE L A-28 (629) - Brookies x1612 on 2013-07-02
  NEW: COLUMBINE L GR-116 (390) - Tigers x846 on 2013-07-08
  NEW: CRYSTAL L A-51 (262) - Brookies x1016 on 2013-07-02
  NEW: CUTTHROAT L BR-37 (45) - Tigers x396 on 2013-07-08
  NEW: DEAN L W-35 (485) - Grayling x897 on 2013-09-20
  UNMATCHED: DEER VALLEY LAKES - Rainbows x1002
  UNMATCHED: DEER VALLEY LAKES - Rainbows x1002
  UNMATCHED: DEER VALLEY LAKES - Rainbows x999
  UNMATCHED: DEER VALLEY LAKES - Tigers x3055
  UNMATCHED: DEER VALLEY LAKES - Rainbows x998
  NEW: DIVIDE L NO 1 A-36 (630) - Brookies x532 on 2013-07-02
  UNMATCHED: ECHO RES - Rainbows x2170
  UNMATCHED: ECHO RES - Rainbows x2100
  UNMATCHED: ECHO RES - Rainbows x2100
  UNMATCHED: ECHO RES - Rainbows x2100
  UNMATCHED: ECHO RES - Rainbows x9072
  UNMATCHED: ECHO RES - Rainbows x6580
  UNMATCHED: ECHO RES - Rainbows x39953
  UNMATCHED: ECHO RES - Rainbows x5250
  UNMATCHED: ECHO RES - Rainbows x5750
  UNMATCHED: ECHO RES - Rainbows x10600
  UNMATCHED: ECHO RES - Rainbows x7392
  UNMATCHED: ECHO RES - Rainbows x3400
  UNMATCHED: ECHO RES - Rainbows x2816
  UNMATCHED: ECHO RES - Rainbows x9900
  UNMATCHED: ECHO RES - Rainbows x4928
  NEW: ERICKSON L,SOUTH W25 (488) - Brookies x758 on 2013-07-02
  NEW: FIRE L A-14 (267) - Cutthroats x2510 on 2013-10-05
  NEW: FISH L GR-125 (86) - Brookies x4643 on 2013-07-03
  NEW: G- 80 (614) - Brookies x84 on 2013-07-10
  NEW: GAIL L GR-115 (393) - Tigers x504 on 2013-07-08
  NEW: GR-119 (666) - Grayling x300 on 2013-10-07
  NEW: GR-155 (67) - Brookies x202 on 2013-07-10
  NEW: GR-162 (72) - Brookies x202 on 2013-07-10
  UNMATCHED: HAYDEN FK - Rainbows x150
  UNMATCHED: HAYDEN FK - Rainbows x150
  NEW: HOOP L (93) - Rainbows x7991 on 2013-06-04
  NEW: HOOP L (93) - Rainbows x1748 on 2013-06-19
  NEW: HOOP L (93) - Rainbows x1751 on 2013-07-10
  NEW: HOOP L (93) - Grayling x17800 on 2013-10-16
  NEW: JUDY L GR-25 (397) - Tigers x450 on 2013-07-08
  NEW: LAMBERT MEADOW L A-2 (279) - Brookies x210 on 2013-07-02
  NEW: LILLY L A-58 (281) - Rainbows x470 on 2013-06-11
  NEW: LILLY L A-58 (281) - Tigers x510 on 2013-06-17
  NEW: LILLY L A-58 (281) - Tigers x254 on 2013-06-24
  NEW: LILLY L A-58 (281) - Rainbows x200 on 2013-06-25
  NEW: LILLY L A-58 (281) - Rainbows x200 on 2013-07-03
  NEW: LILLY L A-58 (281) - Tigers x255 on 2013-07-03
  NEW: LILLY L A-58 (281) - Rainbows x200 on 2013-07-09
  NEW: LILLY L A-58 (281) - Rainbows x200 on 2013-07-16
  NEW: LILLY L A-58 (281) - Rainbows x502 on 2013-07-30
  NEW: LILLY L A-58 (281) - Tigers x533 on 2013-08-13
  NEW: LILY L BR-11 (51) - Rainbows x1200 on 2013-06-05
  NEW: LILY L BR-11 (51) - Rainbows x1199 on 2013-06-25
  NEW: LILY L BR-11 (51) - Rainbows x1000 on 2013-07-17
  NEW: LITTLE ELK L A-19 (284) - Cutthroats x1995 on 2013-10-05
  NEW: LOST L A-59 (287) - Rainbows x2501 on 2013-06-10
  NEW: LOST L A-59 (287) - Rainbows x1399 on 2013-06-20
  NEW: LOST L A-59 (287) - Brookies x4016 on 2013-07-22
  NEW: LYMAN L, LOWER G-25 (618) - Rainbows x1000 on 2013-06-12
  NEW: LYMAN L, LOWER G-25 (618) - Rainbows x1001 on 2013-06-27
  NEW: LYMAN L, LOWER G-25 (618) - Rainbows x1000 on 2013-07-17
  NEW: LYMAN L, LOWER G-25 (618) - Brookies x3501 on 2013-07-22
  NEW: LYMAN L, UPPER G-27 (619) - Rainbows x1000 on 2013-06-12
  NEW: LYMAN L, UPPER G-27 (619) - Rainbows x1001 on 2013-06-27
  NEW: LYMAN L, UPPER G-27 (619) - Brookies x1013 on 2013-07-22
  UNMATCHED: PROVO R - Rainbows x498
  UNMATCHED: PROVO R - Rainbows x251
  UNMATCHED: PROVO R - Rainbows x251
  NEW: QUARTER CORNER LG103 (655) - Rainbows x1200 on 2013-06-12
  NEW: REIDS L W-38 (503) - Brookies x500 on 2013-07-02
  UNMATCHED: ROCKPORT RES - Rainbows x15185
  UNMATCHED: ROCKPORT RES - Rainbows x7296
  UNMATCHED: ROCKPORT RES - Rainbows x15504
  UNMATCHED: ROCKPORT RES - Rainbows x7296
  UNMATCHED: ROCKPORT RES - Rainbows x14684
  UNMATCHED: ROCKPORT RES - Rainbows x7296
  UNMATCHED: ROCKPORT RES - Rainbows x12768
  NEW: SCOW L BR-12 (61) - Brookies x1709 on 2013-07-02
  NEW: SHINGLE CR,WEST P-60 (303) - Brookies x403 on 2013-07-02
  UNMATCHED: SMITH-MOREHOUSE RES - Rainbows x2240
  UNMATCHED: SMITH-MOREHOUSE RES - Rainbows x2000
  UNMATCHED: SMITH-MOREHOUSE RES - Rainbows x1880
  UNMATCHED: SMITH-MOREHOUSE RES - Rainbows x1760
  UNMATCHED: SMITH-MOREHOUSE RES - Rainbows x2000
  UNMATCHED: SMITH-MOREHOUSE RES - Rainbows x2000
  UNMATCHED: SMITH-MOREHOUSE RES - Rainbows x2000
  UNMATCHED: SMITH-MOREHOUSE RES - Grayling x10166
  UNMATCHED: SMITH-MOREHOUSE RES - Grayling x10200
  UNMATCHED: SMITH-MOREHOUSE RES - Grayling x1800
  UNMATCHED: STATELINE RES - Rainbows x6000
  UNMATCHED: STILLWATER FK - Rainbows x299
  UNMATCHED: STILLWATER FK - Rainbows x499
  UNMATCHED: STILLWATER FK - Rainbows x499
  UNMATCHED: STILLWATER FK - Rainbows x502
  NEW: TEAL L BR-32 (62) - Tigers x702 on 2013-07-08
  NEW: TEAPOT L A-60 (309) - Rainbows x601 on 2013-06-18
  NEW: TEAPOT L A-60 (309) - Tigers x254 on 2013-06-24
  NEW: TEAPOT L A-60 (309) - Rainbows x299 on 2013-06-26
  NEW: TEAPOT L A-60 (309) - Tigers x310 on 2013-07-08
  NEW: TEAPOT L A-60 (309) - Rainbows x299 on 2013-07-08
  NEW: TEAPOT L A-60 (309) - Tigers x255 on 2013-07-08
  NEW: TEAPOT L A-60 (309) - Rainbows x300 on 2013-07-16
  NEW: TEAPOT L A-60 (309) - Tigers x255 on 2013-07-16
  NEW: TEAPOT L A-60 (309) - Brookies x516 on 2013-07-22
  NEW: TEAPOT L A-60 (309) - Tigers x255 on 2013-07-23
  NEW: TEAPOT L A-60 (309) - Rainbows x396 on 2013-07-30
  NEW: TEAPOT L A-60 (309) - Tigers x257 on 2013-07-30
  NEW: TEAPOT L A-60 (309) - Tigers x255 on 2013-08-06
  NEW: TEAPOT L A-60 (309) - Rainbows x299 on 2013-08-06
  NEW: TEAPOT L A-60 (309) - Tigers x624 on 2013-08-13
  NEW: TRIAL L A-61 (310) - Tigers x468 on 2013-06-17
  NEW: TRIAL L A-61 (310) - Rainbows x1980 on 2013-06-19
  NEW: TRIAL L A-61 (310) - Tigers x535 on 2013-06-24
  NEW: TRIAL L A-61 (310) - Rainbows x810 on 2013-06-26
  NEW: TRIAL L A-61 (310) - Rainbows x704 on 2013-07-03
  NEW: TRIAL L A-61 (310) - Tigers x535 on 2013-07-03
  NEW: TRIAL L A-61 (310) - Tigers x535 on 2013-07-10
  NEW: TRIAL L A-61 (310) - Rainbows x700 on 2013-07-10
  NEW: TRIAL L A-61 (310) - Rainbows x600 on 2013-07-15
  NEW: TRIAL L A-61 (310) - Tigers x2015 on 2013-07-15
  NEW: TRIAL L A-61 (310) - Tigers x535 on 2013-07-16
  NEW: TRIAL L A-61 (310) - Brookies x8014 on 2013-07-22
  NEW: TRIAL L A-61 (310) - Tigers x535 on 2013-07-23
  NEW: TRIAL L A-61 (310) - Rainbows x825 on 2013-07-23
  NEW: TRIAL L A-61 (310) - Tigers x540 on 2013-07-29
  NEW: TRIAL L A-61 (310) - Rainbows x700 on 2013-07-29
  NEW: TRIAL L A-61 (310) - Tigers x536 on 2013-08-06
  NEW: TRIAL L A-61 (310) - Rainbows x701 on 2013-08-06
  NEW: TRIAL L A-61 (310) - Grayling x5070 on 2013-09-24
  NEW: TRIAL L A-61 (310) - Grayling x3240 on 2013-10-05
  NEW: TRIDENT L A-41 (311) - Brookies x403 on 2013-07-02
  NEW: W-57 (517) - Brookies x307 on 2013-07-02
  NEW: W-62 (521) - Brookies x210 on 2013-07-02
  NEW: WASHINGTON L A-23 (315) - Tigers x686 on 2013-06-17
  NEW: WASHINGTON L A-23 (315) - Rainbows x2000 on 2013-06-20
  NEW: WASHINGTON L A-23 (315) - Tigers x700 on 2013-07-03
  NEW: WASHINGTON L A-23 (315) - Rainbows x700 on 2013-07-08
  NEW: WASHINGTON L A-23 (315) - Tigers x700 on 2013-07-08
  NEW: WASHINGTON L A-23 (315) - Tigers x345 on 2013-07-10
  NEW: WASHINGTON L A-23 (315) - Rainbows x700 on 2013-07-10
  NEW: WASHINGTON L A-23 (315) - Rainbows x600 on 2013-07-15
  NEW: WASHINGTON L A-23 (315) - Tigers x4030 on 2013-07-15
  NEW: WASHINGTON L A-23 (315) - Tigers x345 on 2013-07-16
  NEW: WASHINGTON L A-23 (315) - Brookies x4016 on 2013-07-22
  NEW: WASHINGTON L A-23 (315) - Tigers x345 on 2013-07-23
  NEW: WASHINGTON L A-23 (315) - Rainbows x700 on 2013-07-23
  NEW: WASHINGTON L A-23 (315) - Tigers x351 on 2013-07-29
  NEW: WASHINGTON L A-23 (315) - Rainbows x601 on 2013-07-29
  NEW: WASHINGTON L A-23 (315) - Rainbows x701 on 2013-08-06
  NEW: WASHINGTON L A-23 (315) - Tigers x343 on 2013-08-06
  NEW: WASHINGTON L A-23 (315) - Grayling x5070 on 2013-09-24
  UNMATCHED: WEBER R - Rainbows x249
  UNMATCHED: WEBER R - Rainbows x126
  UNMATCHED: WEBER R - Rainbows x249
  UNMATCHED: WEBER R - Rainbows x251
  UNMATCHED: WEBER R - Rainbows x152
  UNMATCHED: WEBER R - Rainbows x152
  UNMATCHED: WEBER R - Rainbows x139
  UNMATCHED: WEBER R - Rainbows x139
  UNMATCHED: WEBER R - Rainbows x139
  UNMATCHED: WEBER R - Rainbows x124
  UNMATCHED: WEBER R - Rainbows x248
  UNMATCHED: WEBER R - Rainbows x126
  UNMATCHED: WEBER R - Rainbows x121
  NEW: WHISKEY ISLAND L BR3 (63) - Grayling x1495 on 2013-09-20
  UNMATCHED: WHITNEY RES - Rainbows x4000
  UNMATCHED: WHITNEY RES - Rainbows x2992
  UNMATCHED: WHITNEY RES - Cutthroats x65260
  UNMATCHED: WHITNEY RES - Tigers x40600
  NEW: YELLOWPINE,LOWER W66 (522) - Brookies x210 on 2013-07-02

Summit Summary: 128 new records, 11 unmatched

=== PROCESSING DUCHESNE COUNTY ===
  NEW: AMOEBA L X-90 (206) - Cutthroats x566 on 2013-10-07
  NEW: ANGEL L WR-19 (558) - Cutthroats x1038 on 2013-10-07
  NEW: ANN L WR-74 (564) - Cutthroats x378 on 2013-10-07
  NEW: ARTA L RC-23 (321) - Cutthroats x541 on 2013-07-09
  NEW: BIG DOG L X-32 (209) - Grayling x949 on 2013-09-20
  UNMATCHED: BIG SANDWASH RES - Rainbows x2065
  UNMATCHED: BIG SANDWASH RES - Rainbows x2000
  UNMATCHED: BIG SANDWASH RES - Rainbows x2070
  UNMATCHED: BIG SANDWASH RES - Rainbows x1150
  UNMATCHED: BIG SANDWASH RES - Rainbows x5750
  NEW: BLUE L Z-32 (118) - Tigers x1404 on 2013-07-08
  NEW: BLYTHE L Z-20 (119) - Brookies x710 on 2013-07-02
  NEW: BONNIE L Z-6 (120) - Brookies x613 on 2013-07-02
  NEW: BROWN DUCK L X-31 (210) - Cutthroats x2738 on 2013-10-07
  NEW: BUD L Z-2 (122) - Brookies x565 on 2013-07-02
  NEW: BUTTERFLY L Z-1 (123) - Rainbows x700 on 2013-06-11
  NEW: BUTTERFLY L Z-1 (123) - Tigers x230 on 2013-06-17
  NEW: BUTTERFLY L Z-1 (123) - Rainbows x299 on 2013-06-18
  NEW: BUTTERFLY L Z-1 (123) - Tigers x228 on 2013-06-24
  NEW: BUTTERFLY L Z-1 (123) - Rainbows x299 on 2013-06-26
  NEW: BUTTERFLY L Z-1 (123) - Tigers x230 on 2013-07-03
  NEW: BUTTERFLY L Z-1 (123) - Rainbows x400 on 2013-07-03
  NEW: BUTTERFLY L Z-1 (123) - Rainbows x400 on 2013-07-08
  NEW: BUTTERFLY L Z-1 (123) - Tigers x540 on 2013-07-16
  NEW: BUTTERFLY L Z-1 (123) - Rainbows x300 on 2013-07-16
  NEW: BUTTERFLY L Z-1 (123) - Brookies x1013 on 2013-07-22
  NEW: BUTTERFLY L Z-1 (123) - Tigers x230 on 2013-07-23
  NEW: BUTTERFLY L Z-1 (123) - Tigers x230 on 2013-07-30
  NEW: BUTTERFLY L Z-1 (123) - Rainbows x601 on 2013-07-30
  NEW: BUTTERFLY L Z-1 (123) - Rainbows x299 on 2013-08-06
  NEW: BUTTERFLY L Z-1 (123) - Tigers x380 on 2013-08-06
  NEW: BUTTERFLY L Z-1 (123) - Tigers x637 on 2013-08-13
  NEW: CARROT L U-17 (433) - Brookies x1516 on 2013-07-03
  NEW: CHAIN L NO 4 U-4 (437) - Cutthroats x705 on 2013-07-09
  NEW: CIRQUE L (661) - Grayling x1020 on 2013-10-07
  NEW: CLEMENTS RES X-74 (212) - Cutthroats x3870 on 2013-10-07
  NEW: CLEVELAND L WR-7 (525) - Brookies x2403 on 2013-07-10
  NEW: CLIFF L WR-49 (526) - Tigers x1098 on 2013-07-08
  NEW: CLIFF L WR-49 (526) - Brookies x3999 on 2013-07-10
  NEW: CONTINENT L X-121 (331) - Cutthroats x2738 on 2013-10-07
  NEW: CRAIG L U-85 (438) - Cutthroats x472 on 2013-10-07
  NEW: CROW L DG-3 (98) - Cutthroats x1796 on 2013-07-09
  UNMATCHED: D-45 - Tigers x450
  NEW: DEER L X-55 (411) - Cutthroats x1510 on 2013-10-07
  NEW: DG- 6 (101) - Cutthroats x603 on 2013-07-09
  NEW: DG-10 (105) - Cutthroats x1001 on 2013-07-09
  NEW: DG-14 (106) - Cutthroats x205 on 2013-07-09
  NEW: DG-15 (107) - Cutthroats x205 on 2013-07-09
  NEW: DG-16 (108) - Cutthroats x205 on 2013-07-09
  NEW: DG-17 (109) - Cutthroats x443 on 2013-07-09
  NEW: DIVIDE L U-59 (442) - Cutthroats x1910 on 2013-07-09
  NEW: DRIFT RES Y-41 (570) - Brookies x1016 on 2013-07-03
  UNMATCHED: DUCHESNE R, N FK - Rainbows x1000
  UNMATCHED: DUCHESNE R, N FK - Rainbows x1000
  UNMATCHED: DUCHESNE R, N FK - Rainbows x1001
  NEW: ECHO L Z-16 (133) - Goldens x4581 on 2013-07-02
  NEW: FARNEY L X-14 (136) - Grayling x2496 on 2013-09-20
  NEW: FERN L X-5 (339) - Brookies x1445 on 2013-07-10
  NEW: FOX RES U-47 (444) - Brookies x8157 on 2013-07-03
  NEW: GEM L Z-18 (140) - Tigers x297 on 2013-07-08
  NEW: GIBBY L RC-30 (342) - Cutthroats x283 on 2013-10-07
  NEW: GILBERT L U-82 (446) - Cutthroats x1133 on 2013-10-07
  NEW: GLADYS L X-128 (343) - Brookies x758 on 2013-07-02
  NEW: GRANDADDY L X-9 (345) - Cutthroats x14915 on 2013-10-07
  NEW: GRAYLING L X-56 (413) - Grayling x851 on 2013-10-07
  NEW: HEART L X-13 (346) - Cutthroats x569 on 2013-07-09
  NEW: HELEN L X-126 (347) - Brookies x855 on 2013-07-02
  NEW: HIDDEN L WR-63 (530) - Cutthroats x1322 on 2013-07-09
  NEW: HOOVER L Z-10 (142) - Brookies x1419 on 2013-07-02
  NEW: HORSESHOE L WR-67 (562) - Cutthroats x894 on 2013-07-09
  NEW: JEAN L Z-41 (351) - Tigers x801 on 2013-07-08
  NEW: KATY L WR-34 (559) - Cutthroats x944 on 2013-10-07
  NEW: KIDNEY L X-35 (218) - Channel catfish x375 on 2013-08-03
  NEW: KIDNEY L, WEST U-26 (448) - Brookies x790 on 2013-07-03
  NEW: KINGS L Y-22 (572) - Cutthroats x1001 on 2013-07-09
  UNMATCHED: LAKE CANYON L - Cutthroats x2040
  UNMATCHED: LAKE CYN - Tigers x598
  UNMATCHED: LAKE FK R - Rainbows x740
  NEW: LARVAE L WR-12 (531) - Brookies x588 on 2013-07-10
  NEW: LECONTE L Z-33 (147) - Grayling x2496 on 2013-09-20
  NEW: LECONTE L Z-33 (147) - Cutthroats x1888 on 2013-10-07
  NEW: MARSHALL L Z-11 (150) - Brookies x1822 on 2013-07-02
  NEW: MILK L Y-25 (574) - Brookies x1758 on 2013-07-03
  NEW: MIRROR L Z-3 (151) - Rainbows x1499 on 2013-06-10
  NEW: MIRROR L Z-3 (151) - Rainbows x1045 on 2013-06-19
  NEW: MIRROR L Z-3 (151) - Rainbows x750 on 2013-06-25
  NEW: MIRROR L Z-3 (151) - Rainbows x750 on 2013-07-03
  NEW: MIRROR L Z-3 (151) - Rainbows x750 on 2013-07-09
  NEW: MIRROR L Z-3 (151) - Rainbows x750 on 2013-07-16
  NEW: MIRROR L Z-3 (151) - Brookies x4141 on 2013-07-22
  NEW: MIRROR L Z-3 (151) - Rainbows x1601 on 2013-07-29
  UNMATCHED: MOON L - Rainbows x1375
  UNMATCHED: MOON L - Rainbows x1375
  UNMATCHED: MOON L - Splake x5155
  UNMATCHED: MOON L - Tigers x10010
  NEW: MOOSEHORN L Z-4 (152) - Rainbows x700 on 2013-06-11
  NEW: MOOSEHORN L Z-4 (152) - Tigers x196 on 2013-06-17
  NEW: MOOSEHORN L Z-4 (152) - Rainbows x319 on 2013-06-18
  NEW: MOOSEHORN L Z-4 (152) - Tigers x192 on 2013-06-24
  NEW: MOOSEHORN L Z-4 (152) - Tigers x195 on 2013-07-03
  NEW: MOOSEHORN L Z-4 (152) - Tigers x395 on 2013-07-08
  NEW: MOOSEHORN L Z-4 (152) - Rainbows x350 on 2013-07-08
  NEW: MOOSEHORN L Z-4 (152) - Tigers x195 on 2013-07-16
  NEW: MOOSEHORN L Z-4 (152) - Tigers x193 on 2013-07-23
  NEW: MOOSEHORN L Z-4 (152) - Tigers x194 on 2013-07-30
  NEW: MOOSEHORN L Z-4 (152) - Rainbows x640 on 2013-07-30
  NEW: MOOSEHORN L Z-4 (152) - Tigers x192 on 2013-08-06
  NEW: MOOSEHORN L Z-4 (152) - Rainbows x321 on 2013-08-06
  NEW: MOOSEHORN L Z-4 (152) - Tigers x385 on 2013-08-13
  NEW: MORAT 1 L Z-31 (153) - Cutthroats x1510 on 2013-10-07
  NEW: NELLIE L WR-75 (565) - Cutthroats x283 on 2013-10-07
  NEW: OGDEN L WR-5 (535) - Cutthroats x1416 on 2013-10-07
  NEW: OKEY DOKE L U-5 (453) - Cutthroats x648 on 2013-07-09
  NEW: PALISADE L Z-28 (363) - Brookies x1419 on 2013-07-02
  NEW: PASS L Z-5 (158) - Rainbows x698 on 2013-06-11
  NEW: PASS L Z-5 (158) - Tigers x510 on 2013-06-17
  NEW: PASS L Z-5 (158) - Rainbows x350 on 2013-06-18
  NEW: PASS L Z-5 (158) - Tigers x254 on 2013-06-24
  NEW: PASS L Z-5 (158) - Rainbows x350 on 2013-06-25
  NEW: PASS L Z-5 (158) - Rainbows x350 on 2013-07-03
  NEW: PASS L Z-5 (158) - Tigers x255 on 2013-07-03
  NEW: PASS L Z-5 (158) - Rainbows x684 on 2013-07-08
  NEW: PASS L Z-5 (158) - Tigers x510 on 2013-07-08
  NEW: PASS L Z-5 (158) - Rainbows x320 on 2013-07-15
  NEW: PASS L Z-5 (158) - Tigers x255 on 2013-07-16
  NEW: PASS L Z-5 (158) - Brookies x516 on 2013-07-22
  NEW: PASS L Z-5 (158) - Tigers x255 on 2013-07-23
  NEW: PASS L Z-5 (158) - Rainbows x350 on 2013-07-23
  NEW: PASS L Z-5 (158) - Tigers x257 on 2013-07-30
  NEW: PASS L Z-5 (158) - Rainbows x350 on 2013-08-06
  NEW: PASS L Z-5 (158) - Tigers x255 on 2013-08-06
  NEW: PASS L Z-5 (158) - Tigers x530 on 2013-08-13
  NEW: PHINNEY L X-119 (364) - Brookies x1371 on 2013-07-02
  NEW: POLE CR L (540) - Rainbows x600 on 2013-06-11
  NEW: POLE CR L (540) - Rainbows x2040 on 2013-08-14
  NEW: POWELL L Z-30 (367) - Cutthroats x2695 on 2013-07-09
  NEW: PYRAMID L Z-17 (159) - Brookies x1516 on 2013-07-02
  NEW: R C NO 1 LAKE WR-2 (544) - Cutthroats x1227 on 2013-10-07
  NEW: RAINBOW L U-33 (456) - Brookies x3531 on 2013-07-03
  NEW: RASMUSSEN L NO1 WR35 (542) - Brookies x1529 on 2013-07-10
  NEW: RASMUSSEN L NO2 WR36 (543) - Brookies x1395 on 2013-07-10
  NEW: RC-36 (649) - Brookies x303 on 2013-07-10
  UNMATCHED: RED CR - Rainbows x10044
  UNMATCHED: RED CR RES - Tigers x5005
  UNMATCHED: RED CR RES - Rainbows x5040
  UNMATCHED: ROCK CR - Rainbows x1610
  UNMATCHED: ROCK CR - Rainbows x1633
  NEW: ROCK II L X-97 (371) - Grayling x598 on 2013-09-20
  NEW: ROCK L, LOWER WR-17 (532) - Tigers x1872 on 2013-07-08
  NEW: ROCK L, MIDDLE WR-16 (533) - Cutthroats x566 on 2013-10-07
  NEW: ROCK L, UPPER WR-14 (550) - Cutthroats x1982 on 2013-10-07
  NEW: SCOUT L Z-12 (160) - Rainbows x350 on 2013-06-25
  NEW: SCOUT L Z-12 (160) - Rainbows x700 on 2013-07-09
  NEW: SCOUT L Z-12 (160) - Rainbows x350 on 2013-07-16
  NEW: SCOUT L Z-12 (160) - Brookies x2008 on 2013-07-22
  NEW: SCOUT L Z-12 (160) - Rainbows x700 on 2013-07-29
  NEW: SCOUT L Z-12 (160) - Rainbows x237 on 2013-08-06
  NEW: SEA LION L RC-11 (376) - Cutthroats x785 on 2013-07-09
  NEW: SHALER L Z-34 (162) - Cutthroats x3210 on 2013-07-09
  NEW: SPIDER L X-109 (576) - Brookies x2015 on 2013-07-03
  UNMATCHED: STARVATION RES - Rainbows x10130
  UNMATCHED: STARVATION RES - Rainbows x10130
  UNMATCHED: STARVATION RES - Rainbows x10130
  UNMATCHED: STARVATION RES - Rainbows x9140
  UNMATCHED: STARVATION RES - Rainbows x1925
  NEW: STEWART L X-79 (234) - Cutthroats x944 on 2013-10-07
  NEW: TAMARA L WR-73 (563) - Cutthroats x796 on 2013-07-09
  NEW: TUNGSTEN L X-107 (579) - Cutthroats x1322 on 2013-10-07
  NEW: TWIN L X-77 (236) - Grayling x1196 on 2013-09-20
  NEW: U- 38 (462) - Cutthroats x796 on 2013-07-09
  NEW: U- 42 (464) - Cutthroats x227 on 2013-07-09
  NEW: U- 50 (466) - Brookies x903 on 2013-07-03
  NEW: U- 79 (657) - Cutthroats x566 on 2013-10-07
  NEW: U- 91 (664) - Cutthroats x566 on 2013-10-07
  NEW: U- 93 (471) - Cutthroats x566 on 2013-10-07
  NEW: U-100 (662) - Grayling x276 on 2013-10-07
  UNMATCHED: UINTA R - Rainbows x858
  UNMATCHED: UINTA R - Rainbows x853
  UNMATCHED: UINTA R - Rainbows x902
  NEW: WALL L U-99 (667) - Grayling x510 on 2013-10-07
  NEW: X- 22 (366) - Cutthroats x944 on 2013-10-07
  NEW: X- 24 (422) - Cutthroats x1605 on 2013-10-07
  NEW: X- 25 (423) - Cutthroats x1699 on 2013-10-07
  NEW: X- 26 (424) - Brookies x403 on 2013-07-03
  NEW: X- 60 (582) - Cutthroats x793 on 2013-07-09
  NEW: X- 84 (246) - Brookies x484 on 2013-07-03
  NEW: X- 86 (248) - Cutthroats x378 on 2013-10-07
  NEW: X- 89 (249) - Cutthroats x1699 on 2013-10-07
  NEW: X-105 (583) - Cutthroats x1038 on 2013-10-07
  NEW: Y-31 (590) - Grayling x396 on 2013-10-07
  NEW: Y-36 (593) - Brookies x710 on 2013-07-03
  NEW: Y-37 (594) - Brookies x984 on 2013-07-03
  UNMATCHED: YELLOWSTONE R - Rainbows x911

Duchesne Summary: 163 new records, 13 unmatched

=== 2013 IMPORT SUMMARY ===
Total new records: 291
Total unmatched lakes: 24
Ambiguous matches: 0
CSV file updated: /Volumes/OLAF EXT/jedwoodx/repos/uintas/data/utah_dwr_stocking_data.csv
Run completed at: 2025-08-25 17:20:50
