=== IMPORTING 2005 STOCKING DATA ===
Started at: 2025-08-25 18:38:51


=== PROCESSING SUMMIT COUNTY ===
  NEW: ALEXANDER L A-1 (250) - Brookies x2305 on 2005-07-13
  UNMATCHED: BEAR R, E FK - Rainbows x301
  UNMATCHED: BEAR R, E FK - Rainbows x286
  NEW: BEAVER CR (32) - Rainbows x104 on 2005-06-27
  NEW: BEAVER CR (32) - Rainbows x169 on 2005-06-27
  NEW: BEAVER CR (32) - Rainbows x150 on 2005-07-13
  NEW: BEAVER L A-17 (252) - Brookies x402 on 2005-07-13
  NEW: BEAVER L BR-10 (32) - Rainbows x1564 on 2005-06-24
  NEW: BENNION L GR-134 (84) - Brookies x764 on 2005-07-15
  NEW: BR-24 (38) - Cutthroats x521 on 2005-09-28
  NEW: BRIDGER L G-20 (173) - Rainbows x2059 on 2005-05-23
  NEW: BRIDGER L G-20 (173) - Brookies x2100 on 2005-06-22
  NEW: BRIDGER L G-20 (173) - Rainbows x1620 on 2005-06-22
  NEW: BRIDGER L G-20 (173) - Rainbows x1600 on 2005-07-20
  NEW: BRIDGER L G-20 (173) - Rainbows x1499 on 2005-08-23
  NEW: BUCKEYE L A-3 (258) - Brookies x496 on 2005-07-13
  NEW: CHINA L G-21 (174) - Brookies x7799 on 2005-07-15
  NEW: CHINA L G-21 (174) - Grayling x990 on 2005-07-18
  NEW: CRYSTAL L A-51 (262) - Brookies x1005 on 2005-07-13
  UNMATCHED: DEER VALLEY LAKES - Rainbows x810
  UNMATCHED: ECHO RES - Rainbows x8382
  UNMATCHED: ECHO RES - Rainbows x8145
  UNMATCHED: ECHO RES - Rainbows x4580
  NEW: ELKHORN L W-64 (487) - Brookies x496 on 2005-07-13
  NEW: G- 52 (192) - Brookies x295 on 2005-07-14
  NEW: G- 56 (194) - Brookies x147 on 2005-07-14
  NEW: G- 61 (197) - Brookies x402 on 2005-07-14
  NEW: G- 74 (611) - Brookies x295 on 2005-07-14
  NEW: G- 80 (614) - Brookies x94 on 2005-07-14
  NEW: GR-145 (69) - Grayling x990 on 2005-07-18
  NEW: GR-160 (70) - Brookies x496 on 2005-07-15
  NEW: GR-161 (71) - Brookies x402 on 2005-07-15
  UNMATCHED: HAYDEN FK - Rainbows x194
  UNMATCHED: HAYDEN FK - Rainbows x196
  NEW: HAYDEN L BR-36 (47) - Cutthroats x802 on 2005-09-28
  NEW: HAYSTACK L A-9 (269) - Brookies x898 on 2005-07-13
  NEW: HIDDEN L (68) - Rainbows x389 on 2005-06-03
  NEW: HIDDEN L A-15 (270) - Brookies x1005 on 2005-07-13
  NEW: HOOP L (93) - Rainbows x778 on 2005-05-23
  NEW: HOOP L (93) - Rainbows x8035 on 2005-06-21
  NEW: JERRY L W-28 (494) - Brookies x402 on 2005-07-13
  NEW: JOHN L A-30 (276) - Brookies x402 on 2005-07-13
  UNMATCHED: KIMBALL CR - Brown Trout x3004
  NEW: LILLY L A-58 (281) - Rainbows x299 on 2005-06-24
  NEW: LILLY L A-58 (281) - Rainbows x301 on 2005-07-01
  NEW: LILLY L A-58 (281) - Rainbows x302 on 2005-07-06
  NEW: LILLY L A-58 (281) - Rainbows x300 on 2005-07-12
  NEW: LILLY L A-58 (281) - Rainbows x300 on 2005-07-18
  NEW: LILLY L A-58 (281) - Rainbows x299 on 2005-07-28
  NEW: LILLY L A-58 (281) - Rainbows x301 on 2005-08-04
  NEW: LILLY L A-58 (281) - Rainbows x401 on 2005-08-09
  NEW: LILLY L A-58 (281) - Rainbows x301 on 2005-08-15
  NEW: LILLY L A-58 (281) - Brookies x2016 on 2005-08-16
  NEW: LILLY L A-58 (281) - Rainbows x400 on 2005-08-23
  NEW: LILLY L A-58 (281) - Rainbows x305 on 2005-08-29
  NEW: LILY L BR-11 (51) - Rainbows x1008 on 2005-06-09
  NEW: LILY L BR-11 (51) - Rainbows x950 on 2005-07-13
  NEW: LITTLE HIDDEN L W-21 (496) - Brookies x1005 on 2005-07-13
  NEW: LOST L A-59 (287) - Rainbows x1613 on 2005-06-21
  NEW: LOST L A-59 (287) - Rainbows x736 on 2005-06-24
  NEW: LOST L A-59 (287) - Brookies x4095 on 2005-08-16
  NEW: LOVENIA L W-23 (498) - Brookies x295 on 2005-07-13
  NEW: LYMAN L, LOWER G-25 (618) - Rainbows x1084 on 2005-06-07
  NEW: LYMAN L, LOWER G-25 (618) - Rainbows x950 on 2005-07-15
  NEW: LYMAN L, LOWER G-25 (618) - Brookies x1050 on 2005-08-16
  NEW: LYMAN L, UPPER G-27 (619) - Rainbows x584 on 2005-06-07
  NEW: LYMAN L, UPPER G-27 (619) - Brookies x1050 on 2005-08-16
  NEW: MARSH L G-19 (202) - Rainbows x3122 on 2005-05-24
  NEW: OLSON L W-32 (502) - Brookies x697 on 2005-07-13
  NEW: OSTLER L BR-27 (56) - Cutthroats x2802 on 2005-09-28
  NEW: PETIT L A-26 (295) - Brookies x201 on 2005-07-13
  NEW: POT L A-8 (296) - Brookies x402 on 2005-07-13
  UNMATCHED: PROVO R - Rainbows x251
  UNMATCHED: PROVO R - Rainbows x251
  UNMATCHED: PROVO R - Rainbows x390
  UNMATCHED: PROVO R - Rainbows x390
  UNMATCHED: PROVO R - Rainbows x141
  UNMATCHED: PROVO R - Rainbows x141
  NEW: QUARTER CORNER LG103 (655) - Rainbows x946 on 2005-05-23
  NEW: REIDS L W-38 (503) - Brookies x496 on 2005-07-13
  NEW: ROCK L A-10 (298) - Brookies x804 on 2005-07-13
  UNMATCHED: ROCKPORT RES - Tigers x11130
  UNMATCHED: ROCKPORT RES - Tigers x11130
  UNMATCHED: ROCKPORT RES - Tigers x13780
  UNMATCHED: ROCKPORT RES - Tigers x13780
  UNMATCHED: ROCKPORT RES - Tigers x4999
  UNMATCHED: ROCKPORT RES - Rainbows x7000
  UNMATCHED: ROCKPORT RES - Rainbows x6000
  UNMATCHED: ROCKPORT RES - Rainbows x6000
  UNMATCHED: ROCKPORT RES - Rainbows x6000
  UNMATCHED: ROCKPORT RES - Rainbows x6500
  UNMATCHED: ROCKPORT RES - Rainbows x6500
  UNMATCHED: ROCKPORT RES - Rainbows x5150
  UNMATCHED: ROCKPORT RES - Rainbows x6850
  UNMATCHED: ROCKPORT RES - Rainbows x6000
  UNMATCHED: ROCKPORT RES - Rainbows x6000
  UNMATCHED: ROCKPORT RES - Rainbows x5000
  UNMATCHED: ROCKPORT RES - Rainbows x5750
  UNMATCHED: ROCKPORT RES - Rainbows x5000
  NEW: RUTH L BR-40 (58) - Brookies x496 on 2005-07-13
  NEW: SCOW L BR-12 (61) - Brookies x1702 on 2005-07-14
  UNMATCHED: SMITH-MOREHOUSE RES - Rainbows x2000
  UNMATCHED: SMITH-MOREHOUSE RES - Rainbows x2052
  UNMATCHED: SMITH-MOREHOUSE RES - Rainbows x1710
  UNMATCHED: SMITH-MOREHOUSE RES - Rainbows x1013
  UNMATCHED: SMITH-MOREHOUSE RES - Rainbows x1114
  UNMATCHED: SMITH-MOREHOUSE RES - Tigers x2520
  UNMATCHED: SMITH-MOREHOUSE RES - Tigers x7560
  UNMATCHED: STATELINE RES - Rainbows x4682
  UNMATCHED: STILLWATER FK - Rainbows x301
  UNMATCHED: STILLWATER FK - Rainbows x246
  NEW: TEAPOT L A-60 (309) - Rainbows x506 on 2005-06-24
  NEW: TEAPOT L A-60 (309) - Rainbows x502 on 2005-07-01
  NEW: TEAPOT L A-60 (309) - Rainbows x501 on 2005-07-08
  NEW: TEAPOT L A-60 (309) - Rainbows x400 on 2005-07-12
  NEW: TEAPOT L A-60 (309) - Rainbows x400 on 2005-07-19
  NEW: TEAPOT L A-60 (309) - Rainbows x400 on 2005-07-28
  NEW: TEAPOT L A-60 (309) - Rainbows x399 on 2005-08-04
  NEW: TEAPOT L A-60 (309) - Rainbows x502 on 2005-08-09
  NEW: TEAPOT L A-60 (309) - Rainbows x399 on 2005-08-15
  NEW: TEAPOT L A-60 (309) - Brookies x504 on 2005-08-16
  NEW: TEAPOT L A-60 (309) - Rainbows x301 on 2005-08-23
  NEW: TEAPOT L A-60 (309) - Rainbows x401 on 2005-08-31
  NEW: TRIAL L A-61 (310) - Rainbows x1725 on 2005-06-24
  NEW: TRIAL L A-61 (310) - Rainbows x784 on 2005-06-28
  NEW: TRIAL L A-61 (310) - Rainbows x1701 on 2005-07-05
  NEW: TRIAL L A-61 (310) - Rainbows x751 on 2005-07-12
  NEW: TRIAL L A-61 (310) - Rainbows x1500 on 2005-07-18
  NEW: TRIAL L A-61 (310) - Rainbows x201 on 2005-07-20
  NEW: TRIAL L A-61 (310) - Rainbows x500 on 2005-07-26
  NEW: TRIAL L A-61 (310) - Rainbows x900 on 2005-07-26
  NEW: TRIAL L A-61 (310) - Rainbows x1700 on 2005-08-05
  NEW: TRIAL L A-61 (310) - Rainbows x501 on 2005-08-10
  NEW: TRIAL L A-61 (310) - Rainbows x801 on 2005-08-10
  NEW: TRIAL L A-61 (310) - Tigers x2016 on 2005-08-12
  NEW: TRIAL L A-61 (310) - Rainbows x1740 on 2005-08-15
  NEW: TRIAL L A-61 (310) - Brookies x10196 on 2005-08-16
  NEW: TRIAL L A-61 (310) - Rainbows x999 on 2005-08-23
  NEW: TRIAL L A-61 (310) - Rainbows x1301 on 2005-08-29
  NEW: TRIAL L A-61 (310) - Rainbows x227 on 2005-09-07
  NEW: TRIAL L A-61 (310) - Rainbows x1472 on 2005-09-09
  NEW: TRIDENT L A-41 (311) - Brookies x402 on 2005-07-13
  NEW: TWIN L, LOWER A-33 (312) - Brookies x295 on 2005-07-13
  NEW: WALL L A-29 (314) - Cutthroats x1997 on 2005-09-28
  NEW: WASHINGTON L A-23 (315) - Rainbows x502 on 2005-07-01
  NEW: WASHINGTON L A-23 (315) - Rainbows x501 on 2005-07-08
  NEW: WASHINGTON L A-23 (315) - Rainbows x500 on 2005-07-12
  NEW: WASHINGTON L A-23 (315) - Rainbows x500 on 2005-07-19
  NEW: WASHINGTON L A-23 (315) - Rainbows x501 on 2005-07-20
  NEW: WASHINGTON L A-23 (315) - Rainbows x499 on 2005-07-26
  NEW: WASHINGTON L A-23 (315) - Rainbows x399 on 2005-08-04
  NEW: WASHINGTON L A-23 (315) - Rainbows x769 on 2005-08-09
  NEW: WASHINGTON L A-23 (315) - Tigers x2016 on 2005-08-12
  NEW: WASHINGTON L A-23 (315) - Brookies x3780 on 2005-08-16
  NEW: WASHINGTON L A-23 (315) - Rainbows x999 on 2005-08-17
  UNMATCHED: WEBER R - Rainbows x390
  UNMATCHED: WEBER R - Rainbows x390
  UNMATCHED: WEBER R - Brown Trout x8995
  UNMATCHED: WEBER R - Brown Trout x6500
  UNMATCHED: WEBER R - Brown Trout x6999
  UNMATCHED: WEBER R - Rainbows x389
  NEW: WEIR L A-50 (317) - Grayling x990 on 2005-07-18
  NEW: WHISKEY ISLAND L BR3 (63) - Grayling x990 on 2005-07-18
  UNMATCHED: WHITNEY RES - Rainbows x2160
  UNMATCHED: WHITNEY RES - Rainbows x965
  UNMATCHED: WHITNEY RES - Tigers x6048
  NEW: YELLOWPINE,LOWER W66 (522) - Brookies x201 on 2005-07-13

Summit Summary: 115 new records, 12 unmatched

=== PROCESSING DUCHESNE COUNTY ===
  NEW: ANDERSON L X-117 (320) - Brookies x576 on 2005-07-14
  NEW: BEDGROUND L Z-46 (324) - Grayling x990 on 2005-07-18
  NEW: BLYTHE L Z-20 (119) - Brookies x697 on 2005-07-13
  NEW: BONNIE L Z-6 (120) - Brookies x603 on 2005-07-13
  UNMATCHED: BROWNS DRAW RES - Rainbows x15030
  UNMATCHED: BROWNS DRAW RES - Rainbows x15030
  NEW: BUD L Z-2 (122) - Grayling x990 on 2005-07-18
  NEW: BUTTERFLY L Z-1 (123) - Rainbows x500 on 2005-06-29
  NEW: BUTTERFLY L Z-1 (123) - Rainbows x500 on 2005-07-06
  NEW: BUTTERFLY L Z-1 (123) - Rainbows x250 on 2005-07-06
  NEW: BUTTERFLY L Z-1 (123) - Rainbows x500 on 2005-07-11
  NEW: BUTTERFLY L Z-1 (123) - Rainbows x251 on 2005-07-12
  NEW: BUTTERFLY L Z-1 (123) - Rainbows x500 on 2005-07-18
  NEW: BUTTERFLY L Z-1 (123) - Rainbows x500 on 2005-07-27
  NEW: BUTTERFLY L Z-1 (123) - Rainbows x511 on 2005-08-03
  NEW: BUTTERFLY L Z-1 (123) - Rainbows x500 on 2005-08-09
  NEW: BUTTERFLY L Z-1 (123) - Rainbows x499 on 2005-08-16
  NEW: BUTTERFLY L Z-1 (123) - Brookies x1050 on 2005-08-16
  NEW: BUTTERFLY L Z-1 (123) - Rainbows x400 on 2005-08-23
  NEW: BUTTERFLY L Z-1 (123) - Rainbows x502 on 2005-08-29
  NEW: DEAN L Z-40 (334) - Brookies x1595 on 2005-07-14
  NEW: DENISE L WR-9 (557) - Brookies x255 on 2005-07-15
  NEW: DOCS L X-15 (336) - Brookies x496 on 2005-07-14
  UNMATCHED: DUCHESNE R, N FK - Rainbows x499
  UNMATCHED: DUCHESNE R, N FK - Rainbows x1659
  UNMATCHED: DUCHESNE R, N FK - Rainbows x1652
  NEW: ELBOW L WR-58 (528) - Brookies x1005 on 2005-07-15
  NEW: EVERMAN L Z-36 (623) - Brookies x804 on 2005-07-14
  NEW: FARMERS L X-23 (412) - Brookies x3725 on 2005-07-15
  NEW: FARNEY L X-14 (136) - Grayling x990 on 2005-07-18
  NEW: FERN L X-5 (339) - Brookies x1394 on 2005-07-14
  NEW: GLADYS L X-128 (343) - Brookies x750 on 2005-07-14
  NEW: HELEN L X-126 (347) - Brookies x844 on 2005-07-14
  NEW: HOOVER L Z-10 (142) - Brookies x1903 on 2005-07-13
  NEW: HOOVER L Z-10 (142) - Grayling x990 on 2005-07-18
  NEW: HORSESHOE L RC-38 (348) - Brookies x147 on 2005-07-14
  NEW: JEAN L Z-41 (351) - Brookies x1501 on 2005-07-13
  NEW: JOAN L Z-19 (145) - Brookies x1501 on 2005-07-14
  NEW: JORDAN L Z-35 (146) - Brookies x2305 on 2005-07-14
  UNMATCHED: LAKE CANYON L - Tigers x1625
  UNMATCHED: LAKE FK R - Rainbows x467
  UNMATCHED: LAKE FK R - Rainbows x470
  NEW: LF-37 (223) - Brookies x295 on 2005-07-15
  NEW: LILY PAD L X-2 (355) - Brookies x1005 on 2005-07-14
  NEW: LINDA L LF-36 (226) - Brookies x402 on 2005-07-15
  NEW: MABA L Z-8 (148) - Brookies x603 on 2005-07-13
  NEW: MARSELL L X-11 (149) - Cutthroats x3230 on 2005-09-28
  NEW: MARSHALL L Z-11 (150) - Brookies x1796 on 2005-07-13
  NEW: MILK L Y-25 (574) - Brookies x1755 on 2005-07-15
  NEW: MIRROR L Z-3 (151) - Rainbows x1014 on 2005-06-28
  NEW: MIRROR L Z-3 (151) - Rainbows x504 on 2005-06-28
  NEW: MIRROR L Z-3 (151) - Rainbows x499 on 2005-07-06
  NEW: MIRROR L Z-3 (151) - Rainbows x999 on 2005-07-06
  NEW: MIRROR L Z-3 (151) - Rainbows x1002 on 2005-07-11
  NEW: MIRROR L Z-3 (151) - Rainbows x498 on 2005-07-12
  NEW: MIRROR L Z-3 (151) - Rainbows x1001 on 2005-07-20
  NEW: MIRROR L Z-3 (151) - Rainbows x500 on 2005-07-26
  NEW: MIRROR L Z-3 (151) - Rainbows x1008 on 2005-07-26
  NEW: MIRROR L Z-3 (151) - Rainbows x1001 on 2005-08-02
  NEW: MIRROR L Z-3 (151) - Rainbows x501 on 2005-08-08
  NEW: MIRROR L Z-3 (151) - Rainbows x1002 on 2005-08-08
  NEW: MIRROR L Z-3 (151) - Rainbows x999 on 2005-08-15
  NEW: MIRROR L Z-3 (151) - Brookies x7875 on 2005-08-16
  NEW: MIRROR L Z-3 (151) - Rainbows x1501 on 2005-08-23
  NEW: MIRROR L Z-3 (151) - Rainbows x1519 on 2005-08-31
  NEW: MIRROR L Z-3 (151) - Rainbows x1472 on 2005-09-07
  NEW: MIRROR L Z-3 (151) - Rainbows x227 on 2005-09-07
  UNMATCHED: MOON L - Rainbows x1973
  UNMATCHED: MOON L - Rainbows x1898
  UNMATCHED: MOON L - Rainbows x1897
  UNMATCHED: MOON L - Tigers x10075
  NEW: MOOSEHORN L Z-4 (152) - Rainbows x500 on 2005-07-06
  NEW: MOOSEHORN L Z-4 (152) - Rainbows x250 on 2005-07-06
  NEW: MOOSEHORN L Z-4 (152) - Rainbows x501 on 2005-07-11
  NEW: MOOSEHORN L Z-4 (152) - Rainbows x251 on 2005-07-12
  NEW: MOOSEHORN L Z-4 (152) - Rainbows x400 on 2005-07-19
  NEW: MOOSEHORN L Z-4 (152) - Rainbows x400 on 2005-07-26
  NEW: MOOSEHORN L Z-4 (152) - Rainbows x251 on 2005-07-27
  NEW: MOOSEHORN L Z-4 (152) - Rainbows x401 on 2005-08-02
  NEW: MOOSEHORN L Z-4 (152) - Rainbows x399 on 2005-08-08
  NEW: MOOSEHORN L Z-4 (152) - Rainbows x251 on 2005-08-09
  NEW: MOOSEHORN L Z-4 (152) - Rainbows x400 on 2005-08-16
  NEW: MOOSEHORN L Z-4 (152) - Rainbows x499 on 2005-08-23
  NEW: MOOSEHORN L Z-4 (152) - Rainbows x502 on 2005-08-29
  NEW: PACKARD L Z-15 (157) - Brookies x898 on 2005-07-13
  NEW: PASS L Z-5 (158) - Rainbows x256 on 2005-06-28
  NEW: PASS L Z-5 (158) - Rainbows x500 on 2005-06-29
  NEW: PASS L Z-5 (158) - Rainbows x500 on 2005-07-06
  NEW: PASS L Z-5 (158) - Rainbows x500 on 2005-07-11
  NEW: PASS L Z-5 (158) - Rainbows x500 on 2005-07-19
  NEW: PASS L Z-5 (158) - Rainbows x499 on 2005-07-26
  NEW: PASS L Z-5 (158) - Rainbows x251 on 2005-07-27
  NEW: PASS L Z-5 (158) - Rainbows x500 on 2005-08-03
  NEW: PASS L Z-5 (158) - Rainbows x502 on 2005-08-08
  NEW: PASS L Z-5 (158) - Rainbows x570 on 2005-08-16
  NEW: PASS L Z-5 (158) - Brookies x504 on 2005-08-16
  NEW: PASS L Z-5 (158) - Rainbows x499 on 2005-08-23
  NEW: PASS L Z-5 (158) - Rainbows x502 on 2005-08-29
  NEW: PHINNEY L X-119 (364) - Brookies x1005 on 2005-07-14
  NEW: PINTO L X-22 (366) - Brookies x5092 on 2005-07-14
  NEW: POINT L WR-6 (539) - Brookies x804 on 2005-07-15
  NEW: POLE CR L (540) - Rainbows x1390 on 2005-07-12
  NEW: QUEANT L WR-4 (541) - Brookies x1997 on 2005-07-15
  UNMATCHED: RED CR RES - Rainbows x778
  UNMATCHED: ROCK CR - Rainbows x1060
  UNMATCHED: ROCK CR - Rainbows x1060
  UNMATCHED: ROCK CR - Rainbows x504
  NEW: ROCK II L X-97 (371) - Grayling x990 on 2005-07-18
  NEW: SCOUT L Z-12 (160) - Rainbows x500 on 2005-07-06
  NEW: SCOUT L Z-12 (160) - Rainbows x500 on 2005-07-11
  NEW: SCOUT L Z-12 (160) - Rainbows x499 on 2005-07-28
  NEW: SCOUT L Z-12 (160) - Rainbows x500 on 2005-08-03
  NEW: SCOUT L Z-12 (160) - Rainbows x502 on 2005-08-08
  NEW: TIMOTHY L, EAST X-16 (418) - Brookies x1005 on 2005-07-15
  NEW: TWIN L X-77 (236) - Brookies x576 on 2005-07-15
  UNMATCHED: UINTA R - Rainbows x792
  UNMATCHED: UINTA R - Rainbows x792
  UNMATCHED: UINTA R - Rainbows x782
  UNMATCHED: UINTA R - Rainbows x782
  NEW: UINTAH L X-131 (383) - Brookies x630 on 2005-07-14
  NEW: WEEP L, OLD LF-30 (229) - Brookies x657 on 2005-07-15
  NEW: WIGWAM L WR-54 (554) - Brookies x670 on 2005-07-15
  NEW: WILDER L Z-13 (168) - Brookies x402 on 2005-07-13
  NEW: X- 26 (424) - Brookies x402 on 2005-07-15
  NEW: X- 85 (247) - Brookies x469 on 2005-07-15
  NEW: X- 86 (248) - Brookies x697 on 2005-07-15
  UNMATCHED: YELLOWSTONE R - Rainbows x520
  UNMATCHED: YELLOWSTONE R - Rainbows x522

Duchesne Summary: 106 new records, 9 unmatched

=== 2005 IMPORT SUMMARY ===
Total new records: 221
Total unmatched lakes: 21
Ambiguous matches: 0
CSV file updated: /Volumes/OLAF EXT/jedwoodx/repos/uintas/data/utah_dwr_stocking_data.csv
Run completed at: 2025-08-25 18:38:52
