=== IMPORTING 2014 STOCKING DATA ===
Started at: 2025-08-25 17:20:33


=== PROCESSING SUMMIT COUNTY ===
  NEW: BAKER L BR-45 (42) - Tigers x360 on 2014-06-24
  NEW: BEAR L G-7 (171) - Brookies x2077 on 2014-06-19
  UNMATCHED: BEAR R - Cutthroats x34800
  UNMATCHED: BEAR R, E FK - Rainbows x299
  UNMATCHED: BEAR R, E FK - Rainbows x300
  UNMATCHED: BEAR R, E FK - Rainbows x300
  UNMATCHED: BEAR R, E FK - All Trout x300
  UNMATCHED: BEAR R, E FK - Rainbows x300
  NEW: BEAVER CR (32) - Rainbows x199 on 2014-06-17
  NEW: BEAVER CR (32) - Rainbows x199 on 2014-07-01
  NEW: BEAVER CR (32) - Rainbows x200 on 2014-07-14
  NEW: BEAVER CR (32) - Rainbows x199 on 2014-07-28
  NEW: BEAVER L BR-10 (32) - Rainbows x1840 on 2014-06-12
  NEW: BLUE L A-5 (255) - Brookies x632 on 2014-06-19
  NEW: BR-43 (651) - Tigers x164 on 2014-07-07
  NEW: BRIDGER L G-20 (173) - Rainbows x1999 on 2014-05-28
  NEW: BRIDGER L G-20 (173) - Rainbows x1500 on 2014-06-10
  NEW: BRIDGER L G-20 (173) - Rainbows x1499 on 2014-07-02
  NEW: BRIDGER L G-20 (173) - Brookies x1950 on 2014-07-07
  NEW: BRIDGER L G-20 (173) - Rainbows x1700 on 2014-07-23
  NEW: BRIDGER L G-20 (173) - Rainbows x1299 on 2014-08-11
  NEW: BROOK L A-20 (257) - Brookies x144 on 2014-06-19
  NEW: CAROL L W-51 (478) - Brookies x270 on 2014-07-07
  NEW: CHINA L G-21 (174) - Brookies x4296 on 2014-06-19
  NEW: CHINA L G-21 (174) - Brookies x430 on 2014-06-19
  NEW: CHINA L G-21 (174) - Brookies x3106 on 2014-06-19
  NEW: CHINA L G-21 (174) - Grayling x3948 on 2014-09-17
  NEW: CHINA L G-21 (174) - Grayling x3995 on 2014-10-14
  NEW: CLEGG L A-47 (260) - Brookies x542 on 2014-06-19
  NEW: CLIFF L A-34 (261) - Tigers x1099 on 2014-06-12
  NEW: CLIFF L A-34 (261) - Tigers x3285 on 2014-06-24
  NEW: CLIFF L A-34 (261) - Cutthroats x1050 on 2014-09-17
  NEW: CRYSTAL L A-51 (262) - Brookies x1011 on 2014-06-19
  NEW: CUBERANT NO 3 W-44 (482) - Brookies x398 on 2014-07-07
  NEW: CUBERANT NO 4 W-45 (483) - Tigers x2211 on 2014-06-12
  NEW: CUTTHROAT L A-40 (263) - Tigers x217 on 2014-06-12
  NEW: DEADHORSE L G-77 (601) - Tigers x1476 on 2014-07-07
  UNMATCHED: DEER VALLEY LAKES - Rainbows x1000
  UNMATCHED: DEER VALLEY LAKES - Rainbows x999
  UNMATCHED: DEER VALLEY LAKES - Rainbows x998
  UNMATCHED: DEER VALLEY LAKES - Tigers x5060
  UNMATCHED: ECHO RES - Rainbows x8840
  UNMATCHED: ECHO RES - Rainbows x11880
  UNMATCHED: ECHO RES - Rainbows x12580
  UNMATCHED: ECHO RES - Rainbows x13068
  UNMATCHED: ECHO RES - Rainbows x3630
  UNMATCHED: ECHO RES - Channel catfish x1524
  NEW: ELKHORN L W-64 (487) - Brookies x102 on 2014-07-07
  NEW: G- 13 (181) - Brookies x699 on 2014-07-07
  NEW: G- 52 (192) - Brookies x301 on 2014-07-07
  NEW: G- 61 (197) - Brookies x251 on 2014-07-02
  NEW: G- 64 (645) - Tigers x340 on 2014-06-24
  NEW: G- 67 (606) - Brookies x699 on 2014-07-07
  NEW: G- 68 (653) - Brookies x398 on 2014-07-07
  NEW: G- 82 (616) - Brookies x190 on 2014-07-07
  NEW: GR-145 (69) - Grayling x1088 on 2014-08-29
  NEW: GR-154 (82) - Brookies x141 on 2014-07-02
  NEW: GR-173 (76) - Brookies x251 on 2014-07-02
  UNMATCHED: HAYDEN FK - Rainbows x300
  UNMATCHED: HAYDEN FK - Rainbows x300
  UNMATCHED: HAYDEN FK - All Trout x300
  UNMATCHED: HEINER'S POND #1 - Tigers x4032
  UNMATCHED: HEINER'S POND #2 - Tigers x252
  UNMATCHED: HEINER'S POND #3 - Tigers x756
  NEW: HESSIE L G-18 (199) - Tigers x1320 on 2014-06-24
  NEW: HIDDEN L GR-112 (395) - Tigers x1312 on 2014-07-02
  NEW: HIDDEN L GR-149 (68) - Tigers x492 on 2014-07-02
  NEW: HOOP L (93) - Rainbows x1799 on 2014-05-27
  NEW: HOOP L (93) - Rainbows x7994 on 2014-06-02
  NEW: HOOP L (93) - Rainbows x1700 on 2014-06-16
  NEW: HOOP L (93) - Grayling x1999 on 2014-09-24
  NEW: HOOP L (93) - Grayling x1998 on 2014-10-14
  NEW: HOUR GLASS L A-48 (272) - Tigers x604 on 2014-06-12
  NEW: HOUR GLASS L A-48 (272) - Cutthroats x1500 on 2014-09-17
  NEW: ISLAND L A-57 (273) - Tigers x3020 on 2014-06-12
  NEW: ISLAND L A-57 (273) - Cutthroats x7050 on 2014-09-17
  NEW: ISLAND L G-9 (200) - Tigers x1000 on 2014-06-24
  NEW: JACKS L A-13 (274) - Brookies x163 on 2014-06-19
  NEW: JAMES L A-31 (275) - Brookies x199 on 2014-07-07
  NEW: JEAN L W-58 (493) - Goldens x1200 on 2014-09-24
  NEW: JERRY L W-28 (494) - Brookies x398 on 2014-07-07
  NEW: JESSON L GR-1 (396) - Tigers x2706 on 2014-07-02
  NEW: JUNIOR L A-56 (277) - Tigers x302 on 2014-06-12
  NEW: JUNIOR L A-56 (277) - Cutthroats x600 on 2014-09-17
  NEW: LILLIAN L A-43 (280) - Brookies x343 on 2014-06-19
  NEW: LILLY L A-58 (281) - Rainbows x200 on 2014-06-16
  NEW: LILLY L A-58 (281) - Tigers x200 on 2014-06-16
  NEW: LILLY L A-58 (281) - Rainbows x200 on 2014-06-24
  NEW: LILLY L A-58 (281) - Tigers x200 on 2014-06-25
  NEW: LILLY L A-58 (281) - Rainbows x401 on 2014-06-30
  NEW: LILLY L A-58 (281) - Tigers x200 on 2014-07-01
  NEW: LILLY L A-58 (281) - Rainbows x198 on 2014-07-07
  NEW: LILLY L A-58 (281) - Tigers x136 on 2014-07-09
  NEW: LILLY L A-58 (281) - Rainbows x199 on 2014-07-15
  NEW: LILLY L A-58 (281) - Rainbows x199 on 2014-07-21
  NEW: LILLY L A-58 (281) - Rainbows x199 on 2014-07-29
  NEW: LILLY L A-58 (281) - Rainbows x470 on 2014-08-06
  NEW: LILLY L A-58 (281) - Rainbows x400 on 2014-08-12
  NEW: LILLY L A-58 (281) - Rainbows x259 on 2014-08-18
  NEW: LILLY L A-58 (281) - Rainbows x269 on 2014-08-27
  NEW: LILY L BR-11 (51) - Rainbows x1200 on 2014-05-28
  NEW: LILY L BR-11 (51) - Rainbows x1001 on 2014-06-26
  NEW: LILY L BR-11 (51) - Rainbows x1301 on 2014-07-21
  NEW: LILY L LOWER A-25 (282) - Brookies x343 on 2014-06-19
  NEW: LITTLE HIDDEN L W-21 (496) - Brookies x500 on 2014-07-07
  NEW: LOST L A-59 (287) - Rainbows x2502 on 2014-06-10
  NEW: LOST L A-59 (287) - Rainbows x2000 on 2014-07-01
  NEW: LOST L A-59 (287) - Brookies x752 on 2014-07-07
  NEW: LOST L GR-4 (399) - Tigers x328 on 2014-07-02
  NEW: LYMAN L, LOWER G-25 (618) - Rainbows x992 on 2014-06-05
  NEW: LYMAN L, LOWER G-25 (618) - Rainbows x800 on 2014-06-23
  NEW: LYMAN L, LOWER G-25 (618) - Brookies x1331 on 2014-07-07
  NEW: LYMAN L, LOWER G-25 (618) - Rainbows x1200 on 2014-07-15
  NEW: LYMAN L, UPPER G-27 (619) - Rainbows x992 on 2014-06-05
  NEW: LYMAN L, UPPER G-27 (619) - Rainbows x1000 on 2014-06-23
  NEW: MARSH L G-19 (202) - Rainbows x4992 on 2014-05-28
  NEW: MEADOW L W-27 (499) - Tigers x2211 on 2014-06-12
  NEW: NEIL L W-31 (500) - Brookies x57 on 2014-07-07
  NEW: NOTCH L W-36 (501) - Brookies x3070 on 2014-06-19
  NEW: POT L A-8 (296) - Brookies x452 on 2014-06-19
  UNMATCHED: PROVO R - Rainbows x250
  UNMATCHED: PROVO R - Rainbows x250
  UNMATCHED: PROVO R - All Trout x250
  UNMATCHED: PROVO R - Rainbows x250
  NEW: QUARTER CORNER LG103 (655) - Rainbows x1201 on 2014-06-02
  NEW: RED CASTLE L G-15 (205) - Tigers x12501 on 2014-06-24
  NEW: RED CASTLE L G-15 (205) - Tigers x4200 on 2014-06-24
  NEW: RED CASTLE,EAST G-17 (177) - Tigers x1000 on 2014-06-24
  NEW: RED CASTLE,EAST G-17 (177) - Tigers x2460 on 2014-07-07
  NEW: REIDS L W-38 (503) - Brookies x542 on 2014-06-19
  UNMATCHED: ROCKPORT RES - Rainbows x48720
  UNMATCHED: ROCKPORT RES - Rainbows x4002
  UNMATCHED: ROCKPORT RES - Rainbows x3450
  UNMATCHED: ROCKPORT RES - Rainbows x3680
  UNMATCHED: ROCKPORT RES - Rainbows x3680
  UNMATCHED: ROCKPORT RES - Rainbows x3956
  UNMATCHED: ROCKPORT RES - Rainbows x3956
  UNMATCHED: ROCKPORT RES - Rainbows x3956
  UNMATCHED: ROCKPORT RES - Rainbows x4643
  UNMATCHED: ROCKPORT RES - Rainbows x4241
  UNMATCHED: ROCKPORT RES - Rainbows x4241
  UNMATCHED: ROCKPORT RES - Rainbows x4241
  UNMATCHED: ROCKPORT RES - Rainbows x4643
  UNMATCHED: ROCKPORT RES - Rainbows x4643
  UNMATCHED: ROCKPORT RES - Rainbows x3850
  UNMATCHED: ROCKPORT RES - Rainbows x3850
  UNMATCHED: ROCKPORT RES - Rainbows x4125
  UNMATCHED: ROCKPORT RES - Rainbows x3850
  UNMATCHED: ROCKPORT RES - Rainbows x3850
  NEW: RUTH L BR-40 (58) - Brookies x542 on 2014-06-19
  NEW: SALAMANDER L BR-26 (60) - Brookies x398 on 2014-07-07
  NEW: SHADOW L A-52 (299) - Brookies x1445 on 2014-06-19
  NEW: SHINGLE CR,EAST A-39 (301) - Tigers x399 on 2014-06-12
  NEW: SHINGLE CR,LOWER P62 (302) - Tigers x121 on 2014-06-12
  UNMATCHED: SMITH-MOREHOUSE RES - Rainbows x2000
  UNMATCHED: SMITH-MOREHOUSE RES - Rainbows x2000
  UNMATCHED: SMITH-MOREHOUSE RES - Rainbows x497
  UNMATCHED: SMITH-MOREHOUSE RES - Rainbows x2000
  UNMATCHED: SMITH-MOREHOUSE RES - Rainbows x499
  UNMATCHED: SMITH-MOREHOUSE RES - Rainbows x500
  UNMATCHED: SMITH-MOREHOUSE RES - Rainbows x1500
  UNMATCHED: SMITH-MOREHOUSE RES - Rainbows x502
  UNMATCHED: SMITH-MOREHOUSE RES - Rainbows x1500
  UNMATCHED: SMITH-MOREHOUSE RES - Rainbows x1406
  UNMATCHED: SMITH-MOREHOUSE RES - Rainbows x1500
  UNMATCHED: SMITH-MOREHOUSE RES - Rainbows x499
  UNMATCHED: SMITH-MOREHOUSE RES - Grayling x14210
  UNMATCHED: SMITH-MOREHOUSE RES - Grayling x7540
  UNMATCHED: SMITH-MOREHOUSE RES - Grayling x25160
  NEW: SMITHS FK PASS L G14 (182) - Tigers x2600 on 2014-06-24
  UNMATCHED: STATELINE RES - Rainbows x8103
  UNMATCHED: STATELINE RES - Rainbows x1625
  UNMATCHED: STILLWATER FK - Rainbows x499
  UNMATCHED: STILLWATER FK - Rainbows x500
  UNMATCHED: STILLWATER FK - All Trout x499
  UNMATCHED: STILLWATER FK - Rainbows x499
  NEW: SUMMIT L GR-5 (642) - Grayling x768 on 2014-08-29
  NEW: TAMARACK L GR-2 (406) - Tigers x7848 on 2014-06-24
  NEW: TEAPOT L A-60 (309) - Tigers x299 on 2014-06-16
  NEW: TEAPOT L A-60 (309) - Rainbows x248 on 2014-06-16
  NEW: TEAPOT L A-60 (309) - Brookies x515 on 2014-06-19
  NEW: TEAPOT L A-60 (309) - Rainbows x250 on 2014-06-24
  NEW: TEAPOT L A-60 (309) - Tigers x294 on 2014-06-25
  NEW: TEAPOT L A-60 (309) - Rainbows x499 on 2014-06-30
  NEW: TEAPOT L A-60 (309) - Tigers x298 on 2014-07-01
  NEW: TEAPOT L A-60 (309) - Tigers x207 on 2014-07-09
  NEW: TEAPOT L A-60 (309) - Rainbows x250 on 2014-07-09
  NEW: TEAPOT L A-60 (309) - Rainbows x250 on 2014-07-15
  NEW: TEAPOT L A-60 (309) - Rainbows x451 on 2014-07-21
  NEW: TEAPOT L A-60 (309) - Rainbows x250 on 2014-07-29
  NEW: TEAPOT L A-60 (309) - Rainbows x250 on 2014-08-05
  NEW: TEAPOT L A-60 (309) - Rainbows x799 on 2014-08-12
  NEW: TEAPOT L A-60 (309) - Rainbows x453 on 2014-08-18
  NEW: TEAPOT L A-60 (309) - Rainbows x550 on 2014-08-27
  NEW: TEAPOT L A-60 (309) - Rainbows x400 on 2014-09-02
  NEW: TRIAL L A-61 (310) - Tigers x499 on 2014-06-16
  NEW: TRIAL L A-61 (310) - Rainbows x888 on 2014-06-16
  NEW: TRIAL L A-61 (310) - Brookies x4016 on 2014-06-19
  NEW: TRIAL L A-61 (310) - Rainbows x750 on 2014-06-24
  NEW: TRIAL L A-61 (310) - Tigers x498 on 2014-06-25
  NEW: TRIAL L A-61 (310) - Rainbows x749 on 2014-06-30
  NEW: TRIAL L A-61 (310) - Tigers x498 on 2014-07-01
  NEW: TRIAL L A-61 (310) - Tigers x345 on 2014-07-09
  NEW: TRIAL L A-61 (310) - Rainbows x1500 on 2014-07-09
  NEW: TRIAL L A-61 (310) - Tigers x330 on 2014-07-14
  NEW: TRIAL L A-61 (310) - Rainbows x749 on 2014-07-15
  NEW: TRIAL L A-61 (310) - Rainbows x998 on 2014-07-21
  NEW: TRIAL L A-61 (310) - Rainbows x1200 on 2014-07-29
  NEW: TRIAL L A-61 (310) - Rainbows x749 on 2014-08-05
  NEW: TRIAL L A-61 (310) - Rainbows x1008 on 2014-08-05
  NEW: TRIAL L A-61 (310) - Rainbows x1748 on 2014-08-13
  NEW: TRIAL L A-61 (310) - Rainbows x1748 on 2014-08-19
  NEW: TRIAL L A-61 (310) - Rainbows x1748 on 2014-08-27
  NEW: TRIAL L A-61 (310) - Rainbows x1350 on 2014-09-02
  NEW: TRIAL L A-61 (310) - Grayling x6960 on 2014-09-24
  NEW: TRIAL L A-61 (310) - Grayling x3995 on 2014-10-14
  NEW: TWIN L, UPPER A-32 (313) - Brookies x921 on 2014-06-19
  NEW: WASHINGTON L A-23 (315) - Tigers x440 on 2014-06-16
  NEW: WASHINGTON L A-23 (315) - Rainbows x751 on 2014-06-16
  NEW: WASHINGTON L A-23 (315) - Brookies x2017 on 2014-06-19
  NEW: WASHINGTON L A-23 (315) - Rainbows x750 on 2014-06-24
  NEW: WASHINGTON L A-23 (315) - Tigers x294 on 2014-06-25
  NEW: WASHINGTON L A-23 (315) - Rainbows x998 on 2014-06-30
  NEW: WASHINGTON L A-23 (315) - Tigers x298 on 2014-07-01
  NEW: WASHINGTON L A-23 (315) - Rainbows x1500 on 2014-07-09
  NEW: WASHINGTON L A-23 (315) - Tigers x207 on 2014-07-09
  NEW: WASHINGTON L A-23 (315) - Rainbows x749 on 2014-07-15
  NEW: WASHINGTON L A-23 (315) - Rainbows x998 on 2014-07-21
  NEW: WASHINGTON L A-23 (315) - Rainbows x751 on 2014-07-29
  NEW: WASHINGTON L A-23 (315) - Grayling x6960 on 2014-09-24
  NEW: WASHINGTON L A-23 (315) - Grayling x3995 on 2014-10-14
  NEW: WATSON L A-27 (316) - Brookies x632 on 2014-06-19
  UNMATCHED: WEBER R - Rainbows x251
  UNMATCHED: WEBER R - Rainbows x251
  UNMATCHED: WEBER R - Rainbows x125
  UNMATCHED: WEBER R - Rainbows x250
  UNMATCHED: WEBER R - Rainbows x250
  UNMATCHED: WEBER R - Rainbows x150
  UNMATCHED: WEBER R - Rainbows x150
  UNMATCHED: WEBER R - Rainbows x150
  UNMATCHED: WEBER R - Rainbows x125
  UNMATCHED: WEBER R - Rainbows x125
  UNMATCHED: WEBER R - Rainbows x125
  UNMATCHED: WEBER R - Rainbows x126
  UNMATCHED: WEBER R - Rainbows x126
  NEW: WHISKEY ISLAND L BR3 (63) - Grayling x1472 on 2014-08-29
  UNMATCHED: WHITNEY RES - Rainbows x2120
  UNMATCHED: WHITNEY RES - Rainbows x1882
  UNMATCHED: WHITNEY RES - Rainbows x3000
  UNMATCHED: WHITNEY RES - Rainbows x1999
  UNMATCHED: WHITNEY RES - Tigers x6750
  UNMATCHED: WHITNEY RES - Tigers x13500
  NEW: YELLOWPINE,LOWER W66 (522) - Brookies x199 on 2014-07-07
  NEW: YELLOWPINE,UPPER W65 (523) - Brookies x301 on 2014-07-07

Summit Summary: 169 new records, 15 unmatched

=== PROCESSING DUCHESNE COUNTY ===
  NEW: AMLEN L X-99 (319) - Brookies x603 on 2014-07-02
  NEW: ANDERSON L X-117 (320) - Brookies x581 on 2014-07-02
  NEW: ATWOOD L U-16 (428) - Goldens x600 on 2014-09-24
  NEW: BEDGROUND L Z-46 (324) - Grayling x320 on 2014-08-29
  NEW: BETSEY L X-7 (325) - Cutthroats x3990 on 2014-09-15
  UNMATCHED: BIG SANDWASH RES - Rainbows x2061
  UNMATCHED: BIG SANDWASH RES - Tigers x10043
  UNMATCHED: BIG SANDWASH RES - Rainbows x2065
  UNMATCHED: BIG SANDWASH RES - Rainbows x6854
  UNMATCHED: BIG SANDWASH RES - Rainbows x5730
  UNMATCHED: BIG SANDWASH RES - Rainbows x5750
  NEW: BOLLEY L U-96 (110) - Cutthroats x990 on 2014-09-15
  NEW: BONNIE L Z-6 (120) - Brookies x632 on 2014-06-19
  NEW: BOWDEN L U-32 (431) - Brookies x450 on 2014-07-02
  UNMATCHED: BROWNS DRAW RES - Rainbows x7500
  UNMATCHED: BROWNS DRAW RES - Brown Trout x880
  UNMATCHED: BROWNS DRAW RES - Brown Trout x880
  UNMATCHED: BROWNS DRAW RES - Brown Trout x825
  UNMATCHED: BROWNS DRAW RES - Brown Trout x98
  UNMATCHED: BROWNS DRAW RES - Rainbows x2600
  UNMATCHED: BROWNS DRAW RES - Rainbows x7680
  UNMATCHED: BROWNS DRAW RES - Rainbows x3648
  NEW: BUD L Z-2 (122) - Brookies x596 on 2014-06-19
  NEW: BUTTERFLY L Z-1 (123) - Tigers x299 on 2014-06-16
  NEW: BUTTERFLY L Z-1 (123) - Rainbows x299 on 2014-06-16
  NEW: BUTTERFLY L Z-1 (123) - Brookies x515 on 2014-06-19
  NEW: BUTTERFLY L Z-1 (123) - Rainbows x300 on 2014-06-24
  NEW: BUTTERFLY L Z-1 (123) - Tigers x200 on 2014-06-25
  NEW: BUTTERFLY L Z-1 (123) - Rainbows x300 on 2014-06-30
  NEW: BUTTERFLY L Z-1 (123) - Tigers x200 on 2014-07-01
  NEW: BUTTERFLY L Z-1 (123) - Rainbows x495 on 2014-07-07
  NEW: BUTTERFLY L Z-1 (123) - Tigers x136 on 2014-07-09
  NEW: BUTTERFLY L Z-1 (123) - Rainbows x500 on 2014-07-15
  NEW: BUTTERFLY L Z-1 (123) - Rainbows x499 on 2014-07-21
  NEW: BUTTERFLY L Z-1 (123) - Rainbows x401 on 2014-07-29
  NEW: BUTTERFLY L Z-1 (123) - Rainbows x401 on 2014-08-06
  NEW: BUTTERFLY L Z-1 (123) - Rainbows x601 on 2014-08-12
  NEW: BUTTERFLY L Z-1 (123) - Rainbows x601 on 2014-08-18
  NEW: BUTTERFLY L Z-1 (123) - Rainbows x598 on 2014-08-27
  NEW: BUTTERFLY L Z-1 (123) - Rainbows x1000 on 2014-09-02
  NEW: CABIN L RC-42 (330) - Cutthroats x495 on 2014-09-15
  NEW: CARROL L, EAST X-21 (408) - Cutthroats x760 on 2014-09-15
  NEW: CHAIN L NO 4 U-4 (437) - Cutthroats x715 on 2014-09-15
  NEW: CHEPETA L WR-64 (524) - Cutthroats x7220 on 2014-09-15
  NEW: COLOROW (ASPEN) X-63 (207) - Brookies x802 on 2014-07-02
  NEW: CRESCENT L U-48 (439) - Cutthroats x4560 on 2014-09-15
  NEW: DG- 9 (104) - Cutthroats x1045 on 2014-09-15
  NEW: DIAMOND L U-39 (463) - Grayling x544 on 2014-08-29
  UNMATCHED: DUCHESNE R, N FK - Rainbows x1147
  UNMATCHED: DUCHESNE R, N FK - Rainbows x851
  UNMATCHED: DUCHESNE R, N FK - Rainbows x999
  NEW: ECHO L Z-16 (133) - Goldens x6889 on 2014-06-09
  NEW: EMERALD L D-20 (134) - Brookies x75 on 2014-07-07
  NEW: FARNEY L X-14 (136) - Grayling x2496 on 2014-08-29
  NEW: FERN L X-5 (339) - Brookies x1463 on 2014-06-19
  NEW: FISH HATCHERY L X-6 (340) - Cutthroats x3515 on 2014-09-15
  NEW: GOVERNORS L Z-24 (344) - Brookies x3612 on 2014-06-19
  NEW: GREEN MEADOW POND (499) - Cutthroats x3990 on 2014-11-11
  NEW: HELLER L DG-28 (113) - Cutthroats x1045 on 2014-09-15
  NEW: ISLAND RES X-34 (217) - Cutthroats x1615 on 2014-09-15
  NEW: JACK L X-133 (350) - Brookies x201 on 2014-07-02
  NEW: JEAN L Z-41 (351) - Brookies x272 on 2014-07-02
  NEW: JORDAN L Z-35 (146) - Brookies x1349 on 2014-07-07
  UNMATCHED: LAKE CANYON L - Cutthroats x1226
  UNMATCHED: LAKE CYN - Cutthroats x1000
  UNMATCHED: LAKE FK R - Rainbows x370
  UNMATCHED: LAKE FK R - Rainbows x368
  NEW: LF-37 (223) - Brookies x302 on 2014-07-02
  NEW: LIGHTNING L X-127 (354) - Brookies x701 on 2014-07-02
  NEW: LILLY L U-23 (449) - Brookies x802 on 2014-07-02
  NEW: LILY PAD L X-2 (355) - Brookies x1011 on 2014-06-19
  NEW: LODGEPOLE L X-3 (356) - Brookies x1716 on 2014-06-19
  NEW: MABA L Z-8 (148) - Brookies x632 on 2014-06-19
  NEW: MARGO L Z-23 (359) - Cutthroats x1140 on 2014-09-15
  NEW: MIRROR L Z-3 (151) - Rainbows x750 on 2014-06-10
  NEW: MIRROR L Z-3 (151) - Tigers x502 on 2014-06-16
  NEW: MIRROR L Z-3 (151) - Brookies x3501 on 2014-06-19
  NEW: MIRROR L Z-3 (151) - Rainbows x750 on 2014-06-24
  NEW: MIRROR L Z-3 (151) - Tigers x498 on 2014-06-25
  NEW: MIRROR L Z-3 (151) - Tigers x498 on 2014-07-01
  NEW: MIRROR L Z-3 (151) - Rainbows x1049 on 2014-07-03
  NEW: MIRROR L Z-3 (151) - Rainbows x1500 on 2014-07-09
  NEW: MIRROR L Z-3 (151) - Tigers x345 on 2014-07-09
  NEW: MIRROR L Z-3 (151) - Tigers x528 on 2014-07-14
  NEW: MIRROR L Z-3 (151) - Rainbows x1248 on 2014-07-15
  NEW: MIRROR L Z-3 (151) - Rainbows x1500 on 2014-07-21
  NEW: MIRROR L Z-3 (151) - Rainbows x998 on 2014-07-29
  NEW: MIRROR L Z-3 (151) - Rainbows x960 on 2014-08-05
  NEW: MIRROR L Z-3 (151) - Rainbows x821 on 2014-08-05
  NEW: MIRROR L Z-3 (151) - Rainbows x1748 on 2014-08-13
  NEW: MIRROR L Z-3 (151) - Rainbows x1748 on 2014-08-19
  NEW: MIRROR L Z-3 (151) - Rainbows x998 on 2014-08-25
  NEW: MIRROR L Z-3 (151) - Rainbows x810 on 2014-09-02
  UNMATCHED: MOON L - Tigers x10043
  UNMATCHED: MOON L - Rainbows x2751
  UNMATCHED: MOON L - Splake x4940
  UNMATCHED: MOON L - Rainbows x2700
  NEW: MOOSEHORN L Z-4 (152) - Tigers x200 on 2014-06-16
  NEW: MOOSEHORN L Z-4 (152) - Rainbows x400 on 2014-06-16
  NEW: MOOSEHORN L Z-4 (152) - Tigers x200 on 2014-06-25
  NEW: MOOSEHORN L Z-4 (152) - Rainbows x401 on 2014-06-30
  NEW: MOOSEHORN L Z-4 (152) - Tigers x200 on 2014-07-01
  NEW: MOOSEHORN L Z-4 (152) - Rainbows x495 on 2014-07-07
  NEW: MOOSEHORN L Z-4 (152) - Tigers x136 on 2014-07-09
  NEW: MOOSEHORN L Z-4 (152) - Rainbows x600 on 2014-07-15
  NEW: MOOSEHORN L Z-4 (152) - Rainbows x401 on 2014-07-21
  NEW: MOOSEHORN L Z-4 (152) - Rainbows x600 on 2014-07-29
  NEW: MOOSEHORN L Z-4 (152) - Rainbows x499 on 2014-08-05
  NEW: MOOSEHORN L Z-4 (152) - Rainbows x703 on 2014-08-12
  NEW: MOOSEHORN L Z-4 (152) - Rainbows x601 on 2014-08-18
  NEW: MOOSEHORN L Z-4 (152) - Rainbows x430 on 2014-08-25
  NEW: OTTOSON L,UPPER X-87 (231) - Cutthroats x665 on 2014-09-15
  NEW: PASS L Z-5 (158) - Tigers x299 on 2014-06-16
  NEW: PASS L Z-5 (158) - Rainbows x400 on 2014-06-16
  NEW: PASS L Z-5 (158) - Brookies x515 on 2014-06-19
  NEW: PASS L Z-5 (158) - Rainbows x399 on 2014-06-24
  NEW: PASS L Z-5 (158) - Tigers x294 on 2014-06-25
  NEW: PASS L Z-5 (158) - Rainbows x401 on 2014-06-30
  NEW: PASS L Z-5 (158) - Tigers x298 on 2014-07-01
  NEW: PASS L Z-5 (158) - Tigers x207 on 2014-07-09
  NEW: PASS L Z-5 (158) - Rainbows x500 on 2014-07-09
  NEW: PASS L Z-5 (158) - Tigers x297 on 2014-07-14
  NEW: PASS L Z-5 (158) - Rainbows x600 on 2014-07-15
  NEW: PASS L Z-5 (158) - Rainbows x600 on 2014-07-21
  NEW: PASS L Z-5 (158) - Rainbows x499 on 2014-07-29
  NEW: PASS L Z-5 (158) - Rainbows x600 on 2014-08-05
  NEW: PASS L Z-5 (158) - Rainbows x699 on 2014-08-13
  NEW: PASS L Z-5 (158) - Rainbows x601 on 2014-08-18
  NEW: PASS L Z-5 (158) - Rainbows x400 on 2014-08-25
  NEW: PASS L Z-5 (158) - Rainbows x350 on 2014-09-02
  NEW: PENNY NICKELL L U-98 (454) - Cutthroats x570 on 2014-09-15
  NEW: PICTURE L X-82 (232) - Grayling x1984 on 2014-08-29
  NEW: PINTO L X-22 (366) - Brookies x5147 on 2014-06-19
  NEW: POLE CR L (540) - Rainbows x1155 on 2014-06-04
  NEW: POLE CR L (540) - Rainbows x744 on 2014-06-04
  NEW: RAINBOW L Z-25 (368) - Brookies x1011 on 2014-06-19
  UNMATCHED: RED CR RES - Tigers x5002
  UNMATCHED: RED CR RES - Rainbows x11997
  NEW: ROBERTS L U-15 (457) - Cutthroats x1210 on 2014-09-15
  UNMATCHED: ROCK CR - Rainbows x1872
  UNMATCHED: ROCK CR - Rainbows x1389
  NEW: ROCK I L X-96 (370) - Brookies x481 on 2014-07-02
  NEW: RUDOLPH L NO 2 X-40 (374) - Brookies x291 on 2014-07-02
  NEW: SCOUT L Z-12 (160) - Rainbows x416 on 2014-07-03
  NEW: SCOUT L Z-12 (160) - Brookies x752 on 2014-07-07
  NEW: SCOUT L Z-12 (160) - Rainbows x406 on 2014-07-07
  NEW: SCOUT L Z-12 (160) - Rainbows x400 on 2014-07-15
  NEW: SCOUT L Z-12 (160) - Rainbows x401 on 2014-07-21
  NEW: SCOUT L Z-12 (160) - Rainbows x398 on 2014-07-29
  NEW: SCOUT L Z-12 (160) - Rainbows x341 on 2014-08-05
  NEW: SONNY L X-12 (164) - Brookies x452 on 2014-06-19
  UNMATCHED: STARVATION RES - Rainbows x495
  UNMATCHED: STARVATION RES - Rainbows x10001
  UNMATCHED: STARVATION RES - Rainbows x10130
  UNMATCHED: STARVATION RES - Rainbows x10130
  UNMATCHED: STARVATION RES - Rainbows x10130
  UNMATCHED: STARVATION RES - Rainbows x10130
  UNMATCHED: STARVATION RES - Rainbows x4320
  UNMATCHED: STARVATION RES - Rainbows x3480
  NEW: TWIN L X-49 (420) - Cutthroats x665 on 2014-09-15
  NEW: TWIN L X-77 (236) - Grayling x1184 on 2014-08-29
  NEW: U- 45 (465) - Cutthroats x475 on 2014-09-15
  NEW: U- 75 (467) - Cutthroats x475 on 2014-09-15
  UNMATCHED: UINTA R - Rainbows x1290
  UNMATCHED: UINTA R - All Trout x1281
  UNMATCHED: UPPER STILLWATER RES - Rainbows x848
  NEW: WYMAN L Z-14 (125) - Brookies x1010 on 2014-06-19
  NEW: X- 50 (668) - Grayling x192 on 2014-08-29
  NEW: X- 51 (425) - Cutthroats x380 on 2014-09-15
  NEW: X- 78 (243) - Cutthroats x1710 on 2014-09-15
  NEW: X- 86 (248) - Brookies x701 on 2014-07-02
  NEW: Y-20 (588) - Brookies x380 on 2014-07-02
  UNMATCHED: YELLOWSTONE R - Rainbows x521
  UNMATCHED: YELLOWSTONE R - Rainbows x400

Duchesne Summary: 132 new records, 13 unmatched

=== 2014 IMPORT SUMMARY ===
Total new records: 301
Total unmatched lakes: 28
Ambiguous matches: 0
CSV file updated: /Volumes/OLAF EXT/jedwoodx/repos/uintas/data/utah_dwr_stocking_data.csv
Run completed at: 2025-08-25 17:20:34
