=== IMPORTING 2003 STOCKING DATA ===
Started at: 2025-08-25 18:38:53


=== PROCESSING SUMMIT COUNTY ===
  NEW: ALEXANDER L A-1 (250) - Brookies x2294 on 2003-06-30
  UNMATCHED: BEAR R, E FK - Rainbows x252
  UNMATCHED: BEAR R, E FK - Rainbows x249
  UNMATCHED: BEAR R, E FK - Rainbows x249
  NEW: BEAVER CR (32) - Rainbows x200 on 2003-06-13
  NEW: BEAVER CR (32) - Rainbows x100 on 2003-06-17
  NEW: BEAVER CR (32) - Rainbows x200 on 2003-07-01
  NEW: BEAVER L A-17 (252) - Brookies x403 on 2003-06-30
  NEW: BEAVER L BR-10 (32) - Rainbows x2030 on 2003-06-11
  NEW: BR-24 (38) - Cutthroats x301 on 2003-10-01
  NEW: BR-50 (44) - Brookies x751 on 2003-07-02
  NEW: BRIDGER L G-20 (173) - Rainbows x2000 on 2003-05-27
  NEW: BRIDGER L G-20 (173) - Rainbows x499 on 2003-05-28
  NEW: BRIDGER L G-20 (173) - Rainbows x1499 on 2003-06-10
  NEW: BRIDGER L G-20 (173) - Rainbows x1499 on 2003-07-01
  NEW: BRIDGER L G-20 (173) - Rainbows x1501 on 2003-07-17
  NEW: BRIDGER L G-20 (173) - Brookies x2145 on 2003-07-17
  NEW: BRIDGER L G-20 (173) - Rainbows x1500 on 2003-08-06
  NEW: BRIDGER L G-20 (173) - Brookies x15580 on 2003-09-30
  NEW: CLIFF L A-34 (261) - Brookies x1098 on 2003-06-30
  NEW: CRYSTAL L A-51 (262) - Brookies x1001 on 2003-06-30
  UNMATCHED: DEER VALLEY LAKES - Rainbows x999
  NEW: DIAMOND L A-22 (264) - Brookies x306 on 2003-06-30
  UNMATCHED: ECHO RES - Rainbows x2222
  UNMATCHED: ECHO RES - Rainbows x1243
  UNMATCHED: ECHO RES - Rainbows x2200
  UNMATCHED: ECHO RES - Rainbows x2200
  UNMATCHED: ECHO RES - Rainbows x2200
  UNMATCHED: ECHO RES - Rainbows x2200
  UNMATCHED: ECHO RES - Rainbows x2200
  UNMATCHED: ECHO RES - Rainbows x2310
  UNMATCHED: ECHO RES - Rainbows x2226
  NEW: ERICKSON L,SOUTH W25 (488) - Brookies x1001 on 2003-06-30
  NEW: FISH L GR-125 (86) - Brookies x4594 on 2003-07-02
  NEW: G- 52 (192) - Brookies x294 on 2003-07-02
  NEW: G- 61 (197) - Brookies x392 on 2003-07-02
  NEW: G- 80 (614) - Brookies x97 on 2003-07-02
  NEW: GILBERT CR (78) - Cutthroats x258 on 2003-07-22
  NEW: GR-145 (69) - Grayling x492 on 2003-08-05
  NEW: GR-154 (82) - Brookies x196 on 2003-07-02
  NEW: GR-155 (67) - Brookies x196 on 2003-07-02
  NEW: GR-160 (70) - Brookies x491 on 2003-07-02
  NEW: GR-161 (71) - Brookies x392 on 2003-07-02
  UNMATCHED: HAYDEN FK - Rainbows x502
  UNMATCHED: HAYDEN FK - Rainbows x249
  NEW: HAYDEN L BR-36 (47) - Cutthroats x800 on 2003-10-01
  NEW: HAYSTACK L A-9 (269) - Brookies x904 on 2003-07-02
  NEW: HESSIE L G-18 (199) - Brookies x3303 on 2003-07-02
  NEW: HIDDEN L (68) - Rainbows x500 on 2003-05-21
  NEW: HIDDEN L A-15 (270) - Brookies x1001 on 2003-06-30
  NEW: HOOP L (93) - Rainbows x8004 on 2003-05-19
  NEW: HOOP L (93) - Rainbows x1002 on 2003-05-20
  NEW: JERRY L W-28 (494) - Brookies x403 on 2003-06-30
  NEW: JUDY L GR-25 (397) - Brookies x441 on 2003-07-03
  NEW: KAMAS RES W-40 (495) - Cutthroats x4197 on 2003-10-01
  UNMATCHED: KIMBALL CR - Brown Trout x3060
  NEW: LAMBERT MEADOW L A-2 (279) - Brookies x209 on 2003-06-30
  NEW: LILLY L A-58 (281) - Rainbows x400 on 2003-06-10
  NEW: LILLY L A-58 (281) - Rainbows x400 on 2003-06-17
  NEW: LILLY L A-58 (281) - Rainbows x400 on 2003-06-24
  NEW: LILLY L A-58 (281) - Rainbows x400 on 2003-06-30
  NEW: LILLY L A-58 (281) - Rainbows x400 on 2003-07-08
  NEW: LILLY L A-58 (281) - Rainbows x400 on 2003-07-18
  NEW: LILLY L A-58 (281) - Rainbows x400 on 2003-07-22
  NEW: LILLY L A-58 (281) - Rainbows x400 on 2003-07-30
  NEW: LILLY L A-58 (281) - Rainbows x400 on 2003-08-05
  NEW: LILLY L A-58 (281) - Rainbows x400 on 2003-08-13
  NEW: LILLY L A-58 (281) - Rainbows x400 on 2003-08-18
  NEW: LILLY L A-58 (281) - Rainbows x399 on 2003-08-26
  NEW: LILY L BR-11 (51) - Rainbows x1501 on 2003-06-03
  NEW: LILY L BR-11 (51) - Rainbows x1000 on 2003-07-15
  NEW: LOST L A-59 (287) - Rainbows x1898 on 2003-06-03
  NEW: LOST L A-59 (287) - Rainbows x1110 on 2003-06-03
  NEW: LOST L A-59 (287) - Brookies x3999 on 2003-06-18
  NEW: LYMAN L, LOWER G-25 (618) - Rainbows x993 on 2003-06-05
  NEW: LYMAN L, LOWER G-25 (618) - Brookies x1001 on 2003-07-14
  NEW: LYMAN L, LOWER G-25 (618) - Rainbows x1680 on 2003-07-14
  NEW: LYMAN L, UPPER G-27 (619) - Rainbows x751 on 2003-06-05
  NEW: LYMAN L, UPPER G-27 (619) - Brookies x1001 on 2003-07-14
  NEW: MARSH L G-19 (202) - Rainbows x1984 on 2003-05-27
  NEW: MARSH L G-19 (202) - Rainbows x2015 on 2003-05-27
  NEW: OLSON L W-32 (502) - Brookies x695 on 2003-06-30
  NEW: OSTLER L BR-27 (56) - Cutthroats x2804 on 2003-10-01
  NEW: POT L A-8 (296) - Brookies x403 on 2003-06-30
  UNMATCHED: PROVO R - Rainbows x249
  UNMATCHED: PROVO R - Rainbows x249
  UNMATCHED: PROVO R - Rainbows x252
  UNMATCHED: PROVO R - Rainbows x252
  UNMATCHED: PROVO R - Rainbows x249
  UNMATCHED: PROVO R - Rainbows x249
  UNMATCHED: PROVO R - Rainbows x249
  UNMATCHED: PROVO R - Rainbows x249
  NEW: QUARTER CORNER LG103 (655) - Rainbows x1200 on 2003-05-28
  NEW: ROCK L A-10 (298) - Brookies x806 on 2003-06-30
  UNMATCHED: ROCKPORT RES - Rainbows x5297
  UNMATCHED: ROCKPORT RES - Rainbows x5136
  UNMATCHED: ROCKPORT RES - Rainbows x5136
  UNMATCHED: ROCKPORT RES - Rainbows x5136
  UNMATCHED: ROCKPORT RES - Rainbows x4445
  UNMATCHED: ROCKPORT RES - Rainbows x4064
  UNMATCHED: ROCKPORT RES - Rainbows x4064
  UNMATCHED: ROCKPORT RES - Rainbows x4064
  UNMATCHED: ROCKPORT RES - Rainbows x4257
  UNMATCHED: ROCKPORT RES - Rainbows x4257
  UNMATCHED: ROCKPORT RES - Rainbows x4257
  UNMATCHED: ROCKPORT RES - Rainbows x4257
  UNMATCHED: ROCKPORT RES - Rainbows x4320
  UNMATCHED: ROCKPORT RES - Rainbows x4320
  UNMATCHED: ROCKPORT RES - Rainbows x4464
  UNMATCHED: ROCKPORT RES - Rainbows x4320
  UNMATCHED: ROCKPORT RES - Rainbows x2893
  UNMATCHED: ROCKPORT RES - Rainbows x2893
  NEW: RUTH L BR-40 (58) - Brookies x500 on 2003-07-02
  NEW: SCOW L BR-12 (61) - Brookies x1696 on 2003-07-02
  NEW: SHINGLE CR,WEST P-60 (303) - Brookies x403 on 2003-06-30
  UNMATCHED: SMITH-MOREHOUSE RES - Rainbows x1890
  UNMATCHED: SMITH-MOREHOUSE RES - Rainbows x1890
  UNMATCHED: SMITH-MOREHOUSE RES - Rainbows x1256
  UNMATCHED: SMITH-MOREHOUSE RES - Rainbows x2088
  UNMATCHED: SMITH-MOREHOUSE RES - Rainbows x1740
  UNMATCHED: SMITH-MOREHOUSE RES - Rainbows x1175
  NEW: SMITHS FK PASS L G14 (182) - Brookies x5199 on 2003-07-02
  UNMATCHED: STATELINE RES - Rainbows x3007
  UNMATCHED: STATELINE RES - Rainbows x3007
  NEW: TEAPOT L A-60 (309) - Rainbows x499 on 2003-06-03
  NEW: TEAPOT L A-60 (309) - Rainbows x499 on 2003-06-10
  NEW: TEAPOT L A-60 (309) - Brookies x502 on 2003-06-18
  NEW: TEAPOT L A-60 (309) - Rainbows x499 on 2003-06-18
  NEW: TEAPOT L A-60 (309) - Rainbows x502 on 2003-06-24
  NEW: TEAPOT L A-60 (309) - Rainbows x499 on 2003-06-30
  NEW: TEAPOT L A-60 (309) - Rainbows x499 on 2003-07-08
  NEW: TEAPOT L A-60 (309) - Rainbows x501 on 2003-07-18
  NEW: TEAPOT L A-60 (309) - Rainbows x501 on 2003-07-22
  NEW: TEAPOT L A-60 (309) - Rainbows x499 on 2003-07-29
  NEW: TEAPOT L A-60 (309) - Rainbows x500 on 2003-08-05
  NEW: TEAPOT L A-60 (309) - Rainbows x499 on 2003-08-14
  NEW: TEAPOT L A-60 (309) - Rainbows x502 on 2003-08-18
  NEW: TEAPOT L A-60 (309) - Rainbows x399 on 2003-08-25
  NEW: TRIAL L A-61 (310) - Rainbows x1015 on 2003-06-09
  NEW: TRIAL L A-61 (310) - Rainbows x500 on 2003-06-10
  NEW: TRIAL L A-61 (310) - Brookies x7998 on 2003-06-18
  NEW: TRIAL L A-61 (310) - Rainbows x1053 on 2003-06-18
  NEW: TRIAL L A-61 (310) - Rainbows x1001 on 2003-06-24
  NEW: TRIAL L A-61 (310) - Rainbows x500 on 2003-06-25
  NEW: TRIAL L A-61 (310) - Rainbows x1001 on 2003-07-01
  NEW: TRIAL L A-61 (310) - Rainbows x499 on 2003-07-08
  NEW: TRIAL L A-61 (310) - Rainbows x1392 on 2003-07-09
  NEW: TRIAL L A-61 (310) - Rainbows x501 on 2003-07-09
  NEW: TRIAL L A-61 (310) - Rainbows x1000 on 2003-07-15
  NEW: TRIAL L A-61 (310) - Rainbows x1000 on 2003-07-22
  NEW: TRIAL L A-61 (310) - Rainbows x501 on 2003-07-22
  NEW: TRIAL L A-61 (310) - Rainbows x1001 on 2003-07-30
  NEW: TRIAL L A-61 (310) - Rainbows x1000 on 2003-08-04
  NEW: TRIAL L A-61 (310) - Rainbows x500 on 2003-08-04
  NEW: TRIAL L A-61 (310) - Rainbows x1063 on 2003-08-14
  NEW: TRIAL L A-61 (310) - Rainbows x1001 on 2003-08-18
  NEW: TRIAL L A-61 (310) - Rainbows x551 on 2003-08-19
  NEW: TRIAL L A-61 (310) - Brookies x3978 on 2003-08-20
  NEW: TRIAL L A-61 (310) - Rainbows x504 on 2003-08-26
  NEW: TRIAL L A-61 (310) - Rainbows x800 on 2003-09-02
  NEW: TRIAL L A-61 (310) - Rainbows x500 on 2003-09-03
  NEW: TRIAL L A-61 (310) - Rainbows x240 on 2003-09-03
  NEW: TRIAL L A-61 (310) - Brookies x9471 on 2003-09-29
  NEW: TRIAL L A-61 (310) - Rainbows x500 on 2003-10-09
  NEW: TRIDENT L A-41 (311) - Brookies x403 on 2003-06-30
  NEW: TWIN L, LOWER A-33 (312) - Brookies x306 on 2003-07-02
  NEW: W-16 (511) - Brookies x403 on 2003-06-30
  NEW: W-52 (514) - Brookies x361 on 2003-06-30
  NEW: W-57 (517) - Brookies x306 on 2003-06-30
  NEW: W-62 (521) - Brookies x209 on 2003-06-30
  NEW: WALL L A-29 (314) - Cutthroats x8009 on 2003-10-01
  NEW: WASHINGTON L A-23 (315) - Rainbows x1015 on 2003-06-09
  NEW: WASHINGTON L A-23 (315) - Brookies x7998 on 2003-06-18
  NEW: WASHINGTON L A-23 (315) - Rainbows x502 on 2003-06-18
  NEW: WASHINGTON L A-23 (315) - Rainbows x502 on 2003-06-24
  NEW: WASHINGTON L A-23 (315) - Rainbows x499 on 2003-07-01
  NEW: WASHINGTON L A-23 (315) - Rainbows x499 on 2003-07-08
  NEW: WASHINGTON L A-23 (315) - Rainbows x498 on 2003-07-15
  NEW: WASHINGTON L A-23 (315) - Rainbows x501 on 2003-07-22
  NEW: WASHINGTON L A-23 (315) - Rainbows x499 on 2003-07-30
  NEW: WASHINGTON L A-23 (315) - Grayling x984 on 2003-08-05
  NEW: WASHINGTON L A-23 (315) - Rainbows x500 on 2003-08-05
  NEW: WASHINGTON L A-23 (315) - Tigers x5040 on 2003-08-08
  UNMATCHED: WEBER R - Rainbows x499
  UNMATCHED: WEBER R - Rainbows x502
  UNMATCHED: WEBER R - Rainbows x502
  UNMATCHED: WEBER R - Brown Trout x6570
  UNMATCHED: WEBER R - Brown Trout x9000
  UNMATCHED: WEBER R - Brown Trout x7020
  UNMATCHED: WEBER R - Brown Trout x4500
  UNMATCHED: WEBER R - Brown Trout x435
  NEW: WEIR L A-50 (317) - Grayling x492 on 2003-08-05
  UNMATCHED: WHITNEY RES - Rainbows x2000
  UNMATCHED: WHITNEY RES - Rainbows x2000
  NEW: YELLOWPINE,LOWER W66 (522) - Brookies x209 on 2003-06-30

Summit Summary: 135 new records, 11 unmatched

=== PROCESSING DUCHESNE COUNTY ===
  NEW: AMOEBA L X-90 (206) - Cutthroats x624 on 2003-10-03
  NEW: BETSEY L X-7 (325) - Cutthroats x5982 on 2003-10-03
  UNMATCHED: BIG SANDWASH RES - Rainbows x44958
  NEW: BLYTHE L Z-20 (119) - Brookies x695 on 2003-06-30
  NEW: BONNIE L Z-6 (120) - Brookies x598 on 2003-06-30
  NEW: BROOK L U-54 (432) - Brookies x997 on 2003-07-03
  UNMATCHED: BROWNS DRAW RES - Rainbows x6606
  UNMATCHED: BROWNS DRAW RES - Rainbows x8257
  UNMATCHED: BROWNS DRAW RES - Rainbows x9909
  UNMATCHED: BROWNS DRAW RES - Rainbows x8257
  NEW: BUD L Z-2 (122) - Grayling x328 on 2003-08-05
  NEW: BUTTERFLY L Z-1 (123) - Rainbows x500 on 2003-06-10
  NEW: BUTTERFLY L Z-1 (123) - Rainbows x499 on 2003-06-10
  NEW: BUTTERFLY L Z-1 (123) - Rainbows x252 on 2003-06-17
  NEW: BUTTERFLY L Z-1 (123) - Brookies x1004 on 2003-06-18
  NEW: BUTTERFLY L Z-1 (123) - Rainbows x502 on 2003-06-24
  NEW: BUTTERFLY L Z-1 (123) - Rainbows x250 on 2003-06-25
  NEW: BUTTERFLY L Z-1 (123) - Rainbows x502 on 2003-06-30
  NEW: BUTTERFLY L Z-1 (123) - Rainbows x249 on 2003-07-08
  NEW: BUTTERFLY L Z-1 (123) - Rainbows x500 on 2003-07-11
  NEW: BUTTERFLY L Z-1 (123) - Rainbows x501 on 2003-07-15
  NEW: BUTTERFLY L Z-1 (123) - Rainbows x250 on 2003-07-22
  NEW: BUTTERFLY L Z-1 (123) - Rainbows x627 on 2003-07-30
  NEW: BUTTERFLY L Z-1 (123) - Rainbows x250 on 2003-08-04
  NEW: BUTTERFLY L Z-1 (123) - Rainbows x250 on 2003-08-06
  NEW: BUTTERFLY L Z-1 (123) - Rainbows x499 on 2003-08-13
  NEW: BUTTERFLY L Z-1 (123) - Rainbows x251 on 2003-08-18
  NEW: BUTTERFLY L Z-1 (123) - Rainbows x258 on 2003-08-19
  NEW: BUTTERFLY L Z-1 (123) - Rainbows x504 on 2003-08-26
  NEW: CARROT L U-17 (433) - Brookies x1504 on 2003-07-03
  NEW: D-26 (129) - Brookies x403 on 2003-06-30
  NEW: DAVIS L, SOUTH U-34 (441) - Brookies x621 on 2003-07-02
  NEW: DG-15 (107) - Cutthroats x208 on 2003-10-03
  NEW: DG-16 (108) - Cutthroats x208 on 2003-10-03
  NEW: DIAMOND L X-43 (335) - Brookies x1307 on 2003-06-30
  NEW: DRIFT RES Y-41 (570) - Brookies x997 on 2003-07-03
  UNMATCHED: DUCHESNE R, N FK - Rainbows x1268
  UNMATCHED: DUCHESNE R, N FK - Rainbows x1267
  UNMATCHED: DUCHESNE R, N FK - Rainbows x543
  UNMATCHED: DUCHESNE R, N FK - Rainbows x738
  NEW: FOX RES U-47 (444) - Brookies x8093 on 2003-07-03
  NEW: GEM L Z-18 (140) - Brookies x403 on 2003-07-02
  NEW: GIBBY L RC-30 (342) - Cutthroats x312 on 2003-10-03
  NEW: GILBERT L U-82 (446) - Cutthroats x18 on 2003-05-28
  NEW: GILBERT L U-82 (446) - Brookies x1094 on 2003-07-02
  NEW: GRANDADDY L X-9 (345) - Cutthroats x17596 on 2003-10-03
  NEW: HEART L X-13 (346) - Cutthroats x572 on 2003-10-03
  NEW: HOOVER L Z-10 (142) - Brookies x1904 on 2003-06-30
  NEW: JEAN L Z-41 (351) - Brookies x2002 on 2003-06-30
  NEW: JORDAN L Z-35 (146) - Brookies x2294 on 2003-06-30
  NEW: KIDNEY L, WEST U-26 (448) - Brookies x2992 on 2003-07-02
  NEW: KINGS L Y-22 (572) - Cutthroats x1040 on 2003-10-03
  UNMATCHED: LAKE FK R - Rainbows x400
  UNMATCHED: LAKE FK R - Rainbows x248
  UNMATCHED: LAKE FK R - Rainbows x180
  NEW: LARVAE L WR-12 (531) - Brookies x572 on 2003-07-03
  NEW: LEDGE L X-113 (353) - Brookies x306 on 2003-06-30
  NEW: MABA L Z-8 (148) - Brookies x598 on 2003-06-30
  NEW: MARSELL L X-11 (149) - Cutthroats x3199 on 2003-10-01
  NEW: MIRROR L Z-3 (151) - Rainbows x1160 on 2003-06-09
  NEW: MIRROR L Z-3 (151) - Rainbows x500 on 2003-06-10
  NEW: MIRROR L Z-3 (151) - Rainbows x1001 on 2003-06-16
  NEW: MIRROR L Z-3 (151) - Brookies x8444 on 2003-06-18
  NEW: MIRROR L Z-3 (151) - Rainbows x500 on 2003-06-23
  NEW: MIRROR L Z-3 (151) - Rainbows x1001 on 2003-06-23
  NEW: MIRROR L Z-3 (151) - Rainbows x249 on 2003-06-24
  NEW: MIRROR L Z-3 (151) - Rainbows x1001 on 2003-06-30
  NEW: MIRROR L Z-3 (151) - Rainbows x1001 on 2003-07-08
  NEW: MIRROR L Z-3 (151) - Rainbows x500 on 2003-07-11
  NEW: MIRROR L Z-3 (151) - Rainbows x1000 on 2003-07-15
  NEW: MIRROR L Z-3 (151) - Rainbows x1000 on 2003-07-21
  NEW: MIRROR L Z-3 (151) - Rainbows x500 on 2003-07-22
  NEW: MIRROR L Z-3 (151) - Rainbows x998 on 2003-07-29
  NEW: MIRROR L Z-3 (151) - Rainbows x500 on 2003-08-04
  NEW: MIRROR L Z-3 (151) - Rainbows x1000 on 2003-08-04
  NEW: MIRROR L Z-3 (151) - Rainbows x1001 on 2003-08-13
  NEW: MIRROR L Z-3 (151) - Rainbows x1100 on 2003-08-18
  NEW: MIRROR L Z-3 (151) - Rainbows x551 on 2003-08-19
  NEW: MIRROR L Z-3 (151) - Brookies x3978 on 2003-08-20
  NEW: MIRROR L Z-3 (151) - Rainbows x750 on 2003-08-25
  NEW: MIRROR L Z-3 (151) - Rainbows x800 on 2003-09-02
  NEW: MIRROR L Z-3 (151) - Rainbows x240 on 2003-09-03
  NEW: MIRROR L Z-3 (151) - Rainbows x500 on 2003-09-03
  NEW: MIRROR L Z-3 (151) - Brookies x9471 on 2003-09-29
  NEW: MIRROR L Z-3 (151) - Rainbows x1400 on 2003-10-09
  UNMATCHED: MOON L - Rainbows x2376
  UNMATCHED: MOON L - Rainbows x1820
  UNMATCHED: MOON L - Rainbows x556
  UNMATCHED: MOON L - All Trout x1579
  UNMATCHED: MOON L - Rainbows x953
  UNMATCHED: MOON L - Splake x4800
  UNMATCHED: MOON L - Splake x4800
  NEW: MOOSEHORN L Z-4 (152) - Rainbows x502 on 2003-06-16
  NEW: MOOSEHORN L Z-4 (152) - Rainbows x502 on 2003-06-24
  NEW: MOOSEHORN L Z-4 (152) - Rainbows x250 on 2003-06-25
  NEW: MOOSEHORN L Z-4 (152) - Rainbows x499 on 2003-06-30
  NEW: MOOSEHORN L Z-4 (152) - Rainbows x499 on 2003-07-08
  NEW: MOOSEHORN L Z-4 (152) - Rainbows x250 on 2003-07-11
  NEW: MOOSEHORN L Z-4 (152) - Rainbows x501 on 2003-07-15
  NEW: MOOSEHORN L Z-4 (152) - Rainbows x501 on 2003-07-22
  NEW: MOOSEHORN L Z-4 (152) - Rainbows x250 on 2003-07-22
  NEW: MOOSEHORN L Z-4 (152) - Rainbows x499 on 2003-07-30
  NEW: MOOSEHORN L Z-4 (152) - Rainbows x500 on 2003-08-04
  NEW: MOOSEHORN L Z-4 (152) - Rainbows x250 on 2003-08-04
  NEW: MOOSEHORN L Z-4 (152) - Rainbows x499 on 2003-08-13
  NEW: MOOSEHORN L Z-4 (152) - Rainbows x502 on 2003-08-18
  NEW: MOOSEHORN L Z-4 (152) - Rainbows x500 on 2003-08-25
  NEW: OKEY DOKE L U-5 (453) - Cutthroats x624 on 2003-10-03
  NEW: OURAY L X-112 (362) - Cutthroats x208 on 2003-10-03
  NEW: PALISADE L Z-28 (363) - Brookies x1404 on 2003-06-30
  NEW: PASS L Z-5 (158) - Rainbows x1015 on 2003-06-09
  NEW: PASS L Z-5 (158) - Rainbows x502 on 2003-06-17
  NEW: PASS L Z-5 (158) - Rainbows x502 on 2003-06-24
  NEW: PASS L Z-5 (158) - Rainbows x250 on 2003-06-25
  NEW: PASS L Z-5 (158) - Rainbows x499 on 2003-06-30
  NEW: PASS L Z-5 (158) - Rainbows x499 on 2003-07-08
  NEW: PASS L Z-5 (158) - Rainbows x501 on 2003-07-15
  NEW: PASS L Z-5 (158) - Rainbows x501 on 2003-07-21
  NEW: PASS L Z-5 (158) - Rainbows x250 on 2003-07-22
  NEW: PASS L Z-5 (158) - Rainbows x499 on 2003-07-29
  NEW: PASS L Z-5 (158) - Rainbows x500 on 2003-08-04
  NEW: PASS L Z-5 (158) - Rainbows x609 on 2003-08-13
  NEW: PASS L Z-5 (158) - Rainbows x499 on 2003-08-18
  NEW: PASS L Z-5 (158) - Rainbows x273 on 2003-08-26
  NEW: PENNY NICKELL L U-98 (454) - Cutthroats x624 on 2003-10-03
  NEW: POLE CR L (540) - Rainbows x519 on 2003-07-23
  NEW: POLE CR L (540) - Rainbows x385 on 2003-07-23
  NEW: PYRAMID L Z-17 (159) - Brookies x1501 on 2003-06-30
  NEW: RAINBOW L U-33 (456) - Brookies x3499 on 2003-07-02
  NEW: RASMUSSEN L NO1 WR35 (542) - Brookies x1521 on 2003-07-03
  NEW: RASMUSSEN L NO2 WR36 (543) - Brookies x1406 on 2003-07-03
  NEW: RC-36 (649) - Brookies x306 on 2003-06-30
  UNMATCHED: RED CR RES - Rainbows x334
  UNMATCHED: RED CR RES - Rainbows x14986
  UNMATCHED: RED CR RES - Rainbows x333
  UNMATCHED: RED CR RES - Rainbows x150
  UNMATCHED: RED CR RES - Rainbows x205
  UNMATCHED: ROCK CR - Rainbows x998
  UNMATCHED: ROCK CR - Rainbows x1001
  UNMATCHED: ROCK CR - Rainbows x430
  UNMATCHED: ROCK CR - Rainbows x584
  UNMATCHED: ROCK CR - Rainbows x928
  UNMATCHED: ROCK CR - Rainbows x1000
  NEW: RUDOLPH L NO 1 X-39 (373) - Brookies x2196 on 2003-06-30
  NEW: SCOUT L Z-12 (160) - Rainbows x502 on 2003-06-30
  NEW: SCOUT L Z-12 (160) - Rainbows x501 on 2003-07-18
  NEW: SCOUT L Z-12 (160) - Rainbows x501 on 2003-07-21
  NEW: SCOUT L Z-12 (160) - Rainbows x499 on 2003-07-30
  NEW: SCOUT L Z-12 (160) - Rainbows x500 on 2003-08-05
  NEW: SPIDER L X-109 (576) - Brookies x1995 on 2003-07-03
  NEW: TWIN L X-49 (420) - Cutthroats x676 on 2003-10-03
  NEW: TWOROOSE L X-36 (237) - Cutthroats x1092 on 2003-10-03
  NEW: U- 42 (464) - Cutthroats x728 on 2003-10-03
  NEW: U- 45 (465) - Cutthroats x520 on 2003-10-03
  NEW: U- 50 (466) - Brookies x899 on 2003-07-03
  NEW: U- 91 (664) - Cutthroats x520 on 2003-10-03
  NEW: U- 93 (471) - Cutthroats x572 on 2003-10-03
  UNMATCHED: UINTA R - Rainbows x1530
  UNMATCHED: UINTA R - Rainbows x738
  UNMATCHED: UINTA R - Rainbows x543
  NEW: X- 75 (242) - Cutthroats x208 on 2003-10-03
  NEW: X- 78 (243) - Cutthroats x1664 on 2003-10-03
  NEW: X- 84 (246) - Brookies x474 on 2003-07-02
  NEW: X- 89 (249) - Cutthroats x364 on 2003-10-03
  NEW: Y-36 (593) - Brookies x1046 on 2003-07-03
  NEW: Y-37 (594) - Brookies x981 on 2003-07-03
  UNMATCHED: YELLOWSTONE R - Rainbows x447
  UNMATCHED: YELLOWSTONE R - Rainbows x203
  UNMATCHED: YELLOWSTONE R - Rainbows x271

Duchesne Summary: 133 new records, 9 unmatched

=== 2003 IMPORT SUMMARY ===
Total new records: 268
Total unmatched lakes: 20
Ambiguous matches: 0
CSV file updated: /Volumes/OLAF EXT/jedwoodx/repos/uintas/data/utah_dwr_stocking_data.csv
Run completed at: 2025-08-25 18:38:54
