=== IMPORTING 2016 STOCKING DATA ===
Started at: 2025-08-25 17:20:07


=== PROCESSING SUMMIT COUNTY ===
  NEW: BAKER L BR-45 (42) - Tigers x356 on 2016-07-14
  NEW: BEAR L G-7 (171) - Brookies x2048 on 2016-07-26
  UNMATCHED: BEAR R - Rainbows x150
  UNMATCHED: BEAR R - Rainbows x99
  UNMATCHED: BEAR R - Rainbows x149
  UNMATCHED: BEAR R - Rainbows x100
  UNMATCHED: BEAR R, E FK - Rainbows x400
  UNMATCHED: BEAR R, E FK - Rainbows x400
  UNMATCHED: BEAR R, E FK - Rainbows x400
  UNMATCHED: BEAR R, E FK - Rainbows x301
  NEW: BEAVER CR (32) - Rainbows x200 on 2016-06-20
  NEW: BEAVER CR (32) - Rainbows x200 on 2016-06-28
  NEW: BEAVER CR (32) - Rainbows x200 on 2016-07-05
  NEW: BEAVER CR (32) - Rainbows x201 on 2016-07-18
  NEW: BEAVER L A-17 (252) - Brookies x271 on 2016-06-28
  NEW: BEAVER L BR-10 (32) - Rainbows x1800 on 2016-06-14
  NEW: BENNION L GR-134 (84) - Brookies x808 on 2016-07-26
  NEW: BIG ELK RES A-18 (254) - Tigers x2002 on 2016-06-29
  NEW: BOBS L G-73 (600) - Tigers x495 on 2016-07-14
  NEW: BOURBON L BR-1 (33) - Brookies x241 on 2016-07-26
  NEW: BR- 2 (34) - Brookies x138 on 2016-07-26
  NEW: BR-34 (658) - Tigers x238 on 2016-06-29
  NEW: BR-43 (651) - Tigers x198 on 2016-07-14
  NEW: BRIDGER L G-20 (173) - Rainbows x1999 on 2016-06-07
  NEW: BRIDGER L G-20 (173) - Rainbows x1500 on 2016-06-23
  NEW: BRIDGER L G-20 (173) - Rainbows x1200 on 2016-07-04
  NEW: BRIDGER L G-20 (173) - Brookies x202 on 2016-07-06
  NEW: BRIDGER L G-20 (173) - Brookies x1931 on 2016-07-06
  NEW: BRIDGER L G-20 (173) - Rainbows x1650 on 2016-07-27
  NEW: BRIDGER L G-20 (173) - Rainbows x1649 on 2016-08-08
  NEW: BROOK L A-20 (257) - Brookies x101 on 2016-06-28
  NEW: CAROL L W-51 (478) - Brookies x310 on 2016-07-26
  NEW: CASTLE L G-11 (624) - Tigers x594 on 2016-07-14
  NEW: CHARITY L P-16 (652) - Brookies x200 on 2016-06-28
  NEW: CHINA L G-21 (174) - Brookies x7884 on 2016-06-30
  NEW: CLEGG L A-47 (260) - Brookies x500 on 2016-06-28
  NEW: CLIFF L A-34 (261) - Tigers x903 on 2016-06-29
  NEW: CLYDE L A-28 (629) - Brookies x1599 on 2016-06-28
  NEW: CRYSTAL L A-51 (262) - Brookies x1000 on 2016-06-28
  NEW: CUBERANT NO 4 W-45 (483) - Tigers x2198 on 2016-06-29
  NEW: CUTTHROAT L BR-37 (45) - Tigers x399 on 2016-06-29
  NEW: DEADHORSE L G-77 (601) - Tigers x1597 on 2016-07-14
  UNMATCHED: DEER VALLEY LAKES - Rainbows x999
  UNMATCHED: DEER VALLEY LAKES - Rainbows x999
  UNMATCHED: DEER VALLEY LAKES - Rainbows x1000
  UNMATCHED: DEER VALLEY LAKES - Tigers x3297
  NEW: DOLLAR L G-2 (176) - Tigers x997 on 2016-07-14
  UNMATCHED: ECHO RES - Rainbows x9000
  UNMATCHED: ECHO RES - Rainbows x10574
  UNMATCHED: ECHO RES - Rainbows x15120
  UNMATCHED: ECHO RES - Rainbows x10374
  UNMATCHED: ECHO RES - Rainbows x4933
  NEW: FISH L GR-125 (86) - Brookies x4641 on 2016-07-26
  NEW: G- 13 (181) - Brookies x843 on 2016-07-26
  NEW: G- 52 (192) - Brookies x327 on 2016-07-26
  NEW: G- 61 (197) - Brookies x430 on 2016-07-26
  NEW: G- 64 (645) - Tigers x337 on 2016-07-14
  NEW: G- 68 (653) - Brookies x447 on 2016-07-26
  NEW: GR-155 (67) - Brookies x241 on 2016-07-26
  NEW: GR-173 (76) - Brookies x430 on 2016-07-26
  UNMATCHED: HAYDEN FK - Rainbows x299
  UNMATCHED: HAYDEN FK - Rainbows x300
  UNMATCHED: HAYDEN FK - Rainbows x299
  NEW: HAYDEN L BR-36 (47) - Tigers x448 on 2016-06-29
  NEW: HAYSTACK L A-9 (269) - Brookies x899 on 2016-06-28
  NEW: HESSIE L G-18 (199) - Tigers x1320 on 2016-07-14
  NEW: HIDDEN L A-15 (270) - Brookies x801 on 2016-06-28
  NEW: HOOP L (93) - Rainbows x3200 on 2016-06-01
  NEW: HOOP L (93) - Rainbows x8015 on 2016-06-01
  NEW: HOOP L (93) - Rainbows x336 on 2016-06-08
  NEW: ISLAND L A-57 (273) - Tigers x3003 on 2016-06-29
  NEW: JACKS L A-13 (274) - Brookies x121 on 2016-06-28
  NEW: JAMES L A-31 (275) - Brookies x200 on 2016-06-28
  NEW: JERRY L W-28 (494) - Brookies x399 on 2016-06-28
  NEW: JEWELL L BR-38 (49) - Tigers x238 on 2016-06-29
  NEW: JUNIOR L A-56 (277) - Tigers x301 on 2016-06-29
  NEW: LAMBERT MEADOW L A-2 (279) - Brookies x200 on 2016-06-28
  NEW: LILLIAN L A-43 (280) - Brookies x301 on 2016-06-28
  NEW: LILLY L A-58 (281) - Tigers x201 on 2016-06-08
  NEW: LILLY L A-58 (281) - Rainbows x200 on 2016-06-16
  NEW: LILLY L A-58 (281) - Rainbows x200 on 2016-06-20
  NEW: LILLY L A-58 (281) - Tigers x201 on 2016-06-21
  NEW: LILLY L A-58 (281) - Rainbows x200 on 2016-06-28
  NEW: LILLY L A-58 (281) - Tigers x200 on 2016-06-29
  NEW: LILLY L A-58 (281) - Rainbows x300 on 2016-07-05
  NEW: LILLY L A-58 (281) - Tigers x200 on 2016-07-07
  NEW: LILLY L A-58 (281) - Tigers x200 on 2016-07-12
  NEW: LILLY L A-58 (281) - Rainbows x205 on 2016-07-12
  NEW: LILLY L A-58 (281) - Tigers x200 on 2016-07-19
  NEW: LILLY L A-58 (281) - Rainbows x300 on 2016-07-19
  NEW: LILLY L A-58 (281) - Tigers x200 on 2016-07-26
  NEW: LILLY L A-58 (281) - Rainbows x200 on 2016-07-28
  NEW: LILLY L A-58 (281) - Tigers x130 on 2016-08-02
  NEW: LILLY L A-58 (281) - Rainbows x200 on 2016-08-09
  NEW: LILLY L A-58 (281) - Rainbows x271 on 2016-08-23
  NEW: LILY L BR-11 (51) - Rainbows x1200 on 2016-06-07
  NEW: LILY L BR-11 (51) - Rainbows x1201 on 2016-06-29
  NEW: LILY L BR-11 (51) - Rainbows x1101 on 2016-07-21
  NEW: LILY L LOWER A-25 (282) - Brookies x301 on 2016-06-28
  NEW: LOST L A-59 (287) - Rainbows x924 on 2016-06-16
  NEW: LOST L A-59 (287) - Rainbows x1575 on 2016-06-16
  NEW: LOST L A-59 (287) - Rainbows x1360 on 2016-07-05
  NEW: LOST L A-59 (287) - Brookies x2033 on 2016-07-06
  NEW: LOST L A-59 (287) - Rainbows x639 on 2016-07-06
  NEW: LYMAN L, LOWER G-25 (618) - Rainbows x800 on 2016-06-13
  NEW: LYMAN L, LOWER G-25 (618) - Rainbows x499 on 2016-06-29
  NEW: LYMAN L, LOWER G-25 (618) - Brookies x3510 on 2016-07-06
  NEW: LYMAN L, LOWER G-25 (618) - Rainbows x899 on 2016-07-14
  NEW: LYMAN L, LOWER G-25 (618) - Rainbows x801 on 2016-07-28
  NEW: LYMAN L, UPPER G-27 (619) - Rainbows x1000 on 2016-06-13
  NEW: LYMAN L, UPPER G-27 (619) - Rainbows x1000 on 2016-06-29
  NEW: MARSH L G-19 (202) - Rainbows x3041 on 2016-06-07
  NEW: MARSH L G-19 (202) - Rainbows x1980 on 2016-06-15
  NEW: MCPHETERS L BR-14 (53) - Tigers x2878 on 2016-07-14
  NEW: NOTCH L W-36 (501) - Brookies x3001 on 2016-06-28
  NEW: POT L A-8 (296) - Brookies x399 on 2016-06-28
  UNMATCHED: PROVO R - Rainbows x250
  UNMATCHED: PROVO R - Rainbows x254
  UNMATCHED: PROVO R - Rainbows x248
  UNMATCHED: PROVO R - Rainbows x250
  NEW: QUARTER CORNER LG103 (655) - Rainbows x1197 on 2016-06-08
  NEW: REIDS L W-38 (503) - Brookies x500 on 2016-06-28
  UNMATCHED: ROCKPORT RES - Rainbows x9435
  UNMATCHED: ROCKPORT RES - Rainbows x20286
  UNMATCHED: ROCKPORT RES - Rainbows x8960
  UNMATCHED: ROCKPORT RES - Rainbows x15680
  UNMATCHED: ROCKPORT RES - Rainbows x7840
  UNMATCHED: ROCKPORT RES - Rainbows x13024
  UNMATCHED: ROCKPORT RES - Rainbows x4966
  UNMATCHED: ROCKPORT RES - Rainbows x115
  NEW: RUTH L BR-40 (58) - Brookies x533 on 2016-07-26
  NEW: SHADOW L A-52 (299) - Brookies x1399 on 2016-06-28
  NEW: SHINGLE CR,EAST A-39 (301) - Tigers x396 on 2016-07-14
  NEW: SHINGLE CR,WEST P-60 (303) - Brookies x399 on 2016-06-28
  UNMATCHED: SMITH-MOREHOUSE RES - Kokanee x12209
  UNMATCHED: SMITH-MOREHOUSE RES - Rainbows x1680
  UNMATCHED: SMITH-MOREHOUSE RES - Rainbows x1411
  UNMATCHED: SMITH-MOREHOUSE RES - Rainbows x1500
  UNMATCHED: SMITH-MOREHOUSE RES - Rainbows x1500
  UNMATCHED: SMITH-MOREHOUSE RES - Rainbows x497
  UNMATCHED: SMITH-MOREHOUSE RES - Rainbows x1200
  UNMATCHED: SMITH-MOREHOUSE RES - Rainbows x761
  UNMATCHED: SMITH-MOREHOUSE RES - Rainbows x893
  UNMATCHED: SMITH-MOREHOUSE RES - Rainbows x275
  UNMATCHED: SMITH-MOREHOUSE RES - Rainbows x835
  UNMATCHED: SMITH-MOREHOUSE RES - Rainbows x1768
  UNMATCHED: SMITH-MOREHOUSE RES - Rainbows x1143
  UNMATCHED: SMITH-MOREHOUSE RES - Rainbows x1497
  UNMATCHED: STATELINE RES - Rainbows x7140
  UNMATCHED: STATELINE RES - Rainbows x2862
  UNMATCHED: STILLWATER FK - Rainbows x199
  UNMATCHED: STILLWATER FK - Rainbows x250
  UNMATCHED: STILLWATER FK - Rainbows x200
  UNMATCHED: STILLWATER FK - Rainbows x200
  NEW: TEAL L BR-32 (62) - Tigers x700 on 2016-06-29
  NEW: TEAPOT L A-60 (309) - Rainbows x252 on 2016-06-16
  NEW: TEAPOT L A-60 (309) - Rainbows x250 on 2016-06-20
  NEW: TEAPOT L A-60 (309) - Tigers x300 on 2016-06-21
  NEW: TEAPOT L A-60 (309) - Rainbows x248 on 2016-06-28
  NEW: TEAPOT L A-60 (309) - Tigers x299 on 2016-06-29
  NEW: TEAPOT L A-60 (309) - Rainbows x500 on 2016-07-05
  NEW: TEAPOT L A-60 (309) - Brookies x530 on 2016-07-06
  NEW: TEAPOT L A-60 (309) - Tigers x299 on 2016-07-07
  NEW: TEAPOT L A-60 (309) - Rainbows x254 on 2016-07-12
  NEW: TEAPOT L A-60 (309) - Tigers x299 on 2016-07-12
  NEW: TEAPOT L A-60 (309) - Rainbows x250 on 2016-07-19
  NEW: TEAPOT L A-60 (309) - Tigers x250 on 2016-07-19
  NEW: TEAPOT L A-60 (309) - Rainbows x449 on 2016-07-25
  NEW: TEAPOT L A-60 (309) - Tigers x200 on 2016-07-26
  NEW: TEAPOT L A-60 (309) - Tigers x200 on 2016-08-02
  NEW: TEAPOT L A-60 (309) - Rainbows x250 on 2016-08-03
  NEW: TEAPOT L A-60 (309) - Rainbows x250 on 2016-08-09
  NEW: TEAPOT L A-60 (309) - Tigers x259 on 2016-08-10
  NEW: TEAPOT L A-60 (309) - Tigers x250 on 2016-08-15
  NEW: TEAPOT L A-60 (309) - Rainbows x250 on 2016-08-15
  NEW: TEAPOT L A-60 (309) - Rainbows x250 on 2016-08-23
  NEW: TEAPOT L A-60 (309) - Tigers x350 on 2016-08-24
  NEW: TEAPOT L A-60 (309) - Rainbows x250 on 2016-08-29
  NEW: TRIAL L A-61 (310) - Rainbows x1750 on 2016-06-20
  NEW: TRIAL L A-61 (310) - Tigers x501 on 2016-06-21
  NEW: TRIAL L A-61 (310) - Rainbows x1000 on 2016-06-27
  NEW: TRIAL L A-61 (310) - Tigers x499 on 2016-06-29
  NEW: TRIAL L A-61 (310) - Rainbows x750 on 2016-07-05
  NEW: TRIAL L A-61 (310) - Brookies x1418 on 2016-07-06
  NEW: TRIAL L A-61 (310) - Brookies x2608 on 2016-07-06
  NEW: TRIAL L A-61 (310) - Tigers x499 on 2016-07-07
  NEW: TRIAL L A-61 (310) - Tigers x499 on 2016-07-12
  NEW: TRIAL L A-61 (310) - Rainbows x751 on 2016-07-14
  NEW: TRIAL L A-61 (310) - Rainbows x850 on 2016-07-18
  NEW: TRIAL L A-61 (310) - Tigers x499 on 2016-07-19
  NEW: TRIAL L A-61 (310) - Tigers x499 on 2016-07-26
  NEW: TRIAL L A-61 (310) - Rainbows x749 on 2016-07-28
  NEW: TRIAL L A-61 (310) - Tigers x499 on 2016-08-02
  NEW: TRIAL L A-61 (310) - Rainbows x999 on 2016-08-03
  NEW: TRIAL L A-61 (310) - Tigers x259 on 2016-08-10
  NEW: TRIAL L A-61 (310) - Rainbows x999 on 2016-08-10
  NEW: TRIAL L A-61 (310) - Tigers x550 on 2016-08-15
  NEW: TRIAL L A-61 (310) - Rainbows x999 on 2016-08-16
  NEW: TRIAL L A-61 (310) - Rainbows x598 on 2016-08-23
  NEW: TRIAL L A-61 (310) - Tigers x499 on 2016-08-24
  NEW: TRIAL L A-61 (310) - Tigers x501 on 2016-08-29
  NEW: TRIAL L A-61 (310) - Rainbows x350 on 2016-08-29
  NEW: TRIAL L A-61 (310) - Rainbows x640 on 2016-09-06
  NEW: W-52 (514) - Brookies x396 on 2016-07-26
  NEW: W-57 (517) - Brookies x327 on 2016-07-26
  NEW: W-62 (521) - Brookies x200 on 2016-06-28
  NEW: WASHINGTON L A-23 (315) - Rainbows x749 on 2016-06-20
  NEW: WASHINGTON L A-23 (315) - Tigers x300 on 2016-06-21
  NEW: WASHINGTON L A-23 (315) - Rainbows x750 on 2016-06-27
  NEW: WASHINGTON L A-23 (315) - Tigers x299 on 2016-06-29
  NEW: WASHINGTON L A-23 (315) - Rainbows x1005 on 2016-07-05
  NEW: WASHINGTON L A-23 (315) - Brookies x2033 on 2016-07-06
  NEW: WASHINGTON L A-23 (315) - Tigers x299 on 2016-07-07
  NEW: WASHINGTON L A-23 (315) - Tigers x299 on 2016-07-12
  NEW: WASHINGTON L A-23 (315) - Rainbows x749 on 2016-07-14
  NEW: WASHINGTON L A-23 (315) - Rainbows x751 on 2016-07-18
  NEW: WASHINGTON L A-23 (315) - Tigers x299 on 2016-07-19
  NEW: WASHINGTON L A-23 (315) - Tigers x299 on 2016-07-26
  NEW: WASHINGTON L A-23 (315) - Rainbows x749 on 2016-07-28
  NEW: WASHINGTON L A-23 (315) - Tigers x299 on 2016-08-02
  NEW: WATSON L A-27 (316) - Brookies x601 on 2016-06-28
  UNMATCHED: WEBER R - Rainbows x101
  UNMATCHED: WEBER R - Rainbows x101
  UNMATCHED: WEBER R - Rainbows x101
  UNMATCHED: WEBER R - Rainbows x101
  UNMATCHED: WEBER R - Rainbows x101
  UNMATCHED: WEBER R - Rainbows x101
  UNMATCHED: WEBER R - Rainbows x99
  UNMATCHED: WEBER R - Rainbows x99
  UNMATCHED: WEBER R - Rainbows x99
  UNMATCHED: WEBER R - Rainbows x97
  UNMATCHED: WEBER R - Rainbows x97
  UNMATCHED: WEBER R - Rainbows x97
  UNMATCHED: WEBER R - Rainbows x101
  UNMATCHED: WEBER R - Rainbows x101
  UNMATCHED: WEBER R - Rainbows x101
  UNMATCHED: WHITNEY RES - Rainbows x3999
  UNMATCHED: WHITNEY RES - Tigers x20640
  UNMATCHED: WHITNEY RES - Rainbows x1066
  UNMATCHED: WHITNEY RES - Rainbows x1934
  UNMATCHED: WHITNEY RES - Rainbows x1999
  NEW: YELLOWPINE,LOWER W66 (522) - Brookies x200 on 2016-06-28
  NEW: YELLOWPINE,UPPER W65 (523) - Brookies x301 on 2016-06-28

Summit Summary: 171 new records, 12 unmatched

=== PROCESSING DUCHESNE COUNTY ===
  NEW: AMOEBA L X-90 (206) - Cutthroats x636 on 2016-09-20
  NEW: ANGEL L WR-19 (558) - Cutthroats x545 on 2016-09-20
  NEW: ANN L WR-74 (564) - Cutthroats x272 on 2016-09-20
  UNMATCHED: BIG SANDWASH RES - Rainbows x5450
  UNMATCHED: BIG SANDWASH RES - Walleye x500986
  UNMATCHED: BIG SANDWASH RES - Walleye x406403
  UNMATCHED: BIG SANDWASH RES - Walleye x2428970
  UNMATCHED: BIG SANDWASH RES - Walleye x1247927
  UNMATCHED: BIG SANDWASH RES - Walleye x1517696
  UNMATCHED: BIG SANDWASH RES - Rainbows x4720
  UNMATCHED: BIG SANDWASH RES - Rainbows x4227
  NEW: BLUE L Z-32 (118) - Tigers x1399 on 2016-07-14
  NEW: BONNIE L Z-6 (120) - Brookies x601 on 2016-06-28
  NEW: BROWN DUCK L X-31 (210) - Cutthroats x2724 on 2016-09-20
  UNMATCHED: BROWNS DRAW RES - Tigers x9956
  UNMATCHED: BROWNS DRAW RES - Rainbows x20022
  NEW: BUD L Z-2 (122) - Brookies x559 on 2016-06-28
  NEW: BUTTERFLY L Z-1 (123) - Rainbows x400 on 2016-06-20
  NEW: BUTTERFLY L Z-1 (123) - Tigers x201 on 2016-06-21
  NEW: BUTTERFLY L Z-1 (123) - Rainbows x400 on 2016-06-28
  NEW: BUTTERFLY L Z-1 (123) - Tigers x204 on 2016-06-29
  NEW: BUTTERFLY L Z-1 (123) - Brookies x530 on 2016-07-06
  NEW: BUTTERFLY L Z-1 (123) - Rainbows x400 on 2016-07-06
  NEW: BUTTERFLY L Z-1 (123) - Tigers x203 on 2016-07-07
  NEW: BUTTERFLY L Z-1 (123) - Rainbows x400 on 2016-07-12
  NEW: BUTTERFLY L Z-1 (123) - Tigers x200 on 2016-07-12
  NEW: BUTTERFLY L Z-1 (123) - Rainbows x300 on 2016-07-19
  NEW: BUTTERFLY L Z-1 (123) - Tigers x200 on 2016-07-19
  NEW: BUTTERFLY L Z-1 (123) - Rainbows x300 on 2016-07-25
  NEW: BUTTERFLY L Z-1 (123) - Tigers x200 on 2016-07-26
  NEW: BUTTERFLY L Z-1 (123) - Tigers x200 on 2016-08-02
  NEW: BUTTERFLY L Z-1 (123) - Rainbows x299 on 2016-08-03
  NEW: BUTTERFLY L Z-1 (123) - Rainbows x301 on 2016-08-09
  NEW: BUTTERFLY L Z-1 (123) - Tigers x562 on 2016-08-10
  NEW: BUTTERFLY L Z-1 (123) - Rainbows x301 on 2016-08-15
  NEW: BUTTERFLY L Z-1 (123) - Tigers x250 on 2016-08-15
  NEW: BUTTERFLY L Z-1 (123) - Rainbows x400 on 2016-08-23
  NEW: BUTTERFLY L Z-1 (123) - Tigers x226 on 2016-08-24
  NEW: BUTTERFLY L Z-1 (123) - Rainbows x299 on 2016-08-29
  NEW: BUTTERFLY L Z-1 (123) - Tigers x299 on 2016-08-29
  NEW: CARROT L U-17 (433) - Brookies x1571 on 2016-06-30
  NEW: CASTLE L D-14 (622) - Tigers x99 on 2016-07-14
  NEW: CLEMENTS RES X-74 (212) - Cutthroats x3904 on 2016-09-20
  NEW: CLEVELAND L WR-7 (525) - Brookies x2457 on 2016-06-30
  NEW: CLIFF L WR-49 (526) - Brookies x4056 on 2016-06-30
  NEW: CONTINENT L X-121 (331) - Cutthroats x2724 on 2016-09-20
  NEW: DAYNES L Z-38 (333) - Brookies x2048 on 2016-07-26
  NEW: DEER L X-55 (411) - Cutthroats x1544 on 2016-09-20
  UNMATCHED: DUCHESNE R - Rainbows x251
  UNMATCHED: DUCHESNE R - Rainbows x248
  UNMATCHED: DUCHESNE R, N FK - Rainbows x836
  UNMATCHED: DUCHESNE R, N FK - Rainbows x832
  UNMATCHED: DUCHESNE R, N FK - Rainbows x835
  NEW: ELBOW L WR-58 (528) - Brookies x3314 on 2016-06-30
  NEW: EMERALD L D-20 (134) - Brookies x74 on 2016-06-28
  NEW: FARMERS L X-23 (412) - Brookies x6370 on 2016-06-30
  NEW: FOX RES U-47 (444) - Brookies x8170 on 2016-06-30
  NEW: GEM L Z-18 (140) - Tigers x297 on 2016-07-14
  NEW: GIBBY L RC-30 (342) - Cutthroats x272 on 2016-09-20
  NEW: GRANDADDY L X-9 (345) - Cutthroats x17252 on 2016-09-20
  NEW: GREEN MEADOW POND (499) - Cutthroats x503 on 2016-10-05
  NEW: HELLER L DG-28 (113) - Cutthroats x999 on 2016-09-20
  NEW: HORSESHOE L RC-38 (348) - Brookies x189 on 2016-07-26
  UNMATCHED: INDIAN CYN CR - Cutthroats x988
  NEW: JOAN L Z-19 (145) - Brookies x1531 on 2016-07-26
  NEW: JORDAN L Z-35 (146) - Brookies x2379 on 2016-07-26
  NEW: KIDNEY L, WEST U-26 (448) - Brookies x3056 on 2016-06-30
  UNMATCHED: LAKE CANYON L - Tigers x580
  UNMATCHED: LAKE CANYON L - Cutthroats x1496
  UNMATCHED: LAKE CYN - Rainbows x375
  UNMATCHED: LAKE CYN - Cutthroats x1005
  UNMATCHED: LAKE FK R - Rainbows x375
  UNMATCHED: LAKE FK R - Cutthroats x3996
  NEW: LAMBERT L LF-21 (219) - Brookies x771 on 2016-06-30
  NEW: LARVAE L WR-12 (531) - Brookies x628 on 2016-06-30
  NEW: LECONTE L Z-33 (147) - Tigers x594 on 2016-07-14
  NEW: LF-16 (221) - Brookies x371 on 2016-06-30
  NEW: LILY L S-15 (414) - Brookies x257 on 2016-06-30
  NEW: LOWER CUTTHROAT POND (45) - Cutthroats x207 on 2016-10-04
  NEW: MABA L Z-8 (148) - Brookies x636 on 2016-07-26
  NEW: MIRROR L Z-3 (151) - Rainbows x900 on 2016-06-20
  NEW: MIRROR L Z-3 (151) - Tigers x501 on 2016-06-21
  NEW: MIRROR L Z-3 (151) - Rainbows x750 on 2016-06-27
  NEW: MIRROR L Z-3 (151) - Tigers x499 on 2016-06-29
  NEW: MIRROR L Z-3 (151) - Rainbows x1005 on 2016-07-05
  NEW: MIRROR L Z-3 (151) - Brookies x3526 on 2016-07-06
  NEW: MIRROR L Z-3 (151) - Tigers x499 on 2016-07-07
  NEW: MIRROR L Z-3 (151) - Tigers x499 on 2016-07-12
  NEW: MIRROR L Z-3 (151) - Rainbows x751 on 2016-07-14
  NEW: MIRROR L Z-3 (151) - Rainbows x751 on 2016-07-18
  NEW: MIRROR L Z-3 (151) - Tigers x499 on 2016-07-19
  NEW: MIRROR L Z-3 (151) - Tigers x499 on 2016-07-26
  NEW: MIRROR L Z-3 (151) - Rainbows x1000 on 2016-07-28
  NEW: MIRROR L Z-3 (151) - Tigers x499 on 2016-08-02
  NEW: MIRROR L Z-3 (151) - Rainbows x999 on 2016-08-03
  NEW: MIRROR L Z-3 (151) - Rainbows x999 on 2016-08-10
  NEW: MIRROR L Z-3 (151) - Tigers x562 on 2016-08-10
  NEW: MIRROR L Z-3 (151) - Tigers x550 on 2016-08-15
  NEW: MIRROR L Z-3 (151) - Rainbows x999 on 2016-08-16
  NEW: MIRROR L Z-3 (151) - Rainbows x501 on 2016-08-23
  NEW: MIRROR L Z-3 (151) - Tigers x499 on 2016-08-24
  NEW: MIRROR L Z-3 (151) - Rainbows x501 on 2016-08-29
  NEW: MIRROR L Z-3 (151) - Tigers x442 on 2016-08-29
  NEW: MIRROR L Z-3 (151) - Rainbows x640 on 2016-09-06
  UNMATCHED: MOON L - Rainbows x2750
  UNMATCHED: MOON L - Tigers x2100
  UNMATCHED: MOON L - Splake x10070
  UNMATCHED: MOON L - Tigers x1223
  UNMATCHED: MOON L - Tigers x4226
  NEW: MOOSEHORN L Z-4 (152) - Tigers x201 on 2016-06-21
  NEW: MOOSEHORN L Z-4 (152) - Rainbows x400 on 2016-06-28
  NEW: MOOSEHORN L Z-4 (152) - Tigers x200 on 2016-06-29
  NEW: MOOSEHORN L Z-4 (152) - Rainbows x400 on 2016-07-05
  NEW: MOOSEHORN L Z-4 (152) - Tigers x200 on 2016-07-07
  NEW: MOOSEHORN L Z-4 (152) - Tigers x200 on 2016-07-12
  NEW: MOOSEHORN L Z-4 (152) - Rainbows x400 on 2016-07-12
  NEW: MOOSEHORN L Z-4 (152) - Tigers x200 on 2016-07-19
  NEW: MOOSEHORN L Z-4 (152) - Rainbows x400 on 2016-07-19
  NEW: MOOSEHORN L Z-4 (152) - Rainbows x399 on 2016-07-25
  NEW: MOOSEHORN L Z-4 (152) - Tigers x200 on 2016-07-26
  NEW: MOOSEHORN L Z-4 (152) - Tigers x200 on 2016-08-02
  NEW: MOOSEHORN L Z-4 (152) - Rainbows x400 on 2016-08-03
  NEW: MOOSEHORN L Z-4 (152) - Rainbows x400 on 2016-08-09
  NEW: MOOSEHORN L Z-4 (152) - Tigers x202 on 2016-08-10
  NEW: MOOSEHORN L Z-4 (152) - Rainbows x398 on 2016-08-15
  NEW: MOOSEHORN L Z-4 (152) - Tigers x180 on 2016-08-15
  NEW: MOOSEHORN L Z-4 (152) - Tigers x226 on 2016-08-24
  NEW: MORAT 1 L Z-31 (153) - Tigers x396 on 2016-07-14
  NEW: MORAT 1 L Z-31 (153) - Cutthroats x1362 on 2016-09-20
  NEW: PALISADE L Z-28 (363) - Brookies x1485 on 2016-06-30
  NEW: PASS L Z-5 (158) - Rainbows x400 on 2016-06-20
  NEW: PASS L Z-5 (158) - Tigers x300 on 2016-06-21
  NEW: PASS L Z-5 (158) - Rainbows x398 on 2016-06-27
  NEW: PASS L Z-5 (158) - Tigers x299 on 2016-06-29
  NEW: PASS L Z-5 (158) - Brookies x530 on 2016-07-06
  NEW: PASS L Z-5 (158) - Rainbows x400 on 2016-07-06
  NEW: PASS L Z-5 (158) - Tigers x299 on 2016-07-07
  NEW: PASS L Z-5 (158) - Rainbows x400 on 2016-07-12
  NEW: PASS L Z-5 (158) - Tigers x299 on 2016-07-12
  NEW: PASS L Z-5 (158) - Tigers x250 on 2016-07-19
  NEW: PASS L Z-5 (158) - Rainbows x400 on 2016-07-19
  NEW: PASS L Z-5 (158) - Rainbows x399 on 2016-07-25
  NEW: PASS L Z-5 (158) - Tigers x200 on 2016-07-26
  NEW: PASS L Z-5 (158) - Tigers x200 on 2016-08-02
  NEW: PASS L Z-5 (158) - Rainbows x400 on 2016-08-03
  NEW: PASS L Z-5 (158) - Rainbows x400 on 2016-08-09
  NEW: PASS L Z-5 (158) - Tigers x259 on 2016-08-10
  NEW: PASS L Z-5 (158) - Tigers x250 on 2016-08-15
  NEW: PASS L Z-5 (158) - Rainbows x400 on 2016-08-15
  NEW: PASS L Z-5 (158) - Rainbows x400 on 2016-08-23
  NEW: PASS L Z-5 (158) - Tigers x350 on 2016-08-24
  NEW: PASS L Z-5 (158) - Rainbows x200 on 2016-08-29
  NEW: PINE ISLAND L X-8 (365) - Brookies x8484 on 2016-06-30
  NEW: POWELL L Z-30 (367) - Cutthroats x2724 on 2016-09-20
  NEW: PYRAMID L Z-17 (159) - Brookies x1531 on 2016-07-26
  NEW: QUEANT L WR-4 (541) - Brookies x4170 on 2016-06-30
  NEW: RAINBOW L Z-25 (368) - Brookies x3571 on 2016-06-30
  UNMATCHED: RED CR RES - Tigers x4978
  UNMATCHED: RED CR RES - Rainbows x10152
  UNMATCHED: ROCK CR - Rainbows x1872
  UNMATCHED: ROCK CR - Rainbows x1378
  NEW: RUDOLPH L NO 1 X-39 (373) - Brookies x2243 on 2016-07-26
  NEW: SCOUT L Z-12 (160) - Rainbows x400 on 2016-06-29
  NEW: SCOUT L Z-12 (160) - Brookies x1025 on 2016-07-06
  NEW: SCOUT L Z-12 (160) - Rainbows x400 on 2016-07-06
  NEW: SCOUT L Z-12 (160) - Rainbows x400 on 2016-07-12
  NEW: SCOUT L Z-12 (160) - Rainbows x400 on 2016-07-19
  NEW: SCOUT L Z-12 (160) - Rainbows x400 on 2016-07-28
  NEW: SCOUT L Z-12 (160) - Rainbows x339 on 2016-08-02
  NEW: SEA LION L RC-11 (376) - Cutthroats x817 on 2016-09-20
  NEW: SHAMROCK L X-98 (378) - Brookies x1875 on 2016-07-26
  NEW: SONNY L X-12 (164) - Brookies x430 on 2016-07-26
  NEW: SPIDER L X-109 (576) - Brookies x2057 on 2016-06-30
  UNMATCHED: STARVATION RES - Kokanee x60300
  UNMATCHED: STARVATION RES - Kokanee x60300
  UNMATCHED: STARVATION RES - Rainbows x59940
  UNMATCHED: STARVATION RES - Rainbows x7670
  UNMATCHED: STARVATION RES - Rainbows x13240
  UNMATCHED: STARVATION RES - Rainbows x4950
  UNMATCHED: STARVATION RES - Rainbows x12450
  UNMATCHED: STARVATION RES - Rainbows x13650
  UNMATCHED: STARVATION RES - Rainbows x3200
  UNMATCHED: STARVATION RES - Rainbows x4800
  UNMATCHED: STARVATION RES - Rainbows x3000
  UNMATCHED: STRAWBERRY R - Rainbows x1005
  NEW: THOMPSON L RC-8 (382) - Brookies x1428 on 2016-07-26
  UNMATCHED: TIMBER CYN CR - Cutthroats x1005
  NEW: TIMOTHY L, EAST X-16 (418) - Brookies x1057 on 2016-06-30
  NEW: TIMOTHY L, WEST X-19 (419) - Brookies x2314 on 2016-06-30
  NEW: U- 50 (466) - Brookies x971 on 2016-06-30
  NEW: U- 91 (664) - Cutthroats x545 on 2016-09-20
  UNMATCHED: UINTA R - Rainbows x1283
  UNMATCHED: UINTA R - Rainbows x1278
  NEW: UPPER CUTTHROAT POND (45) - Cutthroats x138 on 2016-10-04
  NEW: WYMAN L Z-14 (125) - Brookies x1032 on 2016-07-26
  NEW: X- 22 (366) - Cutthroats x908 on 2016-09-20
  NEW: X- 84 (246) - Brookies x543 on 2016-06-30
  UNMATCHED: YELLOWSTONE R - Rainbows x521
  UNMATCHED: YELLOWSTONE R - Rainbows x389

Duchesne Summary: 151 new records, 16 unmatched

=== 2016 IMPORT SUMMARY ===
Total new records: 322
Total unmatched lakes: 28
Ambiguous matches: 0
CSV file updated: /Volumes/OLAF EXT/jedwoodx/repos/uintas/data/utah_dwr_stocking_data.csv
Run completed at: 2025-08-25 17:20:07
