=== IMPORTING 2007 STOCKING DATA ===
Started at: 2025-08-25 18:38:50


=== PROCESSING SUMMIT COUNTY ===
  NEW: ALEXANDER L A-1 (250) - Brookies x1152 on 2007-07-09
  UNMATCHED: BEAR R, E FK - Rainbows x300
  UNMATCHED: BEAR R, E FK - Rainbows x298
  UNMATCHED: BEAR R, E FK - Rainbows x251
  NEW: BEAVER CR (32) - Rainbows x152 on 2007-06-12
  NEW: BEAVER CR (32) - Rainbows x157 on 2007-06-25
  NEW: BEAVER CR (32) - Rainbows x100 on 2007-07-02
  NEW: BEAVER CR (32) - Rainbows x151 on 2007-07-10
  NEW: BEAVER CR (32) - Rainbows x150 on 2007-07-23
  NEW: BEAVER CR (32) - Brown Trout x342 on 2007-10-12
  NEW: BEAVER L A-17 (252) - Brookies x398 on 2007-07-11
  NEW: BEAVER L BR-10 (32) - Rainbows x2038 on 2007-06-05
  NEW: BRIDGER L G-20 (173) - Rainbows x2009 on 2007-05-18
  NEW: BRIDGER L G-20 (173) - Rainbows x1800 on 2007-06-04
  NEW: BRIDGER L G-20 (173) - Brookies x2117 on 2007-06-04
  NEW: BRIDGER L G-20 (173) - Rainbows x1503 on 2007-06-26
  NEW: BRIDGER L G-20 (173) - Rainbows x1500 on 2007-07-11
  NEW: BRIDGER L G-20 (173) - Rainbows x1300 on 2007-08-14
  NEW: CHARITY L P-16 (652) - Brookies x203 on 2007-07-09
  NEW: CHINA L G-21 (174) - Brookies x7800 on 2007-07-11
  NEW: CHINA L G-21 (174) - Grayling x7799 on 2007-07-30
  NEW: CLIFF L A-34 (261) - Cutthroats x1113 on 2007-09-10
  NEW: CRYSTAL L A-51 (262) - Brookies x498 on 2007-07-09
  NEW: DEAN L W-35 (485) - Brookies x600 on 2007-07-09
  UNMATCHED: DEER VALLEY LAKES - Rainbows x801
  UNMATCHED: ECHO RES - Rainbows x17442
  UNMATCHED: ECHO RES - Rainbows x3875
  UNMATCHED: ECHO RES - Rainbows x1455
  UNMATCHED: ECHO RES - Rainbows x1352
  UNMATCHED: ECHO RES - Rainbows x1455
  UNMATCHED: ECHO RES - Rainbows x1463
  UNMATCHED: ECHO RES - Rainbows x1422
  UNMATCHED: ECHO RES - Rainbows x1422
  UNMATCHED: ECHO RES - Rainbows x1422
  UNMATCHED: ECHO RES - Rainbows x1430
  UNMATCHED: ECHO RES - Rainbows x1309
  UNMATCHED: ECHO RES - Rainbows x959
  UNMATCHED: ECHO RES - Rainbows x1309
  UNMATCHED: ECHO RES - Rainbows x278
  UNMATCHED: ECHO RES - Rainbows x1309
  UNMATCHED: ECHO RES - Rainbows x1095
  UNMATCHED: ECHO RES - Rainbows x1095
  UNMATCHED: ECHO RES - Rainbows x1095
  UNMATCHED: ECHO RES - Rainbows x1095
  NEW: ERICKSON L,SOUTH W25 (488) - Brookies x998 on 2007-07-09
  NEW: FIRE L A-14 (267) - Cutthroats x2492 on 2007-09-10
  NEW: FISH L GR-125 (86) - Brookies x4605 on 2007-07-16
  NEW: G- 40 (663) - Brookies x300 on 2007-07-09
  NEW: G- 51 (191) - Brookies x648 on 2007-07-09
  NEW: G- 52 (192) - Brookies x300 on 2007-07-09
  NEW: G- 61 (197) - Brookies x398 on 2007-07-09
  NEW: GR-119 (666) - Grayling x301 on 2007-07-30
  NEW: GR-155 (67) - Brookies x200 on 2007-07-16
  NEW: GR-160 (70) - Brookies x501 on 2007-07-16
  NEW: GR-161 (71) - Brookies x400 on 2007-07-16
  UNMATCHED: HAYDEN FK - Rainbows x249
  UNMATCHED: HAYDEN FK - Rainbows x249
  NEW: HIDDEN L (68) - Rainbows x534 on 2007-05-15
  NEW: HOOP L (93) - Rainbows x1067 on 2007-05-15
  NEW: HOOP L (93) - Rainbows x8352 on 2007-05-17
  NEW: JERRY L W-28 (494) - Brookies x398 on 2007-07-09
  NEW: KABELL L GR-140 (95) - Grayling x1500 on 2007-07-30
  UNMATCHED: KIMBALL CR - Brown Trout x3068
  NEW: LAMBERT MEADOW L A-2 (279) - Brookies x204 on 2007-07-11
  NEW: LILLY L A-58 (281) - Rainbows x300 on 2007-06-01
  NEW: LILLY L A-58 (281) - Rainbows x300 on 2007-06-05
  NEW: LILLY L A-58 (281) - Rainbows x298 on 2007-06-19
  NEW: LILLY L A-58 (281) - Rainbows x305 on 2007-06-25
  NEW: LILLY L A-58 (281) - Brookies x530 on 2007-06-28
  NEW: LILLY L A-58 (281) - Rainbows x300 on 2007-07-03
  NEW: LILLY L A-58 (281) - Rainbows x299 on 2007-07-10
  NEW: LILLY L A-58 (281) - Rainbows x299 on 2007-07-17
  NEW: LILLY L A-58 (281) - Rainbows x299 on 2007-07-23
  NEW: LILLY L A-58 (281) - Rainbows x299 on 2007-07-31
  NEW: LILLY L A-58 (281) - Rainbows x317 on 2007-08-07
  NEW: LILLY L A-58 (281) - Rainbows x298 on 2007-08-14
  NEW: LILLY L A-58 (281) - Rainbows x299 on 2007-08-21
  NEW: LILY L BR-11 (51) - Rainbows x1150 on 2007-06-01
  NEW: LILY L BR-11 (51) - Rainbows x1101 on 2007-06-25
  NEW: LITTLE ELK L A-19 (284) - Cutthroats x2003 on 2007-09-10
  NEW: LOST L A-59 (287) - Rainbows x1125 on 2007-05-31
  NEW: LOST L A-59 (287) - Rainbows x1750 on 2007-05-31
  NEW: LOST L A-59 (287) - Brookies x4004 on 2007-06-13
  NEW: LOST L A-59 (287) - Brookies x4016 on 2007-06-28
  NEW: LYMAN L, LOWER G-25 (618) - Rainbows x1000 on 2007-06-05
  NEW: LYMAN L, LOWER G-25 (618) - Brookies x3469 on 2007-06-05
  NEW: LYMAN L, LOWER G-25 (618) - Rainbows x1400 on 2007-07-10
  NEW: LYMAN L, UPPER G-27 (619) - Rainbows x763 on 2007-06-05
  NEW: LYMAN L, UPPER G-27 (619) - Brookies x1024 on 2007-06-05
  NEW: MARSH L G-19 (202) - Rainbows x1984 on 2007-05-18
  NEW: MARSH L G-19 (202) - Rainbows x2009 on 2007-05-18
  NEW: OLSON L W-32 (502) - Brookies x698 on 2007-07-09
  NEW: POT L A-8 (296) - Brookies x398 on 2007-07-11
  UNMATCHED: PROVO R - Cutthroats x15285
  NEW: QUARTER CORNER LG103 (655) - Rainbows x1215 on 2007-05-16
  NEW: ROCK L A-10 (298) - Brookies x803 on 2007-07-09
  UNMATCHED: ROCKPORT RES - Rainbows x16796
  UNMATCHED: ROCKPORT RES - Rainbows x3875
  UNMATCHED: ROCKPORT RES - Tigers x9028
  UNMATCHED: ROCKPORT RES - Tigers x8880
  UNMATCHED: ROCKPORT RES - Tigers x9176
  UNMATCHED: ROCKPORT RES - Tigers x9620
  UNMATCHED: ROCKPORT RES - Rainbows x3920
  UNMATCHED: ROCKPORT RES - Rainbows x3798
  UNMATCHED: ROCKPORT RES - Rainbows x3675
  UNMATCHED: ROCKPORT RES - Rainbows x3450
  UNMATCHED: ROCKPORT RES - Rainbows x3724
  UNMATCHED: ROCKPORT RES - Rainbows x3675
  UNMATCHED: ROCKPORT RES - Rainbows x3871
  UNMATCHED: ROCKPORT RES - Rainbows x3675
  UNMATCHED: ROCKPORT RES - Rainbows x3975
  UNMATCHED: ROCKPORT RES - Rainbows x4240
  UNMATCHED: ROCKPORT RES - Rainbows x4240
  UNMATCHED: ROCKPORT RES - Rainbows x4187
  UNMATCHED: ROCKPORT RES - Rainbows x4240
  UNMATCHED: ROCKPORT RES - Rainbows x4240
  UNMATCHED: ROCKPORT RES - Rainbows x3975
  UNMATCHED: ROCKPORT RES - Rainbows x4240
  UNMATCHED: ROCKPORT RES - Rainbows x3710
  UNMATCHED: ROCKPORT RES - Rainbows x3710
  UNMATCHED: ROCKPORT RES - Rainbows x3816
  UNMATCHED: ROCKPORT RES - Rainbows x3710
  UNMATCHED: ROCKPORT RES - Tigers x4189
  UNMATCHED: ROCKPORT RES - Tigers x4189
  NEW: ROUND L GR-131 (96) - Grayling x1701 on 2007-07-30
  NEW: RUTH L BR-40 (58) - Brookies x252 on 2007-07-09
  NEW: SCOW L BR-12 (61) - Brookies x1698 on 2007-07-09
  NEW: SHINGLE CR,WEST P-60 (303) - Brookies x398 on 2007-07-09
  UNMATCHED: SMITH-MOREHOUSE RES - Rainbows x4615
  UNMATCHED: SMITH-MOREHOUSE RES - Rainbows x1599
  UNMATCHED: SMITH-MOREHOUSE RES - Rainbows x1560
  UNMATCHED: SMITH-MOREHOUSE RES - Rainbows x1580
  UNMATCHED: SMITH-MOREHOUSE RES - Tigers x10034
  UNMATCHED: SMITH-MOREHOUSE RES - Cutthroats x10250
  NEW: SNOW L GR-130 (89) - Grayling x940 on 2007-07-30
  NEW: STAR L A-42 (307) - Grayling x2003 on 2007-07-30
  UNMATCHED: STATELINE RES - Rainbows x2257
  UNMATCHED: STATELINE RES - Rainbows x2257
  UNMATCHED: STATELINE RES - Rainbows x2257
  UNMATCHED: STATELINE RES - Rainbows x2257
  UNMATCHED: STILLWATER FK - Rainbows x355
  UNMATCHED: STILLWATER FK - Rainbows x357
  NEW: TEAPOT L A-60 (309) - Rainbows x500 on 2007-06-01
  NEW: TEAPOT L A-60 (309) - Rainbows x500 on 2007-06-05
  NEW: TEAPOT L A-60 (309) - Brookies x501 on 2007-06-13
  NEW: TEAPOT L A-60 (309) - Rainbows x585 on 2007-06-19
  NEW: TEAPOT L A-60 (309) - Rainbows x500 on 2007-06-25
  NEW: TEAPOT L A-60 (309) - Rainbows x499 on 2007-07-03
  NEW: TEAPOT L A-60 (309) - Rainbows x499 on 2007-07-09
  NEW: TEAPOT L A-60 (309) - Rainbows x499 on 2007-07-17
  NEW: TEAPOT L A-60 (309) - Rainbows x499 on 2007-07-23
  NEW: TEAPOT L A-60 (309) - Rainbows x499 on 2007-07-31
  NEW: TEAPOT L A-60 (309) - Rainbows x500 on 2007-08-07
  NEW: TEAPOT L A-60 (309) - Rainbows x500 on 2007-08-13
  NEW: TEAPOT L A-60 (309) - Rainbows x499 on 2007-08-21
  NEW: TRIAL L A-61 (310) - Rainbows x1075 on 2007-06-05
  NEW: TRIAL L A-61 (310) - Brookies x8008 on 2007-06-13
  NEW: TRIAL L A-61 (310) - Rainbows x1004 on 2007-06-19
  NEW: TRIAL L A-61 (310) - Rainbows x499 on 2007-06-19
  NEW: TRIAL L A-61 (310) - Rainbows x1055 on 2007-06-25
  NEW: TRIAL L A-61 (310) - Brookies x5296 on 2007-06-28
  NEW: TRIAL L A-61 (310) - Rainbows x1008 on 2007-07-02
  NEW: TRIAL L A-61 (310) - Rainbows x540 on 2007-07-02
  NEW: TRIAL L A-61 (310) - Rainbows x1980 on 2007-07-10
  NEW: TRIAL L A-61 (310) - Rainbows x510 on 2007-07-16
  NEW: TRIAL L A-61 (310) - Rainbows x1010 on 2007-07-16
  NEW: TRIAL L A-61 (310) - Rainbows x999 on 2007-07-23
  NEW: TRIAL L A-61 (310) - Rainbows x1008 on 2007-07-31
  NEW: TRIAL L A-61 (310) - Rainbows x1000 on 2007-08-07
  NEW: TRIAL L A-61 (310) - Rainbows x460 on 2007-08-07
  NEW: TRIAL L A-61 (310) - Rainbows x1000 on 2007-08-13
  NEW: TRIAL L A-61 (310) - Grayling x4243 on 2007-08-20
  NEW: TRIAL L A-61 (310) - Rainbows x1232 on 2007-08-21
  NEW: TRIAL L A-61 (310) - Rainbows x200 on 2007-08-21
  NEW: TRIAL L A-61 (310) - Tigers x2000 on 2007-08-31
  NEW: TWIN L, LOWER A-33 (312) - Brookies x300 on 2007-07-09
  NEW: W-57 (517) - Brookies x300 on 2007-07-09
  NEW: W-62 (521) - Brookies x203 on 2007-07-09
  NEW: WASHINGTON L A-23 (315) - Rainbows x900 on 2007-06-06
  NEW: WASHINGTON L A-23 (315) - Brookies x4004 on 2007-06-13
  NEW: WASHINGTON L A-23 (315) - Rainbows x704 on 2007-06-19
  NEW: WASHINGTON L A-23 (315) - Rainbows x999 on 2007-06-25
  NEW: WASHINGTON L A-23 (315) - Brookies x3001 on 2007-06-28
  NEW: WASHINGTON L A-23 (315) - Rainbows x809 on 2007-07-03
  NEW: WASHINGTON L A-23 (315) - Rainbows x1654 on 2007-07-10
  NEW: WASHINGTON L A-23 (315) - Grayling x2003 on 2007-07-30
  NEW: WASHINGTON L A-23 (315) - Grayling x8135 on 2007-08-20
  NEW: WASHINGTON L A-23 (315) - Tigers x2000 on 2007-08-31
  UNMATCHED: WEBER R - Cutthroats x4527
  NEW: WHISKEY ISLAND L BR3 (63) - Grayling x2003 on 2007-07-30
  UNMATCHED: WHITNEY RES - Rainbows x1340
  UNMATCHED: WHITNEY RES - Rainbows x1340
  UNMATCHED: WHITNEY RES - Rainbows x1389
  UNMATCHED: WHITNEY RES - Tigers x6000
  UNMATCHED: WHITNEY RES - All Trout x28232
  UNMATCHED: WHITNEY RES - Cutthroats x47227
  NEW: YELLOWPINE,LOWER W66 (522) - Brookies x203 on 2007-07-09

Summit Summary: 123 new records, 12 unmatched

=== PROCESSING DUCHESNE COUNTY ===
  NEW: AUDRY L RC-45 (322) - Brookies x998 on 2007-07-09
  UNMATCHED: BIG SANDWASH RES - Rainbows x2095
  UNMATCHED: BIG SANDWASH RES - Rainbows x2095
  UNMATCHED: BIG SANDWASH RES - Rainbows x10125
  UNMATCHED: BIG SANDWASH RES - Rainbows x10125
  UNMATCHED: BIG SANDWASH RES - Rainbows x44999
  UNMATCHED: BIG SANDWASH RES - Rainbows x10800
  UNMATCHED: BIG SANDWASH RES - Rainbows x1040
  NEW: BLYTHE L Z-20 (119) - Brookies x698 on 2007-07-09
  NEW: BONNIE L Z-6 (120) - Brookies x600 on 2007-07-09
  NEW: BRINKLEY L RC-4 (329) - Brookies x600 on 2007-07-09
  UNMATCHED: BROWNS DRAW RES - Rainbows x10125
  UNMATCHED: BROWNS DRAW RES - Rainbows x10125
  UNMATCHED: BROWNS DRAW RES - Rainbows x10800
  NEW: BUD L Z-2 (122) - Grayling x506 on 2007-08-20
  NEW: BUTTERFLY L Z-1 (123) - Rainbows x500 on 2007-06-06
  NEW: BUTTERFLY L Z-1 (123) - Brookies x1001 on 2007-06-13
  NEW: BUTTERFLY L Z-1 (123) - Rainbows x499 on 2007-06-19
  NEW: BUTTERFLY L Z-1 (123) - Rainbows x390 on 2007-06-19
  NEW: BUTTERFLY L Z-1 (123) - Rainbows x379 on 2007-06-25
  NEW: BUTTERFLY L Z-1 (123) - Brookies x530 on 2007-06-28
  NEW: BUTTERFLY L Z-1 (123) - Rainbows x390 on 2007-07-02
  NEW: BUTTERFLY L Z-1 (123) - Rainbows x499 on 2007-07-09
  NEW: BUTTERFLY L Z-1 (123) - Rainbows x391 on 2007-07-16
  NEW: BUTTERFLY L Z-1 (123) - Rainbows x505 on 2007-07-23
  NEW: BUTTERFLY L Z-1 (123) - Rainbows x499 on 2007-08-01
  NEW: BUTTERFLY L Z-1 (123) - Rainbows x390 on 2007-08-09
  NEW: BUTTERFLY L Z-1 (123) - Rainbows x500 on 2007-08-13
  NEW: BUTTERFLY L Z-1 (123) - Rainbows x499 on 2007-08-21
  NEW: BUTTERFLY L Z-1 (123) - Rainbows x502 on 2007-08-29
  NEW: BUTTERFLY L Z-1 (123) - Rainbows x370 on 2007-09-04
  NEW: CARROL L, UPPER X-18 (410) - Brookies x3489 on 2007-07-16
  NEW: CARROT L U-17 (433) - Brookies x1502 on 2007-07-16
  NEW: D-19 (128) - Brookies x600 on 2007-07-09
  NEW: DAVIS L, NORTH U-46 (440) - Brookies x400 on 2007-07-16
  NEW: DAVIS L, SOUTH U-34 (441) - Brookies x629 on 2007-07-16
  NEW: DIAMOND L X-43 (335) - Brookies x1298 on 2007-07-09
  UNMATCHED: DUCHESNE R, N FK - Rainbows x796
  UNMATCHED: DUCHESNE R, N FK - Rainbows x1107
  UNMATCHED: DUCHESNE R, N FK - Rainbows x1100
  UNMATCHED: DUCHESNE R, N FK - Rainbows x900
  NEW: EAST SLIDE L LF-44 (214) - Brookies x300 on 2007-07-16
  NEW: FOX RES U-47 (444) - Brookies x8122 on 2007-07-16
  NEW: GATES L LF-34 (215) - Brookies x243 on 2007-07-16
  NEW: GEM L Z-18 (140) - Brookies x398 on 2007-07-09
  NEW: HIDDEN L WR-63 (530) - Brookies x1273 on 2007-07-16
  NEW: HOOVER L Z-10 (142) - Brookies x948 on 2007-07-09
  NEW: JORDAN L Z-35 (146) - Brookies x2303 on 2007-07-09
  NEW: KIDNEY L, WEST U-26 (448) - Brookies x3003 on 2007-07-16
  UNMATCHED: KREBS CR - Cutthroats x6002
  UNMATCHED: LAKE CANYON L - Tigers x600
  UNMATCHED: LAKE FK R - Rainbows x469
  UNMATCHED: LAKE FK R - Rainbows x468
  NEW: LARVAE L WR-12 (531) - Brookies x586 on 2007-07-16
  NEW: LEDGE L X-113 (353) - Brookies x308 on 2007-07-09
  NEW: LOST L Z-29 (357) - Brookies x1500 on 2007-07-09
  NEW: MABA L Z-8 (148) - Brookies x600 on 2007-07-09
  NEW: MARGIE L X-129 (358) - Brookies x750 on 2007-07-09
  NEW: MIRROR L Z-3 (151) - Rainbows x1025 on 2007-06-01
  NEW: MIRROR L Z-3 (151) - Rainbows x1000 on 2007-06-06
  NEW: MIRROR L Z-3 (151) - Brookies x7499 on 2007-06-13
  NEW: MIRROR L Z-3 (151) - Rainbows x1000 on 2007-06-18
  NEW: MIRROR L Z-3 (151) - Rainbows x499 on 2007-06-19
  NEW: MIRROR L Z-3 (151) - Rainbows x999 on 2007-06-25
  NEW: MIRROR L Z-3 (151) - Brookies x5516 on 2007-06-28
  NEW: MIRROR L Z-3 (151) - Rainbows x999 on 2007-07-02
  NEW: MIRROR L Z-3 (151) - Rainbows x500 on 2007-07-02
  NEW: MIRROR L Z-3 (151) - Rainbows x1980 on 2007-07-10
  NEW: MIRROR L Z-3 (151) - Rainbows x1010 on 2007-07-16
  NEW: MIRROR L Z-3 (151) - Rainbows x510 on 2007-07-16
  NEW: MIRROR L Z-3 (151) - Rainbows x999 on 2007-07-23
  NEW: MIRROR L Z-3 (151) - Rainbows x756 on 2007-07-27
  NEW: MIRROR L Z-3 (151) - Rainbows x1008 on 2007-07-31
  NEW: MIRROR L Z-3 (151) - Rainbows x460 on 2007-08-07
  NEW: MIRROR L Z-3 (151) - Rainbows x1000 on 2007-08-07
  NEW: MIRROR L Z-3 (151) - Rainbows x1000 on 2007-08-13
  NEW: MIRROR L Z-3 (151) - Rainbows x340 on 2007-08-20
  NEW: MIRROR L Z-3 (151) - Rainbows x999 on 2007-08-20
  NEW: MIRROR L Z-3 (151) - Rainbows x750 on 2007-08-29
  NEW: MIRROR L Z-3 (151) - Rainbows x501 on 2007-09-04
  UNMATCHED: MOON L - Rainbows x1392
  UNMATCHED: MOON L - Rainbows x1393
  UNMATCHED: MOON L - Splake x10773
  UNMATCHED: MOON L - Rainbows x1570
  UNMATCHED: MOON L - Rainbows x1198
  UNMATCHED: MOON L - Tigers x10034
  NEW: MOOSEHORN L Z-4 (152) - Rainbows x500 on 2007-06-06
  NEW: MOOSEHORN L Z-4 (152) - Rainbows x500 on 2007-06-25
  NEW: MOOSEHORN L Z-4 (152) - Rainbows x350 on 2007-07-02
  NEW: MOOSEHORN L Z-4 (152) - Rainbows x504 on 2007-07-02
  NEW: MOOSEHORN L Z-4 (152) - Rainbows x500 on 2007-07-10
  NEW: MOOSEHORN L Z-4 (152) - Rainbows x299 on 2007-07-16
  NEW: MOOSEHORN L Z-4 (152) - Rainbows x499 on 2007-07-17
  NEW: MOOSEHORN L Z-4 (152) - Rainbows x305 on 2007-07-23
  NEW: MOOSEHORN L Z-4 (152) - Rainbows x500 on 2007-08-01
  NEW: MOOSEHORN L Z-4 (152) - Rainbows x500 on 2007-08-07
  NEW: MOOSEHORN L Z-4 (152) - Rainbows x300 on 2007-08-09
  NEW: MOOSEHORN L Z-4 (152) - Rainbows x570 on 2007-08-13
  NEW: MOOSEHORN L Z-4 (152) - Rainbows x499 on 2007-08-21
  NEW: MOOSEHORN L Z-4 (152) - Rainbows x502 on 2007-08-29
  NEW: PALISADE L Z-28 (363) - Brookies x1403 on 2007-07-09
  NEW: PASS L Z-5 (158) - Rainbows x300 on 2007-06-01
  NEW: PASS L Z-5 (158) - Rainbows x500 on 2007-06-06
  NEW: PASS L Z-5 (158) - Brookies x501 on 2007-06-13
  NEW: PASS L Z-5 (158) - Rainbows x589 on 2007-06-18
  NEW: PASS L Z-5 (158) - Rainbows x502 on 2007-06-27
  NEW: PASS L Z-5 (158) - Brookies x530 on 2007-06-28
  NEW: PASS L Z-5 (158) - Rainbows x500 on 2007-07-02
  NEW: PASS L Z-5 (158) - Rainbows x504 on 2007-07-02
  NEW: PASS L Z-5 (158) - Rainbows x500 on 2007-07-10
  NEW: PASS L Z-5 (158) - Rainbows x505 on 2007-07-16
  NEW: PASS L Z-5 (158) - Rainbows x500 on 2007-07-16
  NEW: PASS L Z-5 (158) - Rainbows x500 on 2007-07-23
  NEW: PASS L Z-5 (158) - Rainbows x504 on 2007-07-31
  NEW: PASS L Z-5 (158) - Rainbows x500 on 2007-08-07
  NEW: PASS L Z-5 (158) - Rainbows x250 on 2007-08-09
  NEW: PASS L Z-5 (158) - Rainbows x500 on 2007-08-13
  NEW: PASS L Z-5 (158) - Rainbows x500 on 2007-08-20
  NEW: PASS L Z-5 (158) - Rainbows x250 on 2007-08-20
  NEW: PASS L Z-5 (158) - Rainbows x501 on 2007-09-04
  NEW: POLE CR L (540) - Rainbows x463 on 2007-06-05
  NEW: POLE CR L (540) - Rainbows x464 on 2007-07-31
  NEW: PYRAMID L Z-17 (159) - Brookies x1500 on 2007-07-09
  NEW: RAINBOW L U-33 (456) - Brookies x3489 on 2007-07-16
  UNMATCHED: RED CR RES - Rainbows x10000
  UNMATCHED: RED CR RES - Rainbows x784
  NEW: ROBB L WR-1 (656) - Brookies x415 on 2007-07-16
  UNMATCHED: ROCK CR - Rainbows x1040
  UNMATCHED: ROCK CR - Rainbows x1039
  UNMATCHED: ROCK CR - Rainbows x880
  NEW: RUDOLPH L NO 1 X-39 (373) - Brookies x2198 on 2007-07-09
  NEW: SCOUT L Z-12 (160) - Rainbows x504 on 2007-07-02
  NEW: SCOUT L Z-12 (160) - Brookies x720 on 2007-07-09
  NEW: SCOUT L Z-12 (160) - Rainbows x499 on 2007-07-09
  NEW: SCOUT L Z-12 (160) - Rainbows x499 on 2007-07-17
  NEW: SCOUT L Z-12 (160) - Rainbows x505 on 2007-07-23
  NEW: SCOUT L Z-12 (160) - Rainbows x338 on 2007-07-31
  NEW: SPIDER L X-109 (576) - Brookies x2002 on 2007-07-16
  UNMATCHED: STARVATION RES - Brown Trout x1102
  NEW: TAYLOR L WR-8 (548) - Brookies x2488 on 2007-07-16
  NEW: U- 19 (459) - Brookies x1502 on 2007-07-16
  NEW: U- 37 (461) - Brookies x644 on 2007-07-16
  NEW: U- 50 (466) - Brookies x901 on 2007-07-16
  NEW: U- 79 (657) - Brookies x801 on 2007-07-16
  NEW: U- 89 (470) - Brookies x644 on 2007-07-16
  UNMATCHED: UINTA R - Rainbows x1042
  UNMATCHED: UINTA R - Rainbows x1053
  NEW: WALL L U-99 (667) - Grayling x406 on 2007-07-30
  NEW: X- 57 (580) - Brookies x887 on 2007-07-16
  NEW: X- 84 (246) - Brookies x472 on 2007-07-16
  NEW: Y-19 (587) - Brookies x515 on 2007-07-16
  NEW: Y-20 (588) - Grayling x752 on 2007-07-30
  UNMATCHED: YELLOWSTONE R - Rainbows x347
  UNMATCHED: YELLOWSTONE R - Rainbows x348
  UNMATCHED: YELLOWSTONE R - Rainbows x348

Duchesne Summary: 120 new records, 12 unmatched

=== 2007 IMPORT SUMMARY ===
Total new records: 243
Total unmatched lakes: 24
Ambiguous matches: 0
CSV file updated: /Volumes/OLAF EXT/jedwoodx/repos/uintas/data/utah_dwr_stocking_data.csv
Run completed at: 2025-08-25 18:38:50
