=== IMPORTING 2002 STOCKING DATA ===
Started at: 2025-08-25 18:38:54


=== PROCESSING SUMMIT COUNTY ===
  NEW: ALEXANDER L A-1 (250) - Brookies x2295 on 2002-06-24
  NEW: BEAR L G-7 (171) - Brookies x2002 on 2002-06-28
  UNMATCHED: BEAR R, E FK - Rainbows x249
  UNMATCHED: BEAR R, E FK - Rainbows x249
  NEW: BEAVER CR (32) - Rainbows x199 on 2002-06-05
  NEW: BEAVER CR (32) - Rainbows x102 on 2002-06-18
  NEW: BEAVER CR (32) - Rainbows x201 on 2002-06-18
  NEW: BEAVER L BR-10 (32) - Rainbows x2002 on 2002-06-04
  NEW: BETH L A-6 (253) - Brookies x704 on 2002-06-24
  NEW: BRIDGER L G-20 (173) - Rainbows x2212 on 2002-05-16
  NEW: BRIDGER L G-20 (173) - Rainbows x1798 on 2002-06-13
  NEW: BRIDGER L G-20 (173) - Brookies x2112 on 2002-06-13
  NEW: BRIDGER L G-20 (173) - Brookies x2100 on 2002-06-28
  NEW: BRIDGER L G-20 (173) - Rainbows x1925 on 2002-07-17
  NEW: BRIDGER L G-20 (173) - Rainbows x1925 on 2002-08-06
  NEW: BRIDGER L G-20 (173) - Brookies x4231 on 2002-08-23
  NEW: BRIDGER L G-20 (173) - Rainbows x665 on 2002-08-27
  NEW: BROOK L A-20 (257) - Brookies x107 on 2002-06-24
  NEW: BUCKEYE L A-3 (258) - Brookies x566 on 2002-06-24
  NEW: CAROL L W-51 (478) - Brookies x275 on 2002-06-24
  NEW: CHINA L G-21 (174) - Brookies x7830 on 2002-06-28
  NEW: CHINA L G-21 (174) - Grayling x1226 on 2002-07-30
  NEW: CLEGG L A-47 (260) - Brookies x566 on 2002-06-24
  NEW: COLUMBINE L GR-116 (390) - Brookies x844 on 2002-06-28
  NEW: CRYSTAL L A-51 (262) - Brookies x1010 on 2002-06-24
  UNMATCHED: DEER VALLEY LAKES - Rainbows x1000
  NEW: DIVIDE L NO 1 A-36 (630) - Brookies x704 on 2002-06-24
  UNMATCHED: ECHO RES - Rainbows x4480
  UNMATCHED: ECHO RES - Rainbows x4480
  UNMATCHED: ECHO RES - Rainbows x4480
  UNMATCHED: ECHO RES - Rainbows x4800
  UNMATCHED: ECHO RES - Rainbows x25434
  NEW: ELKHORN L W-64 (487) - Brookies x107 on 2002-06-24
  NEW: ERICKSON L,NORTH W26 (489) - Brookies x903 on 2002-06-24
  NEW: G- 13 (181) - Brookies x805 on 2002-06-28
  NEW: G- 56 (194) - Brookies x157 on 2002-06-28
  NEW: G- 67 (606) - Brookies x765 on 2002-06-25
  NEW: G- 68 (653) - Brookies x413 on 2002-06-25
  NEW: G- 74 (611) - Brookies x300 on 2002-06-25
  NEW: G- 80 (614) - Brookies x90 on 2002-06-25
  NEW: GR-162 (72) - Brookies x707 on 2002-06-28
  NEW: GR-173 (76) - Brookies x393 on 2002-06-28
  UNMATCHED: HAYDEN FK - Rainbows x249
  UNMATCHED: HAYDEN FK - Rainbows x249
  NEW: HIDDEN L (68) - Rainbows x502 on 2002-06-06
  NEW: HOOP L (93) - Rainbows x1002 on 2002-05-21
  NEW: HOOP L (93) - Rainbows x12788 on 2002-05-27
  NEW: JACKS L A-13 (274) - Brookies x122 on 2002-06-24
  NEW: JAMES L A-31 (275) - Brookies x199 on 2002-06-24
  NEW: JESSON L GR-1 (396) - Brookies x2807 on 2002-06-28
  NEW: JEWELL L BR-38 (49) - Cutthroats x478 on 2002-07-30
  NEW: JOHN L A-30 (276) - Brookies x398 on 2002-06-24
  UNMATCHED: KIMBALL CR - Brown Trout x3007
  NEW: LILLIAN L A-43 (280) - Brookies x306 on 2002-06-24
  NEW: LILLY L A-58 (281) - Rainbows x400 on 2002-06-03
  NEW: LILLY L A-58 (281) - Rainbows x400 on 2002-06-10
  NEW: LILLY L A-58 (281) - Rainbows x400 on 2002-06-18
  NEW: LILLY L A-58 (281) - Rainbows x499 on 2002-06-25
  NEW: LILLY L A-58 (281) - Rainbows x251 on 2002-07-02
  NEW: LILLY L A-58 (281) - Rainbows x399 on 2002-07-02
  NEW: LILLY L A-58 (281) - Rainbows x399 on 2002-07-10
  NEW: LILLY L A-58 (281) - Rainbows x399 on 2002-07-16
  NEW: LILLY L A-58 (281) - Rainbows x400 on 2002-07-22
  NEW: LILLY L A-58 (281) - Rainbows x403 on 2002-07-29
  NEW: LILLY L A-58 (281) - Rainbows x399 on 2002-08-06
  NEW: LILLY L A-58 (281) - Rainbows x451 on 2002-08-19
  NEW: LILY L BR-11 (51) - Rainbows x997 on 2002-06-04
  NEW: LILY L BR-11 (51) - Rainbows x1001 on 2002-06-26
  NEW: LILY L BR-11 (51) - Rainbows x1001 on 2002-07-30
  NEW: LILY L LOWER A-25 (282) - Brookies x306 on 2002-06-24
  NEW: LITTLE HIDDEN L W-21 (496) - Brookies x1010 on 2002-06-24
  NEW: LOST L A-59 (287) - Rainbows x2002 on 2002-06-04
  NEW: LOST L A-59 (287) - Brookies x4032 on 2002-06-05
  NEW: LOST L A-59 (287) - Rainbows x1001 on 2002-06-17
  NEW: LOVENIA L W-23 (498) - Brookies x306 on 2002-06-24
  NEW: LYMAN L, LOWER G-25 (618) - Rainbows x1000 on 2002-06-05
  NEW: LYMAN L, LOWER G-25 (618) - Brookies x998 on 2002-06-05
  NEW: LYMAN L, LOWER G-25 (618) - Rainbows x1502 on 2002-06-27
  NEW: LYMAN L, UPPER G-27 (619) - Rainbows x750 on 2002-06-05
  NEW: LYMAN L, UPPER G-27 (619) - Brookies x998 on 2002-06-05
  NEW: MARSH L G-19 (202) - Rainbows x2501 on 2002-05-17
  NEW: MCPHETERS L BR-14 (53) - Cutthroats x5797 on 2002-07-30
  NEW: NEIL L W-31 (500) - Brookies x61 on 2002-06-24
  NEW: NOTCH L W-36 (501) - Brookies x3060 on 2002-06-24
  NEW: OLSON L W-32 (502) - Brookies x704 on 2002-06-24
  NEW: PETIT L A-26 (295) - Brookies x199 on 2002-06-24
  UNMATCHED: PROVO R - Rainbows x252
  UNMATCHED: PROVO R - Rainbows x252
  UNMATCHED: PROVO R - Rainbows x348
  UNMATCHED: PROVO R - Rainbows x249
  UNMATCHED: PROVO R - Rainbows x250
  UNMATCHED: PROVO R - Rainbows x352
  UNMATCHED: PROVO R - Rainbows x250
  UNMATCHED: PROVO R - Rainbows x250
  NEW: QUARTER CORNER LG103 (655) - Rainbows x1200 on 2002-05-21
  NEW: RAMONA L A-38 (297) - Brookies x612 on 2002-06-24
  NEW: REIDS L W-38 (503) - Brookies x566 on 2002-06-24
  UNMATCHED: ROCKPORT RES - Rainbows x2755
  UNMATCHED: ROCKPORT RES - Rainbows x4806
  UNMATCHED: ROCKPORT RES - Rainbows x4688
  UNMATCHED: ROCKPORT RES - Rainbows x4688
  UNMATCHED: ROCKPORT RES - Rainbows x4014
  UNMATCHED: ROCKPORT RES - Rainbows x2244
  UNMATCHED: ROCKPORT RES - Rainbows x2657
  UNMATCHED: ROCKPORT RES - Rainbows x5248
  UNMATCHED: ROCKPORT RES - Rainbows x5248
  UNMATCHED: ROCKPORT RES - Rainbows x5248
  UNMATCHED: ROCKPORT RES - Rainbows x1761
  UNMATCHED: ROCKPORT RES - Rainbows x2007
  UNMATCHED: ROCKPORT RES - Rainbows x4683
  UNMATCHED: ROCKPORT RES - Rainbows x4014
  UNMATCHED: ROCKPORT RES - Rainbows x4952
  UNMATCHED: ROCKPORT RES - Rainbows x4952
  UNMATCHED: ROCKPORT RES - Rainbows x5262
  UNMATCHED: ROCKPORT RES - Rainbows x4952
  UNMATCHED: ROCKPORT RES - Rainbows x5344
  UNMATCHED: ROCKPORT RES - Rainbows x5344
  UNMATCHED: ROCKPORT RES - Rainbows x5344
  UNMATCHED: ROCKPORT RES - Rainbows x4810
  UNMATCHED: ROCKPORT RES - Rainbows x8830
  UNMATCHED: ROCKPORT RES - Rainbows x8830
  UNMATCHED: ROCKPORT RES - Rainbows x8830
  UNMATCHED: ROCKPORT RES - Rainbows x9272
  UNMATCHED: ROCKPORT RES - Rainbows x9272
  NEW: RUTH L BR-40 (58) - Brookies x566 on 2002-06-24
  NEW: SCOW L BR-12 (61) - Brookies x1698 on 2002-06-24
  NEW: SHADOW L A-52 (299) - Brookies x1408 on 2002-06-24
  UNMATCHED: SMITH-MOREHOUSE RES - Rainbows x2067
  UNMATCHED: SMITH-MOREHOUSE RES - Rainbows x2067
  UNMATCHED: SMITH-MOREHOUSE RES - Rainbows x796
  UNMATCHED: SMITH-MOREHOUSE RES - Rainbows x2103
  UNMATCHED: SMITH-MOREHOUSE RES - Rainbows x2103
  UNMATCHED: SMITH-MOREHOUSE RES - Rainbows x795
  UNMATCHED: STATELINE RES - Rainbows x2745
  UNMATCHED: STATELINE RES - Rainbows x2745
  UNMATCHED: STATELINE RES - Rainbows x2745
  UNMATCHED: STATELINE RES - Rainbows x2898
  NEW: TEAPOT L A-60 (309) - Rainbows x501 on 2002-06-03
  NEW: TEAPOT L A-60 (309) - Brookies x499 on 2002-06-05
  NEW: TEAPOT L A-60 (309) - Rainbows x499 on 2002-06-10
  NEW: TEAPOT L A-60 (309) - Rainbows x499 on 2002-06-17
  NEW: TEAPOT L A-60 (309) - Rainbows x499 on 2002-06-26
  NEW: TEAPOT L A-60 (309) - Rainbows x502 on 2002-07-02
  NEW: TEAPOT L A-60 (309) - Rainbows x502 on 2002-07-08
  NEW: TEAPOT L A-60 (309) - Rainbows x501 on 2002-07-16
  NEW: TEAPOT L A-60 (309) - Rainbows x499 on 2002-07-22
  NEW: TEAPOT L A-60 (309) - Rainbows x499 on 2002-07-29
  NEW: TEAPOT L A-60 (309) - Rainbows x501 on 2002-08-06
  NEW: TEAPOT L A-60 (309) - Rainbows x501 on 2002-08-13
  NEW: TEAPOT L A-60 (309) - Brookies x424 on 2002-08-15
  NEW: TEAPOT L A-60 (309) - Rainbows x502 on 2002-08-19
  NEW: TRIAL L A-61 (310) - Rainbows x1000 on 2002-06-03
  NEW: TRIAL L A-61 (310) - Brookies x7872 on 2002-06-05
  NEW: TRIAL L A-61 (310) - Rainbows x1001 on 2002-06-10
  NEW: TRIAL L A-61 (310) - Rainbows x501 on 2002-06-11
  NEW: TRIAL L A-61 (310) - Rainbows x1001 on 2002-06-17
  NEW: TRIAL L A-61 (310) - Rainbows x501 on 2002-06-24
  NEW: TRIAL L A-61 (310) - Rainbows x1003 on 2002-06-25
  NEW: TRIAL L A-61 (310) - Rainbows x1000 on 2002-07-02
  NEW: TRIAL L A-61 (310) - Rainbows x1000 on 2002-07-08
  NEW: TRIAL L A-61 (310) - Rainbows x501 on 2002-07-10
  NEW: TRIAL L A-61 (310) - Rainbows x1001 on 2002-07-16
  NEW: TRIAL L A-61 (310) - Rainbows x1001 on 2002-07-22
  NEW: TRIAL L A-61 (310) - Rainbows x500 on 2002-07-23
  NEW: TRIAL L A-61 (310) - Rainbows x1048 on 2002-07-29
  NEW: TRIAL L A-61 (310) - Rainbows x270 on 2002-08-05
  NEW: TRIAL L A-61 (310) - Rainbows x434 on 2002-08-05
  NEW: TRIAL L A-61 (310) - Rainbows x1026 on 2002-08-06
  NEW: TRIAL L A-61 (310) - Rainbows x1001 on 2002-08-13
  NEW: TRIAL L A-61 (310) - Brookies x5035 on 2002-08-15
  NEW: TRIAL L A-61 (310) - Rainbows x999 on 2002-08-22
  NEW: TRIAL L A-61 (310) - Rainbows x999 on 2002-08-27
  NEW: TRIAL L A-61 (310) - Rainbows x813 on 2002-09-03
  NEW: TRIAL L A-61 (310) - Rainbows x1000 on 2002-09-12
  NEW: W-53 (515) - Brookies x107 on 2002-06-24
  NEW: W-62 (521) - Brookies x199 on 2002-06-24
  NEW: WASHINGTON L A-23 (315) - Rainbows x1000 on 2002-06-03
  NEW: WASHINGTON L A-23 (315) - Brookies x7872 on 2002-06-05
  NEW: WASHINGTON L A-23 (315) - Rainbows x1001 on 2002-06-10
  NEW: WASHINGTON L A-23 (315) - Rainbows x499 on 2002-06-17
  NEW: WASHINGTON L A-23 (315) - Rainbows x499 on 2002-06-25
  NEW: WASHINGTON L A-23 (315) - Rainbows x502 on 2002-07-03
  NEW: WASHINGTON L A-23 (315) - Rainbows x502 on 2002-07-08
  NEW: WASHINGTON L A-23 (315) - Rainbows x501 on 2002-07-16
  NEW: WASHINGTON L A-23 (315) - Rainbows x499 on 2002-07-22
  NEW: WASHINGTON L A-23 (315) - Brookies x5035 on 2002-08-15
  NEW: WATSON L A-27 (316) - Brookies x612 on 2002-06-24
  UNMATCHED: WEBER R - Rainbows x502
  UNMATCHED: WEBER R - Rainbows x502
  UNMATCHED: WEBER R - Rainbows x252
  UNMATCHED: WEBER R - Rainbows x499
  UNMATCHED: WEBER R - Brown Trout x9021
  UNMATCHED: WEBER R - Brown Trout x6499
  UNMATCHED: WEBER R - Brown Trout x7081
  UNMATCHED: WHITNEY RES - Rainbows x1960
  UNMATCHED: WHITNEY RES - Rainbows x2030
  UNMATCHED: WHITNEY RES - Cutthroats x75075
  NEW: YELLOWPINE,LOWER W66 (522) - Brookies x199 on 2002-06-24
  NEW: YELLOWPINE,UPPER W65 (523) - Brookies x306 on 2002-06-24

Summit Summary: 133 new records, 11 unmatched

=== PROCESSING DUCHESNE COUNTY ===
  NEW: BEARD L U-74 (430) - Brookies x451 on 2002-06-27
  NEW: BEDGROUND L Z-46 (324) - Grayling x300 on 2002-07-30
  UNMATCHED: BIG SANDWASH RES - Rainbows x42805
  UNMATCHED: BIG SANDWASH RES - Rainbows x6697
  NEW: BONNIE L Z-6 (120) - Brookies x612 on 2002-06-24
  NEW: BRINKLEY L RC-4 (329) - Brookies x612 on 2002-06-24
  UNMATCHED: BROWNS DRAW RES - Rainbows x31500
  NEW: BUD L Z-2 (122) - Grayling x599 on 2002-07-30
  NEW: BUTTERFLY L Z-1 (123) - Rainbows x501 on 2002-06-03
  NEW: BUTTERFLY L Z-1 (123) - Brookies x1152 on 2002-06-05
  NEW: BUTTERFLY L Z-1 (123) - Rainbows x251 on 2002-06-11
  NEW: BUTTERFLY L Z-1 (123) - Rainbows x502 on 2002-06-12
  NEW: BUTTERFLY L Z-1 (123) - Rainbows x249 on 2002-06-18
  NEW: BUTTERFLY L Z-1 (123) - Rainbows x249 on 2002-06-24
  NEW: BUTTERFLY L Z-1 (123) - Rainbows x249 on 2002-06-26
  NEW: BUTTERFLY L Z-1 (123) - Rainbows x502 on 2002-07-02
  NEW: BUTTERFLY L Z-1 (123) - Rainbows x249 on 2002-07-10
  NEW: BUTTERFLY L Z-1 (123) - Rainbows x251 on 2002-07-10
  NEW: BUTTERFLY L Z-1 (123) - Rainbows x501 on 2002-07-16
  NEW: BUTTERFLY L Z-1 (123) - Rainbows x250 on 2002-07-22
  NEW: BUTTERFLY L Z-1 (123) - Rainbows x250 on 2002-07-23
  NEW: BUTTERFLY L Z-1 (123) - Rainbows x499 on 2002-07-31
  NEW: BUTTERFLY L Z-1 (123) - Rainbows x135 on 2002-08-05
  NEW: BUTTERFLY L Z-1 (123) - Rainbows x217 on 2002-08-05
  NEW: BUTTERFLY L Z-1 (123) - Rainbows x501 on 2002-08-12
  NEW: BUTTERFLY L Z-1 (123) - Brookies x530 on 2002-08-15
  NEW: BUTTERFLY L Z-1 (123) - Rainbows x251 on 2002-08-19
  NEW: BUTTERFLY L Z-1 (123) - Rainbows x496 on 2002-08-27
  NEW: D-19 (128) - Brookies x199 on 2002-06-24
  NEW: DAVIS L, NORTH U-46 (440) - Brookies x393 on 2002-06-27
  NEW: DEAN L Z-40 (334) - Brookies x1607 on 2002-06-24
  NEW: DENISE L WR-9 (557) - Brookies x255 on 2002-06-27
  UNMATCHED: DUCHESNE R, N FK - Rainbows x2520
  UNMATCHED: DUCHESNE R, N FK - Rainbows x1995
  UNMATCHED: DUCHESNE R, N FK - Rainbows x2438
  NEW: EAST SLIDE L LF-44 (214) - Brookies x294 on 2002-06-27
  NEW: EMERALD L D-20 (134) - Brookies x77 on 2002-06-24
  NEW: EVERMAN L Z-36 (623) - Brookies x811 on 2002-06-24
  NEW: FERN L X-5 (339) - Brookies x1454 on 2002-06-24
  NEW: GATES L LF-34 (215) - Brookies x255 on 2002-06-27
  NEW: GEORGE BEARD L U-21 (445) - Brookies x746 on 2002-06-27
  NEW: HOOVER L Z-10 (142) - Brookies x1897 on 2002-06-24
  UNMATCHED: LAKE CANYON L - Brookies x2198
  UNMATCHED: LAKE CANYON L - Brookies x0
  UNMATCHED: LAKE CANYON L - Cutthroats x311
  UNMATCHED: LAKE FK R - Rainbows x998
  UNMATCHED: LAKE FK R - Rainbows x502
  NEW: LAMBERT L LF-21 (219) - Brookies x707 on 2002-06-27
  NEW: LF-37 (223) - Brookies x294 on 2002-06-27
  NEW: LILY PAD L X-2 (355) - Brookies x1010 on 2002-06-24
  NEW: MARGIE L X-129 (358) - Brookies x750 on 2002-06-24
  NEW: MARSHALL L Z-11 (150) - Brookies x1805 on 2002-06-24
  NEW: MIRROR L Z-3 (151) - Rainbows x1000 on 2002-06-03
  NEW: MIRROR L Z-3 (151) - Brookies x7488 on 2002-06-05
  NEW: MIRROR L Z-3 (151) - Rainbows x1001 on 2002-06-10
  NEW: MIRROR L Z-3 (151) - Rainbows x501 on 2002-06-11
  NEW: MIRROR L Z-3 (151) - Rainbows x1001 on 2002-06-17
  NEW: MIRROR L Z-3 (151) - Rainbows x501 on 2002-06-24
  NEW: MIRROR L Z-3 (151) - Rainbows x1001 on 2002-06-26
  NEW: MIRROR L Z-3 (151) - Rainbows x998 on 2002-07-01
  NEW: MIRROR L Z-3 (151) - Rainbows x251 on 2002-07-02
  NEW: MIRROR L Z-3 (151) - Rainbows x1000 on 2002-07-08
  NEW: MIRROR L Z-3 (151) - Rainbows x500 on 2002-07-15
  NEW: MIRROR L Z-3 (151) - Rainbows x1001 on 2002-07-15
  NEW: MIRROR L Z-3 (151) - Rainbows x1014 on 2002-07-22
  NEW: MIRROR L Z-3 (151) - Rainbows x1001 on 2002-07-30
  NEW: MIRROR L Z-3 (151) - Rainbows x270 on 2002-08-05
  NEW: MIRROR L Z-3 (151) - Rainbows x434 on 2002-08-05
  NEW: MIRROR L Z-3 (151) - Rainbows x1037 on 2002-08-06
  NEW: MIRROR L Z-3 (151) - Rainbows x1001 on 2002-08-12
  NEW: MIRROR L Z-3 (151) - Brookies x5035 on 2002-08-15
  NEW: MIRROR L Z-3 (151) - Rainbows x999 on 2002-08-19
  NEW: MIRROR L Z-3 (151) - Rainbows x999 on 2002-08-27
  NEW: MIRROR L Z-3 (151) - Rainbows x813 on 2002-09-03
  NEW: MIRROR L Z-3 (151) - Rainbows x1000 on 2002-09-11
  UNMATCHED: MOON L - Rainbows x2688
  UNMATCHED: MOON L - Rainbows x1995
  UNMATCHED: MOON L - Rainbows x1995
  NEW: MOOSEHORN L Z-4 (152) - Rainbows x502 on 2002-06-12
  NEW: MOOSEHORN L Z-4 (152) - Rainbows x502 on 2002-06-18
  NEW: MOOSEHORN L Z-4 (152) - Rainbows x249 on 2002-06-24
  NEW: MOOSEHORN L Z-4 (152) - Rainbows x499 on 2002-07-01
  NEW: MOOSEHORN L Z-4 (152) - Rainbows x502 on 2002-07-08
  NEW: MOOSEHORN L Z-4 (152) - Rainbows x249 on 2002-07-10
  NEW: MOOSEHORN L Z-4 (152) - Rainbows x501 on 2002-07-16
  NEW: MOOSEHORN L Z-4 (152) - Rainbows x520 on 2002-07-22
  NEW: MOOSEHORN L Z-4 (152) - Rainbows x250 on 2002-07-23
  NEW: MOOSEHORN L Z-4 (152) - Rainbows x499 on 2002-07-31
  NEW: MOOSEHORN L Z-4 (152) - Rainbows x135 on 2002-08-05
  NEW: MOOSEHORN L Z-4 (152) - Rainbows x217 on 2002-08-05
  NEW: MOOSEHORN L Z-4 (152) - Rainbows x250 on 2002-08-06
  NEW: MOOSEHORN L Z-4 (152) - Rainbows x501 on 2002-08-12
  NEW: MOOSEHORN L Z-4 (152) - Rainbows x502 on 2002-08-19
  NEW: PACKARD L Z-15 (157) - Brookies x903 on 2002-06-24
  NEW: PASS L Z-5 (158) - Rainbows x501 on 2002-06-04
  NEW: PASS L Z-5 (158) - Rainbows x502 on 2002-06-12
  NEW: PASS L Z-5 (158) - Rainbows x499 on 2002-06-17
  NEW: PASS L Z-5 (158) - Rainbows x249 on 2002-06-24
  NEW: PASS L Z-5 (158) - Rainbows x499 on 2002-06-26
  NEW: PASS L Z-5 (158) - Rainbows x499 on 2002-07-01
  NEW: PASS L Z-5 (158) - Rainbows x502 on 2002-07-08
  NEW: PASS L Z-5 (158) - Rainbows x501 on 2002-07-16
  NEW: PASS L Z-5 (158) - Rainbows x499 on 2002-07-22
  NEW: PASS L Z-5 (158) - Rainbows x250 on 2002-07-23
  NEW: PASS L Z-5 (158) - Rainbows x499 on 2002-07-31
  NEW: PASS L Z-5 (158) - Rainbows x501 on 2002-08-06
  NEW: PASS L Z-5 (158) - Rainbows x501 on 2002-08-13
  NEW: PASS L Z-5 (158) - Rainbows x500 on 2002-08-19
  NEW: PASS L Z-5 (158) - Rainbows x496 on 2002-08-27
  NEW: PINTO L X-22 (366) - Brookies x5095 on 2002-06-24
  NEW: POLE CR L (540) - Rainbows x2001 on 2002-06-18
  UNMATCHED: RED CR RES - Rainbows x15001
  NEW: ROBB L WR-1 (656) - Brookies x412 on 2002-06-27
  UNMATCHED: ROCK CR - Rainbows x1190
  UNMATCHED: ROCK CR - Rainbows x774
  UNMATCHED: ROCK CR - Rainbows x2038
  NEW: SCOUT L Z-12 (160) - Rainbows x499 on 2002-06-17
  NEW: SCOUT L Z-12 (160) - Rainbows x499 on 2002-06-26
  NEW: SCOUT L Z-12 (160) - Rainbows x0 on 2002-07-01
  NEW: SCOUT L Z-12 (160) - Rainbows x502 on 2002-07-02
  NEW: SCOUT L Z-12 (160) - Rainbows x499 on 2002-07-10
  NEW: SCOUT L Z-12 (160) - Rainbows x501 on 2002-07-16
  NEW: SCOUT L Z-12 (160) - Rainbows x499 on 2002-07-22
  NEW: SONNY L X-12 (164) - Brookies x398 on 2002-06-24
  NEW: STEWART L X-79 (234) - Brookies x942 on 2002-06-27
  UNMATCHED: STRAWBERRY R - Rainbows x336
  UNMATCHED: STRAWBERRY R - Rainbows x664
  UNMATCHED: STRAWBERRY R - Brown Trout x392
  NEW: TWIN L X-77 (236) - Brookies x1197 on 2002-06-27
  NEW: U- 19 (459) - Brookies x1492 on 2002-06-27
  NEW: U- 37 (461) - Brookies x648 on 2002-06-27
  NEW: U- 79 (657) - Brookies x805 on 2002-06-27
  UNMATCHED: UINTA R - Rainbows x2800
  UNMATCHED: UINTA R - Rainbows x1702
  NEW: WALK-UP L WR-55 (551) - Brookies x1845 on 2002-06-27
  NEW: WILDER L Z-13 (168) - Brookies x398 on 2002-06-24
  NEW: WYMAN L Z-14 (125) - Brookies x1010 on 2002-06-24
  NEW: X- 86 (248) - Brookies x196 on 2002-06-27
  UNMATCHED: YELLOWSTONE R - Rainbows x998
  UNMATCHED: YELLOWSTONE R - Rainbows x502

Duchesne Summary: 115 new records, 11 unmatched

=== 2002 IMPORT SUMMARY ===
Total new records: 248
Total unmatched lakes: 22
Ambiguous matches: 0
CSV file updated: /Volumes/OLAF EXT/jedwoodx/repos/uintas/data/utah_dwr_stocking_data.csv
Run completed at: 2025-08-25 18:38:55
