=== IMPORTING 2006 STOCKING DATA ===
Started at: 2025-08-25 18:38:51


=== PROCESSING SUMMIT COUNTY ===
  NEW: ABES L W-30 (473) - Cutthroats x4022 on 2006-10-09
  NEW: ALEXANDER L A-1 (250) - Brookies x1148 on 2006-07-13
  NEW: ALEXANDER L A-1 (250) - Brookies x1113 on 2006-07-13
  NEW: AZURE (LOCK) L A-11 (251) - Grayling x1017 on 2006-10-09
  NEW: BAKER L BR-45 (42) - Tigers x360 on 2006-07-14
  NEW: BEAR L G-7 (171) - Brookies x2002 on 2006-07-13
  UNMATCHED: BEAR R, E FK - Rainbows x299
  UNMATCHED: BEAR R, E FK - Rainbows x286
  NEW: BEAVER CR (32) - Rainbows x169 on 2006-06-27
  NEW: BEAVER CR (32) - Rainbows x105 on 2006-06-27
  NEW: BEAVER CR (32) - Rainbows x151 on 2006-07-11
  NEW: BEAVER CR (32) - Brown Trout x488 on 2006-08-18
  NEW: BEAVER L BR-10 (32) - Rainbows x1561 on 2006-06-14
  NEW: BENNION L GR-134 (84) - Brookies x767 on 2006-07-13
  NEW: BETH L A-6 (253) - Brookies x696 on 2006-07-07
  NEW: BIG ELK RES A-18 (254) - Cutthroats x7422 on 2006-10-09
  NEW: BLUE L A-5 (255) - Brookies x294 on 2006-07-13
  NEW: BLUE L A-5 (255) - Brookies x305 on 2006-07-13
  NEW: BOBS L G-73 (600) - Tigers x660 on 2006-07-14
  NEW: BOOKER L A-35 (256) - Brookies x396 on 2006-07-07
  NEW: BR-24 (38) - Cutthroats x0 on 2006-10-09
  NEW: BR-34 (658) - Tigers x240 on 2006-07-14
  NEW: BR-43 (651) - Tigers x198 on 2006-07-14
  NEW: BR-44 (597) - Tigers x360 on 2006-07-14
  NEW: BR-50 (44) - Brookies x600 on 2006-07-07
  NEW: BR-55 (660) - Brookies x228 on 2006-07-07
  NEW: BRIDGER L G-20 (173) - Rainbows x2001 on 2006-05-16
  NEW: BRIDGER L G-20 (173) - Rainbows x1199 on 2006-05-19
  NEW: BRIDGER L G-20 (173) - Brookies x2160 on 2006-06-19
  NEW: BRIDGER L G-20 (173) - Rainbows x1599 on 2006-06-19
  NEW: BRIDGER L G-20 (173) - Rainbows x1600 on 2006-07-18
  NEW: BRIDGER L G-20 (173) - Rainbows x1430 on 2006-08-17
  NEW: BROOK L A-20 (257) - Brookies x108 on 2006-07-07
  NEW: CAROL L W-51 (478) - Brookies x276 on 2006-07-07
  NEW: CASTLE L W-67 (479) - Cutthroats x2262 on 2006-10-09
  NEW: CHINA L G-21 (174) - Brookies x7802 on 2006-07-13
  NEW: CHINA L G-21 (174) - Grayling x7797 on 2006-08-02
  NEW: CLEGG L A-47 (260) - Brookies x504 on 2006-07-13
  NEW: CLIFF L A-34 (261) - Cutthroats x1188 on 2006-10-09
  NEW: CLYDE L A-28 (629) - Brookies x1596 on 2006-07-07
  NEW: COFFIN L GR-144 (65) - Tigers x2574 on 2006-07-14
  NEW: CRYSTAL L A-51 (262) - Brookies x504 on 2006-07-13
  NEW: CUBERANT NO 1 W-42 (480) - Brookies x396 on 2006-07-07
  NEW: CUBERANT NO 3 W-44 (482) - Brookies x396 on 2006-07-07
  NEW: CUBERANT NO 4 W-45 (483) - Cutthroats x6704 on 2006-10-09
  NEW: DEADHORSE L G-77 (601) - Tigers x1596 on 2006-07-14
  UNMATCHED: DEER VALLEY LAKES - Rainbows x801
  NEW: DIAMOND L A-22 (264) - Brookies x300 on 2006-07-07
  NEW: DIVIDE L NO 1 A-36 (630) - Brookies x696 on 2006-07-07
  UNMATCHED: ECHO RES - Rainbows x1375
  UNMATCHED: ECHO RES - Rainbows x1343
  UNMATCHED: ECHO RES - Rainbows x1343
  UNMATCHED: ECHO RES - Rainbows x1343
  UNMATCHED: ECHO RES - Rainbows x1314
  UNMATCHED: ECHO RES - Rainbows x1359
  UNMATCHED: ECHO RES - Rainbows x1359
  UNMATCHED: ECHO RES - Rainbows x1359
  UNMATCHED: ECHO RES - Rainbows x1116
  UNMATCHED: ECHO RES - Rainbows x1116
  UNMATCHED: ECHO RES - Rainbows x1116
  UNMATCHED: ECHO RES - Rainbows x1116
  UNMATCHED: ECHO RES - Rainbows x1400
  UNMATCHED: ECHO RES - Rainbows x1400
  UNMATCHED: ECHO RES - Rainbows x1400
  UNMATCHED: ECHO RES - Rainbows x1240
  NEW: ERICKSON L,NORTH W26 (489) - Brookies x900 on 2006-07-07
  NEW: G- 13 (181) - Brookies x798 on 2006-07-13
  NEW: G- 60 (196) - Brookies x399 on 2006-07-13
  NEW: G- 67 (606) - Brookies x770 on 2006-07-13
  NEW: G- 68 (653) - Brookies x408 on 2006-07-07
  NEW: G- 71 (609) - Brookies x312 on 2006-07-07
  NEW: G- 82 (616) - Brookies x196 on 2006-07-13
  NEW: GR-152 (80) - Brookies x504 on 2006-07-13
  NEW: GR-154 (82) - Brookies x200 on 2006-07-13
  NEW: GR-162 (72) - Brookies x704 on 2006-07-13
  NEW: GR-173 (76) - Brookies x399 on 2006-07-13
  UNMATCHED: HAYDEN FK - Rainbows x195
  UNMATCHED: HAYDEN FK - Rainbows x216
  NEW: HAYSTACK L A-9 (269) - Brookies x452 on 2006-07-13
  NEW: HAYSTACK L A-9 (269) - Brookies x448 on 2006-07-13
  NEW: HESSIE L G-18 (199) - Tigers x1320 on 2006-07-14
  NEW: HIDDEN L (68) - Rainbows x396 on 2006-06-01
  NEW: HOOP L (93) - Rainbows x795 on 2006-05-16
  NEW: HOOP L (93) - Rainbows x8003 on 2006-05-19
  NEW: HOOP L (93) - Brookies x3120 on 2006-09-27
  NEW: HOUR GLASS L A-48 (272) - Cutthroats x1583 on 2006-10-09
  NEW: ISLAND L A-57 (273) - Cutthroats x7027 on 2006-10-09
  NEW: JACKS L A-13 (274) - Brookies x120 on 2006-07-07
  NEW: JAMES L A-31 (275) - Brookies x204 on 2006-07-07
  NEW: JEAN L W-58 (493) - Cutthroats x838 on 2006-10-09
  NEW: JESSON L GR-1 (396) - Brookies x2804 on 2006-07-12
  NEW: JEWELL L BR-38 (49) - Tigers x240 on 2006-07-14
  NEW: JEWELL L BR-38 (49) - Cutthroats x502 on 2006-10-09
  NEW: JUNIOR L A-56 (277) - Cutthroats x643 on 2006-10-09
  NEW: KAMAS RES W-40 (495) - Cutthroats x4273 on 2006-10-09
  UNMATCHED: KIMBALL CR - Brown Trout x3000
  NEW: LILLIAN L A-43 (280) - Brookies x300 on 2006-07-07
  NEW: LILLY L A-58 (281) - Rainbows x299 on 2006-06-09
  NEW: LILLY L A-58 (281) - Rainbows x299 on 2006-06-19
  NEW: LILLY L A-58 (281) - Rainbows x300 on 2006-07-05
  NEW: LILLY L A-58 (281) - Rainbows x302 on 2006-07-11
  NEW: LILLY L A-58 (281) - Rainbows x300 on 2006-07-21
  NEW: LILLY L A-58 (281) - Rainbows x300 on 2006-07-28
  NEW: LILLY L A-58 (281) - Rainbows x300 on 2006-08-02
  NEW: LILLY L A-58 (281) - Rainbows x300 on 2006-08-10
  NEW: LILLY L A-58 (281) - Rainbows x300 on 2006-08-15
  NEW: LILLY L A-58 (281) - Rainbows x405 on 2006-08-21
  NEW: LILLY L A-58 (281) - Rainbows x407 on 2006-09-01
  NEW: LILLY L A-58 (281) - Rainbows x306 on 2006-09-11
  NEW: LILY L BR-11 (51) - Rainbows x1001 on 2006-06-06
  NEW: LILY L BR-11 (51) - Rainbows x949 on 2006-06-28
  NEW: LILY L LOWER A-25 (282) - Brookies x300 on 2006-07-07
  NEW: LOFTY L W-41 (497) - Cutthroats x838 on 2006-10-09
  NEW: LORENA L BR-46 (43) - Brookies x1204 on 2006-07-13
  NEW: LOST L A-59 (287) - Rainbows x1610 on 2006-06-09
  NEW: LOST L A-59 (287) - Rainbows x1156 on 2006-06-13
  NEW: LOST L A-59 (287) - Brookies x5112 on 2006-09-21
  NEW: LYMAN L, LOWER G-25 (618) - Rainbows x1056 on 2006-06-02
  NEW: LYMAN L, LOWER G-25 (618) - Brookies x3504 on 2006-07-12
  NEW: LYMAN L, LOWER G-25 (618) - Rainbows x950 on 2006-07-12
  NEW: LYMAN L, UPPER G-27 (619) - Rainbows x588 on 2006-06-02
  NEW: LYMAN L, UPPER G-27 (619) - Brookies x996 on 2006-07-12
  NEW: MARSH L G-19 (202) - Rainbows x3121 on 2006-05-19
  NEW: MCPHETERS L BR-14 (53) - Tigers x2880 on 2006-07-14
  NEW: MCPHETERS L BR-14 (53) - Cutthroats x6176 on 2006-10-09
  NEW: NEIL L W-31 (500) - Brookies x60 on 2006-07-07
  NEW: NOTCH L W-36 (501) - Brookies x3000 on 2006-07-07
  NEW: P-11 (654) - Brookies x204 on 2006-07-07
  NEW: PRIORD L BR-48 (57) - Tigers x1200 on 2006-07-14
  NEW: QUARTER CORNER LG103 (655) - Rainbows x941 on 2006-05-16
  NEW: RAMONA L A-38 (297) - Brookies x600 on 2006-07-07
  NEW: RED CASTLE,EAST G-17 (177) - Tigers x2112 on 2006-07-14
  NEW: RED CASTLE,LOWER G12 (201) - Tigers x19404 on 2006-07-14
  NEW: REIDS L W-38 (503) - Brookies x504 on 2006-07-07
  UNMATCHED: ROCKPORT RES - Rainbows x6120
  UNMATCHED: ROCKPORT RES - Rainbows x11880
  UNMATCHED: ROCKPORT RES - Rainbows x4416
  UNMATCHED: ROCKPORT RES - Rainbows x9440
  UNMATCHED: ROCKPORT RES - Rainbows x8860
  UNMATCHED: ROCKPORT RES - Rainbows x11790
  UNMATCHED: ROCKPORT RES - Rainbows x9918
  NEW: RUTH L BR-40 (58) - Brookies x252 on 2006-07-13
  NEW: SALAMANDER L BR-26 (60) - Brookies x396 on 2006-07-07
  NEW: SCOW L BR-12 (61) - Brookies x1680 on 2006-07-13
  NEW: SHADOW L A-52 (299) - Brookies x1404 on 2006-07-07
  NEW: SHINGLE CR,EAST A-39 (301) - Splake x401 on 2006-07-10
  UNMATCHED: SMITH-MOREHOUSE RES - Rainbows x1836
  UNMATCHED: SMITH-MOREHOUSE RES - Rainbows x2226
  UNMATCHED: SMITH-MOREHOUSE RES - Rainbows x1119
  UNMATCHED: SMITH-MOREHOUSE RES - Rainbows x1391
  UNMATCHED: SMITH-MOREHOUSE RES - Rainbows x1328
  UNMATCHED: SMITH-MOREHOUSE RES - Tigers x10010
  UNMATCHED: SMITH-MOREHOUSE RES - Cutthroats x6055
  NEW: SMITHS FK PASS L G14 (182) - Tigers x2610 on 2006-07-14
  NEW: SPECTACLE L A-44 (305) - Brookies x704 on 2006-07-13
  NEW: SPECTACLE L A-44 (305) - Brookies x700 on 2006-07-13
  UNMATCHED: STATELINE RES - Rainbows x11272
  UNMATCHED: STATELINE RES - Brookies x5880
  UNMATCHED: STILLWATER FK - Rainbows x299
  UNMATCHED: STILLWATER FK - Rainbows x248
  NEW: SUMMIT L GR-5 (642) - Grayling x598 on 2006-08-02
  NEW: TEAPOT L A-60 (309) - Rainbows x627 on 2006-06-13
  NEW: TEAPOT L A-60 (309) - Brookies x504 on 2006-06-23
  NEW: TEAPOT L A-60 (309) - Rainbows x499 on 2006-06-27
  NEW: TEAPOT L A-60 (309) - Rainbows x500 on 2006-07-05
  NEW: TEAPOT L A-60 (309) - Rainbows x401 on 2006-07-11
  NEW: TEAPOT L A-60 (309) - Rainbows x400 on 2006-07-17
  NEW: TEAPOT L A-60 (309) - Rainbows x400 on 2006-07-28
  NEW: TEAPOT L A-60 (309) - Rainbows x400 on 2006-08-02
  NEW: TEAPOT L A-60 (309) - Rainbows x400 on 2006-08-10
  NEW: TEAPOT L A-60 (309) - Rainbows x400 on 2006-08-15
  NEW: TEAPOT L A-60 (309) - Rainbows x405 on 2006-08-21
  NEW: TEAPOT L A-60 (309) - Rainbows x308 on 2006-09-01
  NEW: TEAPOT L A-60 (309) - Rainbows x400 on 2006-09-11
  NEW: TRIAL L A-61 (310) - Rainbows x2240 on 2006-06-15
  NEW: TRIAL L A-61 (310) - Brookies x8064 on 2006-06-23
  NEW: TRIAL L A-61 (310) - Rainbows x500 on 2006-06-26
  NEW: TRIAL L A-61 (310) - Rainbows x1701 on 2006-07-06
  NEW: TRIAL L A-61 (310) - Rainbows x500 on 2006-07-13
  NEW: TRIAL L A-61 (310) - Rainbows x1640 on 2006-07-17
  NEW: TRIAL L A-61 (310) - Rainbows x520 on 2006-07-27
  NEW: TRIAL L A-61 (310) - Rainbows x175 on 2006-07-27
  NEW: TRIAL L A-61 (310) - Rainbows x1600 on 2006-08-01
  NEW: TRIAL L A-61 (310) - Rainbows x500 on 2006-08-08
  NEW: TRIAL L A-61 (310) - Grayling x10000 on 2006-08-08
  NEW: TRIAL L A-61 (310) - Rainbows x1200 on 2006-08-15
  NEW: TRIAL L A-61 (310) - Rainbows x1500 on 2006-08-18
  NEW: TRIAL L A-61 (310) - Rainbows x1440 on 2006-08-21
  NEW: TRIAL L A-61 (310) - Tigers x1998 on 2006-08-28
  NEW: TRIAL L A-61 (310) - Rainbows x1412 on 2006-09-01
  NEW: TRIAL L A-61 (310) - Rainbows x1360 on 2006-09-12
  NEW: TRIAL L A-61 (310) - Rainbows x1428 on 2006-09-14
  NEW: TWIN L, UPPER A-32 (313) - Brookies x900 on 2006-07-07
  NEW: W-16 (511) - Brookies x396 on 2006-07-07
  NEW: W-53 (515) - Brookies x108 on 2006-07-07
  NEW: WALL L A-29 (314) - Cutthroats x17022 on 2006-10-09
  NEW: WASHINGTON L A-23 (315) - Rainbows x1651 on 2006-06-19
  NEW: WASHINGTON L A-23 (315) - Brookies x4032 on 2006-06-23
  NEW: WASHINGTON L A-23 (315) - Rainbows x999 on 2006-07-05
  NEW: WASHINGTON L A-23 (315) - Rainbows x502 on 2006-07-11
  NEW: WASHINGTON L A-23 (315) - Rainbows x1250 on 2006-07-17
  NEW: WASHINGTON L A-23 (315) - Grayling x10720 on 2006-08-08
  NEW: WASHINGTON L A-23 (315) - Rainbows x603 on 2006-08-21
  NEW: WASHINGTON L A-23 (315) - Tigers x1998 on 2006-08-28
  NEW: WASHINGTON L A-23 (315) - Rainbows x652 on 2006-09-01
  NEW: WASHINGTON L A-23 (315) - Rainbows x663 on 2006-09-11
  NEW: WASHINGTON L A-23 (315) - Grayling x1242 on 2006-10-16
  NEW: WATSON L A-27 (316) - Brookies x600 on 2006-07-07
  UNMATCHED: WEBER R - Brown Trout x5005
  UNMATCHED: WHITNEY RES - Rainbows x3120
  UNMATCHED: WHITNEY RES - Rainbows x1600
  UNMATCHED: WHITNEY RES - Tigers x6014
  UNMATCHED: WHITNEY RES - Cutthroats x71842
  UNMATCHED: WHITNEY RES - Cutthroats x71842
  NEW: YELLOWPINE,LOWER W66 (522) - Brookies x204 on 2006-07-07
  NEW: YELLOWPINE,UPPER W65 (523) - Brookies x300 on 2006-07-07

Summit Summary: 170 new records, 11 unmatched

=== PROCESSING DUCHESNE COUNTY ===
  NEW: AMLEN L X-99 (319) - Brookies x600 on 2006-07-07
  NEW: ANDERSON L X-117 (320) - Brookies x576 on 2006-07-07
  NEW: ATWINE L X-64 (208) - Brookies x1355 on 2006-07-12
  NEW: BEDGROUND L Z-46 (324) - Grayling x299 on 2006-08-02
  NEW: BIG DOG L X-32 (209) - Grayling x1302 on 2006-08-02
  UNMATCHED: BIG SANDWASH RES - Rainbows x2568
  UNMATCHED: BIG SANDWASH RES - Rainbows x35743
  UNMATCHED: BIG SANDWASH RES - Rainbows x1505
  UNMATCHED: BIG SANDWASH RES - Rainbows x1496
  UNMATCHED: BIG SANDWASH RES - Rainbows x998
  NEW: BLACK L X-132 (326) - Brookies x1176 on 2006-07-07
  NEW: BLUE L Z-32 (118) - Brookies x996 on 2006-07-07
  NEW: BONNIE L Z-6 (120) - Brookies x600 on 2006-07-07
  NEW: BOWDEN L U-32 (431) - Brookies x452 on 2006-07-12
  UNMATCHED: BROWNS DRAW RES - Rainbows x30000
  NEW: BUD L Z-2 (122) - Grayling x598 on 2006-08-02
  NEW: BUTTERFLY L Z-1 (123) - Rainbows x506 on 2006-06-15
  NEW: BUTTERFLY L Z-1 (123) - Brookies x1008 on 2006-06-23
  NEW: BUTTERFLY L Z-1 (123) - Rainbows x400 on 2006-06-26
  NEW: BUTTERFLY L Z-1 (123) - Rainbows x499 on 2006-06-27
  NEW: BUTTERFLY L Z-1 (123) - Rainbows x250 on 2006-07-06
  NEW: BUTTERFLY L Z-1 (123) - Rainbows x506 on 2006-07-14
  NEW: BUTTERFLY L Z-1 (123) - Rainbows x300 on 2006-07-21
  NEW: BUTTERFLY L Z-1 (123) - Rainbows x501 on 2006-07-27
  NEW: BUTTERFLY L Z-1 (123) - Rainbows x500 on 2006-08-02
  NEW: BUTTERFLY L Z-1 (123) - Rainbows x450 on 2006-08-10
  NEW: BUTTERFLY L Z-1 (123) - Rainbows x500 on 2006-08-15
  NEW: BUTTERFLY L Z-1 (123) - Rainbows x405 on 2006-08-21
  NEW: BUTTERFLY L Z-1 (123) - Rainbows x510 on 2006-08-28
  NEW: BUTTERFLY L Z-1 (123) - Rainbows x400 on 2006-09-11
  NEW: CABIN L RC-42 (330) - Brookies x504 on 2006-07-07
  NEW: CIRQUE L WR-33 (661) - Grayling x1021 on 2006-08-02
  NEW: CLEVELAND L WR-7 (525) - Brookies x2405 on 2006-07-12
  NEW: CLIFF L WR-49 (526) - Brookies x4001 on 2006-07-12
  NEW: COLOROW (ASPEN) X-63 (207) - Brookies x798 on 2006-07-12
  NEW: D-26 (129) - Brookies x504 on 2006-07-07
  NEW: DALE L Z-39 (332) - Brookies x1500 on 2006-07-07
  NEW: DAYNES L Z-38 (333) - Brookies x2004 on 2006-07-07
  NEW: DEAN L Z-40 (334) - Brookies x1596 on 2006-07-07
  NEW: DENISE L WR-9 (557) - Brookies x250 on 2006-07-17
  NEW: DIAMOND L U-39 (463) - Grayling x528 on 2006-08-02
  UNMATCHED: DUCHESNE R, N FK - Rainbows x1399
  UNMATCHED: DUCHESNE R, N FK - Rainbows x1400
  NEW: EMERALD L D-20 (134) - Brookies x84 on 2006-07-07
  NEW: FARNEY L X-14 (136) - Grayling x2499 on 2006-08-02
  NEW: GOVERNORS L Z-24 (344) - Brookies x3600 on 2006-07-07
  NEW: GRAYLING L X-56 (413) - Grayling x854 on 2006-08-02
  NEW: HIDDEN L DG-27 (114) - Brookies x1197 on 2006-07-13
  NEW: HOOK L X-81 (216) - Brookies x1050 on 2006-07-12
  NEW: HOOVER L Z-10 (142) - Brookies x952 on 2006-07-13
  NEW: HOOVER L Z-10 (142) - Brookies x945 on 2006-07-13
  NEW: HORSESHOE L RC-38 (348) - Brookies x156 on 2006-07-07
  NEW: JACK L X-133 (350) - Brookies x204 on 2006-07-07
  NEW: JILL L X-111 (352) - Brookies x276 on 2006-07-07
  NEW: KIDNEY L X-35 (218) - Channel catfish x375 on 2006-09-07
  UNMATCHED: LAKE CANYON L - Tigers x1501
  UNMATCHED: LAKE FK R - Rainbows x335
  NEW: LECONTE L Z-33 (147) - Grayling x2499 on 2006-08-02
  NEW: LF-16 (221) - Brookies x305 on 2006-07-12
  NEW: LF-43 (224) - Brookies x252 on 2006-07-12
  NEW: LIGHTNING L X-127 (354) - Brookies x696 on 2006-07-07
  NEW: LILLY L U-23 (449) - Brookies x798 on 2006-07-12
  NEW: LILY L S-15 (414) - Brookies x1995 on 2006-07-12
  NEW: LILY PAD,LOWER DG-26 (115) - Brookies x452 on 2006-07-13
  NEW: LILY PAD,UPPER DG-25 (116) - Brookies x1197 on 2006-07-13
  NEW: LITTLE DOG L X-33 (227) - Brookies x704 on 2006-07-12
  NEW: LODGEPOLE L X-3 (356) - Brookies x1704 on 2006-07-07
  NEW: LOST L Z-29 (357) - Brookies x1500 on 2006-07-07
  NEW: MARSHALL L Z-11 (150) - Brookies x903 on 2006-07-13
  NEW: MARSHALL L Z-11 (150) - Brookies x896 on 2006-07-13
  NEW: MID L X-42 (360) - Brookies x648 on 2006-07-07
  NEW: MIRROR L Z-3 (151) - Rainbows x1503 on 2006-06-15
  NEW: MIRROR L Z-3 (151) - Brookies x7488 on 2006-06-23
  NEW: MIRROR L Z-3 (151) - Rainbows x1040 on 2006-06-26
  NEW: MIRROR L Z-3 (151) - Rainbows x490 on 2006-06-26
  NEW: MIRROR L Z-3 (151) - Rainbows x1107 on 2006-07-05
  NEW: MIRROR L Z-3 (151) - Rainbows x501 on 2006-07-06
  NEW: MIRROR L Z-3 (151) - Rainbows x500 on 2006-07-13
  NEW: MIRROR L Z-3 (151) - Rainbows x506 on 2006-07-14
  NEW: MIRROR L Z-3 (151) - Rainbows x1500 on 2006-07-18
  NEW: MIRROR L Z-3 (151) - Rainbows x520 on 2006-07-27
  NEW: MIRROR L Z-3 (151) - Rainbows x175 on 2006-07-27
  NEW: MIRROR L Z-3 (151) - Rainbows x1000 on 2006-07-28
  NEW: MIRROR L Z-3 (151) - Rainbows x1000 on 2006-08-01
  NEW: MIRROR L Z-3 (151) - Rainbows x1500 on 2006-08-07
  NEW: MIRROR L Z-3 (151) - Rainbows x1000 on 2006-08-18
  NEW: MIRROR L Z-3 (151) - Rainbows x1440 on 2006-08-21
  NEW: MIRROR L Z-3 (151) - Rainbows x1412 on 2006-08-30
  NEW: MIRROR L Z-3 (151) - Rainbows x1360 on 2006-09-13
  UNMATCHED: MOON L - Rainbows x1725
  UNMATCHED: MOON L - Rainbows x1898
  UNMATCHED: MOON L - Rainbows x336
  UNMATCHED: MOON L - Rainbows x1600
  UNMATCHED: MOON L - Splake x5649
  UNMATCHED: MOON L - Splake x5466
  NEW: MOOSEHORN L Z-4 (152) - Rainbows x499 on 2006-06-27
  NEW: MOOSEHORN L Z-4 (152) - Rainbows x250 on 2006-07-06
  NEW: MOOSEHORN L Z-4 (152) - Rainbows x401 on 2006-07-12
  NEW: MOOSEHORN L Z-4 (152) - Rainbows x500 on 2006-07-17
  NEW: MOOSEHORN L Z-4 (152) - Rainbows x251 on 2006-07-27
  NEW: MOOSEHORN L Z-4 (152) - Rainbows x400 on 2006-07-28
  NEW: MOOSEHORN L Z-4 (152) - Rainbows x500 on 2006-08-02
  NEW: MOOSEHORN L Z-4 (152) - Rainbows x500 on 2006-08-08
  NEW: MOOSEHORN L Z-4 (152) - Rainbows x500 on 2006-08-15
  NEW: MOOSEHORN L Z-4 (152) - Rainbows x504 on 2006-08-21
  NEW: MOOSEHORN L Z-4 (152) - Rainbows x400 on 2006-08-28
  NEW: MOOSEHORN L Z-4 (152) - Rainbows x400 on 2006-09-11
  NEW: MUD L X-66 (228) - Brookies x378 on 2006-07-12
  NEW: PASS L Z-5 (158) - Rainbows x500 on 2006-06-14
  NEW: PASS L Z-5 (158) - Rainbows x249 on 2006-06-26
  NEW: PASS L Z-5 (158) - Rainbows x569 on 2006-06-27
  NEW: PASS L Z-5 (158) - Rainbows x500 on 2006-07-05
  NEW: PASS L Z-5 (158) - Rainbows x506 on 2006-07-14
  NEW: PASS L Z-5 (158) - Rainbows x500 on 2006-07-17
  NEW: PASS L Z-5 (158) - Rainbows x251 on 2006-07-27
  NEW: PASS L Z-5 (158) - Rainbows x500 on 2006-07-28
  NEW: PASS L Z-5 (158) - Rainbows x500 on 2006-08-02
  NEW: PASS L Z-5 (158) - Rainbows x500 on 2006-08-08
  NEW: PASS L Z-5 (158) - Rainbows x500 on 2006-08-18
  NEW: PASS L Z-5 (158) - Rainbows x504 on 2006-08-21
  NEW: PASS L Z-5 (158) - Rainbows x501 on 2006-08-28
  NEW: PASS L Z-5 (158) - Rainbows x510 on 2006-09-11
  NEW: PASS L Z-5 (158) - Brookies x612 on 2006-09-21
  NEW: PICTURE L X-82 (232) - Grayling x1962 on 2006-08-02
  NEW: PINE ISLAND L X-8 (365) - Brookies x8400 on 2006-07-07
  NEW: POLE CR L (540) - Rainbows x696 on 2006-07-21
  NEW: RAINBOW L Z-25 (368) - Brookies x996 on 2006-07-07
  UNMATCHED: RED CR RES - Rainbows x780
  UNMATCHED: RED CR RES - Rainbows x10000
  UNMATCHED: ROCK CR - Rainbows x1120
  UNMATCHED: ROCK CR - Rainbows x1000
  UNMATCHED: ROCK CR - Rainbows x1000
  NEW: ROCK I L X-96 (370) - Brookies x480 on 2006-07-07
  NEW: ROCK II L X-97 (371) - Grayling x774 on 2006-08-02
  NEW: ROSALIE L X-130 (372) - Brookies x816 on 2006-07-07
  NEW: RUDOLPH L NO 2 X-40 (374) - Brookies x288 on 2006-07-07
  NEW: SCOUT L Z-12 (160) - Rainbows x500 on 2006-07-05
  NEW: SCOUT L Z-12 (160) - Brookies x712 on 2006-07-28
  NEW: SCOUT L Z-12 (160) - Brookies x756 on 2006-07-28
  NEW: SCOUT L Z-12 (160) - Rainbows x500 on 2006-07-28
  NEW: SCOUT L Z-12 (160) - Rainbows x500 on 2006-08-01
  NEW: SHAMROCK L X-98 (378) - Brookies x1824 on 2006-07-07
  NEW: SONNY L X-12 (164) - Brookies x396 on 2006-07-07
  UNMATCHED: STARVATION RES - Rainbows x8640
  UNMATCHED: STARVATION RES - Rainbows x10800
  NEW: SURVEY L RC-20 (381) - Brookies x996 on 2006-07-07
  NEW: THOMPSON L RC-8 (382) - Brookies x1404 on 2006-07-07
  UNMATCHED: TIMBER CYN CR - Cutthroats x130
  NEW: TIMOTHY L, EAST X-16 (418) - Brookies x998 on 2006-07-12
  NEW: TIMOTHY L, WEST X-19 (419) - Brookies x2247 on 2006-07-12
  NEW: TUNGSTEN L X-107 (579) - Grayling x1346 on 2006-08-02
  NEW: U-100 (662) - Grayling x282 on 2006-08-02
  UNMATCHED: UINTA R - Rainbows x694
  UNMATCHED: UINTA R - Rainbows x1564
  NEW: WALL L U-99 (667) - Grayling x510 on 2006-08-02
  NEW: WHITE MILLER L X-54 (421) - Brookies x1103 on 2006-07-12
  NEW: WILDER L Z-13 (168) - Brookies x396 on 2006-07-07
  NEW: WYMAN L Z-14 (125) - Brookies x396 on 2006-07-07
  UNMATCHED: YELLOWSTONE R - Rainbows x522
  UNMATCHED: YELLOWSTONE R - Rainbows x522

Duchesne Summary: 132 new records, 12 unmatched

=== 2006 IMPORT SUMMARY ===
Total new records: 302
Total unmatched lakes: 23
Ambiguous matches: 0
CSV file updated: /Volumes/OLAF EXT/jedwoodx/repos/uintas/data/utah_dwr_stocking_data.csv
Run completed at: 2025-08-25 18:38:51
