=== IMPORTING 2009 STOCKING DATA ===
Started at: 2025-08-25 18:38:48


=== PROCESSING SUMMIT COUNTY ===
  NEW: ALEXANDER L A-1 (250) - Brookies x2300 on 2009-07-06
  UNMATCHED: BEAR R, E FK - Rainbows x299
  UNMATCHED: BEAR R, E FK - Rainbows x300
  UNMATCHED: BEAR R, E FK - Rainbows x299
  UNMATCHED: BEAR R, E FK - Rainbows x300
  NEW: BEAVER CR (32) - Rainbows x199 on 2009-06-16
  NEW: BEAVER CR (32) - Rainbows x200 on 2009-06-29
  NEW: BEAVER CR (32) - Rainbows x51 on 2009-07-07
  NEW: BEAVER CR (32) - Rainbows x201 on 2009-07-15
  NEW: BEAVER CR (32) - Rainbows x50 on 2009-07-20
  NEW: BEAVER CR (32) - Rainbows x200 on 2009-07-27
  NEW: BEAVER CR (32) - Rainbows x125 on 2009-08-11
  NEW: BEAVER L A-17 (252) - Brookies x400 on 2009-07-06
  NEW: BEAVER L BR-10 (32) - Rainbows x2030 on 2009-06-23
  NEW: BOOKER L A-35 (256) - Brookies x400 on 2009-07-06
  NEW: BR-44 (597) - Tigers x803 on 2009-07-07
  NEW: BR-50 (44) - Brookies x600 on 2009-07-06
  NEW: BRIDGER L G-20 (173) - Rainbows x1875 on 2009-05-21
  NEW: BRIDGER L G-20 (173) - Rainbows x1500 on 2009-06-08
  NEW: BRIDGER L G-20 (173) - Brookies x2086 on 2009-06-08
  NEW: BRIDGER L G-20 (173) - Rainbows x1700 on 2009-07-03
  NEW: BRIDGER L G-20 (173) - Rainbows x1403 on 2009-07-20
  NEW: BRIDGER L G-20 (173) - Rainbows x1400 on 2009-08-10
  NEW: CHINA L G-21 (174) - Brookies x7800 on 2009-07-07
  NEW: CLYDE L A-28 (629) - Brookies x1600 on 2009-07-06
  NEW: CRYSTAL L A-51 (262) - Brookies x1000 on 2009-07-06
  NEW: CUBERANT NO 1 W-42 (480) - Brookies x400 on 2009-07-07
  UNMATCHED: DEER VALLEY LAKES - Rainbows x798
  UNMATCHED: DEER VALLEY LAKES - Tigers x1165
  NEW: DIAMOND L A-22 (264) - Brookies x300 on 2009-07-06
  NEW: FISH L GR-125 (86) - Rainbows x845 on 2009-11-03
  NEW: G- 52 (192) - Brookies x300 on 2009-07-07
  NEW: G- 60 (196) - Brookies x400 on 2009-07-07
  NEW: G- 61 (197) - Brookies x400 on 2009-07-07
  NEW: G- 71 (609) - Brookies x313 on 2009-07-07
  NEW: G- 80 (614) - Brookies x88 on 2009-07-07
  NEW: GR-160 (70) - Brookies x500 on 2009-07-07
  UNMATCHED: HAYDEN FK - Rainbows x300
  UNMATCHED: HAYDEN FK - Rainbows x299
  UNMATCHED: HAYDEN FK - Rainbows x300
  NEW: HIDDEN L (68) - Rainbows x506 on 2009-05-28
  NEW: HOOP L (93) - Rainbows x1801 on 2009-05-19
  NEW: HOOP L (93) - Rainbows x7140 on 2009-06-04
  NEW: HOOP L (93) - Rainbows x770 on 2009-06-04
  NEW: JERRY L W-28 (494) - Brookies x400 on 2009-07-07
  NEW: JESSON L GR-1 (396) - Cutthroats x2842 on 2009-09-16
  NEW: JOHN L A-30 (276) - Brookies x300 on 2009-07-06
  UNMATCHED: KIMBALL CR - Brown Trout x3021
  NEW: LILLY L A-58 (281) - Rainbows x299 on 2009-06-11
  NEW: LILLY L A-58 (281) - Rainbows x299 on 2009-06-17
  NEW: LILLY L A-58 (281) - Rainbows x299 on 2009-06-22
  NEW: LILLY L A-58 (281) - Rainbows x308 on 2009-06-29
  NEW: LILLY L A-58 (281) - Rainbows x300 on 2009-07-08
  NEW: LILLY L A-58 (281) - Rainbows x301 on 2009-07-14
  NEW: LILLY L A-58 (281) - Rainbows x300 on 2009-07-21
  NEW: LILLY L A-58 (281) - Rainbows x300 on 2009-07-27
  NEW: LILLY L A-58 (281) - Rainbows x300 on 2009-08-03
  NEW: LILLY L A-58 (281) - Rainbows x301 on 2009-08-10
  NEW: LILLY L A-58 (281) - Rainbows x200 on 2009-08-18
  NEW: LILLY L A-58 (281) - Rainbows x201 on 2009-08-24
  NEW: LILLY L A-58 (281) - Rainbows x200 on 2009-09-08
  NEW: LILY L BR-11 (51) - Rainbows x1283 on 2009-06-05
  NEW: LILY L BR-11 (51) - Rainbows x1201 on 2009-06-24
  NEW: LILY L BR-11 (51) - Rainbows x1099 on 2009-07-21
  NEW: LOST L A-59 (287) - Brookies x4470 on 2009-06-09
  NEW: LOST L A-59 (287) - Rainbows x2502 on 2009-06-09
  NEW: LOST L A-59 (287) - Rainbows x2000 on 2009-07-02
  NEW: LYMAN L, LOWER G-25 (618) - Rainbows x998 on 2009-06-10
  NEW: LYMAN L, LOWER G-25 (618) - Brookies x3494 on 2009-06-10
  NEW: LYMAN L, LOWER G-25 (618) - All Trout x1001 on 2009-07-02
  NEW: LYMAN L, LOWER G-25 (618) - Rainbows x1400 on 2009-07-21
  NEW: LYMAN L, UPPER G-27 (619) - Rainbows x998 on 2009-06-10
  NEW: LYMAN L, UPPER G-27 (619) - Brookies x994 on 2009-06-10
  NEW: LYMAN L, UPPER G-27 (619) - All Trout x599 on 2009-07-02
  NEW: MARSH L G-19 (202) - Rainbows x4860 on 2009-05-26
  NEW: OLSON L W-32 (502) - Brookies x700 on 2009-07-07
  NEW: POT L A-8 (296) - Brookies x400 on 2009-07-06
  NEW: PRIORD L BR-48 (57) - Tigers x2397 on 2009-07-07
  UNMATCHED: PROVO R - Rainbows x249
  UNMATCHED: PROVO R - Rainbows x132
  UNMATCHED: PROVO R - Rainbows x250
  UNMATCHED: PROVO R - Rainbows x250
  UNMATCHED: PROVO R - All Trout x250
  UNMATCHED: PROVO R, UPPER, N FK - Rainbows x125
  UNMATCHED: PROVO R, UPPER, N FK - Rainbows x125
  NEW: QUARTER CORNER LG103 (655) - Rainbows x1200 on 2009-05-20
  NEW: RED CASTLE,EAST G-17 (177) - Tigers x2119 on 2009-07-07
  NEW: REIDS L W-38 (503) - Brookies x500 on 2009-07-06
  NEW: ROCK L A-10 (298) - Brookies x800 on 2009-07-06
  UNMATCHED: ROCKPORT RES - Rainbows x2519
  UNMATCHED: ROCKPORT RES - Rainbows x12410
  UNMATCHED: ROCKPORT RES - Rainbows x9855
  UNMATCHED: ROCKPORT RES - Rainbows x7313
  UNMATCHED: ROCKPORT RES - Rainbows x8500
  UNMATCHED: ROCKPORT RES - Rainbows x2295
  UNMATCHED: ROCKPORT RES - Rainbows x10880
  UNMATCHED: ROCKPORT RES - Rainbows x13260
  UNMATCHED: ROCKPORT RES - Rainbows x7566
  UNMATCHED: ROCKPORT RES - Tigers x18630
  UNMATCHED: ROCKPORT RES - Tigers x6200
  UNMATCHED: ROCKPORT RES - Tigers x23000
  UNMATCHED: ROCKPORT RES - Rainbows x10107
  UNMATCHED: ROCKPORT RES - Rainbows x16750
  UNMATCHED: ROCKPORT RES - Rainbows x14070
  UNMATCHED: ROCKPORT RES - Rainbows x7560
  UNMATCHED: ROCKPORT RES - Rainbows x7560
  NEW: RUTH L BR-40 (58) - Brookies x500 on 2009-07-06
  NEW: SCOW L BR-12 (61) - Brookies x1701 on 2009-07-07
  UNMATCHED: SMITH-MOREHOUSE RES - Rainbows x1700
  UNMATCHED: SMITH-MOREHOUSE RES - Rainbows x420
  UNMATCHED: SMITH-MOREHOUSE RES - Rainbows x1425
  UNMATCHED: SMITH-MOREHOUSE RES - Rainbows x1815
  UNMATCHED: SMITH-MOREHOUSE RES - Rainbows x1105
  UNMATCHED: SMITH-MOREHOUSE RES - Tigers x11300
  UNMATCHED: SMITH-MOREHOUSE RES - Rainbows x1610
  UNMATCHED: SMITH-MOREHOUSE RES - Rainbows x1500
  UNMATCHED: SMITH-MOREHOUSE RES - Rainbows x1200
  UNMATCHED: SMITH-MOREHOUSE RES - Grayling x10294
  UNMATCHED: SMITH-MOREHOUSE RES - Rainbows x1600
  UNMATCHED: SMITH-MOREHOUSE RES - Rainbows x1596
  UNMATCHED: SMITH-MOREHOUSE RES - Rainbows x7980
  UNMATCHED: SMITH-MOREHOUSE RES - Grayling x6237
  UNMATCHED: SMITH-MOREHOUSE RES - Rainbows x1298
  NEW: SPECTACLE L A-44 (305) - Brookies x1400 on 2009-07-06
  NEW: STAR L A-42 (307) - Tigers x1851 on 2009-07-06
  UNMATCHED: STATELINE RES - Rainbows x2700
  UNMATCHED: STATELINE RES - Rainbows x6600
  UNMATCHED: STATELINE RES - Rainbows x2697
  UNMATCHED: STATELINE RES - Rainbows x4000
  UNMATCHED: STILLWATER FK - Rainbows x599
  UNMATCHED: STILLWATER FK - Rainbows x500
  UNMATCHED: STILLWATER FK - All Trout x500
  UNMATCHED: STILLWATER FK - Rainbows x499
  NEW: TEAL L BR-32 (62) - Rainbows x304 on 2009-09-29
  NEW: TEAL L BR-32 (62) - Rainbows x598 on 2009-11-24
  NEW: TEAL L BR-32 (62) - Rainbows x560 on 2009-12-21
  NEW: TEAL L BR-32 (62) - Rainbows x303 on 2009-12-22
  NEW: TEAPOT L A-60 (309) - Rainbows x499 on 2009-06-11
  NEW: TEAPOT L A-60 (309) - Brookies x877 on 2009-06-17
  NEW: TEAPOT L A-60 (309) - Rainbows x498 on 2009-06-17
  NEW: TEAPOT L A-60 (309) - Rainbows x499 on 2009-06-22
  NEW: TEAPOT L A-60 (309) - Rainbows x506 on 2009-06-29
  NEW: TEAPOT L A-60 (309) - Rainbows x499 on 2009-07-08
  NEW: TEAPOT L A-60 (309) - Rainbows x499 on 2009-07-14
  NEW: TEAPOT L A-60 (309) - Rainbows x501 on 2009-07-21
  NEW: TEAPOT L A-60 (309) - Rainbows x500 on 2009-07-29
  NEW: TEAPOT L A-60 (309) - Rainbows x500 on 2009-08-03
  NEW: TEAPOT L A-60 (309) - Rainbows x502 on 2009-08-10
  NEW: TEAPOT L A-60 (309) - Rainbows x499 on 2009-08-18
  NEW: TEAPOT L A-60 (309) - Rainbows x500 on 2009-08-24
  NEW: TRIAL L A-61 (310) - Rainbows x1999 on 2009-06-24
  NEW: TRIAL L A-61 (310) - Tigers x2034 on 2009-06-24
  NEW: TRIAL L A-61 (310) - Rainbows x398 on 2009-06-24
  NEW: TRIAL L A-61 (310) - Brookies x8023 on 2009-06-24
  NEW: TRIAL L A-61 (310) - Rainbows x2000 on 2009-07-02
  NEW: TRIAL L A-61 (310) - Rainbows x998 on 2009-07-07
  NEW: TRIAL L A-61 (310) - Rainbows x400 on 2009-07-07
  NEW: TRIAL L A-61 (310) - Rainbows x1000 on 2009-07-14
  NEW: TRIAL L A-61 (310) - Rainbows x1999 on 2009-07-20
  NEW: TRIAL L A-61 (310) - Rainbows x399 on 2009-07-22
  NEW: TRIAL L A-61 (310) - Rainbows x1000 on 2009-07-27
  NEW: TRIAL L A-61 (310) - Rainbows x1000 on 2009-08-03
  NEW: TRIAL L A-61 (310) - Rainbows x400 on 2009-08-03
  NEW: TRIAL L A-61 (310) - Rainbows x998 on 2009-08-13
  NEW: TRIAL L A-61 (310) - Rainbows x400 on 2009-08-18
  NEW: TRIAL L A-61 (310) - Rainbows x1000 on 2009-08-18
  NEW: TRIAL L A-61 (310) - Rainbows x1999 on 2009-08-24
  NEW: TRIAL L A-61 (310) - Rainbows x1857 on 2009-08-31
  NEW: TRIAL L A-61 (310) - Rainbows x399 on 2009-08-31
  NEW: TRIAL L A-61 (310) - Rainbows x1000 on 2009-09-29
  NEW: TRIDENT L A-41 (311) - Brookies x400 on 2009-07-06
  NEW: TWIN L, LOWER A-33 (312) - Tigers x300 on 2009-07-06
  NEW: W-16 (511) - Brookies x400 on 2009-07-07
  NEW: WALL L A-29 (314) - Tigers x8400 on 2009-07-06
  NEW: WASHINGTON L A-23 (315) - Rainbows x1999 on 2009-06-24
  NEW: WASHINGTON L A-23 (315) - Tigers x4068 on 2009-06-24
  NEW: WASHINGTON L A-23 (315) - Brookies x4068 on 2009-06-24
  NEW: WASHINGTON L A-23 (315) - Rainbows x401 on 2009-06-24
  NEW: WASHINGTON L A-23 (315) - Rainbows x2000 on 2009-07-02
  NEW: WASHINGTON L A-23 (315) - Rainbows x998 on 2009-07-07
  NEW: WASHINGTON L A-23 (315) - Rainbows x400 on 2009-07-07
  NEW: WASHINGTON L A-23 (315) - Rainbows x1000 on 2009-07-14
  NEW: WASHINGTON L A-23 (315) - Rainbows x399 on 2009-07-20
  NEW: WASHINGTON L A-23 (315) - Rainbows x1000 on 2009-07-20
  NEW: WASHINGTON L A-23 (315) - Rainbows x1000 on 2009-07-27
  NEW: WASHINGTON L A-23 (315) - Rainbows x1000 on 2009-08-03
  NEW: WASHINGTON L A-23 (315) - Rainbows x400 on 2009-08-03
  NEW: WASHINGTON L A-23 (315) - Rainbows x1003 on 2009-08-13
  NEW: WASHINGTON L A-23 (315) - Rainbows x400 on 2009-08-24
  NEW: WASHINGTON L A-23 (315) - Grayling x10276 on 2009-08-24
  NEW: WASHINGTON L A-23 (315) - Rainbows x1000 on 2009-09-29
  UNMATCHED: WEBER R - Rainbows x249
  UNMATCHED: WEBER R - Rainbows x125
  UNMATCHED: WEBER R - Rainbows x125
  UNMATCHED: WEBER R - Rainbows x251
  UNMATCHED: WEBER R - Rainbows x125
  UNMATCHED: WEBER R - Rainbows x250
  UNMATCHED: WEBER R - Rainbows x250
  UNMATCHED: WEBER R - Rainbows x125
  NEW: WEIR L A-50 (317) - Grayling x1000 on 2009-08-03
  NEW: WHISKEY ISLAND L BR3 (63) - Grayling x1000 on 2009-08-03
  NEW: WHISKEY ISLAND L BR3 (63) - Grayling x2009 on 2009-09-23
  UNMATCHED: WHITNEY RES - Tigers x40677
  UNMATCHED: WHITNEY RES - Rainbows x4301
  UNMATCHED: WHITNEY RES - Rainbows x4000
  UNMATCHED: WHITNEY RES - Rainbows x1698
  UNMATCHED: WHITNEY RES - Cutthroats x25070
  UNMATCHED: WHITNEY RES - Rainbows x3000
  NEW: YELLOWPINE,LOWER W66 (522) - Brookies x200 on 2009-07-06

Summit Summary: 138 new records, 12 unmatched

=== PROCESSING DUCHESNE COUNTY ===
  NEW: ANGEL L WR-19 (558) - Cutthroats x980 on 2009-09-16
  NEW: ATWINE L X-64 (208) - Brookies x1349 on 2009-07-16
  NEW: BEDGROUND L Z-46 (324) - Grayling x305 on 2009-08-03
  NEW: BETSEY L X-7 (325) - Cutthroats x4018 on 2009-09-16
  UNMATCHED: BIG SANDWASH RES - Rainbows x501
  UNMATCHED: BIG SANDWASH RES - Rainbows x200
  UNMATCHED: BIG SANDWASH RES - Rainbows x1851
  UNMATCHED: BIG SANDWASH RES - Rainbows x1851
  UNMATCHED: BIG SANDWASH RES - Rainbows x1851
  UNMATCHED: BIG SANDWASH RES - Rainbows x1001
  UNMATCHED: BIG SANDWASH RES - Rainbows x4004
  UNMATCHED: BIG SANDWASH RES - Rainbows x1001
  NEW: BLYTHE L Z-20 (119) - Brookies x700 on 2009-07-06
  NEW: BONNIE L Z-6 (120) - Brookies x603 on 2009-07-06
  NEW: BROWN DUCK L X-31 (210) - Cutthroats x2646 on 2009-09-16
  UNMATCHED: BROWNS DRAW RES - Rainbows x1000
  UNMATCHED: BROWNS DRAW RES - Rainbows x1000
  UNMATCHED: BROWNS DRAW RES - Rainbows x1000
  UNMATCHED: BROWNS DRAW RES - Rainbows x1000
  UNMATCHED: BROWNS DRAW RES - Rainbows x1000
  UNMATCHED: BROWNS DRAW RES - Rainbows x8918
  NEW: BUD L Z-2 (122) - Brookies x550 on 2009-07-06
  NEW: BUTTERFLY L Z-1 (123) - Rainbows x499 on 2009-06-22
  NEW: BUTTERFLY L Z-1 (123) - Brookies x1017 on 2009-06-24
  NEW: BUTTERFLY L Z-1 (123) - Rainbows x250 on 2009-06-25
  NEW: BUTTERFLY L Z-1 (123) - Rainbows x501 on 2009-07-01
  NEW: BUTTERFLY L Z-1 (123) - Rainbows x250 on 2009-07-07
  NEW: BUTTERFLY L Z-1 (123) - Rainbows x499 on 2009-07-08
  NEW: BUTTERFLY L Z-1 (123) - Rainbows x501 on 2009-07-13
  NEW: BUTTERFLY L Z-1 (123) - Rainbows x501 on 2009-07-21
  NEW: BUTTERFLY L Z-1 (123) - Rainbows x251 on 2009-07-22
  NEW: BUTTERFLY L Z-1 (123) - Rainbows x500 on 2009-07-29
  NEW: BUTTERFLY L Z-1 (123) - Rainbows x500 on 2009-08-04
  NEW: BUTTERFLY L Z-1 (123) - Rainbows x250 on 2009-08-04
  NEW: BUTTERFLY L Z-1 (123) - Rainbows x502 on 2009-08-10
  NEW: BUTTERFLY L Z-1 (123) - Rainbows x499 on 2009-08-17
  NEW: BUTTERFLY L Z-1 (123) - Rainbows x250 on 2009-08-17
  NEW: BUTTERFLY L Z-1 (123) - Rainbows x500 on 2009-08-24
  NEW: BUTTERFLY L Z-1 (123) - Rainbows x501 on 2009-08-31
  NEW: BUTTERFLY L Z-1 (123) - Rainbows x245 on 2009-08-31
  NEW: BUTTERFLY L Z-1 (123) - Rainbows x494 on 2009-09-08
  NEW: CHAIN L NO 4 U-4 (437) - Cutthroats x686 on 2009-09-16
  NEW: CLEMENTS RES X-74 (212) - Cutthroats x3920 on 2009-09-16
  NEW: D-26 (129) - Brookies x500 on 2009-07-06
  NEW: DALE L Z-39 (332) - Brookies x1500 on 2009-07-06
  NEW: DAYNES L Z-38 (333) - Brookies x2000 on 2009-07-06
  NEW: DEAN L Z-40 (334) - Brookies x1600 on 2009-07-06
  NEW: DENISE L WR-9 (557) - Brookies x252 on 2009-07-16
  UNMATCHED: DUCHESNE R, N FK - Rainbows x1002
  UNMATCHED: DUCHESNE R, N FK - Rainbows x1001
  UNMATCHED: DUCHESNE R, N FK - Rainbows x1000
  UNMATCHED: DUCHESNE R, N FK - Rainbows x800
  NEW: GLADYS L X-128 (343) - Brookies x750 on 2009-07-06
  NEW: HELEN L X-126 (347) - Brookies x838 on 2009-07-06
  NEW: HOOVER L Z-10 (142) - Brookies x1900 on 2009-07-06
  NEW: JORDAN L Z-35 (146) - Brookies x2300 on 2009-07-06
  UNMATCHED: LAKE CANYON L - Tigers x616
  UNMATCHED: LAKE FK R - Rainbows x451
  UNMATCHED: LAKE FK R - Rainbows x450
  NEW: LF-43 (224) - Brookies x252 on 2009-07-16
  NEW: LILY PAD,LOWER DG-26 (115) - Brookies x452 on 2009-07-16
  NEW: LILY PAD,UPPER DG-25 (116) - Brookies x1201 on 2009-07-16
  NEW: LITTLE DOG L X-33 (227) - Brookies x696 on 2009-07-16
  NEW: LOST L Z-29 (357) - Brookies x1500 on 2009-07-06
  NEW: MABA L Z-8 (148) - Brookies x600 on 2009-07-06
  NEW: MARSHALL L Z-11 (150) - Brookies x1800 on 2009-07-06
  NEW: MILK L Y-25 (574) - Brookies x1749 on 2009-07-16
  NEW: MIRROR L Z-3 (151) - Rainbows x2001 on 2009-06-16
  NEW: MIRROR L Z-3 (151) - Rainbows x1999 on 2009-06-24
  NEW: MIRROR L Z-3 (151) - Brookies x7571 on 2009-06-24
  NEW: MIRROR L Z-3 (151) - Rainbows x600 on 2009-06-25
  NEW: MIRROR L Z-3 (151) - Rainbows x999 on 2009-07-02
  NEW: MIRROR L Z-3 (151) - Rainbows x998 on 2009-07-07
  NEW: MIRROR L Z-3 (151) - Rainbows x400 on 2009-07-07
  NEW: MIRROR L Z-3 (151) - Rainbows x1000 on 2009-07-14
  NEW: MIRROR L Z-3 (151) - Rainbows x1000 on 2009-07-20
  NEW: MIRROR L Z-3 (151) - Rainbows x600 on 2009-07-20
  NEW: MIRROR L Z-3 (151) - Rainbows x1000 on 2009-07-27
  NEW: MIRROR L Z-3 (151) - Rainbows x1000 on 2009-08-03
  NEW: MIRROR L Z-3 (151) - Rainbows x600 on 2009-08-03
  NEW: MIRROR L Z-3 (151) - Rainbows x1001 on 2009-08-13
  NEW: MIRROR L Z-3 (151) - Rainbows x600 on 2009-08-18
  NEW: MIRROR L Z-3 (151) - Rainbows x1000 on 2009-08-18
  NEW: MIRROR L Z-3 (151) - Rainbows x1999 on 2009-08-24
  NEW: MIRROR L Z-3 (151) - Rainbows x504 on 2009-08-31
  NEW: MIRROR L Z-3 (151) - Rainbows x1727 on 2009-08-31
  NEW: MIRROR L Z-3 (151) - Rainbows x494 on 2009-09-08
  NEW: MIRROR L Z-3 (151) - Rainbows x1500 on 2009-09-24
  NEW: MIRROR L Z-3 (151) - Rainbows x1500 on 2009-09-29
  UNMATCHED: MOON L - Tigers x10032
  UNMATCHED: MOON L - Rainbows x5500
  UNMATCHED: MOON L - Splake x10058
  NEW: MOOSEHORN L Z-4 (152) - Rainbows x506 on 2009-06-29
  NEW: MOOSEHORN L Z-4 (152) - Rainbows x250 on 2009-07-07
  NEW: MOOSEHORN L Z-4 (152) - Rainbows x499 on 2009-07-08
  NEW: MOOSEHORN L Z-4 (152) - Rainbows x501 on 2009-07-13
  NEW: MOOSEHORN L Z-4 (152) - Rainbows x501 on 2009-07-21
  NEW: MOOSEHORN L Z-4 (152) - Rainbows x251 on 2009-07-22
  NEW: MOOSEHORN L Z-4 (152) - Rainbows x500 on 2009-07-27
  NEW: MOOSEHORN L Z-4 (152) - Rainbows x500 on 2009-08-04
  NEW: MOOSEHORN L Z-4 (152) - Rainbows x250 on 2009-08-04
  NEW: MOOSEHORN L Z-4 (152) - Rainbows x501 on 2009-08-13
  NEW: MOOSEHORN L Z-4 (152) - Rainbows x242 on 2009-08-17
  NEW: MOOSEHORN L Z-4 (152) - Rainbows x258 on 2009-08-17
  NEW: MOOSEHORN L Z-4 (152) - Rainbows x250 on 2009-08-17
  NEW: MOOSEHORN L Z-4 (152) - Rainbows x500 on 2009-08-24
  NEW: MOOSEHORN L Z-4 (152) - Rainbows x257 on 2009-08-31
  NEW: MOOSEHORN L Z-4 (152) - Rainbows x501 on 2009-08-31
  NEW: MUD L X-66 (228) - Brookies x374 on 2009-07-16
  NEW: PASS L Z-5 (158) - Brookies x877 on 2009-06-17
  NEW: PASS L Z-5 (158) - Rainbows x602 on 2009-06-17
  NEW: PASS L Z-5 (158) - Rainbows x418 on 2009-06-22
  NEW: PASS L Z-5 (158) - Rainbows x250 on 2009-06-25
  NEW: PASS L Z-5 (158) - Rainbows x501 on 2009-07-02
  NEW: PASS L Z-5 (158) - Rainbows x250 on 2009-07-07
  NEW: PASS L Z-5 (158) - Rainbows x501 on 2009-07-08
  NEW: PASS L Z-5 (158) - Rainbows x499 on 2009-07-14
  NEW: PASS L Z-5 (158) - Rainbows x500 on 2009-07-20
  NEW: PASS L Z-5 (158) - Rainbows x251 on 2009-07-22
  NEW: PASS L Z-5 (158) - Rainbows x500 on 2009-07-27
  NEW: PASS L Z-5 (158) - Rainbows x500 on 2009-08-03
  NEW: PASS L Z-5 (158) - Rainbows x499 on 2009-08-13
  NEW: PASS L Z-5 (158) - Rainbows x250 on 2009-08-18
  NEW: PASS L Z-5 (158) - Rainbows x499 on 2009-08-18
  NEW: PASS L Z-5 (158) - Rainbows x500 on 2009-08-24
  NEW: PASS L Z-5 (158) - Rainbows x658 on 2009-08-31
  NEW: PASS L Z-5 (158) - Rainbows x257 on 2009-08-31
  NEW: PASS L Z-5 (158) - Rainbows x494 on 2009-09-08
  NEW: PHINNEY L X-119 (364) - Brookies x1363 on 2009-07-06
  NEW: PINE ISLAND L X-8 (365) - Brookies x8400 on 2009-07-06
  NEW: POLE CR L (540) - Rainbows x700 on 2009-06-30
  NEW: POLE CR L (540) - Rainbows x700 on 2009-07-22
  NEW: POWELL L Z-30 (367) - Cutthroats x2744 on 2009-09-16
  UNMATCHED: RC- 1 - Cutthroats x1274
  UNMATCHED: RED CR RES - Rainbows x810
  UNMATCHED: ROCK CR - Rainbows x632
  UNMATCHED: ROCK CR - Rainbows x1002
  UNMATCHED: ROCK CR - Rainbows x1000
  UNMATCHED: ROCK CR - Rainbows x560
  NEW: SCOUT L Z-12 (160) - Rainbows x400 on 2009-07-01
  NEW: SCOUT L Z-12 (160) - Rainbows x400 on 2009-07-08
  NEW: SCOUT L Z-12 (160) - Brookies x2001 on 2009-07-13
  NEW: SCOUT L Z-12 (160) - Rainbows x397 on 2009-07-13
  NEW: SCOUT L Z-12 (160) - Rainbows x399 on 2009-07-21
  NEW: SCOUT L Z-12 (160) - Rainbows x400 on 2009-07-29
  NEW: SEA LION L RC-11 (376) - Cutthroats x784 on 2009-09-16
  NEW: SURVEY L RC-20 (381) - Brookies x1000 on 2009-07-06
  UNMATCHED: TIMBER CYN CR - Cutthroats x1846
  UNMATCHED: TOTEM LAKE - Rainbows x600
  UNMATCHED: TOTEM LAKE - Rainbows x192
  NEW: TWIN L X-49 (420) - Cutthroats x3996 on 2009-10-07
  NEW: TWIN L X-77 (236) - Grayling x1204 on 2009-08-03
  NEW: U- 22 (650) - Brookies x600 on 2009-07-16
  UNMATCHED: UINTA R - Rainbows x501
  UNMATCHED: UINTA R - Rainbows x632
  UNMATCHED: UINTA R - Rainbows x1002
  UNMATCHED: UINTA R - Rainbows x1001
  NEW: WILDER L Z-13 (168) - Brookies x400 on 2009-07-06
  NEW: X- 26 (424) - Brookies x400 on 2009-07-16
  UNMATCHED: YELLOWSTONE R - Rainbows x351
  UNMATCHED: YELLOWSTONE R - Rainbows x350
  UNMATCHED: YELLOWSTONE R - Rainbows x440

Duchesne Summary: 122 new records, 13 unmatched

=== 2009 IMPORT SUMMARY ===
Total new records: 260
Total unmatched lakes: 25
Ambiguous matches: 0
CSV file updated: /Volumes/OLAF EXT/jedwoodx/repos/uintas/data/utah_dwr_stocking_data.csv
Run completed at: 2025-08-25 18:38:49
