=== IMPORTING 2004 STOCKING DATA ===
Started at: 2025-08-25 18:38:52


=== PROCESSING SUMMIT COUNTY ===
  NEW: ALEXANDER L A-1 (250) - Brookies x2298 on 2004-07-06
  NEW: BEAR L G-7 (171) - Brookies x2005 on 2004-07-07
  UNMATCHED: BEAR R, E FK - Rainbows x251
  UNMATCHED: BEAR R, E FK - Rainbows x250
  UNMATCHED: BEAR R, E FK - Rainbows x249
  NEW: BEAVER CR (32) - Rainbows x200 on 2004-06-10
  NEW: BEAVER CR (32) - Rainbows x201 on 2004-06-28
  NEW: BEAVER CR (32) - Rainbows x101 on 2004-06-28
  NEW: BEAVER L BR-10 (32) - Rainbows x2070 on 2004-06-08
  NEW: BETH L A-6 (253) - Brookies x701 on 2004-07-06
  NEW: BOURBON L BR-1 (33) - Brookies x196 on 2004-07-08
  NEW: BR-24 (38) - Cutthroats x306 on 2004-09-28
  NEW: BRIDGER L G-20 (173) - Rainbows x2475 on 2004-05-17
  NEW: BRIDGER L G-20 (173) - Rainbows x1748 on 2004-06-09
  NEW: BRIDGER L G-20 (173) - Rainbows x1768 on 2004-06-25
  NEW: BRIDGER L G-20 (173) - Rainbows x1800 on 2004-07-20
  NEW: BRIDGER L G-20 (173) - Brookies x2185 on 2004-08-10
  NEW: BRIDGER L G-20 (173) - Rainbows x1988 on 2004-08-10
  NEW: BROOK L A-20 (257) - Brookies x98 on 2004-07-06
  NEW: CAROL L W-51 (478) - Brookies x277 on 2004-07-06
  NEW: CHINA L G-21 (174) - Brookies x7824 on 2004-07-08
  NEW: CLEGG L A-47 (260) - Brookies x505 on 2004-07-06
  NEW: CLIFF L A-34 (261) - Cutthroats x926 on 2004-09-28
  NEW: CRYSTAL L A-51 (262) - Brookies x994 on 2004-07-06
  UNMATCHED: DEER VALLEY LAKES - Rainbows x999
  NEW: DIAMOND L A-22 (264) - Brookies x293 on 2004-07-06
  NEW: DIVIDE L NO 1 A-36 (630) - Brookies x701 on 2004-07-06
  UNMATCHED: ECHO RES - Rainbows x2752
  UNMATCHED: ECHO RES - Rainbows x2752
  UNMATCHED: ECHO RES - Rainbows x2752
  UNMATCHED: ECHO RES - Rainbows x2752
  UNMATCHED: ECHO RES - Rainbows x7968
  NEW: ERICKSON L,NORTH W26 (489) - Brookies x897 on 2004-07-06
  NEW: ERICKSON L,SOUTH W25 (488) - Brookies x994 on 2004-07-06
  NEW: G- 13 (181) - Brookies x799 on 2004-07-07
  NEW: G- 68 (653) - Brookies x408 on 2004-07-07
  NEW: GR-155 (67) - Brookies x196 on 2004-07-07
  NEW: GR-162 (72) - Brookies x701 on 2004-07-07
  NEW: GR-173 (76) - Brookies x408 on 2004-07-07
  UNMATCHED: HAYDEN FK - Rainbows x251
  UNMATCHED: HAYDEN FK - Rainbows x250
  NEW: HAYDEN L BR-36 (47) - Cutthroats x790 on 2004-09-28
  NEW: HIDDEN L (68) - Rainbows x501 on 2004-06-11
  NEW: HOOP L (93) - Rainbows x8002 on 2004-05-10
  NEW: HOOP L (93) - Rainbows x1000 on 2004-05-10
  NEW: HOUR GLASS L A-48 (272) - Cutthroats x1499 on 2004-09-28
  NEW: JACKS L A-13 (274) - Brookies x114 on 2004-07-06
  NEW: JAMES L A-31 (275) - Brookies x196 on 2004-07-06
  NEW: JEAN L W-58 (493) - Cutthroats x838 on 2004-09-28
  NEW: JESSON L GR-1 (396) - Brookies x2804 on 2004-07-07
  NEW: JUNIOR L A-56 (277) - Cutthroats x617 on 2004-09-28
  NEW: KAMAS RES W-40 (495) - Cutthroats x4202 on 2004-09-28
  UNMATCHED: KIMBALL CR - Brown Trout x3016
  NEW: LAMBERT MEADOW L A-2 (279) - Brookies x196 on 2004-07-06
  NEW: LILLIAN L A-43 (280) - Brookies x293 on 2004-07-06
  NEW: LILLY L A-58 (281) - Rainbows x400 on 2004-06-01
  NEW: LILLY L A-58 (281) - Rainbows x400 on 2004-06-07
  NEW: LILLY L A-58 (281) - Rainbows x400 on 2004-06-14
  NEW: LILLY L A-58 (281) - Rainbows x403 on 2004-06-23
  NEW: LILLY L A-58 (281) - Rainbows x400 on 2004-06-28
  NEW: LILLY L A-58 (281) - Rainbows x400 on 2004-07-07
  NEW: LILLY L A-58 (281) - Rainbows x399 on 2004-07-12
  NEW: LILLY L A-58 (281) - Rainbows x400 on 2004-07-21
  NEW: LILLY L A-58 (281) - Rainbows x408 on 2004-07-26
  NEW: LILLY L A-58 (281) - Rainbows x400 on 2004-08-03
  NEW: LILLY L A-58 (281) - Rainbows x400 on 2004-08-11
  NEW: LILLY L A-58 (281) - Rainbows x400 on 2004-08-16
  NEW: LILLY L A-58 (281) - Rainbows x400 on 2004-08-23
  NEW: LILY L BR-11 (51) - Rainbows x1539 on 2004-05-28
  NEW: LILY L BR-11 (51) - Rainbows x999 on 2004-07-14
  NEW: LILY L LOWER A-25 (282) - Brookies x293 on 2004-07-06
  NEW: LOFTY L W-41 (497) - Cutthroats x794 on 2004-09-28
  NEW: LOST L A-59 (287) - Rainbows x2052 on 2004-05-25
  NEW: LOST L A-59 (287) - Rainbows x972 on 2004-05-25
  NEW: LOST L A-59 (287) - Brookies x4255 on 2004-06-30
  NEW: LYMAN L, LOWER G-25 (618) - Rainbows x999 on 2004-05-25
  NEW: LYMAN L, LOWER G-25 (618) - Rainbows x1510 on 2004-06-24
  NEW: LYMAN L, LOWER G-25 (618) - Brookies x1013 on 2004-06-30
  NEW: LYMAN L, UPPER G-27 (619) - Rainbows x751 on 2004-05-25
  NEW: LYMAN L, UPPER G-27 (619) - Brookies x1013 on 2004-06-30
  NEW: MARSH L G-19 (202) - Rainbows x1997 on 2004-05-17
  NEW: MARSH L G-19 (202) - Rainbows x1980 on 2004-05-17
  NEW: NOTCH L W-36 (501) - Brookies x2999 on 2004-07-06
  NEW: OLSON L W-32 (502) - Brookies x701 on 2004-07-06
  NEW: OSTLER L BR-27 (56) - Cutthroats x2139 on 2004-09-28
  UNMATCHED: PROVO R - Rainbows x251
  UNMATCHED: PROVO R - Rainbows x251
  UNMATCHED: PROVO R - Rainbows x500
  UNMATCHED: PROVO R - Rainbows x500
  UNMATCHED: PROVO R - Rainbows x249
  UNMATCHED: PROVO R - Rainbows x249
  UNMATCHED: PROVO R - Rainbows x251
  UNMATCHED: PROVO R - Rainbows x251
  NEW: QUARTER CORNER LG103 (655) - Rainbows x1205 on 2004-05-11
  NEW: RAMONA L A-38 (297) - Brookies x603 on 2004-07-06
  UNMATCHED: ROCKPORT RES - Tigers x17400
  UNMATCHED: ROCKPORT RES - Tigers x17400
  UNMATCHED: ROCKPORT RES - Tigers x9222
  UNMATCHED: ROCKPORT RES - Rainbows x791
  UNMATCHED: ROCKPORT RES - Rainbows x3487
  UNMATCHED: ROCKPORT RES - Rainbows x3832
  UNMATCHED: ROCKPORT RES - Rainbows x3832
  UNMATCHED: ROCKPORT RES - Rainbows x3832
  UNMATCHED: ROCKPORT RES - Rainbows x3809
  UNMATCHED: ROCKPORT RES - Rainbows x3809
  UNMATCHED: ROCKPORT RES - Rainbows x3809
  UNMATCHED: ROCKPORT RES - Rainbows x3809
  UNMATCHED: ROCKPORT RES - Rainbows x4072
  UNMATCHED: ROCKPORT RES - Rainbows x4072
  UNMATCHED: ROCKPORT RES - Rainbows x4072
  UNMATCHED: ROCKPORT RES - Rainbows x4072
  UNMATCHED: ROCKPORT RES - Rainbows x2611
  UNMATCHED: ROCKPORT RES - Rainbows x2547
  UNMATCHED: ROCKPORT RES - Rainbows x3791
  UNMATCHED: ROCKPORT RES - Rainbows x2611
  UNMATCHED: ROCKPORT RES - Rainbows x3791
  UNMATCHED: ROCKPORT RES - Rainbows x2611
  UNMATCHED: ROCKPORT RES - Rainbows x2565
  UNMATCHED: ROCKPORT RES - Rainbows x3791
  UNMATCHED: ROCKPORT RES - Rainbows x3791
  NEW: RUTH L BR-40 (58) - Brookies x505 on 2004-07-08
  NEW: SCOW L BR-12 (61) - Brookies x1695 on 2004-07-08
  NEW: SHINGLE CR,WEST P-60 (303) - Brookies x408 on 2004-07-06
  UNMATCHED: SMITH-MOREHOUSE RES - Rainbows x2078
  UNMATCHED: SMITH-MOREHOUSE RES - Rainbows x1912
  UNMATCHED: SMITH-MOREHOUSE RES - Rainbows x1012
  UNMATCHED: SMITH-MOREHOUSE RES - Rainbows x2176
  UNMATCHED: SMITH-MOREHOUSE RES - Rainbows x2040
  UNMATCHED: SMITH-MOREHOUSE RES - Rainbows x830
  UNMATCHED: STATELINE RES - Rainbows x3102
  UNMATCHED: STATELINE RES - Rainbows x2970
  UNMATCHED: STILLWATER FK - Rainbows x251
  UNMATCHED: STILLWATER FK - Rainbows x250
  UNMATCHED: STILLWATER FK - Rainbows x201
  NEW: TEAPOT L A-60 (309) - Rainbows x502 on 2004-06-01
  NEW: TEAPOT L A-60 (309) - Rainbows x497 on 2004-06-07
  NEW: TEAPOT L A-60 (309) - Rainbows x500 on 2004-06-14
  NEW: TEAPOT L A-60 (309) - Rainbows x503 on 2004-06-23
  NEW: TEAPOT L A-60 (309) - Rainbows x496 on 2004-06-28
  NEW: TEAPOT L A-60 (309) - Brookies x507 on 2004-06-30
  NEW: TEAPOT L A-60 (309) - Rainbows x501 on 2004-07-08
  NEW: TEAPOT L A-60 (309) - Rainbows x501 on 2004-07-13
  NEW: TEAPOT L A-60 (309) - Rainbows x504 on 2004-07-19
  NEW: TEAPOT L A-60 (309) - Rainbows x500 on 2004-07-26
  NEW: TEAPOT L A-60 (309) - Rainbows x501 on 2004-08-03
  NEW: TEAPOT L A-60 (309) - Rainbows x988 on 2004-08-09
  NEW: TEAPOT L A-60 (309) - Rainbows x520 on 2004-08-31
  NEW: TRIAL L A-61 (310) - Rainbows x1601 on 2004-06-02
  NEW: TRIAL L A-61 (310) - Rainbows x1063 on 2004-06-07
  NEW: TRIAL L A-61 (310) - Rainbows x999 on 2004-06-14
  NEW: TRIAL L A-61 (310) - Rainbows x500 on 2004-06-17
  NEW: TRIAL L A-61 (310) - Rainbows x1006 on 2004-06-23
  NEW: TRIAL L A-61 (310) - Brookies x8003 on 2004-06-30
  NEW: TRIAL L A-61 (310) - Rainbows x500 on 2004-07-01
  NEW: TRIAL L A-61 (310) - Rainbows x1002 on 2004-07-01
  NEW: TRIAL L A-61 (310) - Rainbows x1002 on 2004-07-06
  NEW: TRIAL L A-61 (310) - Tigers x1980 on 2004-07-13
  NEW: TRIAL L A-61 (310) - Rainbows x1002 on 2004-07-14
  NEW: TRIAL L A-61 (310) - Rainbows x500 on 2004-07-14
  NEW: TRIAL L A-61 (310) - Rainbows x999 on 2004-07-21
  NEW: TRIAL L A-61 (310) - Rainbows x523 on 2004-07-27
  NEW: TRIAL L A-61 (310) - Rainbows x1008 on 2004-07-27
  NEW: TRIAL L A-61 (310) - Rainbows x999 on 2004-08-03
  NEW: TRIAL L A-61 (310) - Rainbows x999 on 2004-08-09
  NEW: TRIAL L A-61 (310) - Rainbows x500 on 2004-08-11
  NEW: TRIAL L A-61 (310) - Rainbows x499 on 2004-08-17
  NEW: TRIAL L A-61 (310) - Rainbows x1988 on 2004-08-17
  NEW: TRIAL L A-61 (310) - Rainbows x500 on 2004-08-23
  NEW: TRIAL L A-61 (310) - Rainbows x825 on 2004-08-23
  NEW: TRIAL L A-61 (310) - Rainbows x300 on 2004-09-02
  NEW: TRIAL L A-61 (310) - Rainbows x1275 on 2004-09-10
  NEW: W-52 (514) - Brookies x359 on 2004-07-06
  NEW: W-53 (515) - Brookies x98 on 2004-07-06
  NEW: W-57 (517) - Brookies x293 on 2004-07-06
  NEW: W-62 (521) - Brookies x196 on 2004-07-06
  NEW: WASHINGTON L A-23 (315) - Rainbows x1002 on 2004-06-01
  NEW: WASHINGTON L A-23 (315) - Rainbows x502 on 2004-06-09
  NEW: WASHINGTON L A-23 (315) - Rainbows x527 on 2004-06-15
  NEW: WASHINGTON L A-23 (315) - Rainbows x500 on 2004-06-23
  NEW: WASHINGTON L A-23 (315) - Rainbows x504 on 2004-06-29
  NEW: WASHINGTON L A-23 (315) - Brookies x8003 on 2004-06-30
  NEW: WASHINGTON L A-23 (315) - Rainbows x501 on 2004-07-06
  NEW: WASHINGTON L A-23 (315) - Tigers x1980 on 2004-07-13
  NEW: WASHINGTON L A-23 (315) - Rainbows x501 on 2004-07-13
  NEW: WASHINGTON L A-23 (315) - Rainbows x500 on 2004-07-21
  NEW: WASHINGTON L A-23 (315) - Rainbows x500 on 2004-07-26
  NEW: WATSON L A-27 (316) - Brookies x603 on 2004-07-06
  UNMATCHED: WEBER R - Brown Trout x6978
  UNMATCHED: WEBER R - Brown Trout x4521
  UNMATCHED: WEBER R - Brown Trout x6503
  UNMATCHED: WEBER R - Rainbows x502
  UNMATCHED: WEBER R - Brown Trout x4525
  UNMATCHED: WEBER R - Rainbows x501
  UNMATCHED: WEBER R - Rainbows x500
  UNMATCHED: WHITNEY RES - Rainbows x1782
  UNMATCHED: WHITNEY RES - Rainbows x2376
  UNMATCHED: WHITNEY RES - Tigers x1980
  NEW: YELLOWPINE,LOWER W66 (522) - Brookies x196 on 2004-07-06
  NEW: YELLOWPINE,UPPER W65 (523) - Brookies x293 on 2004-07-06

Summit Summary: 133 new records, 12 unmatched

=== PROCESSING DUCHESNE COUNTY ===
  NEW: AMLEN L X-99 (319) - Brookies x603 on 2004-07-07
  NEW: ATWINE L X-64 (208) - Brookies x1353 on 2004-07-07
  NEW: BLACK L X-132 (326) - Brookies x1174 on 2004-07-06
  NEW: BONNIE L Z-6 (120) - Brookies x603 on 2004-07-06
  NEW: BOWDEN L U-32 (431) - Brookies x456 on 2004-07-07
  UNMATCHED: BROWNS DRAW RES - Rainbows x10070
  UNMATCHED: BROWNS DRAW RES - Rainbows x9482
  UNMATCHED: BROWNS DRAW RES - Rainbows x11099
  UNMATCHED: BROWNS DRAW RES - Rainbows x8306
  NEW: BUD L Z-2 (122) - Brookies x603 on 2004-07-06
  NEW: BUTTERFLY L Z-1 (123) - Rainbows x552 on 2004-06-09
  NEW: BUTTERFLY L Z-1 (123) - Rainbows x251 on 2004-06-15
  NEW: BUTTERFLY L Z-1 (123) - Rainbows x500 on 2004-06-17
  NEW: BUTTERFLY L Z-1 (123) - Rainbows x500 on 2004-06-23
  NEW: BUTTERFLY L Z-1 (123) - Rainbows x250 on 2004-06-28
  NEW: BUTTERFLY L Z-1 (123) - Brookies x1013 on 2004-06-30
  NEW: BUTTERFLY L Z-1 (123) - Rainbows x1956 on 2004-06-30
  NEW: BUTTERFLY L Z-1 (123) - Rainbows x250 on 2004-06-30
  NEW: BUTTERFLY L Z-1 (123) - Rainbows x501 on 2004-07-07
  NEW: BUTTERFLY L Z-1 (123) - Rainbows x249 on 2004-07-14
  NEW: BUTTERFLY L Z-1 (123) - Rainbows x500 on 2004-07-14
  NEW: BUTTERFLY L Z-1 (123) - Rainbows x500 on 2004-07-21
  NEW: BUTTERFLY L Z-1 (123) - Rainbows x247 on 2004-07-26
  NEW: BUTTERFLY L Z-1 (123) - Rainbows x257 on 2004-07-27
  NEW: BUTTERFLY L Z-1 (123) - Rainbows x530 on 2004-08-04
  NEW: BUTTERFLY L Z-1 (123) - Rainbows x251 on 2004-08-11
  NEW: BUTTERFLY L Z-1 (123) - Rainbows x252 on 2004-08-11
  NEW: BUTTERFLY L Z-1 (123) - Rainbows x499 on 2004-08-16
  NEW: BUTTERFLY L Z-1 (123) - Rainbows x250 on 2004-08-23
  NEW: BUTTERFLY L Z-1 (123) - Rainbows x249 on 2004-08-23
  NEW: CABIN L RC-42 (330) - Brookies x505 on 2004-07-07
  NEW: CLEVELAND L WR-7 (525) - Brookies x2396 on 2004-07-07
  NEW: CLIFF L WR-49 (526) - Brookies x4010 on 2004-07-07
  NEW: COLOROW (ASPEN) X-63 (207) - Brookies x799 on 2004-07-07
  NEW: DALE L Z-39 (332) - Brookies x1500 on 2004-07-06
  NEW: DAYNES L Z-38 (333) - Brookies x2005 on 2004-07-06
  UNMATCHED: DUCHESNE R, N FK - Rainbows x1268
  UNMATCHED: DUCHESNE R, N FK - Rainbows x1268
  UNMATCHED: DUCHESNE R, N FK - Rainbows x1269
  NEW: EMERALD L D-20 (134) - Brookies x82 on 2004-07-06
  NEW: GEM L Z-18 (140) - Brookies x408 on 2004-07-06
  NEW: GOVERNORS L Z-24 (344) - Brookies x3602 on 2004-07-06
  NEW: HIDDEN L DG-27 (114) - Brookies x1206 on 2004-07-07
  NEW: HOOK L X-81 (216) - Brookies x1043 on 2004-07-07
  NEW: JACK L X-133 (350) - Brookies x196 on 2004-07-06
  NEW: JILL L X-111 (352) - Brookies x277 on 2004-07-06
  UNMATCHED: LAKE CANYON L - Tigers x1498
  UNMATCHED: LAKE FK R - Rainbows x402
  UNMATCHED: LAKE FK R - Rainbows x399
  UNMATCHED: LAKE FK R - Rainbows x405
  NEW: LF-16 (221) - Brookies x293 on 2004-07-07
  NEW: LF-43 (224) - Brookies x245 on 2004-07-07
  NEW: LIGHTNING L X-127 (354) - Brookies x701 on 2004-07-06
  NEW: LILLY L U-23 (449) - Brookies x799 on 2004-07-07
  NEW: LILY L S-15 (414) - Brookies x2005 on 2004-07-07
  NEW: LILY PAD,LOWER DG-26 (115) - Brookies x456 on 2004-07-07
  NEW: LILY PAD,UPPER DG-25 (116) - Brookies x1206 on 2004-07-07
  NEW: LITTLE DOG L X-33 (227) - Brookies x701 on 2004-07-07
  NEW: LODGEPOLE L X-3 (356) - Brookies x1695 on 2004-07-06
  NEW: LOST L Z-29 (357) - Brookies x1500 on 2004-07-06
  NEW: MARSELL L X-11 (149) - Cutthroats x3184 on 2004-09-28
  NEW: MID L X-42 (360) - Brookies x652 on 2004-07-07
  NEW: MIRROR L Z-3 (151) - Rainbows x999 on 2004-06-09
  NEW: MIRROR L Z-3 (151) - Rainbows x1674 on 2004-06-14
  NEW: MIRROR L Z-3 (151) - Rainbows x500 on 2004-06-17
  NEW: MIRROR L Z-3 (151) - Rainbows x1008 on 2004-06-22
  NEW: MIRROR L Z-3 (151) - Rainbows x999 on 2004-06-28
  NEW: MIRROR L Z-3 (151) - Rainbows x3912 on 2004-06-30
  NEW: MIRROR L Z-3 (151) - Brookies x7496 on 2004-06-30
  NEW: MIRROR L Z-3 (151) - Rainbows x500 on 2004-06-30
  NEW: MIRROR L Z-3 (151) - Rainbows x1002 on 2004-07-08
  NEW: MIRROR L Z-3 (151) - Rainbows x992 on 2004-07-12
  NEW: MIRROR L Z-3 (151) - Rainbows x500 on 2004-07-14
  NEW: MIRROR L Z-3 (151) - Rainbows x804 on 2004-07-19
  NEW: MIRROR L Z-3 (151) - Rainbows x504 on 2004-07-26
  NEW: MIRROR L Z-3 (151) - Rainbows x1053 on 2004-07-27
  NEW: MIRROR L Z-3 (151) - Rainbows x999 on 2004-08-04
  NEW: MIRROR L Z-3 (151) - Rainbows x500 on 2004-08-11
  NEW: MIRROR L Z-3 (151) - Rainbows x1590 on 2004-08-11
  NEW: MIRROR L Z-3 (151) - Rainbows x998 on 2004-08-16
  NEW: MIRROR L Z-3 (151) - Rainbows x499 on 2004-08-17
  NEW: MIRROR L Z-3 (151) - Rainbows x1100 on 2004-08-23
  NEW: MIRROR L Z-3 (151) - Rainbows x500 on 2004-08-23
  NEW: MIRROR L Z-3 (151) - Rainbows x1043 on 2004-08-31
  NEW: MIRROR L Z-3 (151) - Rainbows x675 on 2004-09-02
  NEW: MIRROR L Z-3 (151) - Rainbows x1275 on 2004-09-09
  UNMATCHED: MOON L - Rainbows x2377
  UNMATCHED: MOON L - Rainbows x1750
  UNMATCHED: MOON L - Rainbows x641
  UNMATCHED: MOON L - Tigers x10032
  UNMATCHED: MOON L - Rainbows x990
  UNMATCHED: MOON L - Rainbows x1395
  NEW: MOOSEHORN L Z-4 (152) - Rainbows x500 on 2004-06-14
  NEW: MOOSEHORN L Z-4 (152) - Rainbows x504 on 2004-06-22
  NEW: MOOSEHORN L Z-4 (152) - Rainbows x500 on 2004-06-28
  NEW: MOOSEHORN L Z-4 (152) - Rainbows x1956 on 2004-06-30
  NEW: MOOSEHORN L Z-4 (152) - Rainbows x250 on 2004-06-30
  NEW: MOOSEHORN L Z-4 (152) - Rainbows x498 on 2004-07-07
  NEW: MOOSEHORN L Z-4 (152) - Rainbows x501 on 2004-07-13
  NEW: MOOSEHORN L Z-4 (152) - Rainbows x250 on 2004-07-14
  NEW: MOOSEHORN L Z-4 (152) - Rainbows x504 on 2004-07-19
  NEW: MOOSEHORN L Z-4 (152) - Rainbows x247 on 2004-07-26
  NEW: MOOSEHORN L Z-4 (152) - Rainbows x516 on 2004-07-26
  NEW: MOOSEHORN L Z-4 (152) - Rainbows x530 on 2004-08-04
  NEW: MOOSEHORN L Z-4 (152) - Rainbows x530 on 2004-08-11
  NEW: MOOSEHORN L Z-4 (152) - Rainbows x499 on 2004-08-16
  NEW: MOOSEHORN L Z-4 (152) - Rainbows x250 on 2004-08-17
  NEW: MUD L X-66 (228) - Brookies x375 on 2004-07-07
  NEW: PASS L Z-5 (158) - Rainbows x552 on 2004-06-09
  NEW: PASS L Z-5 (158) - Rainbows x500 on 2004-06-15
  NEW: PASS L Z-5 (158) - Rainbows x500 on 2004-06-23
  NEW: PASS L Z-5 (158) - Rainbows x500 on 2004-06-28
  NEW: PASS L Z-5 (158) - Rainbows x1956 on 2004-06-30
  NEW: PASS L Z-5 (158) - Rainbows x250 on 2004-06-30
  NEW: PASS L Z-5 (158) - Brookies x505 on 2004-07-07
  NEW: PASS L Z-5 (158) - Rainbows x501 on 2004-07-07
  NEW: PASS L Z-5 (158) - Rainbows x503 on 2004-07-13
  NEW: PASS L Z-5 (158) - Rainbows x500 on 2004-07-21
  NEW: PASS L Z-5 (158) - Rainbows x247 on 2004-07-26
  NEW: PASS L Z-5 (158) - Rainbows x516 on 2004-07-26
  NEW: PASS L Z-5 (158) - Rainbows x557 on 2004-08-04
  NEW: PASS L Z-5 (158) - Rainbows x501 on 2004-08-11
  NEW: PASS L Z-5 (158) - Rainbows x499 on 2004-08-16
  NEW: PASS L Z-5 (158) - Rainbows x500 on 2004-08-23
  NEW: PINE ISLAND L X-8 (365) - Brookies x8395 on 2004-07-06
  NEW: POLE CR L (540) - Rainbows x901 on 2004-06-28
  NEW: POLE CR L (540) - Rainbows x897 on 2004-07-20
  NEW: PYRAMID L Z-17 (159) - Brookies x1500 on 2004-07-06
  NEW: RAINBOW L Z-25 (368) - Brookies x994 on 2004-07-06
  UNMATCHED: RED CR RES - Rainbows x332
  UNMATCHED: RED CR RES - Rainbows x9991
  UNMATCHED: RED CR RES - Rainbows x334
  UNMATCHED: RED CR RES - Rainbows x332
  UNMATCHED: ROCK CR - Rainbows x1335
  UNMATCHED: ROCK CR - Rainbows x1330
  UNMATCHED: ROCK CR - Rainbows x1335
  UNMATCHED: ROCK CR - Rainbows x1002
  NEW: ROCK I L X-96 (370) - Brookies x473 on 2004-07-07
  NEW: ROSALIE L X-130 (372) - Brookies x815 on 2004-07-06
  NEW: RUDOLPH L NO 2 X-40 (374) - Brookies x293 on 2004-07-07
  NEW: SCOUT L Z-12 (160) - Rainbows x999 on 2004-07-13
  NEW: SCOUT L Z-12 (160) - Rainbows x500 on 2004-07-21
  NEW: SCOUT L Z-12 (160) - Rainbows x500 on 2004-07-27
  NEW: SCOUT L Z-12 (160) - Rainbows x501 on 2004-08-04
  NEW: SCOUT L Z-12 (160) - Rainbows x501 on 2004-08-11
  NEW: SHAMROCK L X-98 (378) - Brookies x1826 on 2004-07-07
  NEW: SURVEY L RC-20 (381) - Brookies x994 on 2004-07-07
  NEW: THOMPSON L RC-8 (382) - Brookies x1402 on 2004-07-06
  NEW: TIMOTHY L, WEST X-19 (419) - Brookies x2249 on 2004-07-07
  UNMATCHED: UINTA R - Rainbows x1336
  UNMATCHED: UINTA R - Rainbows x1001
  UNMATCHED: UINTA R - Rainbows x1348
  UNMATCHED: UINTA R - Rainbows x1334
  NEW: WHITE MILLER L X-54 (421) - Brookies x1092 on 2004-07-07
  NEW: WYMAN L Z-14 (125) - Brookies x994 on 2004-07-06
  UNMATCHED: YELLOWSTONE R - Rainbows x449
  UNMATCHED: YELLOWSTONE R - Rainbows x448
  UNMATCHED: YELLOWSTONE R - Rainbows x450

Duchesne Summary: 126 new records, 9 unmatched

=== 2004 IMPORT SUMMARY ===
Total new records: 259
Total unmatched lakes: 21
Ambiguous matches: 0
CSV file updated: /Volumes/OLAF EXT/jedwoodx/repos/uintas/data/utah_dwr_stocking_data.csv
Run completed at: 2025-08-25 18:38:53
