=== IMPORTING 2015 STOCKING DATA ===
Started at: 2025-08-25 17:20:21


=== PROCESSING SUMMIT COUNTY ===
  NEW: ABES L W-30 (473) - Tigers x2240 on 2015-07-07
  NEW: ALEXANDER L A-1 (250) - Brookies x2000 on 2015-07-01
  UNMATCHED: BEAR R, E FK - Rainbows x300
  UNMATCHED: BEAR R, E FK - Rainbows x301
  UNMATCHED: BEAR R, E FK - Rainbows x299
  UNMATCHED: BEAR R, E FK - Rainbows x300
  UNMATCHED: BEAR R, E FK - Rainbows x301
  NEW: BEAVER CR (32) - Rainbows x200 on 2015-06-16
  NEW: BEAVER CR (32) - Rainbows x251 on 2015-06-29
  NEW: BEAVER CR (32) - Rainbows x201 on 2015-07-13
  NEW: BEAVER CR (32) - Rainbows x200 on 2015-07-27
  NEW: BEAVER CR (32) - Rainbows x200 on 2015-08-10
  NEW: BEAVER L BR-10 (32) - Rainbows x1821 on 2015-06-08
  NEW: BEAVER L BR-10 (32) - Rainbows x180 on 2015-07-21
  NEW: BETH L A-6 (253) - Brookies x512 on 2015-07-01
  NEW: BR-44 (597) - Tigers x350 on 2015-07-07
  NEW: BR-50 (44) - Brookies x960 on 2015-07-01
  NEW: BRIDGER L G-20 (173) - Rainbows x1555 on 2015-05-27
  NEW: BRIDGER L G-20 (173) - Rainbows x1776 on 2015-06-09
  NEW: BRIDGER L G-20 (173) - Brookies x1811 on 2015-07-01
  NEW: BRIDGER L G-20 (173) - Rainbows x1500 on 2015-07-02
  NEW: BRIDGER L G-20 (173) - Rainbows x1500 on 2015-07-21
  NEW: BRIDGER L G-20 (173) - Rainbows x1499 on 2015-08-10
  NEW: BRIDGER L G-20 (173) - Rainbows x225 on 2015-08-24
  NEW: BUCKEYE L A-3 (258) - Brookies x512 on 2015-07-01
  NEW: CHINA L G-21 (174) - Grayling x8120 on 2015-08-24
  NEW: CHINA L G-21 (174) - Grayling x2990 on 2015-10-12
  NEW: COLUMBINE L GR-116 (390) - Tigers x704 on 2015-08-05
  NEW: CRYSTAL L A-51 (262) - Brookies x800 on 2015-07-01
  NEW: CUBERANT NO 1 W-42 (480) - Brookies x400 on 2015-07-01
  NEW: DEAN L W-35 (485) - Brookies x912 on 2015-07-01
  UNMATCHED: DEER VALLEY LAKES - Rainbows x1001
  UNMATCHED: DEER VALLEY LAKES - Rainbows x1000
  UNMATCHED: DEER VALLEY LAKES - Rainbows x998
  UNMATCHED: DEER VALLEY LAKES - Tigers x2475
  NEW: DIAMOND L A-22 (264) - Brookies x304 on 2015-07-01
  NEW: DIVIDE L NO 1 A-36 (630) - Brookies x528 on 2015-07-01
  UNMATCHED: ECHO RES - Rainbows x4590
  UNMATCHED: ECHO RES - Rainbows x4523
  UNMATCHED: ECHO RES - Rainbows x4760
  UNMATCHED: ECHO RES - Rainbows x8400
  UNMATCHED: ECHO RES - Rainbows x4830
  UNMATCHED: ECHO RES - Rainbows x10080
  UNMATCHED: ECHO RES - Rainbows x4760
  UNMATCHED: ECHO RES - Rainbows x2883
  UNMATCHED: ECHO RES - Rainbows x5175
  UNMATCHED: ECHO RES - Rainbows x35
  UNMATCHED: ECHO RES - Channel catfish x19997
  NEW: ERICKSON L,NORTH W26 (489) - Brookies x912 on 2015-07-01
  NEW: FAITH L A-16 (266) - Brookies x160 on 2015-07-01
  NEW: G- 56 (194) - Brookies x160 on 2015-07-01
  NEW: G- 71 (609) - Brookies x320 on 2015-07-01
  NEW: G- 74 (611) - Brookies x304 on 2015-07-01
  NEW: GR-162 (72) - Brookies x704 on 2015-07-01
  UNMATCHED: HAYDEN FK - Rainbows x301
  UNMATCHED: HAYDEN FK - Rainbows x299
  UNMATCHED: HAYDEN FK - Rainbows x300
  NEW: HOOP L (93) - Rainbows x1801 on 2015-05-21
  NEW: HOOP L (93) - Rainbows x1700 on 2015-06-15
  NEW: HOOP L (93) - Grayling x10150 on 2015-08-24
  NEW: HOOP L (93) - Grayling x2015 on 2015-10-12
  NEW: HOOP L (93) - Tigers x5005 on 2015-10-14
  NEW: JEAN L W-58 (493) - Goldens x1197 on 2015-08-25
  NEW: JOHN L A-30 (276) - Brookies x304 on 2015-07-01
  NEW: JUDY L GR-25 (397) - Tigers x704 on 2015-08-05
  NEW: KAMAS RES W-40 (495) - Cutthroats x3398 on 2015-09-19
  NEW: LILLY L A-58 (281) - Rainbows x200 on 2015-06-08
  NEW: LILLY L A-58 (281) - Rainbows x200 on 2015-06-15
  NEW: LILLY L A-58 (281) - Rainbows x200 on 2015-06-22
  NEW: LILLY L A-58 (281) - Tigers x400 on 2015-06-22
  NEW: LILLY L A-58 (281) - Rainbows x200 on 2015-06-29
  NEW: LILLY L A-58 (281) - Tigers x200 on 2015-06-30
  NEW: LILLY L A-58 (281) - Rainbows x199 on 2015-07-07
  NEW: LILLY L A-58 (281) - Tigers x202 on 2015-07-09
  NEW: LILLY L A-58 (281) - Rainbows x201 on 2015-07-13
  NEW: LILLY L A-58 (281) - Tigers x202 on 2015-07-14
  NEW: LILLY L A-58 (281) - Rainbows x199 on 2015-07-20
  NEW: LILLY L A-58 (281) - Tigers x202 on 2015-07-21
  NEW: LILLY L A-58 (281) - Tigers x198 on 2015-07-28
  NEW: LILLY L A-58 (281) - Rainbows x200 on 2015-07-28
  NEW: LILLY L A-58 (281) - Tigers x132 on 2015-08-04
  NEW: LILLY L A-58 (281) - Rainbows x200 on 2015-08-10
  NEW: LILLY L A-58 (281) - Rainbows x270 on 2015-08-26
  NEW: LILLY L A-58 (281) - Tigers x420 on 2015-10-05
  NEW: LILLY L A-58 (281) - Grayling x1495 on 2015-10-10
  NEW: LILY L BR-11 (51) - Rainbows x1198 on 2015-05-27
  NEW: LILY L BR-11 (51) - Rainbows x1198 on 2015-06-24
  NEW: LILY L BR-11 (51) - Rainbows x1100 on 2015-07-21
  NEW: LOFTY L W-41 (497) - Cutthroats x810 on 2015-09-19
  NEW: LOST L A-59 (287) - Rainbows x620 on 2015-06-08
  NEW: LOST L A-59 (287) - Rainbows x1880 on 2015-06-08
  NEW: LOST L A-59 (287) - Rainbows x2011 on 2015-06-29
  NEW: LOST L GR-4 (399) - Cutthroats x551 on 2015-08-05
  NEW: LOST L GR-4 (399) - Cutthroats x157 on 2015-10-01
  NEW: LOVENIA L W-23 (498) - Brookies x304 on 2015-07-01
  NEW: LYMAN L, LOWER G-25 (618) - Rainbows x1001 on 2015-05-28
  NEW: LYMAN L, LOWER G-25 (618) - Rainbows x1000 on 2015-06-24
  NEW: LYMAN L, LOWER G-25 (618) - Brookies x2500 on 2015-07-01
  NEW: LYMAN L, LOWER G-25 (618) - Rainbows x1000 on 2015-07-21
  NEW: LYMAN L, UPPER G-27 (619) - Rainbows x999 on 2015-05-28
  NEW: LYMAN L, UPPER G-27 (619) - Rainbows x1000 on 2015-06-24
  NEW: MARSH L G-19 (202) - Rainbows x4999 on 2015-05-27
  NEW: OLSON L W-32 (502) - Brookies x704 on 2015-07-01
  NEW: OSTLER L BR-27 (56) - Tigers x1400 on 2015-07-07
  NEW: PETIT L A-26 (295) - Brookies x208 on 2015-07-01
  NEW: PRIORD L BR-48 (57) - Tigers x1190 on 2015-07-07
  UNMATCHED: PROVO R - Rainbows x251
  UNMATCHED: PROVO R - Rainbows x250
  UNMATCHED: PROVO R - Rainbows x252
  UNMATCHED: PROVO R - Rainbows x250
  NEW: QUARTER CORNER LG103 (655) - Rainbows x1243 on 2015-05-26
  NEW: RAMONA L A-38 (297) - Brookies x352 on 2015-07-01
  UNMATCHED: ROCKPORT RES - Rainbows x4181
  UNMATCHED: ROCKPORT RES - Rainbows x12218
  UNMATCHED: ROCKPORT RES - Rainbows x14513
  UNMATCHED: ROCKPORT RES - Rainbows x14513
  UNMATCHED: ROCKPORT RES - Rainbows x12218
  UNMATCHED: ROCKPORT RES - Rainbows x13384
  UNMATCHED: ROCKPORT RES - Rainbows x8530
  UNMATCHED: ROCKPORT RES - Rainbows x4625
  NEW: RUTH L BR-40 (58) - Brookies x496 on 2015-07-01
  NEW: SCOW L BR-12 (61) - Brookies x1408 on 2015-07-01
  UNMATCHED: SMITH-MOREHOUSE RES - Kokanee x12000
  UNMATCHED: SMITH-MOREHOUSE RES - Rainbows x2040
  UNMATCHED: SMITH-MOREHOUSE RES - Rainbows x1998
  UNMATCHED: SMITH-MOREHOUSE RES - Rainbows x1700
  UNMATCHED: SMITH-MOREHOUSE RES - Rainbows x1000
  UNMATCHED: SMITH-MOREHOUSE RES - Rainbows x200
  UNMATCHED: SMITH-MOREHOUSE RES - Rainbows x301
  UNMATCHED: SMITH-MOREHOUSE RES - Rainbows x1699
  UNMATCHED: SMITH-MOREHOUSE RES - Rainbows x400
  UNMATCHED: SMITH-MOREHOUSE RES - Rainbows x1599
  UNMATCHED: SMITH-MOREHOUSE RES - Rainbows x1600
  UNMATCHED: SMITH-MOREHOUSE RES - Rainbows x400
  UNMATCHED: SMITH-MOREHOUSE RES - Rainbows x1615
  UNMATCHED: SMITH-MOREHOUSE RES - Rainbows x399
  UNMATCHED: SMITH-MOREHOUSE RES - Rainbows x59
  UNMATCHED: SMITH-MOREHOUSE RES - Grayling x20010
  UNMATCHED: SMITH-MOREHOUSE RES - Grayling x10010
  NEW: SPECTACLE L A-44 (305) - Brookies x1008 on 2015-07-01
  UNMATCHED: STATELINE RES - Rainbows x995
  UNMATCHED: STATELINE RES - Rainbows x7426
  UNMATCHED: STATELINE RES - Rainbows x1582
  UNMATCHED: STILLWATER FK - Rainbows x501
  UNMATCHED: STILLWATER FK - Rainbows x500
  UNMATCHED: STILLWATER FK - Rainbows x500
  UNMATCHED: STILLWATER FK - Rainbows x500
  NEW: TEAPOT L A-60 (309) - Rainbows x249 on 2015-06-08
  NEW: TEAPOT L A-60 (309) - Rainbows x250 on 2015-06-15
  NEW: TEAPOT L A-60 (309) - Tigers x598 on 2015-06-22
  NEW: TEAPOT L A-60 (309) - Rainbows x251 on 2015-06-22
  NEW: TEAPOT L A-60 (309) - Rainbows x502 on 2015-06-29
  NEW: TEAPOT L A-60 (309) - Rainbows x251 on 2015-07-06
  NEW: TEAPOT L A-60 (309) - Tigers x302 on 2015-07-09
  NEW: TEAPOT L A-60 (309) - Rainbows x248 on 2015-07-13
  NEW: TEAPOT L A-60 (309) - Tigers x298 on 2015-07-14
  NEW: TEAPOT L A-60 (309) - Rainbows x451 on 2015-07-20
  NEW: TEAPOT L A-60 (309) - Tigers x250 on 2015-07-21
  NEW: TEAPOT L A-60 (309) - Tigers x198 on 2015-07-28
  NEW: TEAPOT L A-60 (309) - Rainbows x250 on 2015-07-28
  NEW: TEAPOT L A-60 (309) - Rainbows x250 on 2015-08-04
  NEW: TEAPOT L A-60 (309) - Tigers x200 on 2015-08-04
  NEW: TEAPOT L A-60 (309) - Rainbows x251 on 2015-08-10
  NEW: TEAPOT L A-60 (309) - Tigers x201 on 2015-08-11
  NEW: TEAPOT L A-60 (309) - Tigers x200 on 2015-08-19
  NEW: TEAPOT L A-60 (309) - Rainbows x250 on 2015-08-19
  NEW: TEAPOT L A-60 (309) - Rainbows x251 on 2015-08-31
  NEW: TEAPOT L A-60 (309) - Tigers x420 on 2015-10-05
  NEW: TEAPOT L A-60 (309) - Grayling x1495 on 2015-10-10
  NEW: TRIAL L A-61 (310) - Rainbows x750 on 2015-06-15
  NEW: TRIAL L A-61 (310) - Tigers x998 on 2015-06-22
  NEW: TRIAL L A-61 (310) - Rainbows x750 on 2015-06-22
  NEW: TRIAL L A-61 (310) - Rainbows x750 on 2015-06-29
  NEW: TRIAL L A-61 (310) - Tigers x500 on 2015-06-30
  NEW: TRIAL L A-61 (310) - Rainbows x749 on 2015-07-06
  NEW: TRIAL L A-61 (310) - Tigers x499 on 2015-07-09
  NEW: TRIAL L A-61 (310) - Rainbows x750 on 2015-07-13
  NEW: TRIAL L A-61 (310) - Tigers x499 on 2015-07-14
  NEW: TRIAL L A-61 (310) - Rainbows x748 on 2015-07-20
  NEW: TRIAL L A-61 (310) - Tigers x499 on 2015-07-21
  NEW: TRIAL L A-61 (310) - Rainbows x751 on 2015-07-28
  NEW: TRIAL L A-61 (310) - Tigers x500 on 2015-07-28
  NEW: TRIAL L A-61 (310) - Tigers x500 on 2015-08-04
  NEW: TRIAL L A-61 (310) - Rainbows x751 on 2015-08-05
  NEW: TRIAL L A-61 (310) - Rainbows x751 on 2015-08-10
  NEW: TRIAL L A-61 (310) - Tigers x498 on 2015-08-11
  NEW: TRIAL L A-61 (310) - Tigers x500 on 2015-08-19
  NEW: TRIAL L A-61 (310) - Rainbows x751 on 2015-08-19
  NEW: TRIAL L A-61 (310) - Tigers x350 on 2015-08-25
  NEW: TRIAL L A-61 (310) - Rainbows x751 on 2015-08-26
  NEW: TRIAL L A-61 (310) - Grayling x5220 on 2015-08-26
  NEW: TRIAL L A-61 (310) - Rainbows x500 on 2015-08-31
  NEW: TWIN L, LOWER A-33 (312) - Tigers x350 on 2015-07-07
  NEW: W-16 (511) - Brookies x400 on 2015-07-01
  NEW: WALL L A-29 (314) - Tigers x5600 on 2015-07-07
  NEW: WASHINGTON L A-23 (315) - Rainbows x750 on 2015-06-22
  NEW: WASHINGTON L A-23 (315) - Tigers x736 on 2015-06-22
  NEW: WASHINGTON L A-23 (315) - Rainbows x1001 on 2015-06-29
  NEW: WASHINGTON L A-23 (315) - Tigers x300 on 2015-06-30
  NEW: WASHINGTON L A-23 (315) - Rainbows x751 on 2015-07-06
  NEW: WASHINGTON L A-23 (315) - Tigers x302 on 2015-07-09
  NEW: WASHINGTON L A-23 (315) - Rainbows x750 on 2015-07-13
  NEW: WASHINGTON L A-23 (315) - Tigers x298 on 2015-07-14
  NEW: WASHINGTON L A-23 (315) - Rainbows x752 on 2015-07-20
  NEW: WASHINGTON L A-23 (315) - Tigers x302 on 2015-07-21
  NEW: WASHINGTON L A-23 (315) - Tigers x302 on 2015-07-28
  NEW: WASHINGTON L A-23 (315) - Rainbows x751 on 2015-07-28
  NEW: WASHINGTON L A-23 (315) - Tigers x300 on 2015-08-04
  NEW: WASHINGTON L A-23 (315) - Rainbows x751 on 2015-08-05
  NEW: WASHINGTON L A-23 (315) - Tigers x300 on 2015-08-11
  NEW: WASHINGTON L A-23 (315) - Tigers x300 on 2015-08-19
  NEW: WASHINGTON L A-23 (315) - Tigers x301 on 2015-08-25
  NEW: WASHINGTON L A-23 (315) - Grayling x5220 on 2015-08-26
  UNMATCHED: WEBER R - Rainbows x251
  UNMATCHED: WEBER R - Rainbows x251
  UNMATCHED: WEBER R - Rainbows x125
  UNMATCHED: WEBER R - Rainbows x251
  UNMATCHED: WEBER R - Rainbows x251
  UNMATCHED: WEBER R - Rainbows x125
  UNMATCHED: WEBER R - Rainbows x125
  UNMATCHED: WEBER R - Rainbows x125
  UNMATCHED: WEBER R - Rainbows x126
  UNMATCHED: WEBER R - Rainbows x126
  UNMATCHED: WEBER R - Rainbows x124
  UNMATCHED: WEBER R - Rainbows x125
  UNMATCHED: WEBER R - Rainbows x125
  UNMATCHED: WEBER R - Rainbows x125
  UNMATCHED: WEBER R - Rainbows x124
  UNMATCHED: WEBER R - Rainbows x124
  NEW: WEIR L A-50 (317) - Grayling x1015 on 2015-08-25
  NEW: WHISKEY ISLAND L BR3 (63) - Grayling x1508 on 2015-08-25
  UNMATCHED: WHITNEY RES - Rainbows x2001
  UNMATCHED: WHITNEY RES - Rainbows x2001
  UNMATCHED: WHITNEY RES - Rainbows x3419
  UNMATCHED: WHITNEY RES - Rainbows x1998
  UNMATCHED: WHITNEY RES - Tigers x20160
  UNMATCHED: WHITNEY RES - Cutthroats x40014
  NEW: YELLOWPINE,LOWER W66 (522) - Brookies x208 on 2015-07-01

Summit Summary: 157 new records, 11 unmatched

=== PROCESSING DUCHESNE COUNTY ===
  NEW: ATWINE L X-64 (208) - Brookies x1354 on 2015-07-06
  NEW: BETSEY L X-7 (325) - Cutthroats x4026 on 2015-09-19
  UNMATCHED: BIG SANDWASH RES - Rainbows x3680
  UNMATCHED: BIG SANDWASH RES - Rainbows x1607
  UNMATCHED: BIG SANDWASH RES - Tigers x10070
  UNMATCHED: BIG SANDWASH RES - Rainbows x5746
  UNMATCHED: BIG SANDWASH RES - Rainbows x680
  NEW: BLACK L X-132 (326) - Brookies x1184 on 2015-07-01
  NEW: BLYTHE L Z-20 (119) - Brookies x704 on 2015-07-01
  NEW: BONNIE L Z-6 (120) - Brookies x608 on 2015-07-01
  NEW: BRINKLEY L RC-4 (329) - Brookies x608 on 2015-07-01
  NEW: BROOK L U-54 (432) - Brookies x1001 on 2015-07-06
  UNMATCHED: BROWNS DRAW RES - Rainbows x3538
  UNMATCHED: BROWNS DRAW RES - Rainbows x3920
  UNMATCHED: BROWNS DRAW RES - Rainbows x3197
  UNMATCHED: BROWNS DRAW RES - Tigers x10070
  UNMATCHED: BROWNS DRAW RES - Rainbows x20000
  NEW: BUD L Z-2 (122) - Brookies x560 on 2015-07-01
  NEW: BUTTERFLY L Z-1 (123) - Rainbows x300 on 2015-06-15
  NEW: BUTTERFLY L Z-1 (123) - Rainbows x500 on 2015-06-16
  NEW: BUTTERFLY L Z-1 (123) - Rainbows x301 on 2015-06-23
  NEW: BUTTERFLY L Z-1 (123) - Rainbows x301 on 2015-06-29
  NEW: BUTTERFLY L Z-1 (123) - Tigers x200 on 2015-06-30
  NEW: BUTTERFLY L Z-1 (123) - Brookies x497 on 2015-07-01
  NEW: BUTTERFLY L Z-1 (123) - Rainbows x301 on 2015-07-07
  NEW: BUTTERFLY L Z-1 (123) - Tigers x202 on 2015-07-09
  NEW: BUTTERFLY L Z-1 (123) - Rainbows x299 on 2015-07-13
  NEW: BUTTERFLY L Z-1 (123) - Tigers x202 on 2015-07-14
  NEW: BUTTERFLY L Z-1 (123) - Rainbows x300 on 2015-07-21
  NEW: BUTTERFLY L Z-1 (123) - Tigers x202 on 2015-07-21
  NEW: BUTTERFLY L Z-1 (123) - Rainbows x300 on 2015-07-28
  NEW: BUTTERFLY L Z-1 (123) - Tigers x203 on 2015-07-28
  NEW: BUTTERFLY L Z-1 (123) - Tigers x200 on 2015-08-04
  NEW: BUTTERFLY L Z-1 (123) - Rainbows x301 on 2015-08-04
  NEW: BUTTERFLY L Z-1 (123) - Rainbows x300 on 2015-08-10
  NEW: BUTTERFLY L Z-1 (123) - Tigers x201 on 2015-08-11
  NEW: BUTTERFLY L Z-1 (123) - Rainbows x299 on 2015-08-17
  NEW: BUTTERFLY L Z-1 (123) - Tigers x200 on 2015-08-19
  NEW: BUTTERFLY L Z-1 (123) - Rainbows x400 on 2015-08-24
  NEW: BUTTERFLY L Z-1 (123) - Tigers x200 on 2015-08-25
  NEW: BUTTERFLY L Z-1 (123) - Rainbows x300 on 2015-08-31
  NEW: BUTTERFLY L Z-1 (123) - Tigers x420 on 2015-10-05
  NEW: BUTTERFLY L Z-1 (123) - Grayling x1001 on 2015-10-10
  UNMATCHED: CEDARVIEW RES - Cutthroats x1980
  NEW: DALE L Z-39 (332) - Brookies x1504 on 2015-07-01
  NEW: DAVIS L, NORTH U-46 (440) - Brookies x395 on 2015-07-06
  NEW: DAVIS L, SOUTH U-34 (441) - Brookies x620 on 2015-07-06
  NEW: DEAN L Z-40 (334) - Brookies x1600 on 2015-07-01
  NEW: DENISE L WR-9 (557) - Brookies x254 on 2015-07-06
  NEW: DIAMOND L X-43 (335) - Brookies x1312 on 2015-07-01
  NEW: DOCS L X-15 (336) - Brookies x1104 on 2015-07-01
  UNMATCHED: DUCHESNE R - Rainbows x267
  UNMATCHED: DUCHESNE R - Rainbows x216
  UNMATCHED: DUCHESNE R, N FK - Rainbows x888
  UNMATCHED: DUCHESNE R, N FK - Rainbows x785
  UNMATCHED: DUCHESNE R, N FK - Rainbows x834
  NEW: EVERMAN L Z-36 (623) - Brookies x800 on 2015-07-01
  NEW: HEART L X-13 (346) - Cutthroats x549 on 2015-09-19
  NEW: HIDDEN L DG-27 (114) - Brookies x1199 on 2015-07-06
  NEW: HOOK L X-81 (216) - Rainbows x8000 on 2015-09-23
  NEW: HOOVER L Z-10 (142) - Brookies x1104 on 2015-07-01
  NEW: JILL L X-111 (352) - Brookies x272 on 2015-07-01
  NEW: KIDNEY L X-35 (218) - Cutthroats x19032 on 2015-09-19
  UNMATCHED: LAKE CANYON L - Tigers x1216
  UNMATCHED: LAKE CANYON L - Cutthroats x1008
  UNMATCHED: LAKE CYN - Tigers x720
  UNMATCHED: LAKE CYN - Cutthroats x221
  UNMATCHED: LAKE FK R - Rainbows x187
  UNMATCHED: LAKE FK R - Rainbows x187
  UNMATCHED: LAKE FK R - Rainbows x198
  UNMATCHED: LAKE FK R - Rainbows x185
  UNMATCHED: LAKE FK R - Cutthroats x27972
  NEW: LEDGE L X-113 (353) - Brookies x304 on 2015-07-01
  NEW: LF- 8 (220) - Cutthroats x732 on 2015-09-19
  NEW: LF-43 (224) - Brookies x254 on 2015-07-06
  NEW: LILY PAD,LOWER DG-26 (115) - Brookies x451 on 2015-07-06
  NEW: LILY PAD,UPPER DG-25 (116) - Brookies x1199 on 2015-07-06
  NEW: LINDA L LF-36 (226) - Brookies x395 on 2015-07-06
  NEW: LITTLE DOG L X-33 (227) - Brookies x705 on 2015-07-06
  NEW: LOST L Z-29 (357) - Brookies x1504 on 2015-07-01
  NEW: LOWER CUTTHROAT POND (45) - Cutthroats x311 on 2015-10-19
  NEW: MARSELL L X-11 (149) - Cutthroats x1556 on 2015-09-19
  NEW: MARSHALL L Z-11 (150) - Brookies x1504 on 2015-07-01
  NEW: MIRROR L Z-3 (151) - Rainbows x770 on 2015-06-15
  NEW: MIRROR L Z-3 (151) - Tigers x1400 on 2015-06-16
  NEW: MIRROR L Z-3 (151) - Rainbows x750 on 2015-06-22
  NEW: MIRROR L Z-3 (151) - Rainbows x1144 on 2015-06-29
  NEW: MIRROR L Z-3 (151) - Rainbows x749 on 2015-07-06
  NEW: MIRROR L Z-3 (151) - Tigers x600 on 2015-07-09
  NEW: MIRROR L Z-3 (151) - Rainbows x750 on 2015-07-13
  NEW: MIRROR L Z-3 (151) - Tigers x499 on 2015-07-14
  NEW: MIRROR L Z-3 (151) - Rainbows x1000 on 2015-07-20
  NEW: MIRROR L Z-3 (151) - Tigers x499 on 2015-07-21
  NEW: MIRROR L Z-3 (151) - Rainbows x751 on 2015-07-28
  NEW: MIRROR L Z-3 (151) - Tigers x500 on 2015-07-28
  NEW: MIRROR L Z-3 (151) - Tigers x500 on 2015-08-04
  NEW: MIRROR L Z-3 (151) - Rainbows x751 on 2015-08-05
  NEW: MIRROR L Z-3 (151) - Rainbows x751 on 2015-08-10
  NEW: MIRROR L Z-3 (151) - Tigers x498 on 2015-08-11
  NEW: MIRROR L Z-3 (151) - Rainbows x751 on 2015-08-17
  NEW: MIRROR L Z-3 (151) - Tigers x500 on 2015-08-19
  NEW: MIRROR L Z-3 (151) - Rainbows x799 on 2015-08-24
  NEW: MIRROR L Z-3 (151) - Tigers x2040 on 2015-10-05
  NEW: MIRROR L Z-3 (151) - Grayling x7020 on 2015-10-10
  UNMATCHED: MOON L - Tigers x10070
  UNMATCHED: MOON L - Rainbows x1379
  UNMATCHED: MOON L - Rainbows x1380
  UNMATCHED: MOON L - Tigers x5520
  UNMATCHED: MOON L - Splake x8552
  NEW: MOOSEHORN L Z-4 (152) - Tigers x400 on 2015-06-22
  NEW: MOOSEHORN L Z-4 (152) - Rainbows x400 on 2015-06-29
  NEW: MOOSEHORN L Z-4 (152) - Tigers x200 on 2015-06-30
  NEW: MOOSEHORN L Z-4 (152) - Rainbows x400 on 2015-07-07
  NEW: MOOSEHORN L Z-4 (152) - Tigers x202 on 2015-07-09
  NEW: MOOSEHORN L Z-4 (152) - Rainbows x400 on 2015-07-13
  NEW: MOOSEHORN L Z-4 (152) - Tigers x202 on 2015-07-14
  NEW: MOOSEHORN L Z-4 (152) - Rainbows x400 on 2015-07-20
  NEW: MOOSEHORN L Z-4 (152) - Tigers x202 on 2015-07-21
  NEW: MOOSEHORN L Z-4 (152) - Tigers x198 on 2015-07-28
  NEW: MOOSEHORN L Z-4 (152) - Rainbows x400 on 2015-07-28
  NEW: MOOSEHORN L Z-4 (152) - Tigers x200 on 2015-08-04
  NEW: MOOSEHORN L Z-4 (152) - Rainbows x399 on 2015-08-10
  NEW: MOOSEHORN L Z-4 (152) - Tigers x201 on 2015-08-11
  NEW: MOOSEHORN L Z-4 (152) - Tigers x132 on 2015-08-19
  NEW: MOOSEHORN L Z-4 (152) - Rainbows x400 on 2015-08-19
  NEW: MOOSEHORN L Z-4 (152) - Rainbows x400 on 2015-08-26
  NEW: MOOSEHORN L Z-4 (152) - Tigers x420 on 2015-10-05
  NEW: MOOSEHORN L Z-4 (152) - Grayling x1001 on 2015-10-10
  NEW: MUD L X-66 (228) - Brookies x381 on 2015-07-06
  NEW: PACKARD L Z-15 (157) - Brookies x896 on 2015-07-01
  NEW: PASS L Z-5 (158) - Rainbows x400 on 2015-06-15
  NEW: PASS L Z-5 (158) - Tigers x599 on 2015-06-16
  NEW: PASS L Z-5 (158) - Rainbows x400 on 2015-06-22
  NEW: PASS L Z-5 (158) - Rainbows x400 on 2015-06-29
  NEW: PASS L Z-5 (158) - Tigers x300 on 2015-06-30
  NEW: PASS L Z-5 (158) - Rainbows x400 on 2015-07-07
  NEW: PASS L Z-5 (158) - Tigers x302 on 2015-07-09
  NEW: PASS L Z-5 (158) - Rainbows x400 on 2015-07-13
  NEW: PASS L Z-5 (158) - Tigers x298 on 2015-07-14
  NEW: PASS L Z-5 (158) - Rainbows x400 on 2015-07-20
  NEW: PASS L Z-5 (158) - Tigers x250 on 2015-07-21
  NEW: PASS L Z-5 (158) - Rainbows x398 on 2015-07-28
  NEW: PASS L Z-5 (158) - Tigers x198 on 2015-07-28
  NEW: PASS L Z-5 (158) - Rainbows x400 on 2015-08-04
  NEW: PASS L Z-5 (158) - Tigers x200 on 2015-08-04
  NEW: PASS L Z-5 (158) - Rainbows x399 on 2015-08-10
  NEW: PASS L Z-5 (158) - Tigers x201 on 2015-08-11
  NEW: PASS L Z-5 (158) - Rainbows x400 on 2015-08-17
  NEW: PASS L Z-5 (158) - Tigers x200 on 2015-08-19
  NEW: PASS L Z-5 (158) - Rainbows x200 on 2015-08-24
  NEW: PASS L Z-5 (158) - Tigers x420 on 2015-10-05
  NEW: PASS L Z-5 (158) - Grayling x988 on 2015-10-10
  NEW: POINT L WR-6 (539) - Brookies x1593 on 2015-07-06
  NEW: POLE CR L (540) - Rainbows x1152 on 2015-06-18
  UNMATCHED: RED CR RES - Rainbows x1002
  UNMATCHED: RED CR RES - Tigers x2523
  UNMATCHED: RED CR RES - Rainbows x5040
  UNMATCHED: ROCK CR - Rainbows x1923
  UNMATCHED: ROCK CR - Rainbows x1386
  NEW: ROSALIE L X-130 (372) - Brookies x816 on 2015-07-01
  NEW: SCOUT L Z-12 (160) - Rainbows x398 on 2015-06-22
  NEW: SCOUT L Z-12 (160) - Brookies x801 on 2015-07-01
  NEW: SCOUT L Z-12 (160) - Rainbows x400 on 2015-07-06
  NEW: SCOUT L Z-12 (160) - Rainbows x400 on 2015-07-13
  NEW: SCOUT L Z-12 (160) - Rainbows x400 on 2015-07-21
  NEW: SCOUT L Z-12 (160) - Rainbows x400 on 2015-07-28
  NEW: SCOUT L Z-12 (160) - Rainbows x340 on 2015-08-04
  UNMATCHED: STARVATION RES - Brown Trout x19677
  UNMATCHED: STARVATION RES - Rainbows x9734
  UNMATCHED: STARVATION RES - Rainbows x9891
  UNMATCHED: STARVATION RES - Rainbows x9888
  UNMATCHED: STARVATION RES - Rainbows x9854
  UNMATCHED: STARVATION RES - Rainbows x9893
  UNMATCHED: STARVATION RES - Rainbows x1317
  UNMATCHED: STARVATION RES - Rainbows x8088
  UNMATCHED: STARVATION RES - Rainbows x3335
  NEW: SURVEY L RC-20 (381) - Brookies x1008 on 2015-07-01
  NEW: U- 22 (650) - Brookies x606 on 2015-07-06
  NEW: U- 37 (461) - Brookies x649 on 2015-07-06
  UNMATCHED: UINTA R - Rainbows x1283
  UNMATCHED: UINTA R - Rainbows x1337
  NEW: UINTAH L X-131 (383) - Brookies x624 on 2015-07-01
  NEW: UPPER CUTTHROAT POND (45) - Cutthroats x1281 on 2015-09-19
  NEW: UPPER CUTTHROAT POND (45) - Cutthroats x222 on 2015-10-19
  UNMATCHED: UPPER STILLWATER RES - Tigers x5984
  NEW: WEEP L, OLD LF-30 (229) - Brookies x649 on 2015-07-06
  NEW: WHITE MILLER L X-54 (421) - Brookies x1100 on 2015-07-06
  NEW: WIGWAM L WR-54 (554) - Brookies x677 on 2015-07-06
  NEW: WILDER L Z-13 (168) - Brookies x400 on 2015-07-01
  NEW: X- 61 (239) - Cutthroats x366 on 2015-09-19
  NEW: X- 62 (240) - Cutthroats x458 on 2015-09-19
  NEW: X- 85 (247) - Brookies x479 on 2015-07-06
  NEW: Y-20 (588) - Brookies x381 on 2015-07-06
  NEW: Y-32 (591) - Grayling x406 on 2015-08-25
  UNMATCHED: YELLOWSTONE R - Rainbows x967
  NEW: YOUNG L X-100 (384) - Cutthroats x366 on 2015-09-19

Duchesne Summary: 148 new records, 15 unmatched

=== 2015 IMPORT SUMMARY ===
Total new records: 305
Total unmatched lakes: 26
Ambiguous matches: 0
CSV file updated: /Volumes/OLAF EXT/jedwoodx/repos/uintas/data/utah_dwr_stocking_data.csv
Run completed at: 2025-08-25 17:20:22
