Starting Notes → Database sync
[2025-09-06 18:01:48] Starting Notes → Database sync

Using Notes search to find all notes containing '*update'
[2025-09-06 18:01:48] Using Notes search to find all notes containing '*update'

Found 0 total notes containing '*update' across all folders
[2025-09-06 18:02:09] Found 0 total notes containing '*update' across all folders

No notes found with *update tag
[2025-09-06 18:02:09] No notes found with *update tag

No notes to update
No lakes flagged for updates.
No updates needed.
Starting Notes → Database sync
[2025-09-07 00:00:03] Starting Notes → Database sync

Using Notes search to find all notes containing '*update'
[2025-09-07 00:00:03] Using Notes search to find all notes containing '*update'

Found 0 total notes containing '*update' across all folders
[2025-09-07 00:00:24] Found 0 total notes containing '*update' across all folders

No notes found with *update tag
[2025-09-07 00:00:24] No notes found with *update tag

No notes to update
No lakes flagged for updates.
No updates needed.
Starting Notes → Database sync
[2025-09-07 06:00:01] Starting Notes → Database sync

Using Notes search to find all notes containing '*update'
[2025-09-07 06:00:02] Using Notes search to find all notes containing '*update'

Found 0 total notes containing '*update' across all folders
[2025-09-07 06:00:23] Found 0 total notes containing '*update' across all folders

No notes found with *update tag
[2025-09-07 06:00:23] No notes found with *update tag

No notes to update
No lakes flagged for updates.
No updates needed.
No lakes flagged for updates.
No updates needed.
Starting Notes → Database sync
[2025-09-07 18:00:01] Starting Notes → Database sync

Using Notes search to find all notes containing '*update'
[2025-09-07 18:00:01] Using Notes search to find all notes containing '*update'

Found 0 total notes containing '*update' across all folders
[2025-09-07 18:00:20] Found 0 total notes containing '*update' across all folders

No notes found with *update tag
[2025-09-07 18:00:20] No notes found with *update tag

No notes to update
No lakes flagged for updates.
No updates needed.
Starting Notes → Database sync
[2025-09-08 00:00:00] Starting Notes → Database sync

Using Notes search to find all notes containing '*update'
[2025-09-08 00:00:01] Using Notes search to find all notes containing '*update'

Found 0 total notes containing '*update' across all folders
[2025-09-08 00:00:51] Found 0 total notes containing '*update' across all folders

No notes found with *update tag
[2025-09-08 00:00:51] No notes found with *update tag

No notes to update
Starting Notes → Database sync
[2025-09-08 06:00:00] Starting Notes → Database sync

Using Notes search to find all notes containing '*update'
[2025-09-08 06:00:01] Using Notes search to find all notes containing '*update'

Found 0 total notes containing '*update' across all folders
[2025-09-08 06:00:21] Found 0 total notes containing '*update' across all folders

No notes found with *update tag
[2025-09-08 06:00:21] No notes found with *update tag

No notes to update
No lakes flagged for updates.
No updates needed.
Starting Notes → Database sync
[2025-09-08 18:00:00] Starting Notes → Database sync

Using Notes search to find all notes containing '*update'
[2025-09-08 18:00:00] Using Notes search to find all notes containing '*update'

Found 0 total notes containing '*update' across all folders
[2025-09-08 18:00:26] Found 0 total notes containing '*update' across all folders

No notes found with *update tag
[2025-09-08 18:00:26] No notes found with *update tag

No notes to update
No lakes flagged for updates.
No updates needed.
Starting Notes → Database sync
[2025-09-09 00:00:00] Starting Notes → Database sync

Using Notes search to find all notes containing '*update'
[2025-09-09 00:00:04] Using Notes search to find all notes containing '*update'

Found 0 total notes containing '*update' across all folders
[2025-09-09 00:00:36] Found 0 total notes containing '*update' across all folders

No notes found with *update tag
[2025-09-09 00:00:36] No notes found with *update tag

No notes to update
No lakes flagged for updates.
No updates needed.
Starting Notes → Database sync
[2025-09-09 06:03:07] Starting Notes → Database sync

Using Notes search to find all notes containing '*update'
[2025-09-09 06:03:07] Using Notes search to find all notes containing '*update'

Found 0 total notes containing '*update' across all folders
[2025-09-09 06:03:33] Found 0 total notes containing '*update' across all folders

No notes found with *update tag
[2025-09-09 06:03:33] No notes found with *update tag

No notes to update
Starting Notes → Database sync
[2025-09-09 12:00:03] Starting Notes → Database sync

Using Notes search to find all notes containing '*update'
[2025-09-09 12:00:03] Using Notes search to find all notes containing '*update'

Found 0 total notes containing '*update' across all folders
[2025-09-09 12:00:24] Found 0 total notes containing '*update' across all folders

No notes found with *update tag
[2025-09-09 12:00:24] No notes found with *update tag

No notes to update
No lakes flagged for updates.
No updates needed.
Starting Notes → Database sync
[2025-09-09 18:00:22] Starting Notes → Database sync

Using Notes search to find all notes containing '*update'
[2025-09-09 18:00:22] Using Notes search to find all notes containing '*update'

Found 0 total notes containing '*update' across all folders
[2025-09-09 18:01:01] Found 0 total notes containing '*update' across all folders

No notes found with *update tag
[2025-09-09 18:01:01] No notes found with *update tag

No notes to update
No lakes flagged for updates.
No updates needed.
Starting Notes → Database sync
[2025-09-10 00:00:00] Starting Notes → Database sync

Using Notes search to find all notes containing '*update'
[2025-09-10 00:00:01] Using Notes search to find all notes containing '*update'

Found 0 total notes containing '*update' across all folders
[2025-09-10 00:00:42] Found 0 total notes containing '*update' across all folders

No notes found with *update tag
[2025-09-10 00:00:42] No notes found with *update tag

No notes to update
No lakes flagged for updates.
No updates needed.
No lakes flagged for updates.
No updates needed.
Starting Notes → Database sync
[2025-09-11 06:01:25] Starting Notes → Database sync

Using Notes search to find all notes containing '*update'
[2025-09-11 06:01:25] Using Notes search to find all notes containing '*update'

Found 0 total notes containing '*update' across all folders
[2025-09-11 06:05:47] Found 0 total notes containing '*update' across all folders

No notes found with *update tag
[2025-09-11 06:05:47] No notes found with *update tag

No notes to update
Starting Notes → Database sync
[2025-09-11 12:04:56] Starting Notes → Database sync

Using Notes search to find all notes containing '*update'
[2025-09-11 12:05:00] Using Notes search to find all notes containing '*update'

Found 0 total notes containing '*update' across all folders
[2025-09-11 12:05:50] Found 0 total notes containing '*update' across all folders

No notes found with *update tag
[2025-09-11 12:05:50] No notes found with *update tag

No notes to update
Starting Notes → Database sync
[2025-09-11 18:00:00] Starting Notes → Database sync

Using Notes search to find all notes containing '*update'
[2025-09-11 18:00:00] Using Notes search to find all notes containing '*update'

Found 0 total notes containing '*update' across all folders
[2025-09-11 18:00:22] Found 0 total notes containing '*update' across all folders

No notes found with *update tag
[2025-09-11 18:00:22] No notes found with *update tag

No notes to update
Starting Notes → Database sync
[2025-09-12 00:00:02] Starting Notes → Database sync

Using Notes search to find all notes containing '*update'
[2025-09-12 00:00:03] Using Notes search to find all notes containing '*update'

Found 0 total notes containing '*update' across all folders
[2025-09-12 00:00:21] Found 0 total notes containing '*update' across all folders

No notes found with *update tag
[2025-09-12 00:00:21] No notes found with *update tag

No notes to update
No lakes flagged for updates.
No updates needed.
Starting Notes → Database sync
[2025-09-12 06:00:52] Starting Notes → Database sync

Using Notes search to find all notes containing '*update'
[2025-09-12 06:00:53] Using Notes search to find all notes containing '*update'

Found 0 total notes containing '*update' across all folders
[2025-09-12 06:17:55] Found 0 total notes containing '*update' across all folders

No notes found with *update tag
[2025-09-12 06:17:55] No notes found with *update tag

No notes to update
Starting Notes → Database sync
[2025-09-12 12:00:03] Starting Notes → Database sync

Using Notes search to find all notes containing '*update'
[2025-09-12 12:00:04] Using Notes search to find all notes containing '*update'

Found 0 total notes containing '*update' across all folders
[2025-09-12 12:00:22] Found 0 total notes containing '*update' across all folders

No notes found with *update tag
[2025-09-12 12:00:22] No notes found with *update tag

No notes to update
No lakes flagged for updates.
No updates needed.
Starting Notes → Database sync
[2025-09-12 18:00:07] Starting Notes → Database sync

Using Notes search to find all notes containing '*update'
[2025-09-12 18:00:07] Using Notes search to find all notes containing '*update'

Found 0 total notes containing '*update' across all folders
[2025-09-12 18:00:41] Found 0 total notes containing '*update' across all folders

No notes found with *update tag
[2025-09-12 18:00:41] No notes found with *update tag

No notes to update
Starting Notes → Database sync
[2025-09-13 00:00:00] Starting Notes → Database sync

Using Notes search to find all notes containing '*update'
[2025-09-13 00:00:00] Using Notes search to find all notes containing '*update'

Found 0 total notes containing '*update' across all folders
[2025-09-13 00:00:33] Found 0 total notes containing '*update' across all folders

No notes found with *update tag
[2025-09-13 00:00:33] No notes found with *update tag

No notes to update
No lakes flagged for updates.
No updates needed.
Starting Notes → Database sync
[2025-09-13 06:00:03] Starting Notes → Database sync

Using Notes search to find all notes containing '*update'
[2025-09-13 06:00:04] Using Notes search to find all notes containing '*update'

Found 0 total notes containing '*update' across all folders
[2025-09-13 06:00:22] Found 0 total notes containing '*update' across all folders

No notes found with *update tag
[2025-09-13 06:00:22] No notes found with *update tag

No notes to update
No lakes flagged for updates.
No updates needed.
Starting Notes → Database sync
[2025-09-13 12:00:00] Starting Notes → Database sync

Using Notes search to find all notes containing '*update'
[2025-09-13 12:00:00] Using Notes search to find all notes containing '*update'

Found 0 total notes containing '*update' across all folders
[2025-09-13 12:00:23] Found 0 total notes containing '*update' across all folders

No notes found with *update tag
[2025-09-13 12:00:23] No notes found with *update tag

No notes to update
No lakes flagged for updates.
No updates needed.
Starting Notes → Database sync
[2025-09-13 18:00:03] Starting Notes → Database sync

Using Notes search to find all notes containing '*update'
[2025-09-13 18:00:05] Using Notes search to find all notes containing '*update'

Found 0 total notes containing '*update' across all folders
[2025-09-13 18:00:35] Found 0 total notes containing '*update' across all folders

No notes found with *update tag
[2025-09-13 18:00:35] No notes found with *update tag

No notes to update
No lakes flagged for updates.
No updates needed.
Starting Notes → Database sync
[2025-09-14 00:00:00] Starting Notes → Database sync

Using Notes search to find all notes containing '*update'
[2025-09-14 00:00:03] Using Notes search to find all notes containing '*update'

Found 0 total notes containing '*update' across all folders
[2025-09-14 00:00:33] Found 0 total notes containing '*update' across all folders

No notes found with *update tag
[2025-09-14 00:00:33] No notes found with *update tag

No notes to update
No lakes flagged for updates.
No updates needed.
Starting Notes → Database sync
[2025-09-14 06:00:02] Starting Notes → Database sync

Using Notes search to find all notes containing '*update'
[2025-09-14 06:00:04] Using Notes search to find all notes containing '*update'

Found 0 total notes containing '*update' across all folders
[2025-09-14 06:00:36] Found 0 total notes containing '*update' across all folders

No notes found with *update tag
[2025-09-14 06:00:36] No notes found with *update tag

No notes to update
No lakes flagged for updates.
No updates needed.
Starting Notes → Database sync
[2025-09-14 12:00:03] Starting Notes → Database sync

Using Notes search to find all notes containing '*update'
[2025-09-14 12:00:03] Using Notes search to find all notes containing '*update'

Found 0 total notes containing '*update' across all folders
[2025-09-14 12:00:23] Found 0 total notes containing '*update' across all folders

No notes found with *update tag
[2025-09-14 12:00:23] No notes found with *update tag

No notes to update
No lakes flagged for updates.
No updates needed.
Starting Notes → Database sync
[2025-09-14 18:00:03] Starting Notes → Database sync

Using Notes search to find all notes containing '*update'
[2025-09-14 18:00:04] Using Notes search to find all notes containing '*update'

Found 0 total notes containing '*update' across all folders
[2025-09-14 18:00:38] Found 0 total notes containing '*update' across all folders

No notes found with *update tag
[2025-09-14 18:00:38] No notes found with *update tag

No notes to update
No lakes flagged for updates.
No updates needed.
Starting Notes → Database sync
[2025-09-15 00:01:46] Starting Notes → Database sync

Using Notes search to find all notes containing '*update'
[2025-09-15 00:01:47] Using Notes search to find all notes containing '*update'

Found 0 total notes containing '*update' across all folders
[2025-09-15 00:02:21] Found 0 total notes containing '*update' across all folders

No notes found with *update tag
[2025-09-15 00:02:21] No notes found with *update tag

No notes to update
No lakes flagged for updates.
No updates needed.
Starting Notes → Database sync
[2025-09-15 06:00:00] Starting Notes → Database sync

Using Notes search to find all notes containing '*update'
[2025-09-15 06:00:00] Using Notes search to find all notes containing '*update'

Found 0 total notes containing '*update' across all folders
[2025-09-15 06:00:34] Found 0 total notes containing '*update' across all folders

No notes found with *update tag
[2025-09-15 06:00:34] No notes found with *update tag

No notes to update
No lakes flagged for updates.
No updates needed.
Starting Notes → Database sync
[2025-09-15 12:03:25] Starting Notes → Database sync

Using Notes search to find all notes containing '*update'
[2025-09-15 12:03:25] Using Notes search to find all notes containing '*update'

Found 0 total notes containing '*update' across all folders
[2025-09-15 12:03:40] Found 0 total notes containing '*update' across all folders

No notes found with *update tag
[2025-09-15 12:03:41] No notes found with *update tag

No notes to update
No lakes flagged for updates.
No updates needed.
Starting Notes → Database sync
[2025-09-15 18:00:02] Starting Notes → Database sync

Using Notes search to find all notes containing '*update'
[2025-09-15 18:00:03] Using Notes search to find all notes containing '*update'

Found 0 total notes containing '*update' across all folders
[2025-09-15 18:00:29] Found 0 total notes containing '*update' across all folders

No notes found with *update tag
[2025-09-15 18:00:29] No notes found with *update tag

No notes to update
No lakes flagged for updates.
No updates needed.
Starting Notes → Database sync
[2025-09-16 00:00:00] Starting Notes → Database sync

Using Notes search to find all notes containing '*update'
[2025-09-16 00:00:02] Using Notes search to find all notes containing '*update'

Found 0 total notes containing '*update' across all folders
[2025-09-16 00:00:29] Found 0 total notes containing '*update' across all folders

No notes found with *update tag
[2025-09-16 00:00:29] No notes found with *update tag

No notes to update
No lakes flagged for updates.
No updates needed.
Starting Notes → Database sync
[2025-09-16 06:00:02] Starting Notes → Database sync

Using Notes search to find all notes containing '*update'
[2025-09-16 06:00:03] Using Notes search to find all notes containing '*update'

Found 0 total notes containing '*update' across all folders
[2025-09-16 06:00:20] Found 0 total notes containing '*update' across all folders

No notes found with *update tag
[2025-09-16 06:00:20] No notes found with *update tag

No notes to update
No lakes flagged for updates.
No updates needed.
Starting Notes → Database sync
[2025-09-16 12:00:00] Starting Notes → Database sync

Using Notes search to find all notes containing '*update'
[2025-09-16 12:00:00] Using Notes search to find all notes containing '*update'

Found 0 total notes containing '*update' across all folders
[2025-09-16 12:00:19] Found 0 total notes containing '*update' across all folders

No notes found with *update tag
[2025-09-16 12:00:19] No notes found with *update tag

No notes to update
No lakes flagged for updates.
No updates needed.
Starting Notes → Database sync
[2025-09-16 18:06:37] Starting Notes → Database sync

Using Notes search to find all notes containing '*update'
[2025-09-16 18:06:37] Using Notes search to find all notes containing '*update'

Found 0 total notes containing '*update' across all folders
[2025-09-16 18:07:20] Found 0 total notes containing '*update' across all folders

No notes found with *update tag
[2025-09-16 18:07:20] No notes found with *update tag

No notes to update
No lakes flagged for updates.
No updates needed.
Starting Notes → Database sync
[2025-09-17 00:01:11] Starting Notes → Database sync

Using Notes search to find all notes containing '*update'
[2025-09-17 00:01:12] Using Notes search to find all notes containing '*update'

Found 0 total notes containing '*update' across all folders
[2025-09-17 00:01:42] Found 0 total notes containing '*update' across all folders

No notes found with *update tag
[2025-09-17 00:01:42] No notes found with *update tag

No notes to update
No lakes flagged for updates.
No updates needed.
Starting Notes → Database sync
[2025-09-17 06:00:00] Starting Notes → Database sync

Using Notes search to find all notes containing '*update'
[2025-09-17 06:00:00] Using Notes search to find all notes containing '*update'

Found 0 total notes containing '*update' across all folders
[2025-09-17 06:00:23] Found 0 total notes containing '*update' across all folders

No notes found with *update tag
[2025-09-17 06:00:23] No notes found with *update tag

No notes to update
No lakes flagged for updates.
No updates needed.
Starting Notes → Database sync
[2025-09-17 12:00:02] Starting Notes → Database sync

Using Notes search to find all notes containing '*update'
[2025-09-17 12:00:04] Using Notes search to find all notes containing '*update'

Found 0 total notes containing '*update' across all folders
[2025-09-17 12:00:26] Found 0 total notes containing '*update' across all folders

No notes found with *update tag
[2025-09-17 12:00:26] No notes found with *update tag

No notes to update
No lakes flagged for updates.
No updates needed.
Starting Notes → Database sync
[2025-09-17 18:00:04] Starting Notes → Database sync

Using Notes search to find all notes containing '*update'
[2025-09-17 18:00:04] Using Notes search to find all notes containing '*update'

Found 0 total notes containing '*update' across all folders
[2025-09-17 18:00:28] Found 0 total notes containing '*update' across all folders

No notes found with *update tag
[2025-09-17 18:00:28] No notes found with *update tag

No notes to update
No lakes flagged for updates.
No updates needed.
Starting Notes → Database sync
[2025-09-18 00:00:00] Starting Notes → Database sync

Using Notes search to find all notes containing '*update'
[2025-09-18 00:00:00] Using Notes search to find all notes containing '*update'

Found 0 total notes containing '*update' across all folders
[2025-09-18 00:00:22] Found 0 total notes containing '*update' across all folders

No notes found with *update tag
[2025-09-18 00:00:22] No notes found with *update tag

No notes to update
No lakes flagged for updates.
No updates needed.
Starting Notes → Database sync
[2025-09-18 06:00:00] Starting Notes → Database sync

Using Notes search to find all notes containing '*update'
[2025-09-18 06:00:00] Using Notes search to find all notes containing '*update'

Found 0 total notes containing '*update' across all folders
[2025-09-18 06:00:22] Found 0 total notes containing '*update' across all folders

No notes found with *update tag
[2025-09-18 06:00:22] No notes found with *update tag

No notes to update
No lakes flagged for updates.
No updates needed.
Starting Notes → Database sync
[2025-09-18 18:00:03] Starting Notes → Database sync

Using Notes search to find all notes containing '*update'
[2025-09-18 18:00:03] Using Notes search to find all notes containing '*update'

Found 1 total notes containing '*update' across all folders
[2025-09-18 18:00:10] Found 1 total notes containing '*update' across all folders

Found *update in Uintas note: Kermsuh (BR-20) (BR-20)
[2025-09-18 18:00:10] Found *update in Uintas note: Kermsuh (BR-20) (BR-20)

Found 1 notes with *update tag
[2025-09-18 18:00:11] Found 1 notes with *update tag

Processing note: Kermsuh (BR-20) (BR-20)
[2025-09-18 18:00:11] Processing note: Kermsuh (BR-20) (BR-20)

=== FULL NOTE CONTENT FOR BR-20 (Kermsuh (BR-20)) ===
[2025-09-18 18:00:11] === FULL NOTE CONTENT FOR BR-20 (Kermsuh (BR-20)) ===

RAW NOTE BODY START:
[2025-09-18 18:00:11] RAW NOTE BODY START:

<div><b><span style="font-size: 24px">Kermsuh (BR-20)</span></b></div>
<div>*updated</div>
<div><b>Status:</b> </div>
<div><br></div>
<div><b><span style="font-size: 18px">Jed's Notes</span></b></div>
<div>This guy shares his experience taking a “shortcut” up and over Hayden/Kettling. Sounds like not really a shortcut, but could be interesting to hike in via Stillwater, then hike out over that shortcut to a waiting shuttle. Probably no net time savings though.<i> </i>Kermsuh &quotshortcut&quot | Backcountry Post<br></div>
<div><br></div>
<div><b><span style="font-size: 18px">Trip Reports</span></b></div>
<div><i>Add trip reports here...</i><br></div>
<div><br></div>
<div>═════════════════════════════════════</div>
<ul>
<li><b>Drainage:</b> Bear River Drainage</li>
<li><b>Elevation:</b> 10300 ft</li>
<li><b>Size:</b> 12.4 acres</li>
<li><b>Max Depth:</b> 14 ft</li>
<li><b>Fishing Pressure:</b> Low</li>
<li><b>Fish Species:</b> Cutthroats</li>
</ul>
<div><br></div>
<div><b><span style="font-size: 18px">Stocking Records</span></b></div>
<div>No stocking records found.</div>
<div><br></div>
<div><b><span style="font-size: 18px">DWR Notes</span></b></div>
<div>Kermsuh is a long, narrow lake situated in rocky timbered country in the isolated West Basin of the Stillwater Fork Drainage. It is 12.4 acres, 10,300 feet in elevation, with 14 feet maximum depth. Campsites are poor due to the rocky nature of the surrounding terrain, but running water is abundant. Horse feed can be located in a small meadow to the south. Access is 1¾ miles south of Christmas Meadows on the Stillwater Pack Trail to the junction with the Kermsuh Lake Trail and then 2¼ miles southwest up the steep grade into West Basin. The cutthroat trout population is sustained by natural reproduction. This lake provides a good opportunity for users seeking solitude.</div>

[2025-09-18 18:00:11] <div><b><span style=font-size: 24px>Kermsuh (BR-20)</span></b></div>
<div>*updated</div>
<div><b>Status:</b> </div>
<div><br></div>
<div><b><span style=font-size: 18px>Jed's Notes</span></b></div>
<div>This guy shares his experience taking a “shortcut” up and over Hayden/Kettling. Sounds like not really a shortcut, but could be interesting to hike in via Stillwater, then hike out over that shortcut to a waiting shuttle. Probably no net time savings though.<i> </i>Kermsuh &quotshortcut&quot | Backcountry Post<br></div>
<div><br></div>
<div><b><span style=font-size: 18px>Trip Reports</span></b></div>
<div><i>Add trip reports here...</i><br></div>
<div><br></div>
<div>═════════════════════════════════════</div>
<ul>
<li><b>Drainage:</b> Bear River Drainage</li>
<li><b>Elevation:</b> 10300 ft</li>
<li><b>Size:</b> 12.4 acres</li>
<li><b>Max Depth:</b> 14 ft</li>
<li><b>Fishing Pressure:</b> Low</li>
<li><b>Fish Species:</b> Cutthroats</li>
</ul>
<div><br></div>
<div><b><span style=font-size: 18px>Stocking Records</span></b></div>
<div>No stocking records found.</div>
<div><br></div>
<div><b><span style=font-size: 18px>DWR Notes</span></b></div>
<div>Kermsuh is a long, narrow lake situated in rocky timbered country in the isolated West Basin of the Stillwater Fork Drainage. It is 12.4 acres, 10,300 feet in elevation, with 14 feet maximum depth. Campsites are poor due to the rocky nature of the surrounding terrain, but running water is abundant. Horse feed can be located in a small meadow to the south. Access is 1¾ miles south of Christmas Meadows on the Stillwater Pack Trail to the junction with the Kermsuh Lake Trail and then 2¼ miles southwest up the steep grade into West Basin. The cutthroat trout population is sustained by natural reproduction. This lake provides a good opportunity for users seeking solitude.</div>


RAW NOTE BODY END
[2025-09-18 18:00:11] RAW NOTE BODY END

=== END FULL NOTE CONTENT ===
[2025-09-18 18:00:11] === END FULL NOTE CONTENT ===

  Parsing note body for BR-20...
[2025-09-18 18:00:11]   Parsing note body for BR-20...

=== PARSED DATA FOR BR-20 ===
[2025-09-18 18:00:11] === PARSED DATA FOR BR-20 ===

  PARSED STATUS: NULL
[2025-09-18 18:00:11]   PARSED STATUS: NULL

  PARSED JED'S NOTES: "This guy shares his experience taking a “shortcut” up and over Hayden/Kettling. Sounds like not really a shortcut, but could be interesting to hike in via Stillwater, then hike out over that shortcut to a waiting shuttle. Probably no net time savings though.<i> </i>Kermsuh &quotshortcut&quot | Backcountry Post"
Failed to write to log: Error: sh: -c: line 0: syntax error near unexpected token `<'sh: -c: line 0: `echo "[2025-09-18 18:00:11]   PARSED JED'S NOTES: "This guy shares his experience taking a “shortcut” up and over Hayden/Kettling. Sounds like not really a shortcut, but could be interesting to hike in via Stillwater, then hike out over that shortcut to a waiting shuttle. Probably no net time savings though.<i> </i>Kermsuh &quotshortcut&quot | Backcountry Post"'
  PARSED TRIP REPORTS: NULL
[2025-09-18 18:00:11]   PARSED TRIP REPORTS: NULL

=== END PARSED DATA ===
[2025-09-18 18:00:11] === END PARSED DATA ===

=== CURRENT DATABASE VALUES FOR BR-20 ===
[2025-09-18 18:00:11] === CURRENT DATABASE VALUES FOR BR-20 ===

DB QUERY: SELECT status, jed_notes, trip_reports FROM lakes WHERE letter_number = 'BR-20';
[2025-09-18 18:00:11] DB QUERY: SELECT status, jed_notes, trip_reports FROM lakes WHERE letter_number = 'BR-20';

DB RESULT: ||||
[2025-09-18 18:00:11] DB RESULT: ||||

=== END CURRENT DATABASE VALUES ===
[2025-09-18 18:00:11] === END CURRENT DATABASE VALUES ===

  Jed's Notes: This guy shares his experience taking a “shortcut”...
[2025-09-18 18:00:11]   Jed's Notes: This guy shares his experience taking a “shortcut”...

=== SQL UPDATE QUERY FOR BR-20 ===
[2025-09-18 18:00:11] === SQL UPDATE QUERY FOR BR-20 ===

SQL QUERY: UPDATE lakes SET jed_notes = 'This guy shares his experience taking a “shortcut” up and over Hayden/Kettling. Sounds like not really a shortcut, but could be interesting to hike in via Stillwater, then hike out over that shortcut to a waiting shuttle. Probably no net time savings though.<i> </i>Kermsuh &quotshortcut&quot | Backcountry Post' WHERE letter_number = 'BR-20';
[2025-09-18 18:00:11] SQL QUERY: UPDATE lakes SET jed_notes = 'This guy shares his experience taking a “shortcut” up and over Hayden/Kettling. Sounds like not really a shortcut, but could be interesting to hike in via Stillwater, then hike out over that shortcut to a waiting shuttle. Probably no net time savings though.<i> </i>Kermsuh &quotshortcut&quot | Backcountry Post' WHERE letter_number = 'BR-20';

=== END SQL UPDATE QUERY ===
[2025-09-18 18:00:11] === END SQL UPDATE QUERY ===

=== SQL QUERY RESULT FOR BR-20 ===
[2025-09-18 18:00:11] === SQL QUERY RESULT FOR BR-20 ===

RESULT: 
[2025-09-18 18:00:11] RESULT: 

=== END SQL QUERY RESULT ===
[2025-09-18 18:00:11] === END SQL QUERY RESULT ===

=== MODIFIED NOTE CONTENT FOR BR-20 ===
[2025-09-18 18:00:11] === MODIFIED NOTE CONTENT FOR BR-20 ===

UPDATED NOTE BODY START:
[2025-09-18 18:00:11] UPDATED NOTE BODY START:

<div><b><span style="font-size: 24px">Kermsuh (BR-20)</span></b></div>
<div>d</div>
<div><b>Status:</b> </div>
<div><br></div>
<div><b><span style="font-size: 18px">Jed's Notes</span></b></div>
<div>This guy shares his experience taking a “shortcut” up and over Hayden/Kettling. Sounds like not really a shortcut, but could be interesting to hike in via Stillwater, then hike out over that shortcut to a waiting shuttle. Probably no net time savings though.<i> </i>Kermsuh &quotshortcut&quot | Backcountry Post<br></div>
<div><br></div>
<div><b><span style="font-size: 18px">Trip Reports</span></b></div>
<div><i>Add trip reports here...</i><br></div>
<div><br></div>
<div>═════════════════════════════════════</div>
<ul>
<li><b>Drainage:</b> Bear River Drainage</li>
<li><b>Elevation:</b> 10300 ft</li>
<li><b>Size:</b> 12.4 acres</li>
<li><b>Max Depth:</b> 14 ft</li>
<li><b>Fishing Pressure:</b> Low</li>
<li><b>Fish Species:</b> Cutthroats</li>
</ul>
<div><br></div>
<div><b><span style="font-size: 18px">Stocking Records</span></b></div>
<div>No stocking records found.</div>
<div><br></div>
<div><b><span style="font-size: 18px">DWR Notes</span></b></div>
<div>Kermsuh is a long, narrow lake situated in rocky timbered country in the isolated West Basin of the Stillwater Fork Drainage. It is 12.4 acres, 10,300 feet in elevation, with 14 feet maximum depth. Campsites are poor due to the rocky nature of the surrounding terrain, but running water is abundant. Horse feed can be located in a small meadow to the south. Access is 1¾ miles south of Christmas Meadows on the Stillwater Pack Trail to the junction with the Kermsuh Lake Trail and then 2¼ miles southwest up the steep grade into West Basin. The cutthroat trout population is sustained by natural reproduction. This lake provides a good opportunity for users seeking solitude.</div>

[2025-09-18 18:00:11] <div><b><span style=font-size: 24px>Kermsuh (BR-20)</span></b></div>
<div>d</div>
<div><b>Status:</b> </div>
<div><br></div>
<div><b><span style=font-size: 18px>Jed's Notes</span></b></div>
<div>This guy shares his experience taking a “shortcut” up and over Hayden/Kettling. Sounds like not really a shortcut, but could be interesting to hike in via Stillwater, then hike out over that shortcut to a waiting shuttle. Probably no net time savings though.<i> </i>Kermsuh &quotshortcut&quot | Backcountry Post<br></div>
<div><br></div>
<div><b><span style=font-size: 18px>Trip Reports</span></b></div>
<div><i>Add trip reports here...</i><br></div>
<div><br></div>
<div>═════════════════════════════════════</div>
<ul>
<li><b>Drainage:</b> Bear River Drainage</li>
<li><b>Elevation:</b> 10300 ft</li>
<li><b>Size:</b> 12.4 acres</li>
<li><b>Max Depth:</b> 14 ft</li>
<li><b>Fishing Pressure:</b> Low</li>
<li><b>Fish Species:</b> Cutthroats</li>
</ul>
<div><br></div>
<div><b><span style=font-size: 18px>Stocking Records</span></b></div>
<div>No stocking records found.</div>
<div><br></div>
<div><b><span style=font-size: 18px>DWR Notes</span></b></div>
<div>Kermsuh is a long, narrow lake situated in rocky timbered country in the isolated West Basin of the Stillwater Fork Drainage. It is 12.4 acres, 10,300 feet in elevation, with 14 feet maximum depth. Campsites are poor due to the rocky nature of the surrounding terrain, but running water is abundant. Horse feed can be located in a small meadow to the south. Access is 1¾ miles south of Christmas Meadows on the Stillwater Pack Trail to the junction with the Kermsuh Lake Trail and then 2¼ miles southwest up the steep grade into West Basin. The cutthroat trout population is sustained by natural reproduction. This lake provides a good opportunity for users seeking solitude.</div>


UPDATED NOTE BODY END
[2025-09-18 18:00:11] UPDATED NOTE BODY END

=== END MODIFIED NOTE CONTENT ===
[2025-09-18 18:00:11] === END MODIFIED NOTE CONTENT ===

  Successfully updated database for BR-20
[2025-09-18 18:00:11]   Successfully updated database for BR-20

Completed sync: 1 successful, 0 errors
[2025-09-18 18:00:11] Completed sync: 1 successful, 0 errors

Completed sync: 1 successful, 0 errors
Found 1 lakes needing updates: BR-20
Processing BR-20...
Searching for lake BR-20 using Apple Notes search API
  Found 1 notes containing 'BR-20' across all folders
  Checking note in correct folder: 'Kermsuh (BR-20)'
  Found exact match: 'Kermsuh (BR-20)'
Found existing note: 'Kermsuh (BR-20)'
Cleared update flag for BR-20
Updated 1 lake notes.
Starting Notes → Database sync
[2025-09-19 00:00:31] Starting Notes → Database sync

Using Notes search to find all notes containing '*update'
[2025-09-19 00:00:31] Using Notes search to find all notes containing '*update'

Found 0 total notes containing '*update' across all folders
[2025-09-19 00:00:51] Found 0 total notes containing '*update' across all folders

No notes found with *update tag
[2025-09-19 00:00:51] No notes found with *update tag

No notes to update
No lakes flagged for updates.
No updates needed.
No lakes flagged for updates.
No updates needed.
Starting Notes → Database sync
[2025-09-19 18:00:00] Starting Notes → Database sync

Using Notes search to find all notes containing '*update'
[2025-09-19 18:00:01] Using Notes search to find all notes containing '*update'

Found 0 total notes containing '*update' across all folders
[2025-09-19 18:00:26] Found 0 total notes containing '*update' across all folders

No notes found with *update tag
[2025-09-19 18:00:26] No notes found with *update tag

No notes to update
No lakes flagged for updates.
No updates needed.
Starting Notes → Database sync
[2025-09-20 00:00:01] Starting Notes → Database sync

Using Notes search to find all notes containing '*update'
[2025-09-20 00:00:01] Using Notes search to find all notes containing '*update'

Found 0 total notes containing '*update' across all folders
[2025-09-20 00:00:25] Found 0 total notes containing '*update' across all folders

No notes found with *update tag
[2025-09-20 00:00:25] No notes found with *update tag

No notes to update
No lakes flagged for updates.
No updates needed.
No lakes flagged for updates.
No updates needed.
No lakes flagged for updates.
No updates needed.
No lakes flagged for updates.
No updates needed.
Starting Notes → Database sync
[2025-09-21 12:00:57] Starting Notes → Database sync

Using Notes search to find all notes containing '*update'
[2025-09-21 12:00:58] Using Notes search to find all notes containing '*update'

Found 0 total notes containing '*update' across all folders
[2025-09-21 12:01:16] Found 0 total notes containing '*update' across all folders

No notes found with *update tag
[2025-09-21 12:01:16] No notes found with *update tag

No notes to update
No lakes flagged for updates.
No updates needed.
No lakes flagged for updates.
No updates needed.
Starting Notes → Database sync
[2025-09-22 12:00:00] Starting Notes → Database sync

Using Notes search to find all notes containing '*update'
[2025-09-22 12:00:00] Using Notes search to find all notes containing '*update'

Found 0 total notes containing '*update' across all folders
[2025-09-22 12:00:20] Found 0 total notes containing '*update' across all folders

No notes found with *update tag
[2025-09-22 12:00:20] No notes found with *update tag

No notes to update
No lakes flagged for updates.
No updates needed.
Starting Notes → Database sync
[2025-09-22 18:00:01] Starting Notes → Database sync

Using Notes search to find all notes containing '*update'
[2025-09-22 18:00:01] Using Notes search to find all notes containing '*update'

Found 0 total notes containing '*update' across all folders
[2025-09-22 18:00:24] Found 0 total notes containing '*update' across all folders

No notes found with *update tag
[2025-09-22 18:00:24] No notes found with *update tag

No notes to update
No lakes flagged for updates.
No updates needed.
Starting Notes → Database sync
[2025-09-23 00:00:00] Starting Notes → Database sync

Using Notes search to find all notes containing '*update'
[2025-09-23 00:00:01] Using Notes search to find all notes containing '*update'

Found 0 total notes containing '*update' across all folders
[2025-09-23 00:00:24] Found 0 total notes containing '*update' across all folders

No notes found with *update tag
[2025-09-23 00:00:24] No notes found with *update tag

No notes to update
No lakes flagged for updates.
No updates needed.
No lakes flagged for updates.
No updates needed.
Starting Notes → Database sync
[2025-09-23 12:00:00] Starting Notes → Database sync

Using Notes search to find all notes containing '*update'
[2025-09-23 12:00:00] Using Notes search to find all notes containing '*update'

Found 0 total notes containing '*update' across all folders
[2025-09-23 12:00:20] Found 0 total notes containing '*update' across all folders

No notes found with *update tag
[2025-09-23 12:00:21] No notes found with *update tag

No notes to update
No lakes flagged for updates.
No updates needed.
No lakes flagged for updates.
No updates needed.
Starting Notes → Database sync
[2025-09-24 00:00:03] Starting Notes → Database sync

Using Notes search to find all notes containing '*update'
[2025-09-24 00:00:04] Using Notes search to find all notes containing '*update'

Found 0 total notes containing '*update' across all folders
[2025-09-24 00:00:32] Found 0 total notes containing '*update' across all folders

No notes found with *update tag
[2025-09-24 00:00:32] No notes found with *update tag

No notes to update
No lakes flagged for updates.
No updates needed.
Starting Notes → Database sync
[2025-09-24 06:00:01] Starting Notes → Database sync

Using Notes search to find all notes containing '*update'
[2025-09-24 06:00:02] Using Notes search to find all notes containing '*update'

Found 0 total notes containing '*update' across all folders
[2025-09-24 06:00:33] Found 0 total notes containing '*update' across all folders

No notes found with *update tag
[2025-09-24 06:00:33] No notes found with *update tag

No notes to update
No lakes flagged for updates.
No updates needed.
No lakes flagged for updates.
No updates needed.
Starting Notes → Database sync
[2025-09-24 18:00:02] Starting Notes → Database sync

Using Notes search to find all notes containing '*update'
[2025-09-24 18:00:03] Using Notes search to find all notes containing '*update'

Found 0 total notes containing '*update' across all folders
[2025-09-24 18:00:30] Found 0 total notes containing '*update' across all folders

No notes found with *update tag
[2025-09-24 18:00:30] No notes found with *update tag

No notes to update
No lakes flagged for updates.
No updates needed.
Starting Notes → Database sync
[2025-09-25 00:00:02] Starting Notes → Database sync

Using Notes search to find all notes containing '*update'
[2025-09-25 00:00:03] Using Notes search to find all notes containing '*update'

Found 0 total notes containing '*update' across all folders
[2025-09-25 00:00:23] Found 0 total notes containing '*update' across all folders

No notes found with *update tag
[2025-09-25 00:00:23] No notes found with *update tag

No notes to update
No lakes flagged for updates.
No updates needed.
No lakes flagged for updates.
No updates needed.
Starting Notes → Database sync
[2025-09-25 12:03:30] Starting Notes → Database sync

Using Notes search to find all notes containing '*update'
[2025-09-25 12:03:31] Using Notes search to find all notes containing '*update'

Found 0 total notes containing '*update' across all folders
[2025-09-25 12:03:58] Found 0 total notes containing '*update' across all folders

No notes found with *update tag
[2025-09-25 12:03:58] No notes found with *update tag

No notes to update
No lakes flagged for updates.
No updates needed.
Starting Notes → Database sync
[2025-09-25 18:00:00] Starting Notes → Database sync

Using Notes search to find all notes containing '*update'
[2025-09-25 18:00:00] Using Notes search to find all notes containing '*update'

Found 0 total notes containing '*update' across all folders
[2025-09-25 18:00:30] Found 0 total notes containing '*update' across all folders

No notes found with *update tag
[2025-09-25 18:00:30] No notes found with *update tag

No notes to update
No lakes flagged for updates.
No updates needed.
Starting Notes → Database sync
[2025-09-26 00:00:00] Starting Notes → Database sync

Using Notes search to find all notes containing '*update'
[2025-09-26 00:00:00] Using Notes search to find all notes containing '*update'

Found 0 total notes containing '*update' across all folders
[2025-09-26 00:00:28] Found 0 total notes containing '*update' across all folders

No notes found with *update tag
[2025-09-26 00:00:28] No notes found with *update tag

No notes to update
No lakes flagged for updates.
No updates needed.
Starting Notes → Database sync
[2025-09-26 06:00:02] Starting Notes → Database sync

Using Notes search to find all notes containing '*update'
[2025-09-26 06:00:04] Using Notes search to find all notes containing '*update'

Found 0 total notes containing '*update' across all folders
[2025-09-26 06:00:22] Found 0 total notes containing '*update' across all folders

No notes found with *update tag
[2025-09-26 06:00:22] No notes found with *update tag

No notes to update
Starting Notes → Database sync
[2025-09-26 12:00:00] Starting Notes → Database sync

Using Notes search to find all notes containing '*update'
[2025-09-26 12:00:01] Using Notes search to find all notes containing '*update'

Found 0 total notes containing '*update' across all folders
[2025-09-26 12:00:22] Found 0 total notes containing '*update' across all folders

No notes found with *update tag
[2025-09-26 12:00:22] No notes found with *update tag

No notes to update
Starting Notes → Database sync
[2025-09-27 00:03:13] Starting Notes → Database sync

Using Notes search to find all notes containing '*update'
[2025-09-27 00:03:14] Using Notes search to find all notes containing '*update'

Found 0 total notes containing '*update' across all folders
[2025-09-27 00:03:34] Found 0 total notes containing '*update' across all folders

No notes found with *update tag
[2025-09-27 00:03:34] No notes found with *update tag

No notes to update
No lakes flagged for updates.
No updates needed.
Starting Notes → Database sync
[2025-09-27 06:00:02] Starting Notes → Database sync

Using Notes search to find all notes containing '*update'
[2025-09-27 06:00:04] Using Notes search to find all notes containing '*update'

Found 1 total notes containing '*update' across all folders
[2025-09-27 06:00:22] Found 1 total notes containing '*update' across all folders

Found *update in Uintas note: Hell Hole (BR-29) (BR-29)
[2025-09-27 06:00:23] Found *update in Uintas note: Hell Hole (BR-29) (BR-29)

Found 1 notes with *update tag
[2025-09-27 06:00:24] Found 1 notes with *update tag

Processing note: Hell Hole (BR-29) (BR-29)
[2025-09-27 06:00:24] Processing note: Hell Hole (BR-29) (BR-29)

=== FULL NOTE CONTENT FOR BR-29 (Hell Hole (BR-29)) ===
[2025-09-27 06:00:24] === FULL NOTE CONTENT FOR BR-29 (Hell Hole (BR-29)) ===

RAW NOTE BODY START:
[2025-09-27 06:00:24] RAW NOTE BODY START:

<div><b><span style="font-size: 24px">Hell Hole (BR-29)</span></b></div>
<div>*updated</div>
<div><b>Status:</b> CAUGHT</div>
<div><br></div>
<div><b><span style="font-size: 18px">Jed's Notes</span></b></div>
<div>Can be accessed from Christmas Meadows, or off Mirror Lake Highway. Consensus seems to be take the latter. </div>
<div><br></div>
<div>From Bear River Service, go south on the Mirror Lake Highway about 12 miles to milepost 36.4. The Gold Hill road takes off on the west side here. You want the dirt road slightly north of this taking off on the east. The road is generally passable by all vehicles if carefully driven. Follow it a few hundred yards to where a parking area and closure sign are. This is the shortcut trailhead.</div>
<div>From the road closure sign, follow an old jeep trail that is becoming very overgrown. It crosses Hayden Fork in just a couple of minutes. The old jeep road/trail becomes more faint, but follow it another few minutes to where it crosses a marsh. After crossing the marsh, the trail heads a bit northeast and enters the trees in a couple of minutes. From here it becomes much more defined and easy to follow. About 15-20 minutes from the trailhead you will intersect the road from the Standard Route. Go right here, following the road less than an hour to a bridge. The trail to Hell Hole Lake branches off here on the right (south) on the west side of the bridge.<i>Note: Just north of the bridge, on the west side of the stream, are several old cabin ruins. They are in very dilapidated shape, with only a few logs left standing, but still interesting to visit.</i>From the bridge, the trail leaves the road, goes south and is easy to follow. 10 minutes from the bridge you may notice an old bridge/log flume on the left across the stream. This is a remnant of the early logging days in the area.  It is a bit of a grunt as the trail climb to Hell Hole Lake, but the scenery gets better and better. Most groups will take a couple of hours from the bridge to the lake. There is good camping around the lake, but also anywhere up higher in the basin.</div>
<div><br></div>
<div>(From  https://www.roadtripryan.com/go/t/utah/northern-utah/hell-hole-lake )</div>
<div><br></div>
<div><i>Random guy on Facebook from July 2025</i>: “We knocked out the hike to Hell Hole Lake in 3 hours…I would extremely recommend this trek, fishing the west side of the lake and the mouth of the inlet, as well as the meadow south of the lake.”</div>
<div><br></div>
<div><b><span style="font-size: 18px">Trip Reports</span></b></div>
<div>Sep 26, 2025 Chelsey and I did a day hike in. Plenty of eager small cutthroats. Caught two on gulp minnows showing Chels how to use the spinning rod, then got everything ready to go out on my packraft with new fly rod, and then it started to hail and rain. After a while, I just packed everything up and got ready to leave, and of course, then it stopped raining. :-)</div>
<div><br></div>
<div>═════════════════════════════════════</div>
<ul>
<li><b>Drainage:</b> Bear River Drainage</li>
<li><b>Elevation:</b> 10340 ft</li>
<li><b>Size:</b> 8.5 acres</li>
<li><b>Max Depth:</b> 9 ft</li>
<li><b>Fishing Pressure:</b> Unknown</li>
<li><b>Fish Species:</b> Unknown</li>
</ul>
<div><br></div>
<div><b><span style="font-size: 18px">Stocking Records</span></b></div>
<div>No stocking records found.</div>
<div><br></div>
<div><b><span style="font-size: 18px">DWR Notes</span></b></div>
<div>Hell Hole is a shallow lake with partly open shorelines situated centrally in the Hell Hole Basin near the head of the Main Fork Drainage. The lake is 8.5 acres, 10,340 feet in elevation with 9 feet maximum depth. The surrounding terrain is scenic and composed of large, boggy meadows and thick patches of timber. Access is 5 miles southeast of Highway U-150 on the Main Fork Stillwater Trail which begins as an unmarked jeep road across the highway from the Gold Hill turnoff. This trail, not well maintained, is difficult to follow at times. Campsites are excellent at Hell Hole with plenty of horse feed and running water. Several small springs are present as well. Hell Hole contains a good population of pan-sized cutthroat trout often overlooked by anglers. Fishermen are encouraged to bring plenty of mosquito repellent on trips to this basin.</div>

[2025-09-27 06:00:24] <div><b><span style=font-size: 24px>Hell Hole (BR-29)</span></b></div>
<div>*updated</div>
<div><b>Status:</b> CAUGHT</div>
<div><br></div>
<div><b><span style=font-size: 18px>Jed's Notes</span></b></div>
<div>Can be accessed from Christmas Meadows, or off Mirror Lake Highway. Consensus seems to be take the latter. </div>
<div><br></div>
<div>From Bear River Service, go south on the Mirror Lake Highway about 12 miles to milepost 36.4. The Gold Hill road takes off on the west side here. You want the dirt road slightly north of this taking off on the east. The road is generally passable by all vehicles if carefully driven. Follow it a few hundred yards to where a parking area and closure sign are. This is the shortcut trailhead.</div>
<div>From the road closure sign, follow an old jeep trail that is becoming very overgrown. It crosses Hayden Fork in just a couple of minutes. The old jeep road/trail becomes more faint, but follow it another few minutes to where it crosses a marsh. After crossing the marsh, the trail heads a bit northeast and enters the trees in a couple of minutes. From here it becomes much more defined and easy to follow. About 15-20 minutes from the trailhead you will intersect the road from the Standard Route. Go right here, following the road less than an hour to a bridge. The trail to Hell Hole Lake branches off here on the right (south) on the west side of the bridge.<i>Note: Just north of the bridge, on the west side of the stream, are several old cabin ruins. They are in very dilapidated shape, with only a few logs left standing, but still interesting to visit.</i>From the bridge, the trail leaves the road, goes south and is easy to follow. 10 minutes from the bridge you may notice an old bridge/log flume on the left across the stream. This is a remnant of the early logging days in the area.  It is a bit of a grunt as the trail climb to Hell Hole Lake, but the scenery gets better and better. Most groups will take a couple of hours from the bridge to the lake. There is good camping around the lake, but also anywhere up higher in the basin.</div>
<div><br></div>
<div>(From  https://www.roadtripryan.com/go/t/utah/northern-utah/hell-hole-lake )</div>
<div><br></div>
<div><i>Random guy on Facebook from July 2025</i>: “We knocked out the hike to Hell Hole Lake in 3 hours…I would extremely recommend this trek, fishing the west side of the lake and the mouth of the inlet, as well as the meadow south of the lake.”</div>
<div><br></div>
<div><b><span style=font-size: 18px>Trip Reports</span></b></div>
<div>Sep 26, 2025 Chelsey and I did a day hike in. Plenty of eager small cutthroats. Caught two on gulp minnows showing Chels how to use the spinning rod, then got everything ready to go out on my packraft with new fly rod, and then it started to hail and rain. After a while, I just packed everything up and got ready to leave, and of course, then it stopped raining. :-)</div>
<div><br></div>
<div>═════════════════════════════════════</div>
<ul>
<li><b>Drainage:</b> Bear River Drainage</li>
<li><b>Elevation:</b> 10340 ft</li>
<li><b>Size:</b> 8.5 acres</li>
<li><b>Max Depth:</b> 9 ft</li>
<li><b>Fishing Pressure:</b> Unknown</li>
<li><b>Fish Species:</b> Unknown</li>
</ul>
<div><br></div>
<div><b><span style=font-size: 18px>Stocking Records</span></b></div>
<div>No stocking records found.</div>
<div><br></div>
<div><b><span style=font-size: 18px>DWR Notes</span></b></div>
<div>Hell Hole is a shallow lake with partly open shorelines situated centrally in the Hell Hole Basin near the head of the Main Fork Drainage. The lake is 8.5 acres, 10,340 feet in elevation with 9 feet maximum depth. The surrounding terrain is scenic and composed of large, boggy meadows and thick patches of timber. Access is 5 miles southeast of Highway U-150 on the Main Fork Stillwater Trail which begins as an unmarked jeep road across the highway from the Gold Hill turnoff. This trail, not well maintained, is difficult to follow at times. Campsites are excellent at Hell Hole with plenty of horse feed and running water. Several small springs are present as well. Hell Hole contains a good population of pan-sized cutthroat trout often overlooked by anglers. Fishermen are encouraged to bring plenty of mosquito repellent on trips to this basin.</div>


RAW NOTE BODY END
[2025-09-27 06:00:24] RAW NOTE BODY END

=== END FULL NOTE CONTENT ===
[2025-09-27 06:00:24] === END FULL NOTE CONTENT ===

  Parsing note body for BR-29...
[2025-09-27 06:00:24]   Parsing note body for BR-29...

=== PARSED DATA FOR BR-29 ===
[2025-09-27 06:00:24] === PARSED DATA FOR BR-29 ===

  PARSED STATUS: CAUGHT
[2025-09-27 06:00:24]   PARSED STATUS: CAUGHT

  PARSED JED'S NOTES: "Can be accessed from Christmas Meadows, or off Mirror Lake Highway. Consensus seems to be take the latter."
[2025-09-27 06:00:24]   PARSED JED'S NOTES: Can be accessed from Christmas Meadows, or off Mirror Lake Highway. Consensus seems to be take the latter.

  PARSED TRIP REPORTS: "Sep 26, 2025 Chelsey and I did a day hike in. Plenty of eager small cutthroats. Caught two on gulp minnows showing Chels how to use the spinning rod, then got everything ready to go out on my packraft with new fly rod, and then it started to hail and rain. After a while, I just packed everything up and got ready to leave, and of course, then it stopped raining. :-)"
Failed to write to log: Error: sh: -c: line 0: syntax error near unexpected token `)'sh: -c: line 0: `echo "[2025-09-27 06:00:24]   PARSED TRIP REPORTS: "Sep 26, 2025 Chelsey and I did a day hike in. Plenty of eager small cutthroats. Caught two on gulp minnows showing Chels how to use the spinning rod, then got everything ready to go out on my packraft with new fly rod, and then it started to hail and rain. After a while, I just packed everything up and got ready to leave, and of course, then it stopped raining. :-)"'
=== END PARSED DATA ===
[2025-09-27 06:00:24] === END PARSED DATA ===

=== CURRENT DATABASE VALUES FOR BR-29 ===
[2025-09-27 06:00:24] === CURRENT DATABASE VALUES FOR BR-29 ===

DB QUERY: SELECT status, jed_notes, trip_reports FROM lakes WHERE letter_number = 'BR-29';
[2025-09-27 06:00:24] DB QUERY: SELECT status, jed_notes, trip_reports FROM lakes WHERE letter_number = 'BR-29';

DB RESULT: ||||
[2025-09-27 06:00:24] DB RESULT: ||||

=== END CURRENT DATABASE VALUES ===
[2025-09-27 06:00:24] === END CURRENT DATABASE VALUES ===

  Status: CAUGHT
[2025-09-27 06:00:24]   Status: CAUGHT

  Jed's Notes: Can be accessed from Christmas Meadows, or off Mir...
[2025-09-27 06:00:24]   Jed's Notes: Can be accessed from Christmas Meadows, or off Mir...

  Trip Reports: Sep 26, 2025 Chelsey and I did a day hike in. Plen...
[2025-09-27 06:00:24]   Trip Reports: Sep 26, 2025 Chelsey and I did a day hike in. Plen...

=== SQL UPDATE QUERY FOR BR-29 ===
[2025-09-27 06:00:24] === SQL UPDATE QUERY FOR BR-29 ===

SQL QUERY: UPDATE lakes SET status = 'CAUGHT', jed_notes = 'Can be accessed from Christmas Meadows, or off Mirror Lake Highway. Consensus seems to be take the latter.', trip_reports = 'Sep 26, 2025 Chelsey and I did a day hike in. Plenty of eager small cutthroats. Caught two on gulp minnows showing Chels how to use the spinning rod, then got everything ready to go out on my packraft with new fly rod, and then it started to hail and rain. After a while, I just packed everything up and got ready to leave, and of course, then it stopped raining. :-)' WHERE letter_number = 'BR-29';
[2025-09-27 06:00:24] SQL QUERY: UPDATE lakes SET status = 'CAUGHT', jed_notes = 'Can be accessed from Christmas Meadows, or off Mirror Lake Highway. Consensus seems to be take the latter.', trip_reports = 'Sep 26, 2025 Chelsey and I did a day hike in. Plenty of eager small cutthroats. Caught two on gulp minnows showing Chels how to use the spinning rod, then got everything ready to go out on my packraft with new fly rod, and then it started to hail and rain. After a while, I just packed everything up and got ready to leave, and of course, then it stopped raining. :-)' WHERE letter_number = 'BR-29';

=== END SQL UPDATE QUERY ===
[2025-09-27 06:00:24] === END SQL UPDATE QUERY ===

=== SQL QUERY RESULT FOR BR-29 ===
[2025-09-27 06:00:24] === SQL QUERY RESULT FOR BR-29 ===

RESULT: 
[2025-09-27 06:00:24] RESULT: 

=== END SQL QUERY RESULT ===
[2025-09-27 06:00:24] === END SQL QUERY RESULT ===

=== MODIFIED NOTE CONTENT FOR BR-29 ===
[2025-09-27 06:00:25] === MODIFIED NOTE CONTENT FOR BR-29 ===

UPDATED NOTE BODY START:
[2025-09-27 06:00:25] UPDATED NOTE BODY START:

<div><b><span style="font-size: 24px">Hell Hole (BR-29)</span></b></div>
<div>d</div>
<div><b>Status:</b> CAUGHT</div>
<div><br></div>
<div><b><span style="font-size: 18px">Jed's Notes</span></b></div>
<div>Can be accessed from Christmas Meadows, or off Mirror Lake Highway. Consensus seems to be take the latter. </div>
<div><br></div>
<div>From Bear River Service, go south on the Mirror Lake Highway about 12 miles to milepost 36.4. The Gold Hill road takes off on the west side here. You want the dirt road slightly north of this taking off on the east. The road is generally passable by all vehicles if carefully driven. Follow it a few hundred yards to where a parking area and closure sign are. This is the shortcut trailhead.</div>
<div>From the road closure sign, follow an old jeep trail that is becoming very overgrown. It crosses Hayden Fork in just a couple of minutes. The old jeep road/trail becomes more faint, but follow it another few minutes to where it crosses a marsh. After crossing the marsh, the trail heads a bit northeast and enters the trees in a couple of minutes. From here it becomes much more defined and easy to follow. About 15-20 minutes from the trailhead you will intersect the road from the Standard Route. Go right here, following the road less than an hour to a bridge. The trail to Hell Hole Lake branches off here on the right (south) on the west side of the bridge.<i>Note: Just north of the bridge, on the west side of the stream, are several old cabin ruins. They are in very dilapidated shape, with only a few logs left standing, but still interesting to visit.</i>From the bridge, the trail leaves the road, goes south and is easy to follow. 10 minutes from the bridge you may notice an old bridge/log flume on the left across the stream. This is a remnant of the early logging days in the area.  It is a bit of a grunt as the trail climb to Hell Hole Lake, but the scenery gets better and better. Most groups will take a couple of hours from the bridge to the lake. There is good camping around the lake, but also anywhere up higher in the basin.</div>
<div><br></div>
<div>(From  https://www.roadtripryan.com/go/t/utah/northern-utah/hell-hole-lake )</div>
<div><br></div>
<div><i>Random guy on Facebook from July 2025</i>: “We knocked out the hike to Hell Hole Lake in 3 hours…I would extremely recommend this trek, fishing the west side of the lake and the mouth of the inlet, as well as the meadow south of the lake.”</div>
<div><br></div>
<div><b><span style="font-size: 18px">Trip Reports</span></b></div>
<div>Sep 26, 2025 Chelsey and I did a day hike in. Plenty of eager small cutthroats. Caught two on gulp minnows showing Chels how to use the spinning rod, then got everything ready to go out on my packraft with new fly rod, and then it started to hail and rain. After a while, I just packed everything up and got ready to leave, and of course, then it stopped raining. :-)</div>
<div><br></div>
<div>═════════════════════════════════════</div>
<ul>
<li><b>Drainage:</b> Bear River Drainage</li>
<li><b>Elevation:</b> 10340 ft</li>
<li><b>Size:</b> 8.5 acres</li>
<li><b>Max Depth:</b> 9 ft</li>
<li><b>Fishing Pressure:</b> Unknown</li>
<li><b>Fish Species:</b> Unknown</li>
</ul>
<div><br></div>
<div><b><span style="font-size: 18px">Stocking Records</span></b></div>
<div>No stocking records found.</div>
<div><br></div>
<div><b><span style="font-size: 18px">DWR Notes</span></b></div>
<div>Hell Hole is a shallow lake with partly open shorelines situated centrally in the Hell Hole Basin near the head of the Main Fork Drainage. The lake is 8.5 acres, 10,340 feet in elevation with 9 feet maximum depth. The surrounding terrain is scenic and composed of large, boggy meadows and thick patches of timber. Access is 5 miles southeast of Highway U-150 on the Main Fork Stillwater Trail which begins as an unmarked jeep road across the highway from the Gold Hill turnoff. This trail, not well maintained, is difficult to follow at times. Campsites are excellent at Hell Hole with plenty of horse feed and running water. Several small springs are present as well. Hell Hole contains a good population of pan-sized cutthroat trout often overlooked by anglers. Fishermen are encouraged to bring plenty of mosquito repellent on trips to this basin.</div>

[2025-09-27 06:00:25] <div><b><span style=font-size: 24px>Hell Hole (BR-29)</span></b></div>
<div>d</div>
<div><b>Status:</b> CAUGHT</div>
<div><br></div>
<div><b><span style=font-size: 18px>Jed's Notes</span></b></div>
<div>Can be accessed from Christmas Meadows, or off Mirror Lake Highway. Consensus seems to be take the latter. </div>
<div><br></div>
<div>From Bear River Service, go south on the Mirror Lake Highway about 12 miles to milepost 36.4. The Gold Hill road takes off on the west side here. You want the dirt road slightly north of this taking off on the east. The road is generally passable by all vehicles if carefully driven. Follow it a few hundred yards to where a parking area and closure sign are. This is the shortcut trailhead.</div>
<div>From the road closure sign, follow an old jeep trail that is becoming very overgrown. It crosses Hayden Fork in just a couple of minutes. The old jeep road/trail becomes more faint, but follow it another few minutes to where it crosses a marsh. After crossing the marsh, the trail heads a bit northeast and enters the trees in a couple of minutes. From here it becomes much more defined and easy to follow. About 15-20 minutes from the trailhead you will intersect the road from the Standard Route. Go right here, following the road less than an hour to a bridge. The trail to Hell Hole Lake branches off here on the right (south) on the west side of the bridge.<i>Note: Just north of the bridge, on the west side of the stream, are several old cabin ruins. They are in very dilapidated shape, with only a few logs left standing, but still interesting to visit.</i>From the bridge, the trail leaves the road, goes south and is easy to follow. 10 minutes from the bridge you may notice an old bridge/log flume on the left across the stream. This is a remnant of the early logging days in the area.  It is a bit of a grunt as the trail climb to Hell Hole Lake, but the scenery gets better and better. Most groups will take a couple of hours from the bridge to the lake. There is good camping around the lake, but also anywhere up higher in the basin.</div>
<div><br></div>
<div>(From  https://www.roadtripryan.com/go/t/utah/northern-utah/hell-hole-lake )</div>
<div><br></div>
<div><i>Random guy on Facebook from July 2025</i>: “We knocked out the hike to Hell Hole Lake in 3 hours…I would extremely recommend this trek, fishing the west side of the lake and the mouth of the inlet, as well as the meadow south of the lake.”</div>
<div><br></div>
<div><b><span style=font-size: 18px>Trip Reports</span></b></div>
<div>Sep 26, 2025 Chelsey and I did a day hike in. Plenty of eager small cutthroats. Caught two on gulp minnows showing Chels how to use the spinning rod, then got everything ready to go out on my packraft with new fly rod, and then it started to hail and rain. After a while, I just packed everything up and got ready to leave, and of course, then it stopped raining. :-)</div>
<div><br></div>
<div>═════════════════════════════════════</div>
<ul>
<li><b>Drainage:</b> Bear River Drainage</li>
<li><b>Elevation:</b> 10340 ft</li>
<li><b>Size:</b> 8.5 acres</li>
<li><b>Max Depth:</b> 9 ft</li>
<li><b>Fishing Pressure:</b> Unknown</li>
<li><b>Fish Species:</b> Unknown</li>
</ul>
<div><br></div>
<div><b><span style=font-size: 18px>Stocking Records</span></b></div>
<div>No stocking records found.</div>
<div><br></div>
<div><b><span style=font-size: 18px>DWR Notes</span></b></div>
<div>Hell Hole is a shallow lake with partly open shorelines situated centrally in the Hell Hole Basin near the head of the Main Fork Drainage. The lake is 8.5 acres, 10,340 feet in elevation with 9 feet maximum depth. The surrounding terrain is scenic and composed of large, boggy meadows and thick patches of timber. Access is 5 miles southeast of Highway U-150 on the Main Fork Stillwater Trail which begins as an unmarked jeep road across the highway from the Gold Hill turnoff. This trail, not well maintained, is difficult to follow at times. Campsites are excellent at Hell Hole with plenty of horse feed and running water. Several small springs are present as well. Hell Hole contains a good population of pan-sized cutthroat trout often overlooked by anglers. Fishermen are encouraged to bring plenty of mosquito repellent on trips to this basin.</div>


UPDATED NOTE BODY END
[2025-09-27 06:00:25] UPDATED NOTE BODY END

=== END MODIFIED NOTE CONTENT ===
[2025-09-27 06:00:25] === END MODIFIED NOTE CONTENT ===

  Successfully updated database for BR-29
[2025-09-27 06:00:25]   Successfully updated database for BR-29

Completed sync: 1 successful, 0 errors
[2025-09-27 06:00:25] Completed sync: 1 successful, 0 errors

Completed sync: 1 successful, 0 errors
Found 1 lakes needing updates: BR-29
Processing BR-29...
Searching for lake BR-29 using Apple Notes search API
  Found 1 notes containing 'BR-29' across all folders
  Checking note in correct folder: 'Hell Hole (BR-29)'
  Found exact match: 'Hell Hole (BR-29)'
Found existing note: 'Hell Hole (BR-29)'
Updating note name from 'Hell Hole (BR-29)' to 'Hell Hole (BR-29) 🎣'
Cleared update flag for BR-29
Updated 1 lake notes.
[2025-09-27 16:05:26] Starting Notes → Database sync

[2025-09-27 16:05:26] Using Notes search to find all notes containing '*update'

[2025-09-27 16:05:33] Found 3 total notes containing '*update' across all folders

[2025-09-27 16:05:33] Found *update in Uintas note: Hell Hole (BR-29) 🎣 (BR-29)

[2025-09-27 16:05:34] Found *update in Uintas note: Seidner (BR-31) (BR-31)

[2025-09-27 16:05:35] Found *update in Uintas note: Shingle Creek Lower (P-62) (P-62)

[2025-09-27 16:05:35] Found 3 notes with *update tag

[2025-09-27 16:05:35] Processing note: Hell Hole (BR-29) 🎣 (BR-29)

[2025-09-27 16:05:35] === FULL NOTE CONTENT FOR BR-29 (Hell Hole (BR-29) 🎣) ===

[2025-09-27 16:05:35] RAW NOTE BODY START:

[2025-09-27 16:05:35] <div><b><span style="font-size: 24px">Hell Hole (BR-29) </span></b><b><span style="font-size: 24px">🎣</span></b><b><span style="font-size: 24px"><br></span></b></div>
<div>*updated</div>
<div><b>Status:</b> CAUGHT</div>
<div><br></div>
<div><b><span style="font-size: 18px">Jed's Notes</span></b></div>
<div>Can be accessed from Christmas Meadows, or off Mirror Lake Highway. Consensus seems to be take the latter.  From https://www.roadtripryan.com/go/t/utah/northern-utah/hell-hole-lake :</div>
<div><br></div>
<div>From Bear River Service, go south on the Mirror Lake Highway about 12 miles to milepost 36.4. The Gold Hill road takes off on the west side here. You want the dirt road slightly north of this taking off on the east. The road is generally passable by all vehicles if carefully driven. Follow it a few hundred yards to where a parking area and closure sign are. This is the shortcut trailhead.</div>
<div>From the road closure sign, follow an old jeep trail that is becoming very overgrown. It crosses Hayden Fork in just a couple of minutes. The old jeep road/trail becomes more faint, but follow it another few minutes to where it crosses a marsh. After crossing the marsh, the trail heads a bit northeast and enters the trees in a couple of minutes. From here it becomes much more defined and easy to follow. About 15-20 minutes from the trailhead you will intersect the road from the Standard Route. Go right here, following the road less than an hour to a bridge. The trail to Hell Hole Lake branches off here on the right (south) on the west side of the bridge.<i>Note: Just north of the bridge, on the west side of the stream, are several old cabin ruins. They are in very dilapidated shape, with only a few logs left standing, but still interesting to visit.</i>From the bridge, the trail leaves the road, goes south and is easy to follow. 10 minutes from the bridge you may notice an old bridge/log flume on the left across the stream. This is a remnant of the early logging days in the area.  It is a bit of a grunt as the trail climb to Hell Hole Lake, but the scenery gets better and better. Most groups will take a couple of hours from the bridge to the lake. There is good camping around the lake, but also anywhere up higher in the basin.</div>
<div><br></div>
<div><br></div>
<div><b><span style="font-size: 18px">Trip Reports</span></b></div>
<ul class="Apple-dash-list">
<li>Sep 26, 2025 Chelsey and I did a day hike in. Plenty of eager small cutthroats. Caught two on gulp minnows showing Chels how to use the spinning rod, then got everything ready to go out on my packraft with new fly rod, and then it started to hail and rain. After a while, I just packed everything up and got ready to leave, and of course, then it stopped raining. :-) I tried to find the old cabin ruins mentioned on RoadTripRyan but was unsuccessful.</li>
</ul>
<div><br></div>
<div>═════════════════════════════════════<br></div>
<ul>
<li><b>Drainage:</b> Bear River Drainage</li>
<li><b>Elevation:</b> 10340 ft</li>
<li><b>Size:</b> 8.5 acres</li>
<li><b>Max Depth:</b> 9 ft</li>
<li><b>Fishing Pressure:</b> Unknown</li>
<li><b>Fish Species:</b> Unknown</li>
</ul>
<div><br></div>
<div><b><span style="font-size: 18px">Stocking Records</span></b></div>
<div>No stocking records found.</div>
<div><br></div>
<div><b><span style="font-size: 18px">DWR Notes</span></b></div>
<div>Hell Hole is a shallow lake with partly open shorelines situated centrally in the Hell Hole Basin near the head of the Main Fork Drainage. The lake is 8.5 acres, 10,340 feet in elevation with 9 feet maximum depth. The surrounding terrain is scenic and composed of large, boggy meadows and thick patches of timber. Access is 5 miles southeast of Highway U-150 on the Main Fork Stillwater Trail which begins as an unmarked jeep road across the highway from the Gold Hill turnoff. This trail, not well maintained, is difficult to follow at times. Campsites are excellent at Hell Hole with plenty of horse feed and running water. Several small springs are present as well. Hell Hole contains a good population of pan-sized cutthroat trout often overlooked by anglers. Fishermen are encouraged to bring plenty of mosquito repellent on trips to this basin.</div>


[2025-09-27 16:05:35] RAW NOTE BODY END

[2025-09-27 16:05:35] === END FULL NOTE CONTENT ===

[2025-09-27 16:05:35]   Parsing note body for BR-29...

[2025-09-27 16:05:35] === PARSED DATA FOR BR-29 ===

[2025-09-27 16:05:35]   PARSED STATUS: CAUGHT

[2025-09-27 16:05:35]   PARSED JED'S NOTES: "Can be accessed from Christmas Meadows, or off Mirror Lake Highway. Consensus seems to be take the latter.  From https://www.roadtripryan.com/go/t/utah/northern-utah/hell-hole-lake :<br><br>From Bear River Service, go south on the Mirror Lake Highway about 12 miles to milepost 36.4. The Gold Hill road takes off on the west side here. You want the dirt road slightly north of this taking off on the east. The road is generally passable by all vehicles if carefully driven. Follow it a few hundred yards to where a parking area and closure sign are. This is the shortcut trailhead.<br>
From the road closure sign, follow an old jeep trail that is becoming very overgrown. It crosses Hayden Fork in just a couple of minutes. The old jeep road/trail becomes more faint, but follow it another few minutes to where it crosses a marsh. After crossing the marsh, the trail heads a bit northeast and enters the trees in a couple of minutes. From here it becomes much more defined and easy to follow. About 15-20 minutes from the trailhead you will intersect the road from the Standard Route. Go right here, following the road less than an hour to a bridge. The trail to Hell Hole Lake branches off here on the right (south) on the west side of the bridge.<i>Note: Just north of the bridge, on the west side of the stream, are several old cabin ruins. They are in very dilapidated shape, with only a few logs left standing, but still interesting to visit.</i>From the bridge, the trail leaves the road, goes south and is easy to follow. 10 minutes from the bridge you may notice an old bridge/log flume on the left across the stream. This is a remnant of the early logging days in the area.  It is a bit of a grunt as the trail climb to Hell Hole Lake, but the scenery gets better and better. Most groups will take a couple of hours from the bridge to the lake. There is good camping around the lake, but also anywhere up higher in the basin.<br>"

[2025-09-27 16:05:35]   PARSED TRIP REPORTS: "<ul class=\Apple-dash-list\>
<li>Sep 26, 2025 Chelsey and I did a day hike in. Plenty of eager small cutthroats. Caught two on gulp minnows showing Chels how to use the spinning rod, then got everything ready to go out on my packraft with new fly rod, and then it started to hail and rain. After a while, I just packed everything up and got ready to leave, and of course, then it stopped raining. :-) I tried to find the old cabin ruins mentioned on RoadTripRyan but was unsuccessful.</li>
</ul>"

[2025-09-27 16:05:35] === END PARSED DATA ===

[2025-09-27 16:05:35] === CURRENT DATABASE VALUES FOR BR-29 ===

[2025-09-27 16:05:35] DB QUERY: SELECT status, jed_notes, trip_reports FROM lakes WHERE letter_number = 'BR-29';

[2025-09-27 16:05:35] DB RESULT: CAUGHT|Can be accessed from Christmas Meadows, or off Mirror Lake Highway. Consensus seems to be take the latter.|Sep 26, 2025 Chelsey and I did a day hike in. Plenty of eager small cutthroats. Caught two on gulp minnows showing Chels how to use the spinning rod, then got everything ready to go out on my packraft with new fly rod, and then it started to hail and rain. After a while, I just packed everything up and got ready to leave, and of course, then it stopped raining. :-)||

[2025-09-27 16:05:35] === END CURRENT DATABASE VALUES ===

[2025-09-27 16:05:35]   Status: CAUGHT

[2025-09-27 16:05:35]   Jed's Notes: Can be accessed from Christmas Meadows, or off Mir...

[2025-09-27 16:05:35]   Trip Reports: <ul class="Apple-dash-list">
<li>Sep 26, 2025 Chel...

[2025-09-27 16:05:35] === SQL UPDATE QUERY FOR BR-29 ===

[2025-09-27 16:05:35] SQL QUERY: UPDATE lakes SET status = 'CAUGHT', jed_notes = 'Can be accessed from Christmas Meadows, or off Mirror Lake Highway. Consensus seems to be take the latter.  From https://www.roadtripryan.com/go/t/utah/northern-utah/hell-hole-lake :<br><br>From Bear River Service, go south on the Mirror Lake Highway about 12 miles to milepost 36.4. The Gold Hill road takes off on the west side here. You want the dirt road slightly north of this taking off on the east. The road is generally passable by all vehicles if carefully driven. Follow it a few hundred yards to where a parking area and closure sign are. This is the shortcut trailhead.<br>
From the road closure sign, follow an old jeep trail that is becoming very overgrown. It crosses Hayden Fork in just a couple of minutes. The old jeep road/trail becomes more faint, but follow it another few minutes to where it crosses a marsh. After crossing the marsh, the trail heads a bit northeast and enters the trees in a couple of minutes. From here it becomes much more defined and easy to follow. About 15-20 minutes from the trailhead you will intersect the road from the Standard Route. Go right here, following the road less than an hour to a bridge. The trail to Hell Hole Lake branches off here on the right (south) on the west side of the bridge.<i>Note: Just north of the bridge, on the west side of the stream, are several old cabin ruins. They are in very dilapidated shape, with only a few logs left standing, but still interesting to visit.</i>From the bridge, the trail leaves the road, goes south and is easy to follow. 10 minutes from the bridge you may notice an old bridge/log flume on the left across the stream. This is a remnant of the early logging days in the area.  It is a bit of a grunt as the trail climb to Hell Hole Lake, but the scenery gets better and better. Most groups will take a couple of hours from the bridge to the lake. There is good camping around the lake, but also anywhere up higher in the basin.<br>', trip_reports = '<ul class="Apple-dash-list">
<li>Sep 26, 2025 Chelsey and I did a day hike in. Plenty of eager small cutthroats. Caught two on gulp minnows showing Chels how to use the spinning rod, then got everything ready to go out on my packraft with new fly rod, and then it started to hail and rain. After a while, I just packed everything up and got ready to leave, and of course, then it stopped raining. :-) I tried to find the old cabin ruins mentioned on RoadTripRyan but was unsuccessful.</li>
</ul>' WHERE letter_number = 'BR-29';

[2025-09-27 16:05:35] === END SQL UPDATE QUERY ===

[2025-09-27 16:05:35] === SQL QUERY RESULT FOR BR-29 ===

[2025-09-27 16:05:35] RESULT: 

[2025-09-27 16:05:35] === END SQL QUERY RESULT ===

[2025-09-27 16:05:35] === MODIFIED NOTE CONTENT FOR BR-29 ===

[2025-09-27 16:05:35] UPDATED NOTE BODY START:

[2025-09-27 16:05:35] <div><b><span style="font-size: 24px">Hell Hole (BR-29) </span></b><b><span style="font-size: 24px">🎣</span></b><b><span style="font-size: 24px"><br></span></b></div>
<div>d</div>
<div><b>Status:</b> CAUGHT</div>
<div><br></div>
<div><b><span style="font-size: 18px">Jed's Notes</span></b></div>
<div>Can be accessed from Christmas Meadows, or off Mirror Lake Highway. Consensus seems to be take the latter.  From https://www.roadtripryan.com/go/t/utah/northern-utah/hell-hole-lake :</div>
<div><br></div>
<div>From Bear River Service, go south on the Mirror Lake Highway about 12 miles to milepost 36.4. The Gold Hill road takes off on the west side here. You want the dirt road slightly north of this taking off on the east. The road is generally passable by all vehicles if carefully driven. Follow it a few hundred yards to where a parking area and closure sign are. This is the shortcut trailhead.</div>
<div>From the road closure sign, follow an old jeep trail that is becoming very overgrown. It crosses Hayden Fork in just a couple of minutes. The old jeep road/trail becomes more faint, but follow it another few minutes to where it crosses a marsh. After crossing the marsh, the trail heads a bit northeast and enters the trees in a couple of minutes. From here it becomes much more defined and easy to follow. About 15-20 minutes from the trailhead you will intersect the road from the Standard Route. Go right here, following the road less than an hour to a bridge. The trail to Hell Hole Lake branches off here on the right (south) on the west side of the bridge.<i>Note: Just north of the bridge, on the west side of the stream, are several old cabin ruins. They are in very dilapidated shape, with only a few logs left standing, but still interesting to visit.</i>From the bridge, the trail leaves the road, goes south and is easy to follow. 10 minutes from the bridge you may notice an old bridge/log flume on the left across the stream. This is a remnant of the early logging days in the area.  It is a bit of a grunt as the trail climb to Hell Hole Lake, but the scenery gets better and better. Most groups will take a couple of hours from the bridge to the lake. There is good camping around the lake, but also anywhere up higher in the basin.</div>
<div><br></div>
<div><br></div>
<div><b><span style="font-size: 18px">Trip Reports</span></b></div>
<ul class="Apple-dash-list">
<li>Sep 26, 2025 Chelsey and I did a day hike in. Plenty of eager small cutthroats. Caught two on gulp minnows showing Chels how to use the spinning rod, then got everything ready to go out on my packraft with new fly rod, and then it started to hail and rain. After a while, I just packed everything up and got ready to leave, and of course, then it stopped raining. :-) I tried to find the old cabin ruins mentioned on RoadTripRyan but was unsuccessful.</li>
</ul>
<div><br></div>
<div>═════════════════════════════════════<br></div>
<ul>
<li><b>Drainage:</b> Bear River Drainage</li>
<li><b>Elevation:</b> 10340 ft</li>
<li><b>Size:</b> 8.5 acres</li>
<li><b>Max Depth:</b> 9 ft</li>
<li><b>Fishing Pressure:</b> Unknown</li>
<li><b>Fish Species:</b> Unknown</li>
</ul>
<div><br></div>
<div><b><span style="font-size: 18px">Stocking Records</span></b></div>
<div>No stocking records found.</div>
<div><br></div>
<div><b><span style="font-size: 18px">DWR Notes</span></b></div>
<div>Hell Hole is a shallow lake with partly open shorelines situated centrally in the Hell Hole Basin near the head of the Main Fork Drainage. The lake is 8.5 acres, 10,340 feet in elevation with 9 feet maximum depth. The surrounding terrain is scenic and composed of large, boggy meadows and thick patches of timber. Access is 5 miles southeast of Highway U-150 on the Main Fork Stillwater Trail which begins as an unmarked jeep road across the highway from the Gold Hill turnoff. This trail, not well maintained, is difficult to follow at times. Campsites are excellent at Hell Hole with plenty of horse feed and running water. Several small springs are present as well. Hell Hole contains a good population of pan-sized cutthroat trout often overlooked by anglers. Fishermen are encouraged to bring plenty of mosquito repellent on trips to this basin.</div>


[2025-09-27 16:05:35] UPDATED NOTE BODY END

[2025-09-27 16:05:35] === END MODIFIED NOTE CONTENT ===

[2025-09-27 16:05:35]   Successfully updated database for BR-29

[2025-09-27 16:05:35] Processing note: Seidner (BR-31) (BR-31)

[2025-09-27 16:05:35] === FULL NOTE CONTENT FOR BR-31 (Seidner (BR-31)) ===

[2025-09-27 16:05:35] RAW NOTE BODY START:

[2025-09-27 16:05:35] <div><b><span style="font-size: 24px">Seidner (BR-31)</span></b></div>
<div>*updated</div>
<div><b>Status:</b> </div>
<div><br></div>
<div><b><span style="font-size: 18px">Jed's Notes</span></b></div>
<div>This guy got there going up and over from Hell Hole: Hell Hole - Seidner Lake | Utah Wildlife Forum. Dan Potts puts this in his list of 5 must-visit lakes. “Park at the Christmas Meadows Trailhead out of Kamas. Although it is less than a five-mile hike, the last two miles gain 1,500 feet! The side drainage leading to the lake is easy to reach and spot on the right about one and a half miles up the Christmas Meadows Trail. This lake is where I set my record of landing 27 brook trout on consecutive casts, although they were all small. This is a lake for those who are fit and really want to get away from it all.” https://utahstories.com/2021/08/the-top-five-lakes-in-the-high-uinta-mountains-to-visit/<br></div>
<div><br></div>
<div><br></div>
<div><b><span style="font-size: 18px">Trip Reports</span></b></div>
<div><i>Add trip reports here...</i><br></div>
<div><br></div>
<div>═════════════════════════════════════<br></div>
<ul>
<li><b>Drainage:</b> Bear River Drainage</li>
<li><b>Elevation:</b> 10460 ft</li>
<li><b>Size:</b> 3.2 acres</li>
<li><b>Max Depth:</b> 8 ft</li>
<li><b>Fishing Pressure:</b> Moderate</li>
<li><b>Fish Species:</b> Brookies</li>
</ul>
<div><br></div>
<div><b><span style="font-size: 18px">Stocking Records</span></b></div>
<div>No stocking records found.</div>
<div><br></div>
<div><b><span style="font-size: 18px">DWR Notes</span></b></div>
<div>Seidner is a small spring-fed lake which abuts a talus slope at the head of an isolated basin in the Stillwater Fork Drainage. It is 4.2 acres, 10,460 feet in elevation, with 8 feet maximum depth. Access is 2¾ miles south of the Christmas Meadows Trailhead on the Stillwater Pack Trail to a minor side drainage, and then some 2 steep miles west following this drainage to the head of the basin. Direct access trails are not available. Access on horseback can be difficult. The lake is immediately west of a large meadow where campsites and horse feed can be found. Spring water is available from any one of several inlet sources. Seidner presently contains a large population of brook trout sustained by natural reproduction.</div>


[2025-09-27 16:05:35] RAW NOTE BODY END

[2025-09-27 16:05:35] === END FULL NOTE CONTENT ===

[2025-09-27 16:05:35]   Parsing note body for BR-31...

[2025-09-27 16:05:35] === PARSED DATA FOR BR-31 ===

[2025-09-27 16:05:35]   PARSED STATUS: NULL

[2025-09-27 16:05:35]   PARSED JED'S NOTES: "This guy got there going up and over from Hell Hole: Hell Hole - Seidner Lake | Utah Wildlife Forum. Dan Potts puts this in his list of 5 must-visit lakes. “Park at the Christmas Meadows Trailhead out of Kamas. Although it is less than a five-mile hike, the last two miles gain 1,500 feet! The side drainage leading to the lake is easy to reach and spot on the right about one and a half miles up the Christmas Meadows Trail. This lake is where I set my record of landing 27 brook trout on consecutive casts, although they were all small. This is a lake for those who are fit and really want to get away from it all.” https://utahstories.com/2021/08/the-top-five-lakes-in-the-high-uinta-mountains-to-visit/<br>"

[2025-09-27 16:05:35]   PARSED TRIP REPORTS: NULL

[2025-09-27 16:05:35] === END PARSED DATA ===

[2025-09-27 16:05:35] === CURRENT DATABASE VALUES FOR BR-31 ===

[2025-09-27 16:05:35] DB QUERY: SELECT status, jed_notes, trip_reports FROM lakes WHERE letter_number = 'BR-31';

[2025-09-27 16:05:35] DB RESULT: ||||

[2025-09-27 16:05:35] === END CURRENT DATABASE VALUES ===

[2025-09-27 16:05:35]   Jed's Notes: This guy got there going up and over from Hell Hol...

[2025-09-27 16:05:35] === SQL UPDATE QUERY FOR BR-31 ===

[2025-09-27 16:05:35] SQL QUERY: UPDATE lakes SET jed_notes = 'This guy got there going up and over from Hell Hole: Hell Hole - Seidner Lake | Utah Wildlife Forum. Dan Potts puts this in his list of 5 must-visit lakes. “Park at the Christmas Meadows Trailhead out of Kamas. Although it is less than a five-mile hike, the last two miles gain 1,500 feet! The side drainage leading to the lake is easy to reach and spot on the right about one and a half miles up the Christmas Meadows Trail. This lake is where I set my record of landing 27 brook trout on consecutive casts, although they were all small. This is a lake for those who are fit and really want to get away from it all.” https://utahstories.com/2021/08/the-top-five-lakes-in-the-high-uinta-mountains-to-visit/<br>' WHERE letter_number = 'BR-31';

[2025-09-27 16:05:35] === END SQL UPDATE QUERY ===

[2025-09-27 16:05:35] === SQL QUERY RESULT FOR BR-31 ===

[2025-09-27 16:05:35] RESULT: 

[2025-09-27 16:05:35] === END SQL QUERY RESULT ===

[2025-09-27 16:05:36] === MODIFIED NOTE CONTENT FOR BR-31 ===

[2025-09-27 16:05:36] UPDATED NOTE BODY START:

[2025-09-27 16:05:36] <div><b><span style="font-size: 24px">Seidner (BR-31)</span></b></div>
<div>d</div>
<div><b>Status:</b> </div>
<div><br></div>
<div><b><span style="font-size: 18px">Jed's Notes</span></b></div>
<div>This guy got there going up and over from Hell Hole: Hell Hole - Seidner Lake | Utah Wildlife Forum. Dan Potts puts this in his list of 5 must-visit lakes. “Park at the Christmas Meadows Trailhead out of Kamas. Although it is less than a five-mile hike, the last two miles gain 1,500 feet! The side drainage leading to the lake is easy to reach and spot on the right about one and a half miles up the Christmas Meadows Trail. This lake is where I set my record of landing 27 brook trout on consecutive casts, although they were all small. This is a lake for those who are fit and really want to get away from it all.” https://utahstories.com/2021/08/the-top-five-lakes-in-the-high-uinta-mountains-to-visit/<br></div>
<div><br></div>
<div><br></div>
<div><b><span style="font-size: 18px">Trip Reports</span></b></div>
<div><i>Add trip reports here...</i><br></div>
<div><br></div>
<div>═════════════════════════════════════<br></div>
<ul>
<li><b>Drainage:</b> Bear River Drainage</li>
<li><b>Elevation:</b> 10460 ft</li>
<li><b>Size:</b> 3.2 acres</li>
<li><b>Max Depth:</b> 8 ft</li>
<li><b>Fishing Pressure:</b> Moderate</li>
<li><b>Fish Species:</b> Brookies</li>
</ul>
<div><br></div>
<div><b><span style="font-size: 18px">Stocking Records</span></b></div>
<div>No stocking records found.</div>
<div><br></div>
<div><b><span style="font-size: 18px">DWR Notes</span></b></div>
<div>Seidner is a small spring-fed lake which abuts a talus slope at the head of an isolated basin in the Stillwater Fork Drainage. It is 4.2 acres, 10,460 feet in elevation, with 8 feet maximum depth. Access is 2¾ miles south of the Christmas Meadows Trailhead on the Stillwater Pack Trail to a minor side drainage, and then some 2 steep miles west following this drainage to the head of the basin. Direct access trails are not available. Access on horseback can be difficult. The lake is immediately west of a large meadow where campsites and horse feed can be found. Spring water is available from any one of several inlet sources. Seidner presently contains a large population of brook trout sustained by natural reproduction.</div>


[2025-09-27 16:05:36] UPDATED NOTE BODY END

[2025-09-27 16:05:36] === END MODIFIED NOTE CONTENT ===

[2025-09-27 16:05:36]   Successfully updated database for BR-31

[2025-09-27 16:05:36] Processing note: Shingle Creek Lower (P-62) (P-62)

[2025-09-27 16:05:36] === FULL NOTE CONTENT FOR P-62 (Shingle Creek Lower (P-62)) ===

[2025-09-27 16:05:36] RAW NOTE BODY START:

[2025-09-27 16:05:36] <div><b><span style="font-size: 24px">Shingle Creek Lower (P-62)</span></b></div>
<div>*updated</div>
<div><b>Status:</b> </div>
<div><br></div>
<div><b><span style="font-size: 18px">Jed's Notes</span></b></div>
<div>Don Potts cites this as one of 5 must-visit lakes. He means “east” when he says “hike west.” “Take the Upper Setting Road to its trailhead. Hike about three quarters of a mile to a narrow, lily-covered pond on the right, then hike west cross country down to Shingle Creek. Cross the creek and clamber up a steep wall to a shelf, climbing 300 feet in only a quarter mile. The rest is an easy hike of less than one-half-mile to the lake. You will find great fly fishing at its upper end, but this lake cannot handle a lot of fishing pressure. A good lake for those who are more adventuresome.” https://utahstories.com/2021/08/the-top-five-lakes-in-the-high-uinta-mountains-to-visit/<br></div>
<div><br></div>
<div><b><span style="font-size: 18px">Trip Reports</span></b></div>
<div><i>Add trip reports here...</i><br></div>
<div><br></div>
<div>═════════════════════════════════════</div>
<ul>
<li><b>Drainage:</b> Provo River Drainage</li>
<li><b>Elevation:</b> 9620 ft</li>
<li><b>Size:</b> 4.0 acres</li>
<li><b>Max Depth:</b> 14 ft</li>
<li><b>Fishing Pressure:</b> Moderate</li>
<li><b>Fish Species:</b> Brookies</li>
</ul>
<div><br></div>
<div><b><span style="font-size: 18px">Stocking Records</span></b></div>
<div>No stocking records found.</div>
<div><br></div>
<div><b><span style="font-size: 18px">DWR Notes</span></b></div>
<div>Lower Shingle Creek is a shallow natural lake located in an isolated basin in the Shingle Creek Drainage. It is 4 acres, 9,620 feet in elevation, with 14 feet maximum depth. The shoreline is timbered with a large, open meadow to the northeast. Trails do not exist and horse access is difficult. Proceed east of the Upper Setting Trailhead for 1¾ miles over steep terrain to the lake. Lower Shingle is also accessible via the Shingle Creek Trail from U-150. Follow the trail north for 4½ miles to a large meadow and then head east for ¼ mile. Campsites are available, but spring water is present only in the early season. Lower Shingle Creek contains brook trout, and angling pressure is moderate.</div>


[2025-09-27 16:05:36] RAW NOTE BODY END

[2025-09-27 16:05:36] === END FULL NOTE CONTENT ===

[2025-09-27 16:05:36]   Parsing note body for P-62...

[2025-09-27 16:05:36] === PARSED DATA FOR P-62 ===

[2025-09-27 16:05:36]   PARSED STATUS: NULL

[2025-09-27 16:05:36]   PARSED JED'S NOTES: "Don Potts cites this as one of 5 must-visit lakes. He means “east” when he says “hike west.” “Take the Upper Setting Road to its trailhead. Hike about three quarters of a mile to a narrow, lily-covered pond on the right, then hike west cross country down to Shingle Creek. Cross the creek and clamber up a steep wall to a shelf, climbing 300 feet in only a quarter mile. The rest is an easy hike of less than one-half-mile to the lake. You will find great fly fishing at its upper end, but this lake cannot handle a lot of fishing pressure. A good lake for those who are more adventuresome.” https://utahstories.com/2021/08/the-top-five-lakes-in-the-high-uinta-mountains-to-visit/<br>"

[2025-09-27 16:05:36]   PARSED TRIP REPORTS: NULL

[2025-09-27 16:05:36] === END PARSED DATA ===

[2025-09-27 16:05:36] === CURRENT DATABASE VALUES FOR P-62 ===

[2025-09-27 16:05:36] DB QUERY: SELECT status, jed_notes, trip_reports FROM lakes WHERE letter_number = 'P-62';

[2025-09-27 16:05:36] DB RESULT: ||||

[2025-09-27 16:05:36] === END CURRENT DATABASE VALUES ===

[2025-09-27 16:05:36]   Jed's Notes: Don Potts cites this as one of 5 must-visit lakes....

[2025-09-27 16:05:36] === SQL UPDATE QUERY FOR P-62 ===

[2025-09-27 16:05:36] SQL QUERY: UPDATE lakes SET jed_notes = 'Don Potts cites this as one of 5 must-visit lakes. He means “east” when he says “hike west.” “Take the Upper Setting Road to its trailhead. Hike about three quarters of a mile to a narrow, lily-covered pond on the right, then hike west cross country down to Shingle Creek. Cross the creek and clamber up a steep wall to a shelf, climbing 300 feet in only a quarter mile. The rest is an easy hike of less than one-half-mile to the lake. You will find great fly fishing at its upper end, but this lake cannot handle a lot of fishing pressure. A good lake for those who are more adventuresome.” https://utahstories.com/2021/08/the-top-five-lakes-in-the-high-uinta-mountains-to-visit/<br>' WHERE letter_number = 'P-62';

[2025-09-27 16:05:36] === END SQL UPDATE QUERY ===

[2025-09-27 16:05:36] === SQL QUERY RESULT FOR P-62 ===

[2025-09-27 16:05:36] RESULT: 

[2025-09-27 16:05:36] === END SQL QUERY RESULT ===

[2025-09-27 16:05:36] === MODIFIED NOTE CONTENT FOR P-62 ===

[2025-09-27 16:05:36] UPDATED NOTE BODY START:

[2025-09-27 16:05:36] <div><b><span style="font-size: 24px">Shingle Creek Lower (P-62)</span></b></div>
<div>d</div>
<div><b>Status:</b> </div>
<div><br></div>
<div><b><span style="font-size: 18px">Jed's Notes</span></b></div>
<div>Don Potts cites this as one of 5 must-visit lakes. He means “east” when he says “hike west.” “Take the Upper Setting Road to its trailhead. Hike about three quarters of a mile to a narrow, lily-covered pond on the right, then hike west cross country down to Shingle Creek. Cross the creek and clamber up a steep wall to a shelf, climbing 300 feet in only a quarter mile. The rest is an easy hike of less than one-half-mile to the lake. You will find great fly fishing at its upper end, but this lake cannot handle a lot of fishing pressure. A good lake for those who are more adventuresome.” https://utahstories.com/2021/08/the-top-five-lakes-in-the-high-uinta-mountains-to-visit/<br></div>
<div><br></div>
<div><b><span style="font-size: 18px">Trip Reports</span></b></div>
<div><i>Add trip reports here...</i><br></div>
<div><br></div>
<div>═════════════════════════════════════</div>
<ul>
<li><b>Drainage:</b> Provo River Drainage</li>
<li><b>Elevation:</b> 9620 ft</li>
<li><b>Size:</b> 4.0 acres</li>
<li><b>Max Depth:</b> 14 ft</li>
<li><b>Fishing Pressure:</b> Moderate</li>
<li><b>Fish Species:</b> Brookies</li>
</ul>
<div><br></div>
<div><b><span style="font-size: 18px">Stocking Records</span></b></div>
<div>No stocking records found.</div>
<div><br></div>
<div><b><span style="font-size: 18px">DWR Notes</span></b></div>
<div>Lower Shingle Creek is a shallow natural lake located in an isolated basin in the Shingle Creek Drainage. It is 4 acres, 9,620 feet in elevation, with 14 feet maximum depth. The shoreline is timbered with a large, open meadow to the northeast. Trails do not exist and horse access is difficult. Proceed east of the Upper Setting Trailhead for 1¾ miles over steep terrain to the lake. Lower Shingle is also accessible via the Shingle Creek Trail from U-150. Follow the trail north for 4½ miles to a large meadow and then head east for ¼ mile. Campsites are available, but spring water is present only in the early season. Lower Shingle Creek contains brook trout, and angling pressure is moderate.</div>


[2025-09-27 16:05:36] UPDATED NOTE BODY END

[2025-09-27 16:05:36] === END MODIFIED NOTE CONTENT ===

[2025-09-27 16:05:36]   Successfully updated database for P-62

[2025-09-27 16:05:36] Completed sync: 3 successful, 0 errors

Starting Notes → Database sync
[2025-09-27 18:00:28] Starting Notes → Database sync

Using Notes search to find all notes containing '*update'
[2025-09-27 18:00:28] Using Notes search to find all notes containing '*update'

Found 0 total notes containing '*update' across all folders
[2025-09-27 18:00:34] Found 0 total notes containing '*update' across all folders

No notes found with *update tag
[2025-09-27 18:00:34] No notes found with *update tag

No notes to update
No lakes flagged for updates.
No updates needed.
Starting Notes → Database sync
[2025-09-28 00:00:06] Starting Notes → Database sync

Using Notes search to find all notes containing '*update'
[2025-09-28 00:00:06] Using Notes search to find all notes containing '*update'

Found 0 total notes containing '*update' across all folders
[2025-09-28 00:00:29] Found 0 total notes containing '*update' across all folders

No notes found with *update tag
[2025-09-28 00:00:29] No notes found with *update tag

No notes to update
No lakes flagged for updates.
No updates needed.
No lakes flagged for updates.
No updates needed.
Starting Notes → Database sync
[2025-09-29 06:00:53] Starting Notes → Database sync

Using Notes search to find all notes containing '*update'
[2025-09-29 06:00:54] Using Notes search to find all notes containing '*update'

Found 0 total notes containing '*update' across all folders
[2025-09-29 06:01:12] Found 0 total notes containing '*update' across all folders

No notes found with *update tag
[2025-09-29 06:01:12] No notes found with *update tag

No notes to update
No lakes flagged for updates.
No updates needed.
